[0.074s] Invoking command in '/home/doozy/ForkLift_AMR/build/turtlebot3_cartographer': CMAKE_PREFIX_PATH=${CMAKE_PREFIX_PATH}:/home/doozy/daimler_tugger/doozy_ws_2/install/pallet_docker_02:/home/doozy/daimler_tugger/doozy_ws_2/install/2_t_dolly_logistics_driver:/home/doozy/doozy_ws/install/task_py:/home/doozy/doozy_robotics/doozy_ws_2/install/pallet_docker_02:/home/doozy/doozy_robotics/doozy_ws_2/install/2_t_dolly_logistics_driver:/home/doozy/ros2_ws/install/hotel_package:/home/doozy/ros2_ws/install/deffy:/home/doozy/do_ws/install/task_py:/home/doozy/neuronbot2_ros2_ws/install/neuronbot2_led:/opt/ros/humble /usr/bin/cmake --build /home/doozy/ForkLift_AMR/build/turtlebot3_cartographer -- -j16 -l16
[0.714s] Invoked command in '/home/doozy/ForkLift_AMR/build/turtlebot3_cartographer' returned '0': CMAKE_PREFIX_PATH=${CMAKE_PREFIX_PATH}:/home/doozy/daimler_tugger/doozy_ws_2/install/pallet_docker_02:/home/doozy/daimler_tugger/doozy_ws_2/install/2_t_dolly_logistics_driver:/home/doozy/doozy_ws/install/task_py:/home/doozy/doozy_robotics/doozy_ws_2/install/pallet_docker_02:/home/doozy/doozy_robotics/doozy_ws_2/install/2_t_dolly_logistics_driver:/home/doozy/ros2_ws/install/hotel_package:/home/doozy/ros2_ws/install/deffy:/home/doozy/do_ws/install/task_py:/home/doozy/neuronbot2_ros2_ws/install/neuronbot2_led:/opt/ros/humble /usr/bin/cmake --build /home/doozy/ForkLift_AMR/build/turtlebot3_cartographer -- -j16 -l16
[0.753s] Invoking command in '/home/doozy/ForkLift_AMR/build/turtlebot3_cartographer': CMAKE_PREFIX_PATH=${CMAKE_PREFIX_PATH}:/home/doozy/daimler_tugger/doozy_ws_2/install/pallet_docker_02:/home/doozy/daimler_tugger/doozy_ws_2/install/2_t_dolly_logistics_driver:/home/doozy/doozy_ws/install/task_py:/home/doozy/doozy_robotics/doozy_ws_2/install/pallet_docker_02:/home/doozy/doozy_robotics/doozy_ws_2/install/2_t_dolly_logistics_driver:/home/doozy/ros2_ws/install/hotel_package:/home/doozy/ros2_ws/install/deffy:/home/doozy/do_ws/install/task_py:/home/doozy/neuronbot2_ros2_ws/install/neuronbot2_led:/opt/ros/humble /usr/bin/cmake --install /home/doozy/ForkLift_AMR/build/turtlebot3_cartographer
[0.772s] -- Install configuration: ""
[0.772s] -- Up-to-date: /home/doozy/ForkLift_AMR/install/turtlebot3_cartographer/share/turtlebot3_cartographer/config
[0.772s] -- Up-to-date: /home/doozy/ForkLift_AMR/install/turtlebot3_cartographer/share/turtlebot3_cartographer/config/turtlebot3_lds_2d.lua
[0.773s] -- Up-to-date: /home/doozy/ForkLift_AMR/install/turtlebot3_cartographer/share/turtlebot3_cartographer/launch
[0.773s] -- Up-to-date: /home/doozy/ForkLift_AMR/install/turtlebot3_cartographer/share/turtlebot3_cartographer/launch/occupancy_grid.launch.py
[0.773s] -- Up-to-date: /home/doozy/ForkLift_AMR/install/turtlebot3_cartographer/share/turtlebot3_cartographer/launch/cartographer.launch.py
[0.773s] -- Up-to-date: /home/doozy/ForkLift_AMR/install/turtlebot3_cartographer/share/turtlebot3_cartographer/rviz
[0.773s] -- Up-to-date: /home/doozy/ForkLift_AMR/install/turtlebot3_cartographer/share/turtlebot3_cartographer/rviz/tb3_cartographer.rviz
[0.773s] -- Up-to-date: /home/doozy/ForkLift_AMR/install/turtlebot3_cartographer/share/ament_index/resource_index/package_run_dependencies/turtlebot3_cartographer
[0.773s] -- Up-to-date: /home/doozy/ForkLift_AMR/install/turtlebot3_cartographer/share/ament_index/resource_index/parent_prefix_path/turtlebot3_cartographer
[0.774s] -- Up-to-date: /home/doozy/ForkLift_AMR/install/turtlebot3_cartographer/share/turtlebot3_cartographer/environment/ament_prefix_path.sh
[0.774s] -- Up-to-date: /home/doozy/ForkLift_AMR/install/turtlebot3_cartographer/share/turtlebot3_cartographer/environment/ament_prefix_path.dsv
[0.774s] -- Up-to-date: /home/doozy/ForkLift_AMR/install/turtlebot3_cartographer/share/turtlebot3_cartographer/environment/path.sh
[0.774s] -- Up-to-date: /home/doozy/ForkLift_AMR/install/turtlebot3_cartographer/share/turtlebot3_cartographer/environment/path.dsv
[0.774s] -- Up-to-date: /home/doozy/ForkLift_AMR/install/turtlebot3_cartographer/share/turtlebot3_cartographer/local_setup.bash
[0.774s] -- Up-to-date: /home/doozy/ForkLift_AMR/install/turtlebot3_cartographer/share/turtlebot3_cartographer/local_setup.sh
[0.777s] -- Up-to-date: /home/doozy/ForkLift_AMR/install/turtlebot3_cartographer/share/turtlebot3_cartographer/local_setup.zsh
[0.777s] -- Up-to-date: /home/doozy/ForkLift_AMR/install/turtlebot3_cartographer/share/turtlebot3_cartographer/local_setup.dsv
[0.778s] -- Up-to-date: /home/doozy/ForkLift_AMR/install/turtlebot3_cartographer/share/turtlebot3_cartographer/package.dsv
[0.778s] -- Up-to-date: /home/doozy/ForkLift_AMR/install/turtlebot3_cartographer/share/ament_index/resource_index/packages/turtlebot3_cartographer
[0.778s] -- Up-to-date: /home/doozy/ForkLift_AMR/install/turtlebot3_cartographer/share/turtlebot3_cartographer/cmake/turtlebot3_cartographerConfig.cmake
[0.778s] -- Up-to-date: /home/doozy/ForkLift_AMR/install/turtlebot3_cartographer/share/turtlebot3_cartographer/cmake/turtlebot3_cartographerConfig-version.cmake
[0.778s] -- Up-to-date: /home/doozy/ForkLift_AMR/install/turtlebot3_cartographer/share/turtlebot3_cartographer/package.xml
[0.814s] Invoked command in '/home/doozy/ForkLift_AMR/build/turtlebot3_cartographer' returned '0': CMAKE_PREFIX_PATH=${CMAKE_PREFIX_PATH}:/home/doozy/daimler_tugger/doozy_ws_2/install/pallet_docker_02:/home/doozy/daimler_tugger/doozy_ws_2/install/2_t_dolly_logistics_driver:/home/doozy/doozy_ws/install/task_py:/home/doozy/doozy_robotics/doozy_ws_2/install/pallet_docker_02:/home/doozy/doozy_robotics/doozy_ws_2/install/2_t_dolly_logistics_driver:/home/doozy/ros2_ws/install/hotel_package:/home/doozy/ros2_ws/install/deffy:/home/doozy/do_ws/install/task_py:/home/doozy/neuronbot2_ros2_ws/install/neuronbot2_led:/opt/ros/humble /usr/bin/cmake --install /home/doozy/ForkLift_AMR/build/turtlebot3_cartographer
