[0.652s] Invoking command in '/home/avinaash/ForkLift_AMR/src/doozy_forklift': PYTHONPATH=/home/avinaash/ForkLift_AMR/build/doozy_forklift/prefix_override:/home/avinaash/ForkLift_AMR/install/doozy_forklift/lib/python3.8/site-packages:${PYTHONPATH} /usr/bin/python3 -W ignore:setup.py install is deprecated setup.py egg_info --egg-base ../../build/doozy_forklift build --build-base /home/avinaash/ForkLift_AMR/build/doozy_forklift/build install --record /home/avinaash/ForkLift_AMR/build/doozy_forklift/install.log --single-version-externally-managed install_data
[0.824s] running egg_info
[0.824s] writing ../../build/doozy_forklift/doozy_forklift.egg-info/PKG-INFO
[0.824s] writing dependency_links to ../../build/doozy_forklift/doozy_forklift.egg-info/dependency_links.txt
[0.825s] writing entry points to ../../build/doozy_forklift/doozy_forklift.egg-info/entry_points.txt
[0.825s] writing requirements to ../../build/doozy_forklift/doozy_forklift.egg-info/requires.txt
[0.825s] writing top-level names to ../../build/doozy_forklift/doozy_forklift.egg-info/top_level.txt
[0.851s] reading manifest file '../../build/doozy_forklift/doozy_forklift.egg-info/SOURCES.txt'
[0.852s] writing manifest file '../../build/doozy_forklift/doozy_forklift.egg-info/SOURCES.txt'
[0.852s] running build
[0.852s] running build_py
[0.852s] copying doozy_forklift/imu_publisher_02.py -> /home/avinaash/ForkLift_AMR/build/doozy_forklift/build/lib/doozy_forklift
[0.853s] running install
[0.853s] running install_lib
[0.854s] copying /home/avinaash/ForkLift_AMR/build/doozy_forklift/build/lib/doozy_forklift/imu_publisher_02.py -> /home/avinaash/ForkLift_AMR/install/doozy_forklift/lib/python3.8/site-packages/doozy_forklift
[0.855s] byte-compiling /home/avinaash/ForkLift_AMR/install/doozy_forklift/lib/python3.8/site-packages/doozy_forklift/imu_publisher_02.py to imu_publisher_02.cpython-38.pyc
[0.857s] running install_data
[0.857s] running install_egg_info
[0.858s] removing '/home/avinaash/ForkLift_AMR/install/doozy_forklift/lib/python3.8/site-packages/doozy_forklift-0.0.0-py3.8.egg-info' (and everything under it)
[0.859s] Copying ../../build/doozy_forklift/doozy_forklift.egg-info to /home/avinaash/ForkLift_AMR/install/doozy_forklift/lib/python3.8/site-packages/doozy_forklift-0.0.0-py3.8.egg-info
[0.859s] running install_scripts
[0.872s] Installing Client_01 script to /home/avinaash/ForkLift_AMR/install/doozy_forklift/lib/doozy_forklift
[0.873s] Installing Client_02 script to /home/avinaash/ForkLift_AMR/install/doozy_forklift/lib/doozy_forklift
[0.873s] Installing Client_03 script to /home/avinaash/ForkLift_AMR/install/doozy_forklift/lib/doozy_forklift
[0.873s] Installing Detect_Pallet_01 script to /home/avinaash/ForkLift_AMR/install/doozy_forklift/lib/doozy_forklift
[0.873s] Installing Dock_tree script to /home/avinaash/ForkLift_AMR/install/doozy_forklift/lib/doozy_forklift
[0.873s] Installing Dock_with_Pallet_01 script to /home/avinaash/ForkLift_AMR/install/doozy_forklift/lib/doozy_forklift
[0.873s] Installing Dock_with_Pallet_02 script to /home/avinaash/ForkLift_AMR/install/doozy_forklift/lib/doozy_forklift
[0.874s] Installing Dock_with_Pallet_03 script to /home/avinaash/ForkLift_AMR/install/doozy_forklift/lib/doozy_forklift
[0.874s] Installing Dock_with_Pallet_04 script to /home/avinaash/ForkLift_AMR/install/doozy_forklift/lib/doozy_forklift
[0.874s] Installing Dock_with_Pallet_05 script to /home/avinaash/ForkLift_AMR/install/doozy_forklift/lib/doozy_forklift
[0.874s] Installing Dock_with_Pallet_06 script to /home/avinaash/ForkLift_AMR/install/doozy_forklift/lib/doozy_forklift
[0.874s] Installing Dock_with_Pallet_07 script to /home/avinaash/ForkLift_AMR/install/doozy_forklift/lib/doozy_forklift
[0.874s] Installing Dock_with_Pallet_08 script to /home/avinaash/ForkLift_AMR/install/doozy_forklift/lib/doozy_forklift
[0.874s] Installing Dock_with_Pallet_09 script to /home/avinaash/ForkLift_AMR/install/doozy_forklift/lib/doozy_forklift
[0.874s] Installing Dock_with_Pallet_10 script to /home/avinaash/ForkLift_AMR/install/doozy_forklift/lib/doozy_forklift
[0.874s] Installing Dock_with_Pallet_11 script to /home/avinaash/ForkLift_AMR/install/doozy_forklift/lib/doozy_forklift
[0.874s] Installing Imu_pub script to /home/avinaash/ForkLift_AMR/install/doozy_forklift/lib/doozy_forklift
[0.874s] Installing Imu_pub_2 script to /home/avinaash/ForkLift_AMR/install/doozy_forklift/lib/doozy_forklift
[0.874s] Installing Publish_TF script to /home/avinaash/ForkLift_AMR/install/doozy_forklift/lib/doozy_forklift
[0.874s] Installing Publish_TF_2 script to /home/avinaash/ForkLift_AMR/install/doozy_forklift/lib/doozy_forklift
[0.875s] writing list of installed files to '/home/avinaash/ForkLift_AMR/build/doozy_forklift/install.log'
[0.893s] Invoked command in '/home/avinaash/ForkLift_AMR/src/doozy_forklift' returned '0': PYTHONPATH=/home/avinaash/ForkLift_AMR/build/doozy_forklift/prefix_override:/home/avinaash/ForkLift_AMR/install/doozy_forklift/lib/python3.8/site-packages:${PYTHONPATH} /usr/bin/python3 -W ignore:setup.py install is deprecated setup.py egg_info --egg-base ../../build/doozy_forklift build --build-base /home/avinaash/ForkLift_AMR/build/doozy_forklift/build install --record /home/avinaash/ForkLift_AMR/build/doozy_forklift/install.log --single-version-externally-managed install_data
