[0.276s] Invoking command in '/home/doozy/ForkLift_AMR/build/turtlebot3_navigation2': CMAKE_PREFIX_PATH=${CMAKE_PREFIX_PATH}:/home/doozy/ForkLift_AMR/install/turtlebot3_teleop:/home/doozy/ForkLift_AMR/install/turtlebot3_example:/home/doozy/ForkLift_AMR/install/doozy_forklift:/home/doozy/turtlebot3_ws/install/turtlebot3_teleop:/home/doozy/turtlebot3_ws/install/turtlebot3_example:/home/doozy/turtlebot3_ws/install/autonomous_tb3:/home/doozy/daimler_tugger/doozy_ws_2/install/pallet_docker_02:/home/doozy/daimler_tugger/doozy_ws_2/install/2_t_dolly_logistics_driver:/home/doozy/doozy_ws/install/task_py:/home/doozy/doozy_robotics/doozy_ws_2/install/pallet_docker_02:/home/doozy/doozy_robotics/doozy_ws_2/install/2_t_dolly_logistics_driver:/home/doozy/ros2_ws/install/hotel_package:/home/doozy/ros2_ws/install/deffy:/home/doozy/do_ws/install/task_py:/home/doozy/neuronbot2_ros2_ws/install/neuronbot2_led:/opt/ros/humble /usr/bin/cmake --build /home/doozy/ForkLift_AMR/build/turtlebot3_navigation2 -- -j16 -l16
[0.718s] Invoked command in '/home/doozy/ForkLift_AMR/build/turtlebot3_navigation2' returned '0': CMAKE_PREFIX_PATH=${CMAKE_PREFIX_PATH}:/home/doozy/ForkLift_AMR/install/turtlebot3_teleop:/home/doozy/ForkLift_AMR/install/turtlebot3_example:/home/doozy/ForkLift_AMR/install/doozy_forklift:/home/doozy/turtlebot3_ws/install/turtlebot3_teleop:/home/doozy/turtlebot3_ws/install/turtlebot3_example:/home/doozy/turtlebot3_ws/install/autonomous_tb3:/home/doozy/daimler_tugger/doozy_ws_2/install/pallet_docker_02:/home/doozy/daimler_tugger/doozy_ws_2/install/2_t_dolly_logistics_driver:/home/doozy/doozy_ws/install/task_py:/home/doozy/doozy_robotics/doozy_ws_2/install/pallet_docker_02:/home/doozy/doozy_robotics/doozy_ws_2/install/2_t_dolly_logistics_driver:/home/doozy/ros2_ws/install/hotel_package:/home/doozy/ros2_ws/install/deffy:/home/doozy/do_ws/install/task_py:/home/doozy/neuronbot2_ros2_ws/install/neuronbot2_led:/opt/ros/humble /usr/bin/cmake --build /home/doozy/ForkLift_AMR/build/turtlebot3_navigation2 -- -j16 -l16
[0.756s] Invoking command in '/home/doozy/ForkLift_AMR/build/turtlebot3_navigation2': CMAKE_PREFIX_PATH=${CMAKE_PREFIX_PATH}:/home/doozy/ForkLift_AMR/install/turtlebot3_teleop:/home/doozy/ForkLift_AMR/install/turtlebot3_example:/home/doozy/ForkLift_AMR/install/doozy_forklift:/home/doozy/turtlebot3_ws/install/turtlebot3_teleop:/home/doozy/turtlebot3_ws/install/turtlebot3_example:/home/doozy/turtlebot3_ws/install/autonomous_tb3:/home/doozy/daimler_tugger/doozy_ws_2/install/pallet_docker_02:/home/doozy/daimler_tugger/doozy_ws_2/install/2_t_dolly_logistics_driver:/home/doozy/doozy_ws/install/task_py:/home/doozy/doozy_robotics/doozy_ws_2/install/pallet_docker_02:/home/doozy/doozy_robotics/doozy_ws_2/install/2_t_dolly_logistics_driver:/home/doozy/ros2_ws/install/hotel_package:/home/doozy/ros2_ws/install/deffy:/home/doozy/do_ws/install/task_py:/home/doozy/neuronbot2_ros2_ws/install/neuronbot2_led:/opt/ros/humble /usr/bin/cmake --install /home/doozy/ForkLift_AMR/build/turtlebot3_navigation2
[0.774s] -- Install configuration: ""
[0.774s] -- Up-to-date: /home/doozy/ForkLift_AMR/install/turtlebot3_navigation2/share/turtlebot3_navigation2/launch
[0.774s] -- Up-to-date: /home/doozy/ForkLift_AMR/install/turtlebot3_navigation2/share/turtlebot3_navigation2/launch/navigation2.launch.py
[0.774s] -- Up-to-date: /home/doozy/ForkLift_AMR/install/turtlebot3_navigation2/share/turtlebot3_navigation2/map
[0.774s] -- Up-to-date: /home/doozy/ForkLift_AMR/install/turtlebot3_navigation2/share/turtlebot3_navigation2/map/map.yaml
[0.774s] -- Up-to-date: /home/doozy/ForkLift_AMR/install/turtlebot3_navigation2/share/turtlebot3_navigation2/map/map.pgm
[0.775s] -- Up-to-date: /home/doozy/ForkLift_AMR/install/turtlebot3_navigation2/share/turtlebot3_navigation2/param
[0.775s] -- Up-to-date: /home/doozy/ForkLift_AMR/install/turtlebot3_navigation2/share/turtlebot3_navigation2/param/waffle_pi.yaml
[0.775s] -- Up-to-date: /home/doozy/ForkLift_AMR/install/turtlebot3_navigation2/share/turtlebot3_navigation2/param/burger.yaml
[0.775s] -- Up-to-date: /home/doozy/ForkLift_AMR/install/turtlebot3_navigation2/share/turtlebot3_navigation2/param/waffle.yaml
[0.775s] -- Up-to-date: /home/doozy/ForkLift_AMR/install/turtlebot3_navigation2/share/turtlebot3_navigation2/rviz
[0.775s] -- Up-to-date: /home/doozy/ForkLift_AMR/install/turtlebot3_navigation2/share/turtlebot3_navigation2/rviz/tb3_navigation2.rviz
[0.775s] -- Up-to-date: /home/doozy/ForkLift_AMR/install/turtlebot3_navigation2/share/ament_index/resource_index/package_run_dependencies/turtlebot3_navigation2
[0.775s] -- Up-to-date: /home/doozy/ForkLift_AMR/install/turtlebot3_navigation2/share/ament_index/resource_index/parent_prefix_path/turtlebot3_navigation2
[0.775s] -- Up-to-date: /home/doozy/ForkLift_AMR/install/turtlebot3_navigation2/share/turtlebot3_navigation2/environment/ament_prefix_path.sh
[0.775s] -- Up-to-date: /home/doozy/ForkLift_AMR/install/turtlebot3_navigation2/share/turtlebot3_navigation2/environment/ament_prefix_path.dsv
[0.775s] -- Up-to-date: /home/doozy/ForkLift_AMR/install/turtlebot3_navigation2/share/turtlebot3_navigation2/environment/path.sh
[0.776s] -- Up-to-date: /home/doozy/ForkLift_AMR/install/turtlebot3_navigation2/share/turtlebot3_navigation2/environment/path.dsv
[0.776s] -- Up-to-date: /home/doozy/ForkLift_AMR/install/turtlebot3_navigation2/share/turtlebot3_navigation2/local_setup.bash
[0.776s] -- Up-to-date: /home/doozy/ForkLift_AMR/install/turtlebot3_navigation2/share/turtlebot3_navigation2/local_setup.sh
[0.776s] -- Up-to-date: /home/doozy/ForkLift_AMR/install/turtlebot3_navigation2/share/turtlebot3_navigation2/local_setup.zsh
[0.776s] -- Up-to-date: /home/doozy/ForkLift_AMR/install/turtlebot3_navigation2/share/turtlebot3_navigation2/local_setup.dsv
[0.776s] -- Installing: /home/doozy/ForkLift_AMR/install/turtlebot3_navigation2/share/turtlebot3_navigation2/package.dsv
[0.776s] -- Up-to-date: /home/doozy/ForkLift_AMR/install/turtlebot3_navigation2/share/ament_index/resource_index/packages/turtlebot3_navigation2
[0.776s] -- Up-to-date: /home/doozy/ForkLift_AMR/install/turtlebot3_navigation2/share/turtlebot3_navigation2/cmake/turtlebot3_navigation2Config.cmake
[0.776s] -- Up-to-date: /home/doozy/ForkLift_AMR/install/turtlebot3_navigation2/share/turtlebot3_navigation2/cmake/turtlebot3_navigation2Config-version.cmake
[0.777s] -- Up-to-date: /home/doozy/ForkLift_AMR/install/turtlebot3_navigation2/share/turtlebot3_navigation2/package.xml
[0.806s] Invoked command in '/home/doozy/ForkLift_AMR/build/turtlebot3_navigation2' returned '0': CMAKE_PREFIX_PATH=${CMAKE_PREFIX_PATH}:/home/doozy/ForkLift_AMR/install/turtlebot3_teleop:/home/doozy/ForkLift_AMR/install/turtlebot3_example:/home/doozy/ForkLift_AMR/install/doozy_forklift:/home/doozy/turtlebot3_ws/install/turtlebot3_teleop:/home/doozy/turtlebot3_ws/install/turtlebot3_example:/home/doozy/turtlebot3_ws/install/autonomous_tb3:/home/doozy/daimler_tugger/doozy_ws_2/install/pallet_docker_02:/home/doozy/daimler_tugger/doozy_ws_2/install/2_t_dolly_logistics_driver:/home/doozy/doozy_ws/install/task_py:/home/doozy/doozy_robotics/doozy_ws_2/install/pallet_docker_02:/home/doozy/doozy_robotics/doozy_ws_2/install/2_t_dolly_logistics_driver:/home/doozy/ros2_ws/install/hotel_package:/home/doozy/ros2_ws/install/deffy:/home/doozy/do_ws/install/task_py:/home/doozy/neuronbot2_ros2_ws/install/neuronbot2_led:/opt/ros/humble /usr/bin/cmake --install /home/doozy/ForkLift_AMR/build/turtlebot3_navigation2
