[0.048s] Invoking command in '/home/avinaash/ForkLift_AMR/build/turtlebot3_cartographer': CMAKE_PREFIX_PATH=/opt/ros/galactic /usr/bin/cmake /home/avinaash/ForkLift_AMR/src/turtlebot3/turtlebot3_cartographer -DCMAKE_INSTALL_PREFIX=/home/avinaash/ForkLift_AMR/install/turtlebot3_cartographer
[0.718s] -- The C compiler identification is GNU 9.4.0
[0.718s] -- The CXX compiler identification is GNU 9.4.0
[0.718s] -- Check for working C compiler: /usr/bin/cc
[0.719s] -- Check for working C compiler: /usr/bin/cc -- works
[0.719s] -- Detecting C compiler ABI info
[0.719s] -- Detecting C compiler ABI info - done
[0.719s] -- Detecting C compile features
[0.719s] -- Detecting C compile features - done
[0.719s] -- Check for working CXX compiler: /usr/bin/c++
[0.720s] -- Check for working CXX compiler: /usr/bin/c++ -- works
[0.720s] -- Detecting CXX compiler ABI info
[0.720s] -- Detecting CXX compiler ABI info - done
[0.720s] -- Detecting CXX compile features
[0.720s] -- Detecting CXX compile features - done
[0.720s] -- Found ament_cmake: 1.1.6 (/opt/ros/galactic/share/ament_cmake/cmake)
[0.720s] -- Found PythonInterp: /usr/bin/python3 (found suitable version "3.8.10", minimum required is "3") 
[0.720s] -- Using PYTHON_EXECUTABLE: /usr/bin/python3
[0.720s] -- Configuring done
[0.720s] -- Generating done
[0.720s] -- Build files have been written to: /home/avinaash/ForkLift_AMR/build/turtlebot3_cartographer
[0.734s] Invoked command in '/home/avinaash/ForkLift_AMR/build/turtlebot3_cartographer' returned '0': CMAKE_PREFIX_PATH=/opt/ros/galactic /usr/bin/cmake /home/avinaash/ForkLift_AMR/src/turtlebot3/turtlebot3_cartographer -DCMAKE_INSTALL_PREFIX=/home/avinaash/ForkLift_AMR/install/turtlebot3_cartographer
[0.735s] Invoking command in '/home/avinaash/ForkLift_AMR/build/turtlebot3_cartographer': CMAKE_PREFIX_PATH=/opt/ros/galactic /usr/bin/cmake --build /home/avinaash/ForkLift_AMR/build/turtlebot3_cartographer -- -j16 -l16
[0.779s] Invoked command in '/home/avinaash/ForkLift_AMR/build/turtlebot3_cartographer' returned '0': CMAKE_PREFIX_PATH=/opt/ros/galactic /usr/bin/cmake --build /home/avinaash/ForkLift_AMR/build/turtlebot3_cartographer -- -j16 -l16
[0.813s] Invoking command in '/home/avinaash/ForkLift_AMR/build/turtlebot3_cartographer': CMAKE_PREFIX_PATH=/opt/ros/galactic /usr/bin/cmake --install /home/avinaash/ForkLift_AMR/build/turtlebot3_cartographer
[0.822s] -- Install configuration: ""
[0.822s] -- Installing: /home/avinaash/ForkLift_AMR/install/turtlebot3_cartographer/share/turtlebot3_cartographer/config
[0.822s] -- Installing: /home/avinaash/ForkLift_AMR/install/turtlebot3_cartographer/share/turtlebot3_cartographer/config/turtlebot3_lds_2d.lua
[0.823s] -- Installing: /home/avinaash/ForkLift_AMR/install/turtlebot3_cartographer/share/turtlebot3_cartographer/launch
[0.823s] -- Installing: /home/avinaash/ForkLift_AMR/install/turtlebot3_cartographer/share/turtlebot3_cartographer/launch/occupancy_grid.launch.py
[0.823s] -- Installing: /home/avinaash/ForkLift_AMR/install/turtlebot3_cartographer/share/turtlebot3_cartographer/launch/cartographer.launch.py
[0.823s] -- Installing: /home/avinaash/ForkLift_AMR/install/turtlebot3_cartographer/share/turtlebot3_cartographer/rviz
[0.823s] -- Installing: /home/avinaash/ForkLift_AMR/install/turtlebot3_cartographer/share/turtlebot3_cartographer/rviz/tb3_cartographer.rviz
[0.823s] -- Installing: /home/avinaash/ForkLift_AMR/install/turtlebot3_cartographer/share/ament_index/resource_index/package_run_dependencies/turtlebot3_cartographer
[0.823s] -- Installing: /home/avinaash/ForkLift_AMR/install/turtlebot3_cartographer/share/ament_index/resource_index/parent_prefix_path/turtlebot3_cartographer
[0.823s] -- Installing: /home/avinaash/ForkLift_AMR/install/turtlebot3_cartographer/share/turtlebot3_cartographer/environment/ament_prefix_path.sh
[0.824s] -- Installing: /home/avinaash/ForkLift_AMR/install/turtlebot3_cartographer/share/turtlebot3_cartographer/environment/ament_prefix_path.dsv
[0.824s] -- Installing: /home/avinaash/ForkLift_AMR/install/turtlebot3_cartographer/share/turtlebot3_cartographer/environment/path.sh
[0.824s] -- Installing: /home/avinaash/ForkLift_AMR/install/turtlebot3_cartographer/share/turtlebot3_cartographer/environment/path.dsv
[0.824s] -- Installing: /home/avinaash/ForkLift_AMR/install/turtlebot3_cartographer/share/turtlebot3_cartographer/local_setup.bash
[0.824s] -- Installing: /home/avinaash/ForkLift_AMR/install/turtlebot3_cartographer/share/turtlebot3_cartographer/local_setup.sh
[0.824s] -- Installing: /home/avinaash/ForkLift_AMR/install/turtlebot3_cartographer/share/turtlebot3_cartographer/local_setup.zsh
[0.824s] -- Installing: /home/avinaash/ForkLift_AMR/install/turtlebot3_cartographer/share/turtlebot3_cartographer/local_setup.dsv
[0.825s] -- Installing: /home/avinaash/ForkLift_AMR/install/turtlebot3_cartographer/share/turtlebot3_cartographer/package.dsv
[0.825s] -- Installing: /home/avinaash/ForkLift_AMR/install/turtlebot3_cartographer/share/ament_index/resource_index/packages/turtlebot3_cartographer
[0.825s] -- Installing: /home/avinaash/ForkLift_AMR/install/turtlebot3_cartographer/share/turtlebot3_cartographer/cmake/turtlebot3_cartographerConfig.cmake
[0.825s] -- Installing: /home/avinaash/ForkLift_AMR/install/turtlebot3_cartographer/share/turtlebot3_cartographer/cmake/turtlebot3_cartographerConfig-version.cmake
[0.825s] -- Installing: /home/avinaash/ForkLift_AMR/install/turtlebot3_cartographer/share/turtlebot3_cartographer/package.xml
[0.830s] Invoked command in '/home/avinaash/ForkLift_AMR/build/turtlebot3_cartographer' returned '0': CMAKE_PREFIX_PATH=/opt/ros/galactic /usr/bin/cmake --install /home/avinaash/ForkLift_AMR/build/turtlebot3_cartographer
