[0.573s] Invoking command in '/home/avinaash/ForkLift_AMR/src/doozy_forklift': PYTHONPATH=/home/avinaash/ForkLift_AMR/build/doozy_forklift/prefix_override:/home/avinaash/ForkLift_AMR/install/doozy_forklift/lib/python3.8/site-packages:${PYTHONPATH} /usr/bin/python3 -W ignore:setup.py install is deprecated setup.py egg_info --egg-base ../../build/doozy_forklift build --build-base /home/avinaash/ForkLift_AMR/build/doozy_forklift/build install --record /home/avinaash/ForkLift_AMR/build/doozy_forklift/install.log --single-version-externally-managed install_data
[0.720s] running egg_info
[0.720s] writing ../../build/doozy_forklift/doozy_forklift.egg-info/PKG-INFO
[0.720s] writing dependency_links to ../../build/doozy_forklift/doozy_forklift.egg-info/dependency_links.txt
[0.720s] writing entry points to ../../build/doozy_forklift/doozy_forklift.egg-info/entry_points.txt
[0.720s] writing requirements to ../../build/doozy_forklift/doozy_forklift.egg-info/requires.txt
[0.721s] writing top-level names to ../../build/doozy_forklift/doozy_forklift.egg-info/top_level.txt
[0.745s] reading manifest file '../../build/doozy_forklift/doozy_forklift.egg-info/SOURCES.txt'
[0.745s] writing manifest file '../../build/doozy_forklift/doozy_forklift.egg-info/SOURCES.txt'
[0.745s] running build
[0.745s] running build_py
[0.746s] copying doozy_forklift/dock_with_pallet_09.py -> /home/avinaash/ForkLift_AMR/build/doozy_forklift/build/lib/doozy_forklift
[0.746s] running install
[0.747s] running install_lib
[0.748s] copying /home/avinaash/ForkLift_AMR/build/doozy_forklift/build/lib/doozy_forklift/dock_with_pallet_09.py -> /home/avinaash/ForkLift_AMR/install/doozy_forklift/lib/python3.8/site-packages/doozy_forklift
[0.748s] byte-compiling /home/avinaash/ForkLift_AMR/install/doozy_forklift/lib/python3.8/site-packages/doozy_forklift/dock_with_pallet_09.py to dock_with_pallet_09.cpython-38.pyc
[0.751s] running install_data
[0.751s] running install_egg_info
[0.752s] removing '/home/avinaash/ForkLift_AMR/install/doozy_forklift/lib/python3.8/site-packages/doozy_forklift-0.0.0-py3.8.egg-info' (and everything under it)
[0.752s] Copying ../../build/doozy_forklift/doozy_forklift.egg-info to /home/avinaash/ForkLift_AMR/install/doozy_forklift/lib/python3.8/site-packages/doozy_forklift-0.0.0-py3.8.egg-info
[0.753s] running install_scripts
[0.764s] Installing Client_01 script to /home/avinaash/ForkLift_AMR/install/doozy_forklift/lib/doozy_forklift
[0.765s] Installing Client_02 script to /home/avinaash/ForkLift_AMR/install/doozy_forklift/lib/doozy_forklift
[0.765s] Installing Client_03 script to /home/avinaash/ForkLift_AMR/install/doozy_forklift/lib/doozy_forklift
[0.765s] Installing Detect_Pallet_01 script to /home/avinaash/ForkLift_AMR/install/doozy_forklift/lib/doozy_forklift
[0.765s] Installing Dock_tree script to /home/avinaash/ForkLift_AMR/install/doozy_forklift/lib/doozy_forklift
[0.765s] Installing Dock_with_Pallet_01 script to /home/avinaash/ForkLift_AMR/install/doozy_forklift/lib/doozy_forklift
[0.765s] Installing Dock_with_Pallet_02 script to /home/avinaash/ForkLift_AMR/install/doozy_forklift/lib/doozy_forklift
[0.765s] Installing Dock_with_Pallet_03 script to /home/avinaash/ForkLift_AMR/install/doozy_forklift/lib/doozy_forklift
[0.766s] Installing Dock_with_Pallet_04 script to /home/avinaash/ForkLift_AMR/install/doozy_forklift/lib/doozy_forklift
[0.766s] Installing Dock_with_Pallet_05 script to /home/avinaash/ForkLift_AMR/install/doozy_forklift/lib/doozy_forklift
[0.766s] Installing Dock_with_Pallet_06 script to /home/avinaash/ForkLift_AMR/install/doozy_forklift/lib/doozy_forklift
[0.766s] Installing Dock_with_Pallet_07 script to /home/avinaash/ForkLift_AMR/install/doozy_forklift/lib/doozy_forklift
[0.766s] Installing Dock_with_Pallet_08 script to /home/avinaash/ForkLift_AMR/install/doozy_forklift/lib/doozy_forklift
[0.766s] Installing Dock_with_Pallet_09 script to /home/avinaash/ForkLift_AMR/install/doozy_forklift/lib/doozy_forklift
[0.766s] Installing Dock_with_Pallet_10 script to /home/avinaash/ForkLift_AMR/install/doozy_forklift/lib/doozy_forklift
[0.766s] Installing Dock_with_Pallet_11 script to /home/avinaash/ForkLift_AMR/install/doozy_forklift/lib/doozy_forklift
[0.766s] Installing Imu_pub script to /home/avinaash/ForkLift_AMR/install/doozy_forklift/lib/doozy_forklift
[0.766s] Installing Publish_TF script to /home/avinaash/ForkLift_AMR/install/doozy_forklift/lib/doozy_forklift
[0.766s] Installing Publish_TF_2 script to /home/avinaash/ForkLift_AMR/install/doozy_forklift/lib/doozy_forklift
[0.766s] writing list of installed files to '/home/avinaash/ForkLift_AMR/build/doozy_forklift/install.log'
[0.787s] Invoked command in '/home/avinaash/ForkLift_AMR/src/doozy_forklift' returned '0': PYTHONPATH=/home/avinaash/ForkLift_AMR/build/doozy_forklift/prefix_override:/home/avinaash/ForkLift_AMR/install/doozy_forklift/lib/python3.8/site-packages:${PYTHONPATH} /usr/bin/python3 -W ignore:setup.py install is deprecated setup.py egg_info --egg-base ../../build/doozy_forklift build --build-base /home/avinaash/ForkLift_AMR/build/doozy_forklift/build install --record /home/avinaash/ForkLift_AMR/build/doozy_forklift/install.log --single-version-externally-managed install_data
