[0.255s] DEBUG:colcon:Command line arguments: ['/usr/bin/colcon', 'list', '-p', '--base-paths', '/home/doozy/ForkLift_AMR']
[0.255s] DEBUG:colcon:Parsed command line arguments: Namespace(log_base=None, log_level=None, verb_name='list', build_base='build', ignore_user_meta=False, metas=['./colcon.meta'], base_paths=['/home/doozy/ForkLift_AMR'], packages_ignore=None, packages_ignore_regex=None, paths=None, packages_up_to=None, packages_up_to_regex=None, packages_above=None, packages_above_and_dependencies=None, packages_above_depth=None, packages_select_by_dep=None, packages_skip_by_dep=None, packages_skip_up_to=None, packages_select_build_failed=False, packages_skip_build_finished=False, packages_select_test_failures=False, packages_skip_test_passed=False, packages_select=None, packages_skip=None, packages_select_regex=None, packages_skip_regex=None, packages_start=None, packages_end=None, allow_overriding=[], topological_order=False, names_only=False, paths_only=True, topological_graph=False, topological_graph_dot=False, topological_graph_density=False, topological_graph_legend=False, topological_graph_dot_cluster=False, topological_graph_dot_include_skipped=False, mixin_files=None, mixin=None, verb_parser=<colcon_mixin.mixin.mixin_argument.MixinArgumentDecorator object at 0x708bf0495570>, verb_extension=<colcon_package_information.verb.list.ListVerb object at 0x708bf040a170>, main=<bound method ListVerb.main of <colcon_package_information.verb.list.ListVerb object at 0x708bf040a170>>, mixin_verb=('list',))
[0.328s] Level 1:colcon.colcon_core.package_discovery:discover_packages(colcon_meta) check parameters
[0.329s] Level 1:colcon.colcon_core.package_discovery:discover_packages(recursive) check parameters
[0.329s] Level 1:colcon.colcon_core.package_discovery:discover_packages(ignore) check parameters
[0.329s] Level 1:colcon.colcon_core.package_discovery:discover_packages(path) check parameters
[0.329s] Level 1:colcon.colcon_core.package_discovery:discover_packages(recursive) discover
[0.330s] INFO:colcon.colcon_core.package_discovery:Crawling recursively for packages in '/home/doozy/ForkLift_AMR'
[0.331s] Level 1:colcon.colcon_core.package_identification:_identify(/home/doozy/ForkLift_AMR) by extensions ['ignore', 'ignore_ament_install']
[0.332s] Level 1:colcon.colcon_core.package_identification:_identify(/home/doozy/ForkLift_AMR) by extension 'ignore'
[0.332s] Level 1:colcon.colcon_core.package_identification:_identify(/home/doozy/ForkLift_AMR) by extension 'ignore_ament_install'
[0.333s] Level 1:colcon.colcon_core.package_identification:_identify(/home/doozy/ForkLift_AMR) by extensions ['colcon_pkg']
[0.333s] Level 1:colcon.colcon_core.package_identification:_identify(/home/doozy/ForkLift_AMR) by extension 'colcon_pkg'
[0.333s] Level 1:colcon.colcon_core.package_identification:_identify(/home/doozy/ForkLift_AMR) by extensions ['colcon_meta']
[0.334s] Level 1:colcon.colcon_core.package_identification:_identify(/home/doozy/ForkLift_AMR) by extension 'colcon_meta'
[0.334s] Level 1:colcon.colcon_core.package_identification:_identify(/home/doozy/ForkLift_AMR) by extensions ['ros']
[0.334s] Level 1:colcon.colcon_core.package_identification:_identify(/home/doozy/ForkLift_AMR) by extension 'ros'
[0.361s] Level 1:colcon.colcon_core.package_identification:_identify(/home/doozy/ForkLift_AMR) by extensions ['cmake', 'python']
[0.361s] Level 1:colcon.colcon_core.package_identification:_identify(/home/doozy/ForkLift_AMR) by extension 'cmake'
[0.362s] Level 1:colcon.colcon_core.package_identification:_identify(/home/doozy/ForkLift_AMR) by extension 'python'
[0.362s] Level 1:colcon.colcon_core.package_identification:_identify(/home/doozy/ForkLift_AMR) by extensions ['python_setup_py']
[0.362s] Level 1:colcon.colcon_core.package_identification:_identify(/home/doozy/ForkLift_AMR) by extension 'python_setup_py'
[0.363s] Level 1:colcon.colcon_core.package_identification:_identify(/home/doozy/ForkLift_AMR/build) by extensions ['ignore', 'ignore_ament_install']
[0.363s] Level 1:colcon.colcon_core.package_identification:_identify(/home/doozy/ForkLift_AMR/build) by extension 'ignore'
[0.363s] Level 1:colcon.colcon_core.package_identification:_identify(/home/doozy/ForkLift_AMR/build) ignored
[0.364s] Level 1:colcon.colcon_core.package_identification:_identify(/home/doozy/ForkLift_AMR/install) by extensions ['ignore', 'ignore_ament_install']
[0.364s] Level 1:colcon.colcon_core.package_identification:_identify(/home/doozy/ForkLift_AMR/install) by extension 'ignore'
[0.364s] Level 1:colcon.colcon_core.package_identification:_identify(/home/doozy/ForkLift_AMR/install) ignored
[0.365s] Level 1:colcon.colcon_core.package_identification:_identify(/home/doozy/ForkLift_AMR/log) by extensions ['ignore', 'ignore_ament_install']
[0.366s] Level 1:colcon.colcon_core.package_identification:_identify(/home/doozy/ForkLift_AMR/log) by extension 'ignore'
[0.366s] Level 1:colcon.colcon_core.package_identification:_identify(/home/doozy/ForkLift_AMR/log) ignored
[0.366s] Level 1:colcon.colcon_core.package_identification:_identify(/home/doozy/ForkLift_AMR/map) by extensions ['ignore', 'ignore_ament_install']
[0.367s] Level 1:colcon.colcon_core.package_identification:_identify(/home/doozy/ForkLift_AMR/map) by extension 'ignore'
[0.367s] Level 1:colcon.colcon_core.package_identification:_identify(/home/doozy/ForkLift_AMR/map) by extension 'ignore_ament_install'
[0.367s] Level 1:colcon.colcon_core.package_identification:_identify(/home/doozy/ForkLift_AMR/map) by extensions ['colcon_pkg']
[0.368s] Level 1:colcon.colcon_core.package_identification:_identify(/home/doozy/ForkLift_AMR/map) by extension 'colcon_pkg'
[0.368s] Level 1:colcon.colcon_core.package_identification:_identify(/home/doozy/ForkLift_AMR/map) by extensions ['colcon_meta']
[0.368s] Level 1:colcon.colcon_core.package_identification:_identify(/home/doozy/ForkLift_AMR/map) by extension 'colcon_meta'
[0.368s] Level 1:colcon.colcon_core.package_identification:_identify(/home/doozy/ForkLift_AMR/map) by extensions ['ros']
[0.369s] Level 1:colcon.colcon_core.package_identification:_identify(/home/doozy/ForkLift_AMR/map) by extension 'ros'
[0.369s] Level 1:colcon.colcon_core.package_identification:_identify(/home/doozy/ForkLift_AMR/map) by extensions ['cmake', 'python']
[0.370s] Level 1:colcon.colcon_core.package_identification:_identify(/home/doozy/ForkLift_AMR/map) by extension 'cmake'
[0.370s] Level 1:colcon.colcon_core.package_identification:_identify(/home/doozy/ForkLift_AMR/map) by extension 'python'
[0.370s] Level 1:colcon.colcon_core.package_identification:_identify(/home/doozy/ForkLift_AMR/map) by extensions ['python_setup_py']
[0.371s] Level 1:colcon.colcon_core.package_identification:_identify(/home/doozy/ForkLift_AMR/map) by extension 'python_setup_py'
[0.371s] Level 1:colcon.colcon_core.package_identification:_identify(/home/doozy/ForkLift_AMR/rviz) by extensions ['ignore', 'ignore_ament_install']
[0.371s] Level 1:colcon.colcon_core.package_identification:_identify(/home/doozy/ForkLift_AMR/rviz) by extension 'ignore'
[0.372s] Level 1:colcon.colcon_core.package_identification:_identify(/home/doozy/ForkLift_AMR/rviz) by extension 'ignore_ament_install'
[0.372s] Level 1:colcon.colcon_core.package_identification:_identify(/home/doozy/ForkLift_AMR/rviz) by extensions ['colcon_pkg']
[0.372s] Level 1:colcon.colcon_core.package_identification:_identify(/home/doozy/ForkLift_AMR/rviz) by extension 'colcon_pkg'
[0.373s] Level 1:colcon.colcon_core.package_identification:_identify(/home/doozy/ForkLift_AMR/rviz) by extensions ['colcon_meta']
[0.373s] Level 1:colcon.colcon_core.package_identification:_identify(/home/doozy/ForkLift_AMR/rviz) by extension 'colcon_meta'
[0.373s] Level 1:colcon.colcon_core.package_identification:_identify(/home/doozy/ForkLift_AMR/rviz) by extensions ['ros']
[0.374s] Level 1:colcon.colcon_core.package_identification:_identify(/home/doozy/ForkLift_AMR/rviz) by extension 'ros'
[0.374s] Level 1:colcon.colcon_core.package_identification:_identify(/home/doozy/ForkLift_AMR/rviz) by extensions ['cmake', 'python']
[0.375s] Level 1:colcon.colcon_core.package_identification:_identify(/home/doozy/ForkLift_AMR/rviz) by extension 'cmake'
[0.375s] Level 1:colcon.colcon_core.package_identification:_identify(/home/doozy/ForkLift_AMR/rviz) by extension 'python'
[0.375s] Level 1:colcon.colcon_core.package_identification:_identify(/home/doozy/ForkLift_AMR/rviz) by extensions ['python_setup_py']
[0.375s] Level 1:colcon.colcon_core.package_identification:_identify(/home/doozy/ForkLift_AMR/rviz) by extension 'python_setup_py'
[0.376s] Level 1:colcon.colcon_core.package_identification:_identify(/home/doozy/ForkLift_AMR/src) by extensions ['ignore', 'ignore_ament_install']
[0.376s] Level 1:colcon.colcon_core.package_identification:_identify(/home/doozy/ForkLift_AMR/src) by extension 'ignore'
[0.377s] Level 1:colcon.colcon_core.package_identification:_identify(/home/doozy/ForkLift_AMR/src) by extension 'ignore_ament_install'
[0.377s] Level 1:colcon.colcon_core.package_identification:_identify(/home/doozy/ForkLift_AMR/src) by extensions ['colcon_pkg']
[0.377s] Level 1:colcon.colcon_core.package_identification:_identify(/home/doozy/ForkLift_AMR/src) by extension 'colcon_pkg'
[0.378s] Level 1:colcon.colcon_core.package_identification:_identify(/home/doozy/ForkLift_AMR/src) by extensions ['colcon_meta']
[0.378s] Level 1:colcon.colcon_core.package_identification:_identify(/home/doozy/ForkLift_AMR/src) by extension 'colcon_meta'
[0.378s] Level 1:colcon.colcon_core.package_identification:_identify(/home/doozy/ForkLift_AMR/src) by extensions ['ros']
[0.379s] Level 1:colcon.colcon_core.package_identification:_identify(/home/doozy/ForkLift_AMR/src) by extension 'ros'
[0.379s] Level 1:colcon.colcon_core.package_identification:_identify(/home/doozy/ForkLift_AMR/src) by extensions ['cmake', 'python']
[0.379s] Level 1:colcon.colcon_core.package_identification:_identify(/home/doozy/ForkLift_AMR/src) by extension 'cmake'
[0.379s] Level 1:colcon.colcon_core.package_identification:_identify(/home/doozy/ForkLift_AMR/src) by extension 'python'
[0.380s] Level 1:colcon.colcon_core.package_identification:_identify(/home/doozy/ForkLift_AMR/src) by extensions ['python_setup_py']
[0.380s] Level 1:colcon.colcon_core.package_identification:_identify(/home/doozy/ForkLift_AMR/src) by extension 'python_setup_py'
[0.381s] Level 1:colcon.colcon_core.package_identification:_identify(/home/doozy/ForkLift_AMR/src/doozy_forklift) by extensions ['ignore', 'ignore_ament_install']
[0.381s] Level 1:colcon.colcon_core.package_identification:_identify(/home/doozy/ForkLift_AMR/src/doozy_forklift) by extension 'ignore'
[0.381s] Level 1:colcon.colcon_core.package_identification:_identify(/home/doozy/ForkLift_AMR/src/doozy_forklift) by extension 'ignore_ament_install'
[0.382s] Level 1:colcon.colcon_core.package_identification:_identify(/home/doozy/ForkLift_AMR/src/doozy_forklift) by extensions ['colcon_pkg']
[0.382s] Level 1:colcon.colcon_core.package_identification:_identify(/home/doozy/ForkLift_AMR/src/doozy_forklift) by extension 'colcon_pkg'
[0.382s] Level 1:colcon.colcon_core.package_identification:_identify(/home/doozy/ForkLift_AMR/src/doozy_forklift) by extensions ['colcon_meta']
[0.383s] Level 1:colcon.colcon_core.package_identification:_identify(/home/doozy/ForkLift_AMR/src/doozy_forklift) by extension 'colcon_meta'
[0.383s] Level 1:colcon.colcon_core.package_identification:_identify(/home/doozy/ForkLift_AMR/src/doozy_forklift) by extensions ['ros']
[0.383s] Level 1:colcon.colcon_core.package_identification:_identify(/home/doozy/ForkLift_AMR/src/doozy_forklift) by extension 'ros'
[0.388s] DEBUG:colcon.colcon_core.package_identification:Package '/home/doozy/ForkLift_AMR/src/doozy_forklift' with type 'ros.ament_python' and name 'doozy_forklift'
[0.388s] Level 1:colcon.colcon_core.package_identification:_identify(/home/doozy/ForkLift_AMR/src/forklift_interfaces) by extensions ['ignore', 'ignore_ament_install']
[0.389s] Level 1:colcon.colcon_core.package_identification:_identify(/home/doozy/ForkLift_AMR/src/forklift_interfaces) by extension 'ignore'
[0.389s] Level 1:colcon.colcon_core.package_identification:_identify(/home/doozy/ForkLift_AMR/src/forklift_interfaces) by extension 'ignore_ament_install'
[0.389s] Level 1:colcon.colcon_core.package_identification:_identify(/home/doozy/ForkLift_AMR/src/forklift_interfaces) by extensions ['colcon_pkg']
[0.390s] Level 1:colcon.colcon_core.package_identification:_identify(/home/doozy/ForkLift_AMR/src/forklift_interfaces) by extension 'colcon_pkg'
[0.390s] Level 1:colcon.colcon_core.package_identification:_identify(/home/doozy/ForkLift_AMR/src/forklift_interfaces) by extensions ['colcon_meta']
[0.390s] Level 1:colcon.colcon_core.package_identification:_identify(/home/doozy/ForkLift_AMR/src/forklift_interfaces) by extension 'colcon_meta'
[0.391s] Level 1:colcon.colcon_core.package_identification:_identify(/home/doozy/ForkLift_AMR/src/forklift_interfaces) by extensions ['ros']
[0.391s] Level 1:colcon.colcon_core.package_identification:_identify(/home/doozy/ForkLift_AMR/src/forklift_interfaces) by extension 'ros'
[0.393s] DEBUG:colcon.colcon_core.package_identification:Package '/home/doozy/ForkLift_AMR/src/forklift_interfaces' with type 'ros.ament_cmake' and name 'forklift_interfaces'
[0.393s] Level 1:colcon.colcon_core.package_identification:_identify(/home/doozy/ForkLift_AMR/src/sick_visionary_t_mini) by extensions ['ignore', 'ignore_ament_install']
[0.393s] Level 1:colcon.colcon_core.package_identification:_identify(/home/doozy/ForkLift_AMR/src/sick_visionary_t_mini) by extension 'ignore'
[0.394s] Level 1:colcon.colcon_core.package_identification:_identify(/home/doozy/ForkLift_AMR/src/sick_visionary_t_mini) by extension 'ignore_ament_install'
[0.394s] Level 1:colcon.colcon_core.package_identification:_identify(/home/doozy/ForkLift_AMR/src/sick_visionary_t_mini) by extensions ['colcon_pkg']
[0.394s] Level 1:colcon.colcon_core.package_identification:_identify(/home/doozy/ForkLift_AMR/src/sick_visionary_t_mini) by extension 'colcon_pkg'
[0.394s] Level 1:colcon.colcon_core.package_identification:_identify(/home/doozy/ForkLift_AMR/src/sick_visionary_t_mini) by extensions ['colcon_meta']
[0.394s] Level 1:colcon.colcon_core.package_identification:_identify(/home/doozy/ForkLift_AMR/src/sick_visionary_t_mini) by extension 'colcon_meta'
[0.394s] Level 1:colcon.colcon_core.package_identification:_identify(/home/doozy/ForkLift_AMR/src/sick_visionary_t_mini) by extensions ['ros']
[0.394s] Level 1:colcon.colcon_core.package_identification:_identify(/home/doozy/ForkLift_AMR/src/sick_visionary_t_mini) by extension 'ros'
[0.395s] DEBUG:colcon.colcon_core.package_identification:Package '/home/doozy/ForkLift_AMR/src/sick_visionary_t_mini' with type 'ros.ament_cmake' and name 'sick_visionary_t_mini'
[0.395s] Level 1:colcon.colcon_core.package_identification:_identify(/home/doozy/ForkLift_AMR/src/turtlebot3) by extensions ['ignore', 'ignore_ament_install']
[0.396s] Level 1:colcon.colcon_core.package_identification:_identify(/home/doozy/ForkLift_AMR/src/turtlebot3) by extension 'ignore'
[0.396s] Level 1:colcon.colcon_core.package_identification:_identify(/home/doozy/ForkLift_AMR/src/turtlebot3) by extension 'ignore_ament_install'
[0.396s] Level 1:colcon.colcon_core.package_identification:_identify(/home/doozy/ForkLift_AMR/src/turtlebot3) by extensions ['colcon_pkg']
[0.396s] Level 1:colcon.colcon_core.package_identification:_identify(/home/doozy/ForkLift_AMR/src/turtlebot3) by extension 'colcon_pkg'
[0.396s] Level 1:colcon.colcon_core.package_identification:_identify(/home/doozy/ForkLift_AMR/src/turtlebot3) by extensions ['colcon_meta']
[0.396s] Level 1:colcon.colcon_core.package_identification:_identify(/home/doozy/ForkLift_AMR/src/turtlebot3) by extension 'colcon_meta'
[0.396s] Level 1:colcon.colcon_core.package_identification:_identify(/home/doozy/ForkLift_AMR/src/turtlebot3) by extensions ['ros']
[0.396s] Level 1:colcon.colcon_core.package_identification:_identify(/home/doozy/ForkLift_AMR/src/turtlebot3) by extension 'ros'
[0.396s] Level 1:colcon.colcon_core.package_identification:_identify(/home/doozy/ForkLift_AMR/src/turtlebot3) by extensions ['cmake', 'python']
[0.396s] Level 1:colcon.colcon_core.package_identification:_identify(/home/doozy/ForkLift_AMR/src/turtlebot3) by extension 'cmake'
[0.396s] Level 1:colcon.colcon_core.package_identification:_identify(/home/doozy/ForkLift_AMR/src/turtlebot3) by extension 'python'
[0.396s] Level 1:colcon.colcon_core.package_identification:_identify(/home/doozy/ForkLift_AMR/src/turtlebot3) by extensions ['python_setup_py']
[0.396s] Level 1:colcon.colcon_core.package_identification:_identify(/home/doozy/ForkLift_AMR/src/turtlebot3) by extension 'python_setup_py'
[0.397s] Level 1:colcon.colcon_core.package_identification:_identify(/home/doozy/ForkLift_AMR/src/turtlebot3_simulations) by extensions ['ignore', 'ignore_ament_install']
[0.397s] Level 1:colcon.colcon_core.package_identification:_identify(/home/doozy/ForkLift_AMR/src/turtlebot3_simulations) by extension 'ignore'
[0.397s] Level 1:colcon.colcon_core.package_identification:_identify(/home/doozy/ForkLift_AMR/src/turtlebot3_simulations) by extension 'ignore_ament_install'
[0.397s] Level 1:colcon.colcon_core.package_identification:_identify(/home/doozy/ForkLift_AMR/src/turtlebot3_simulations) by extensions ['colcon_pkg']
[0.397s] Level 1:colcon.colcon_core.package_identification:_identify(/home/doozy/ForkLift_AMR/src/turtlebot3_simulations) by extension 'colcon_pkg'
[0.397s] Level 1:colcon.colcon_core.package_identification:_identify(/home/doozy/ForkLift_AMR/src/turtlebot3_simulations) by extensions ['colcon_meta']
[0.397s] Level 1:colcon.colcon_core.package_identification:_identify(/home/doozy/ForkLift_AMR/src/turtlebot3_simulations) by extension 'colcon_meta'
[0.397s] Level 1:colcon.colcon_core.package_identification:_identify(/home/doozy/ForkLift_AMR/src/turtlebot3_simulations) by extensions ['ros']
[0.397s] Level 1:colcon.colcon_core.package_identification:_identify(/home/doozy/ForkLift_AMR/src/turtlebot3_simulations) by extension 'ros'
[0.397s] Level 1:colcon.colcon_core.package_identification:_identify(/home/doozy/ForkLift_AMR/src/turtlebot3_simulations) by extensions ['cmake', 'python']
[0.397s] Level 1:colcon.colcon_core.package_identification:_identify(/home/doozy/ForkLift_AMR/src/turtlebot3_simulations) by extension 'cmake'
[0.397s] Level 1:colcon.colcon_core.package_identification:_identify(/home/doozy/ForkLift_AMR/src/turtlebot3_simulations) by extension 'python'
[0.397s] Level 1:colcon.colcon_core.package_identification:_identify(/home/doozy/ForkLift_AMR/src/turtlebot3_simulations) by extensions ['python_setup_py']
[0.398s] Level 1:colcon.colcon_core.package_identification:_identify(/home/doozy/ForkLift_AMR/src/turtlebot3_simulations) by extension 'python_setup_py'
[0.398s] Level 1:colcon.colcon_core.package_discovery:discover_packages(recursive) using defaults
