[0.051s] Invoking command in '/home/avinaash/ForkLift_AMR/build/turtlebot3_description': CMAKE_PREFIX_PATH=/home/avinaash/ForkLift_AMR/install/turtlebot3:/home/avinaash/ForkLift_AMR/install/turtlebot3_simulations:/home/avinaash/ForkLift_AMR/install/turtlebot3_bringup:/home/avinaash/ForkLift_AMR/install/turtlebot3_node:/home/avinaash/ForkLift_AMR/install/turtlebot3_navigation2:/home/avinaash/ForkLift_AMR/install/turtlebot3_gazebo:/home/avinaash/ForkLift_AMR/install/turtlebot3_fake_node:/home/avinaash/ForkLift_AMR/install/turtlebot3_teleop:/home/avinaash/ForkLift_AMR/install/turtlebot3_example:/home/avinaash/ForkLift_AMR/install/doozy_forklift:/opt/ros/galactic:/home/avinaash/ForkLift_AMR/install/turtlebot3_description:/home/avinaash/ForkLift_AMR/install/turtlebot3_cartographer:/home/avinaash/ForkLift_AMR/install/forklift_interfaces /usr/bin/cmake --build /home/avinaash/ForkLift_AMR/build/turtlebot3_description -- -j16 -l16
[0.598s] Invoked command in '/home/avinaash/ForkLift_AMR/build/turtlebot3_description' returned '0': CMAKE_PREFIX_PATH=/home/avinaash/ForkLift_AMR/install/turtlebot3:/home/avinaash/ForkLift_AMR/install/turtlebot3_simulations:/home/avinaash/ForkLift_AMR/install/turtlebot3_bringup:/home/avinaash/ForkLift_AMR/install/turtlebot3_node:/home/avinaash/ForkLift_AMR/install/turtlebot3_navigation2:/home/avinaash/ForkLift_AMR/install/turtlebot3_gazebo:/home/avinaash/ForkLift_AMR/install/turtlebot3_fake_node:/home/avinaash/ForkLift_AMR/install/turtlebot3_teleop:/home/avinaash/ForkLift_AMR/install/turtlebot3_example:/home/avinaash/ForkLift_AMR/install/doozy_forklift:/opt/ros/galactic:/home/avinaash/ForkLift_AMR/install/turtlebot3_description:/home/avinaash/ForkLift_AMR/install/turtlebot3_cartographer:/home/avinaash/ForkLift_AMR/install/forklift_interfaces /usr/bin/cmake --build /home/avinaash/ForkLift_AMR/build/turtlebot3_description -- -j16 -l16
[0.632s] Invoking command in '/home/avinaash/ForkLift_AMR/build/turtlebot3_description': CMAKE_PREFIX_PATH=/home/avinaash/ForkLift_AMR/install/turtlebot3:/home/avinaash/ForkLift_AMR/install/turtlebot3_simulations:/home/avinaash/ForkLift_AMR/install/turtlebot3_bringup:/home/avinaash/ForkLift_AMR/install/turtlebot3_node:/home/avinaash/ForkLift_AMR/install/turtlebot3_navigation2:/home/avinaash/ForkLift_AMR/install/turtlebot3_gazebo:/home/avinaash/ForkLift_AMR/install/turtlebot3_fake_node:/home/avinaash/ForkLift_AMR/install/turtlebot3_teleop:/home/avinaash/ForkLift_AMR/install/turtlebot3_example:/home/avinaash/ForkLift_AMR/install/doozy_forklift:/opt/ros/galactic:/home/avinaash/ForkLift_AMR/install/turtlebot3_description:/home/avinaash/ForkLift_AMR/install/turtlebot3_cartographer:/home/avinaash/ForkLift_AMR/install/forklift_interfaces /usr/bin/cmake --install /home/avinaash/ForkLift_AMR/build/turtlebot3_description
[0.640s] -- Install configuration: ""
[0.641s] -- Up-to-date: /home/avinaash/ForkLift_AMR/install/turtlebot3_description/share/turtlebot3_description/meshes
[0.643s] -- Up-to-date: /home/avinaash/ForkLift_AMR/install/turtlebot3_description/share/turtlebot3_description/meshes/wheels
[0.643s] -- Up-to-date: /home/avinaash/ForkLift_AMR/install/turtlebot3_description/share/turtlebot3_description/meshes/wheels/right_tire.stl
[0.644s] -- Up-to-date: /home/avinaash/ForkLift_AMR/install/turtlebot3_description/share/turtlebot3_description/meshes/wheels/left_tire.stl
[0.644s] -- Up-to-date: /home/avinaash/ForkLift_AMR/install/turtlebot3_description/share/turtlebot3_description/meshes/bases
[0.644s] -- Up-to-date: /home/avinaash/ForkLift_AMR/install/turtlebot3_description/share/turtlebot3_description/meshes/bases/waffle_base.stl
[0.646s] -- Up-to-date: /home/avinaash/ForkLift_AMR/install/turtlebot3_description/share/turtlebot3_description/meshes/bases/waffle_pi_base.stl
[0.647s] -- Up-to-date: /home/avinaash/ForkLift_AMR/install/turtlebot3_description/share/turtlebot3_description/meshes/bases/burger_base.stl
[0.648s] -- Up-to-date: /home/avinaash/ForkLift_AMR/install/turtlebot3_description/share/turtlebot3_description/meshes/sensors
[0.649s] -- Up-to-date: /home/avinaash/ForkLift_AMR/install/turtlebot3_description/share/turtlebot3_description/meshes/sensors/r200.jpg
[0.651s] -- Up-to-date: /home/avinaash/ForkLift_AMR/install/turtlebot3_description/share/turtlebot3_description/meshes/sensors/r200.dae
[0.651s] -- Up-to-date: /home/avinaash/ForkLift_AMR/install/turtlebot3_description/share/turtlebot3_description/meshes/sensors/lds.stl
[0.651s] -- Up-to-date: /home/avinaash/ForkLift_AMR/install/turtlebot3_description/share/turtlebot3_description/meshes/sensors/astra.jpg
[0.652s] -- Up-to-date: /home/avinaash/ForkLift_AMR/install/turtlebot3_description/share/turtlebot3_description/meshes/sensors/astra.dae
[0.653s] -- Up-to-date: /home/avinaash/ForkLift_AMR/install/turtlebot3_description/share/turtlebot3_description/rviz
[0.654s] -- Up-to-date: /home/avinaash/ForkLift_AMR/install/turtlebot3_description/share/turtlebot3_description/rviz/model.rviz
[0.654s] -- Up-to-date: /home/avinaash/ForkLift_AMR/install/turtlebot3_description/share/turtlebot3_description/urdf
[0.655s] -- Up-to-date: /home/avinaash/ForkLift_AMR/install/turtlebot3_description/share/turtlebot3_description/urdf/turtlebot3_waffle_pi.urdf
[0.656s] -- Up-to-date: /home/avinaash/ForkLift_AMR/install/turtlebot3_description/share/turtlebot3_description/urdf/common_properties.urdf
[0.656s] -- Up-to-date: /home/avinaash/ForkLift_AMR/install/turtlebot3_description/share/turtlebot3_description/urdf/turtlebot3_waffle.urdf
[0.656s] -- Up-to-date: /home/avinaash/ForkLift_AMR/install/turtlebot3_description/share/turtlebot3_description/urdf/turtlebot3_burger.urdf
[0.656s] -- Up-to-date: /home/avinaash/ForkLift_AMR/install/turtlebot3_description/share/ament_index/resource_index/package_run_dependencies/turtlebot3_description
[0.657s] -- Up-to-date: /home/avinaash/ForkLift_AMR/install/turtlebot3_description/share/ament_index/resource_index/parent_prefix_path/turtlebot3_description
[0.657s] -- Up-to-date: /home/avinaash/ForkLift_AMR/install/turtlebot3_description/share/turtlebot3_description/environment/ament_prefix_path.sh
[0.657s] -- Up-to-date: /home/avinaash/ForkLift_AMR/install/turtlebot3_description/share/turtlebot3_description/environment/ament_prefix_path.dsv
[0.657s] -- Up-to-date: /home/avinaash/ForkLift_AMR/install/turtlebot3_description/share/turtlebot3_description/environment/path.sh
[0.657s] -- Up-to-date: /home/avinaash/ForkLift_AMR/install/turtlebot3_description/share/turtlebot3_description/environment/path.dsv
[0.658s] -- Up-to-date: /home/avinaash/ForkLift_AMR/install/turtlebot3_description/share/turtlebot3_description/local_setup.bash
[0.658s] -- Up-to-date: /home/avinaash/ForkLift_AMR/install/turtlebot3_description/share/turtlebot3_description/local_setup.sh
[0.658s] -- Up-to-date: /home/avinaash/ForkLift_AMR/install/turtlebot3_description/share/turtlebot3_description/local_setup.zsh
[0.658s] -- Up-to-date: /home/avinaash/ForkLift_AMR/install/turtlebot3_description/share/turtlebot3_description/local_setup.dsv
[0.659s] -- Installing: /home/avinaash/ForkLift_AMR/install/turtlebot3_description/share/turtlebot3_description/package.dsv
[0.659s] -- Up-to-date: /home/avinaash/ForkLift_AMR/install/turtlebot3_description/share/ament_index/resource_index/packages/turtlebot3_description
[0.659s] -- Up-to-date: /home/avinaash/ForkLift_AMR/install/turtlebot3_description/share/turtlebot3_description/cmake/turtlebot3_descriptionConfig.cmake
[0.659s] -- Up-to-date: /home/avinaash/ForkLift_AMR/install/turtlebot3_description/share/turtlebot3_description/cmake/turtlebot3_descriptionConfig-version.cmake
[0.660s] -- Up-to-date: /home/avinaash/ForkLift_AMR/install/turtlebot3_description/share/turtlebot3_description/package.xml
[0.678s] Invoked command in '/home/avinaash/ForkLift_AMR/build/turtlebot3_description' returned '0': CMAKE_PREFIX_PATH=/home/avinaash/ForkLift_AMR/install/turtlebot3:/home/avinaash/ForkLift_AMR/install/turtlebot3_simulations:/home/avinaash/ForkLift_AMR/install/turtlebot3_bringup:/home/avinaash/ForkLift_AMR/install/turtlebot3_node:/home/avinaash/ForkLift_AMR/install/turtlebot3_navigation2:/home/avinaash/ForkLift_AMR/install/turtlebot3_gazebo:/home/avinaash/ForkLift_AMR/install/turtlebot3_fake_node:/home/avinaash/ForkLift_AMR/install/turtlebot3_teleop:/home/avinaash/ForkLift_AMR/install/turtlebot3_example:/home/avinaash/ForkLift_AMR/install/doozy_forklift:/opt/ros/galactic:/home/avinaash/ForkLift_AMR/install/turtlebot3_description:/home/avinaash/ForkLift_AMR/install/turtlebot3_cartographer:/home/avinaash/ForkLift_AMR/install/forklift_interfaces /usr/bin/cmake --install /home/avinaash/ForkLift_AMR/build/turtlebot3_description
