running egg_info
creating ../../build/doozy_forklift/doozy_forklift.egg-info
writing ../../build/doozy_forklift/doozy_forklift.egg-info/PKG-INFO
writing dependency_links to ../../build/doozy_forklift/doozy_forklift.egg-info/dependency_links.txt
writing entry points to ../../build/doozy_forklift/doozy_forklift.egg-info/entry_points.txt
writing requirements to ../../build/doozy_forklift/doozy_forklift.egg-info/requires.txt
writing top-level names to ../../build/doozy_forklift/doozy_forklift.egg-info/top_level.txt
writing manifest file '../../build/doozy_forklift/doozy_forklift.egg-info/SOURCES.txt'
reading manifest file '../../build/doozy_forklift/doozy_forklift.egg-info/SOURCES.txt'
writing manifest file '../../build/doozy_forklift/doozy_forklift.egg-info/SOURCES.txt'
running build
running build_py
creating /home/avinaash/ForkLift_AMR/build/doozy_forklift/build
creating /home/avinaash/ForkLift_AMR/build/doozy_forklift/build/lib
creating /home/avinaash/ForkLift_AMR/build/doozy_forklift/build/lib/doozy_forklift
copying doozy_forklift/__init__.py -> /home/avinaash/ForkLift_AMR/build/doozy_forklift/build/lib/doozy_forklift
copying doozy_forklift/client_01.py -> /home/avinaash/ForkLift_AMR/build/doozy_forklift/build/lib/doozy_forklift
running install
running install_lib
creating /home/avinaash/ForkLift_AMR/install/doozy_forklift/lib/python3.8/site-packages/doozy_forklift
copying /home/avinaash/ForkLift_AMR/build/doozy_forklift/build/lib/doozy_forklift/__init__.py -> /home/avinaash/ForkLift_AMR/install/doozy_forklift/lib/python3.8/site-packages/doozy_forklift
copying /home/avinaash/ForkLift_AMR/build/doozy_forklift/build/lib/doozy_forklift/client_01.py -> /home/avinaash/ForkLift_AMR/install/doozy_forklift/lib/python3.8/site-packages/doozy_forklift
byte-compiling /home/avinaash/ForkLift_AMR/install/doozy_forklift/lib/python3.8/site-packages/doozy_forklift/__init__.py to __init__.cpython-38.pyc
byte-compiling /home/avinaash/ForkLift_AMR/install/doozy_forklift/lib/python3.8/site-packages/doozy_forklift/client_01.py to client_01.cpython-38.pyc
running install_data
creating /home/avinaash/ForkLift_AMR/install/doozy_forklift/share/ament_index
creating /home/avinaash/ForkLift_AMR/install/doozy_forklift/share/ament_index/resource_index
creating /home/avinaash/ForkLift_AMR/install/doozy_forklift/share/ament_index/resource_index/packages
copying resource/doozy_forklift -> /home/avinaash/ForkLift_AMR/install/doozy_forklift/share/ament_index/resource_index/packages
copying package.xml -> /home/avinaash/ForkLift_AMR/install/doozy_forklift/share/doozy_forklift
running install_egg_info
Copying ../../build/doozy_forklift/doozy_forklift.egg-info to /home/avinaash/ForkLift_AMR/install/doozy_forklift/lib/python3.8/site-packages/doozy_forklift-0.0.0-py3.8.egg-info
running install_scripts
writing list of installed files to '/home/avinaash/ForkLift_AMR/build/doozy_forklift/install.log'
