[0.660s] Invoking command in '/home/avinaash/ForkLift_AMR/src/doozy_forklift': PYTHONPATH=/home/avinaash/ForkLift_AMR/build/doozy_forklift/prefix_override:/home/avinaash/ForkLift_AMR/install/doozy_forklift/lib/python3.8/site-packages:${PYTHONPATH} /usr/bin/python3 -W ignore:setup.py install is deprecated setup.py egg_info --egg-base ../../build/doozy_forklift build --build-base /home/avinaash/ForkLift_AMR/build/doozy_forklift/build install --record /home/avinaash/ForkLift_AMR/build/doozy_forklift/install.log --single-version-externally-managed install_data
[0.817s] running egg_info
[0.817s] creating ../../build/doozy_forklift/doozy_forklift.egg-info
[0.817s] writing ../../build/doozy_forklift/doozy_forklift.egg-info/PKG-INFO
[0.817s] writing dependency_links to ../../build/doozy_forklift/doozy_forklift.egg-info/dependency_links.txt
[0.817s] writing entry points to ../../build/doozy_forklift/doozy_forklift.egg-info/entry_points.txt
[0.817s] writing requirements to ../../build/doozy_forklift/doozy_forklift.egg-info/requires.txt
[0.818s] writing top-level names to ../../build/doozy_forklift/doozy_forklift.egg-info/top_level.txt
[0.819s] writing manifest file '../../build/doozy_forklift/doozy_forklift.egg-info/SOURCES.txt'
[0.841s] reading manifest file '../../build/doozy_forklift/doozy_forklift.egg-info/SOURCES.txt'
[0.841s] writing manifest file '../../build/doozy_forklift/doozy_forklift.egg-info/SOURCES.txt'
[0.841s] running build
[0.841s] running build_py
[0.841s] creating /home/avinaash/ForkLift_AMR/build/doozy_forklift/build
[0.842s] creating /home/avinaash/ForkLift_AMR/build/doozy_forklift/build/lib
[0.842s] creating /home/avinaash/ForkLift_AMR/build/doozy_forklift/build/lib/doozy_forklift
[0.842s] copying doozy_forklift/__init__.py -> /home/avinaash/ForkLift_AMR/build/doozy_forklift/build/lib/doozy_forklift
[0.842s] copying doozy_forklift/client_01.py -> /home/avinaash/ForkLift_AMR/build/doozy_forklift/build/lib/doozy_forklift
[0.842s] running install
[0.842s] running install_lib
[0.843s] creating /home/avinaash/ForkLift_AMR/install/doozy_forklift/lib/python3.8/site-packages/doozy_forklift
[0.843s] copying /home/avinaash/ForkLift_AMR/build/doozy_forklift/build/lib/doozy_forklift/__init__.py -> /home/avinaash/ForkLift_AMR/install/doozy_forklift/lib/python3.8/site-packages/doozy_forklift
[0.843s] copying /home/avinaash/ForkLift_AMR/build/doozy_forklift/build/lib/doozy_forklift/client_01.py -> /home/avinaash/ForkLift_AMR/install/doozy_forklift/lib/python3.8/site-packages/doozy_forklift
[0.843s] byte-compiling /home/avinaash/ForkLift_AMR/install/doozy_forklift/lib/python3.8/site-packages/doozy_forklift/__init__.py to __init__.cpython-38.pyc
[0.844s] byte-compiling /home/avinaash/ForkLift_AMR/install/doozy_forklift/lib/python3.8/site-packages/doozy_forklift/client_01.py to client_01.cpython-38.pyc
[0.844s] running install_data
[0.844s] creating /home/avinaash/ForkLift_AMR/install/doozy_forklift/share/ament_index
[0.844s] creating /home/avinaash/ForkLift_AMR/install/doozy_forklift/share/ament_index/resource_index
[0.844s] creating /home/avinaash/ForkLift_AMR/install/doozy_forklift/share/ament_index/resource_index/packages
[0.844s] copying resource/doozy_forklift -> /home/avinaash/ForkLift_AMR/install/doozy_forklift/share/ament_index/resource_index/packages
[0.845s] copying package.xml -> /home/avinaash/ForkLift_AMR/install/doozy_forklift/share/doozy_forklift
[0.845s] running install_egg_info
[0.845s]   File "/home/avinaash/ForkLift_AMR/install/doozy_forklift/lib/python3.8/site-packages/doozy_forklift/client_01.py", line 33
[0.845s]     def navigation_callback(self, msg)
[0.845s]                                      ^
[0.845s] SyntaxError: invalid syntax
[0.845s] 
[0.845s] Copying ../../build/doozy_forklift/doozy_forklift.egg-info to /home/avinaash/ForkLift_AMR/install/doozy_forklift/lib/python3.8/site-packages/doozy_forklift-0.0.0-py3.8.egg-info
[0.846s] running install_scripts
[0.857s] writing list of installed files to '/home/avinaash/ForkLift_AMR/build/doozy_forklift/install.log'
