[0.178s] Invoking command in '/home/avinaash/ForkLift_AMR/build/sick_visionary_t_mini': CMAKE_PREFIX_PATH=${CMAKE_PREFIX_PATH}:/home/avinaash/ForkLift_AMR/install/doozy_forklift:/home/avinaash/doozy_robotics/doozy_ws_2/install/pallet_robot:/home/avinaash/doozy_robotics/doozy_ws_2/install/pallet_docker_02:/opt/ros/galactic /usr/bin/cmake --build /home/avinaash/ForkLift_AMR/build/sick_visionary_t_mini -- -j16 -l16
[0.225s] [  3%] Built target sick_visionary_t_mini__cpp
[0.228s] [ 12%] Built target sick_visionary_t_mini__rosidl_generator_c
[0.242s] [ 32%] Built target sick_visionary_t_mini__rosidl_typesupport_introspection_cpp
[0.242s] [ 32%] Built target sick_visionary_t_mini__rosidl_typesupport_cpp
[0.242s] [ 41%] Built target sick_visionary_t_mini__rosidl_typesupport_c
[0.243s] [ 51%] Built target sick_visionary_t_mini__rosidl_typesupport_introspection_c
[0.243s] [ 61%] Built target sick_visionary_t_mini__rosidl_typesupport_fastrtps_cpp
[0.270s] [ 70%] Built target sick_visionary_t_mini__rosidl_typesupport_fastrtps_c
[0.287s] [ 70%] Built target sick_visionary_t_mini
[0.309s] [ 74%] Built target sick_visionary_t_mini__py
[0.340s] [ 80%] Built target sick_visionary_t_mini__python
[0.360s] [ 87%] Built target sick_visionary_t_mini__rosidl_typesupport_fastrtps_c__pyext
[0.363s] [ 93%] Built target sick_visionary_t_mini__rosidl_typesupport_introspection_c__pyext
[0.366s] [100%] Built target sick_visionary_t_mini__rosidl_typesupport_c__pyext
[0.375s] Invoked command in '/home/avinaash/ForkLift_AMR/build/sick_visionary_t_mini' returned '0': CMAKE_PREFIX_PATH=${CMAKE_PREFIX_PATH}:/home/avinaash/ForkLift_AMR/install/doozy_forklift:/home/avinaash/doozy_robotics/doozy_ws_2/install/pallet_robot:/home/avinaash/doozy_robotics/doozy_ws_2/install/pallet_docker_02:/opt/ros/galactic /usr/bin/cmake --build /home/avinaash/ForkLift_AMR/build/sick_visionary_t_mini -- -j16 -l16
[0.419s] Invoking command in '/home/avinaash/ForkLift_AMR/build/sick_visionary_t_mini': CMAKE_PREFIX_PATH=${CMAKE_PREFIX_PATH}:/home/avinaash/ForkLift_AMR/install/doozy_forklift:/home/avinaash/doozy_robotics/doozy_ws_2/install/pallet_robot:/home/avinaash/doozy_robotics/doozy_ws_2/install/pallet_docker_02:/opt/ros/galactic /usr/bin/cmake --install /home/avinaash/ForkLift_AMR/build/sick_visionary_t_mini
[0.423s] -- Install configuration: ""
[0.423s] -- Up-to-date: /home/avinaash/ForkLift_AMR/install/sick_visionary_t_mini/share/ament_index/resource_index/rosidl_interfaces/sick_visionary_t_mini
[0.423s] -- Up-to-date: /home/avinaash/ForkLift_AMR/install/sick_visionary_t_mini/include/sick_visionary_t_mini
[0.423s] -- Up-to-date: /home/avinaash/ForkLift_AMR/install/sick_visionary_t_mini/include/sick_visionary_t_mini/msg
[0.423s] -- Up-to-date: /home/avinaash/ForkLift_AMR/install/sick_visionary_t_mini/include/sick_visionary_t_mini/msg/sick_t_mini.h
[0.423s] -- Up-to-date: /home/avinaash/ForkLift_AMR/install/sick_visionary_t_mini/include/sick_visionary_t_mini/msg/rosidl_generator_c__visibility_control.h
[0.423s] -- Up-to-date: /home/avinaash/ForkLift_AMR/install/sick_visionary_t_mini/include/sick_visionary_t_mini/msg/detail
[0.423s] -- Up-to-date: /home/avinaash/ForkLift_AMR/install/sick_visionary_t_mini/include/sick_visionary_t_mini/msg/detail/sick_t_mini__struct.h
[0.424s] -- Up-to-date: /home/avinaash/ForkLift_AMR/install/sick_visionary_t_mini/include/sick_visionary_t_mini/msg/detail/sick_t_mini__functions.h
[0.424s] -- Up-to-date: /home/avinaash/ForkLift_AMR/install/sick_visionary_t_mini/include/sick_visionary_t_mini/msg/detail/sick_t_mini__functions.c
[0.424s] -- Up-to-date: /home/avinaash/ForkLift_AMR/install/sick_visionary_t_mini/include/sick_visionary_t_mini/msg/detail/sick_t_mini__type_support.h
[0.424s] -- Up-to-date: /home/avinaash/ForkLift_AMR/install/sick_visionary_t_mini/share/sick_visionary_t_mini/environment/library_path.sh
[0.424s] -- Up-to-date: /home/avinaash/ForkLift_AMR/install/sick_visionary_t_mini/share/sick_visionary_t_mini/environment/library_path.dsv
[0.424s] -- Up-to-date: /home/avinaash/ForkLift_AMR/install/sick_visionary_t_mini/lib/libsick_visionary_t_mini__rosidl_generator_c.so
[0.424s] -- Up-to-date: /home/avinaash/ForkLift_AMR/install/sick_visionary_t_mini/include/sick_visionary_t_mini
[0.424s] -- Up-to-date: /home/avinaash/ForkLift_AMR/install/sick_visionary_t_mini/include/sick_visionary_t_mini/msg
[0.424s] -- Up-to-date: /home/avinaash/ForkLift_AMR/install/sick_visionary_t_mini/include/sick_visionary_t_mini/msg/rosidl_typesupport_fastrtps_c__visibility_control.h
[0.424s] -- Up-to-date: /home/avinaash/ForkLift_AMR/install/sick_visionary_t_mini/include/sick_visionary_t_mini/msg/detail
[0.424s] -- Up-to-date: /home/avinaash/ForkLift_AMR/install/sick_visionary_t_mini/include/sick_visionary_t_mini/msg/detail/sick_t_mini__rosidl_typesupport_fastrtps_c.h
[0.424s] -- Up-to-date: /home/avinaash/ForkLift_AMR/install/sick_visionary_t_mini/lib/libsick_visionary_t_mini__rosidl_typesupport_fastrtps_c.so
[0.425s] -- Up-to-date: /home/avinaash/ForkLift_AMR/install/sick_visionary_t_mini/include/sick_visionary_t_mini
[0.425s] -- Up-to-date: /home/avinaash/ForkLift_AMR/install/sick_visionary_t_mini/include/sick_visionary_t_mini/msg
[0.425s] -- Up-to-date: /home/avinaash/ForkLift_AMR/install/sick_visionary_t_mini/include/sick_visionary_t_mini/msg/detail
[0.425s] -- Up-to-date: /home/avinaash/ForkLift_AMR/install/sick_visionary_t_mini/include/sick_visionary_t_mini/msg/detail/sick_t_mini__rosidl_typesupport_fastrtps_cpp.hpp
[0.425s] -- Up-to-date: /home/avinaash/ForkLift_AMR/install/sick_visionary_t_mini/include/sick_visionary_t_mini/msg/detail/dds_fastrtps
[0.425s] -- Up-to-date: /home/avinaash/ForkLift_AMR/install/sick_visionary_t_mini/include/sick_visionary_t_mini/msg/rosidl_typesupport_fastrtps_cpp__visibility_control.h
[0.425s] -- Up-to-date: /home/avinaash/ForkLift_AMR/install/sick_visionary_t_mini/lib/libsick_visionary_t_mini__rosidl_typesupport_fastrtps_cpp.so
[0.425s] -- Up-to-date: /home/avinaash/ForkLift_AMR/install/sick_visionary_t_mini/include/sick_visionary_t_mini
[0.425s] -- Up-to-date: /home/avinaash/ForkLift_AMR/install/sick_visionary_t_mini/include/sick_visionary_t_mini/msg
[0.425s] -- Up-to-date: /home/avinaash/ForkLift_AMR/install/sick_visionary_t_mini/include/sick_visionary_t_mini/msg/rosidl_typesupport_introspection_c__visibility_control.h
[0.426s] -- Up-to-date: /home/avinaash/ForkLift_AMR/install/sick_visionary_t_mini/include/sick_visionary_t_mini/msg/detail
[0.426s] -- Up-to-date: /home/avinaash/ForkLift_AMR/install/sick_visionary_t_mini/include/sick_visionary_t_mini/msg/detail/sick_t_mini__type_support.c
[0.426s] -- Up-to-date: /home/avinaash/ForkLift_AMR/install/sick_visionary_t_mini/include/sick_visionary_t_mini/msg/detail/sick_t_mini__rosidl_typesupport_introspection_c.h
[0.426s] -- Up-to-date: /home/avinaash/ForkLift_AMR/install/sick_visionary_t_mini/lib/libsick_visionary_t_mini__rosidl_typesupport_introspection_c.so
[0.426s] -- Up-to-date: /home/avinaash/ForkLift_AMR/install/sick_visionary_t_mini/lib/libsick_visionary_t_mini__rosidl_typesupport_c.so
[0.426s] -- Up-to-date: /home/avinaash/ForkLift_AMR/install/sick_visionary_t_mini/include/sick_visionary_t_mini
[0.426s] -- Up-to-date: /home/avinaash/ForkLift_AMR/install/sick_visionary_t_mini/include/sick_visionary_t_mini/msg
[0.426s] -- Up-to-date: /home/avinaash/ForkLift_AMR/install/sick_visionary_t_mini/include/sick_visionary_t_mini/msg/detail
[0.426s] -- Up-to-date: /home/avinaash/ForkLift_AMR/install/sick_visionary_t_mini/include/sick_visionary_t_mini/msg/detail/sick_t_mini__struct.hpp
[0.426s] -- Up-to-date: /home/avinaash/ForkLift_AMR/install/sick_visionary_t_mini/include/sick_visionary_t_mini/msg/detail/sick_t_mini__traits.hpp
[0.426s] -- Up-to-date: /home/avinaash/ForkLift_AMR/install/sick_visionary_t_mini/include/sick_visionary_t_mini/msg/detail/sick_t_mini__builder.hpp
[0.426s] -- Up-to-date: /home/avinaash/ForkLift_AMR/install/sick_visionary_t_mini/include/sick_visionary_t_mini/msg/sick_t_mini.hpp
[0.426s] -- Up-to-date: /home/avinaash/ForkLift_AMR/install/sick_visionary_t_mini/include/sick_visionary_t_mini
[0.426s] -- Up-to-date: /home/avinaash/ForkLift_AMR/install/sick_visionary_t_mini/include/sick_visionary_t_mini/msg
[0.426s] -- Up-to-date: /home/avinaash/ForkLift_AMR/install/sick_visionary_t_mini/include/sick_visionary_t_mini/msg/detail
[0.426s] -- Up-to-date: /home/avinaash/ForkLift_AMR/install/sick_visionary_t_mini/include/sick_visionary_t_mini/msg/detail/sick_t_mini__rosidl_typesupport_introspection_cpp.hpp
[0.426s] -- Up-to-date: /home/avinaash/ForkLift_AMR/install/sick_visionary_t_mini/include/sick_visionary_t_mini/msg/detail/sick_t_mini__type_support.cpp
[0.427s] -- Up-to-date: /home/avinaash/ForkLift_AMR/install/sick_visionary_t_mini/lib/libsick_visionary_t_mini__rosidl_typesupport_introspection_cpp.so
[0.427s] -- Up-to-date: /home/avinaash/ForkLift_AMR/install/sick_visionary_t_mini/lib/libsick_visionary_t_mini__rosidl_typesupport_cpp.so
[0.427s] -- Up-to-date: /home/avinaash/ForkLift_AMR/install/sick_visionary_t_mini/share/sick_visionary_t_mini/environment/pythonpath.sh
[0.427s] -- Up-to-date: /home/avinaash/ForkLift_AMR/install/sick_visionary_t_mini/share/sick_visionary_t_mini/environment/pythonpath.dsv
[0.427s] -- Up-to-date: /home/avinaash/ForkLift_AMR/install/sick_visionary_t_mini/lib/python3.8/site-packages/sick_visionary_t_mini/__init__.py
[0.450s] -- Up-to-date: /home/avinaash/ForkLift_AMR/install/sick_visionary_t_mini/lib/python3.8/site-packages/sick_visionary_t_mini/msg
[0.450s] -- Up-to-date: /home/avinaash/ForkLift_AMR/install/sick_visionary_t_mini/lib/python3.8/site-packages/sick_visionary_t_mini/msg/_sick_t_mini.py
[0.451s] -- Up-to-date: /home/avinaash/ForkLift_AMR/install/sick_visionary_t_mini/lib/python3.8/site-packages/sick_visionary_t_mini/msg/__init__.py
[0.451s] -- Up-to-date: /home/avinaash/ForkLift_AMR/install/sick_visionary_t_mini/lib/python3.8/site-packages/sick_visionary_t_mini/msg/_sick_t_mini_s.c
[0.451s] -- Up-to-date: /home/avinaash/ForkLift_AMR/install/sick_visionary_t_mini/lib/python3.8/site-packages/sick_visionary_t_mini/sick_visionary_t_mini_s__rosidl_typesupport_fastrtps_c.cpython-38-x86_64-linux-gnu.so
[0.452s] -- Up-to-date: /home/avinaash/ForkLift_AMR/install/sick_visionary_t_mini/lib/python3.8/site-packages/sick_visionary_t_mini/sick_visionary_t_mini_s__rosidl_typesupport_introspection_c.cpython-38-x86_64-linux-gnu.so
[0.453s] -- Up-to-date: /home/avinaash/ForkLift_AMR/install/sick_visionary_t_mini/lib/python3.8/site-packages/sick_visionary_t_mini/sick_visionary_t_mini_s__rosidl_typesupport_c.cpython-38-x86_64-linux-gnu.so
[0.454s] -- Up-to-date: /home/avinaash/ForkLift_AMR/install/sick_visionary_t_mini/lib/libsick_visionary_t_mini__python.so
[0.454s] -- Up-to-date: /home/avinaash/ForkLift_AMR/install/sick_visionary_t_mini/share/sick_visionary_t_mini/msg/SickTMini.idl
[0.454s] -- Up-to-date: /home/avinaash/ForkLift_AMR/install/sick_visionary_t_mini/share/sick_visionary_t_mini/msg/SickTMini.msg
[0.455s] -- Up-to-date: /home/avinaash/ForkLift_AMR/install/sick_visionary_t_mini/share/ament_index/resource_index/package_run_dependencies/sick_visionary_t_mini
[0.456s] -- Up-to-date: /home/avinaash/ForkLift_AMR/install/sick_visionary_t_mini/share/ament_index/resource_index/parent_prefix_path/sick_visionary_t_mini
[0.456s] -- Up-to-date: /home/avinaash/ForkLift_AMR/install/sick_visionary_t_mini/share/sick_visionary_t_mini/environment/ament_prefix_path.sh
[0.456s] -- Up-to-date: /home/avinaash/ForkLift_AMR/install/sick_visionary_t_mini/share/sick_visionary_t_mini/environment/ament_prefix_path.dsv
[0.456s] -- Up-to-date: /home/avinaash/ForkLift_AMR/install/sick_visionary_t_mini/share/sick_visionary_t_mini/environment/path.sh
[0.456s] -- Up-to-date: /home/avinaash/ForkLift_AMR/install/sick_visionary_t_mini/share/sick_visionary_t_mini/environment/path.dsv
[0.457s] -- Up-to-date: /home/avinaash/ForkLift_AMR/install/sick_visionary_t_mini/share/sick_visionary_t_mini/local_setup.bash
[0.457s] -- Up-to-date: /home/avinaash/ForkLift_AMR/install/sick_visionary_t_mini/share/sick_visionary_t_mini/local_setup.sh
[0.457s] -- Up-to-date: /home/avinaash/ForkLift_AMR/install/sick_visionary_t_mini/share/sick_visionary_t_mini/local_setup.zsh
[0.457s] -- Up-to-date: /home/avinaash/ForkLift_AMR/install/sick_visionary_t_mini/share/sick_visionary_t_mini/local_setup.dsv
[0.457s] -- Installing: /home/avinaash/ForkLift_AMR/install/sick_visionary_t_mini/share/sick_visionary_t_mini/package.dsv
[0.457s] -- Up-to-date: /home/avinaash/ForkLift_AMR/install/sick_visionary_t_mini/share/ament_index/resource_index/packages/sick_visionary_t_mini
[0.457s] -- Up-to-date: /home/avinaash/ForkLift_AMR/install/sick_visionary_t_mini/share/sick_visionary_t_mini/cmake/sick_visionary_t_mini__rosidl_generator_cExport.cmake
[0.457s] -- Up-to-date: /home/avinaash/ForkLift_AMR/install/sick_visionary_t_mini/share/sick_visionary_t_mini/cmake/sick_visionary_t_mini__rosidl_generator_cExport-noconfig.cmake
[0.457s] -- Up-to-date: /home/avinaash/ForkLift_AMR/install/sick_visionary_t_mini/share/sick_visionary_t_mini/cmake/sick_visionary_t_mini__rosidl_typesupport_introspection_cExport.cmake
[0.458s] -- Up-to-date: /home/avinaash/ForkLift_AMR/install/sick_visionary_t_mini/share/sick_visionary_t_mini/cmake/sick_visionary_t_mini__rosidl_typesupport_introspection_cExport-noconfig.cmake
[0.458s] -- Up-to-date: /home/avinaash/ForkLift_AMR/install/sick_visionary_t_mini/share/sick_visionary_t_mini/cmake/sick_visionary_t_mini__rosidl_typesupport_cExport.cmake
[0.458s] -- Up-to-date: /home/avinaash/ForkLift_AMR/install/sick_visionary_t_mini/share/sick_visionary_t_mini/cmake/sick_visionary_t_mini__rosidl_typesupport_cExport-noconfig.cmake
[0.458s] -- Up-to-date: /home/avinaash/ForkLift_AMR/install/sick_visionary_t_mini/share/sick_visionary_t_mini/cmake/sick_visionary_t_mini__rosidl_generator_cppExport.cmake
[0.458s] -- Up-to-date: /home/avinaash/ForkLift_AMR/install/sick_visionary_t_mini/share/sick_visionary_t_mini/cmake/sick_visionary_t_mini__rosidl_typesupport_introspection_cppExport.cmake
[0.458s] -- Up-to-date: /home/avinaash/ForkLift_AMR/install/sick_visionary_t_mini/share/sick_visionary_t_mini/cmake/sick_visionary_t_mini__rosidl_typesupport_introspection_cppExport-noconfig.cmake
[0.458s] -- Up-to-date: /home/avinaash/ForkLift_AMR/install/sick_visionary_t_mini/share/sick_visionary_t_mini/cmake/sick_visionary_t_mini__rosidl_typesupport_cppExport.cmake
[0.458s] -- Up-to-date: /home/avinaash/ForkLift_AMR/install/sick_visionary_t_mini/share/sick_visionary_t_mini/cmake/sick_visionary_t_mini__rosidl_typesupport_cppExport-noconfig.cmake
[0.458s] -- Up-to-date: /home/avinaash/ForkLift_AMR/install/sick_visionary_t_mini/share/sick_visionary_t_mini/cmake/rosidl_cmake-extras.cmake
[0.458s] -- Up-to-date: /home/avinaash/ForkLift_AMR/install/sick_visionary_t_mini/share/sick_visionary_t_mini/cmake/ament_cmake_export_dependencies-extras.cmake
[0.458s] -- Up-to-date: /home/avinaash/ForkLift_AMR/install/sick_visionary_t_mini/share/sick_visionary_t_mini/cmake/ament_cmake_export_libraries-extras.cmake
[0.458s] -- Up-to-date: /home/avinaash/ForkLift_AMR/install/sick_visionary_t_mini/share/sick_visionary_t_mini/cmake/ament_cmake_export_targets-extras.cmake
[0.458s] -- Up-to-date: /home/avinaash/ForkLift_AMR/install/sick_visionary_t_mini/share/sick_visionary_t_mini/cmake/ament_cmake_export_include_directories-extras.cmake
[0.458s] -- Up-to-date: /home/avinaash/ForkLift_AMR/install/sick_visionary_t_mini/share/sick_visionary_t_mini/cmake/rosidl_cmake_export_typesupport_libraries-extras.cmake
[0.458s] -- Up-to-date: /home/avinaash/ForkLift_AMR/install/sick_visionary_t_mini/share/sick_visionary_t_mini/cmake/rosidl_cmake_export_typesupport_targets-extras.cmake
[0.458s] -- Up-to-date: /home/avinaash/ForkLift_AMR/install/sick_visionary_t_mini/share/sick_visionary_t_mini/cmake/sick_visionary_t_miniConfig.cmake
[0.458s] -- Up-to-date: /home/avinaash/ForkLift_AMR/install/sick_visionary_t_mini/share/sick_visionary_t_mini/cmake/sick_visionary_t_miniConfig-version.cmake
[0.458s] -- Up-to-date: /home/avinaash/ForkLift_AMR/install/sick_visionary_t_mini/share/sick_visionary_t_mini/package.xml
[0.460s] Invoked command in '/home/avinaash/ForkLift_AMR/build/sick_visionary_t_mini' returned '0': CMAKE_PREFIX_PATH=${CMAKE_PREFIX_PATH}:/home/avinaash/ForkLift_AMR/install/doozy_forklift:/home/avinaash/doozy_robotics/doozy_ws_2/install/pallet_robot:/home/avinaash/doozy_robotics/doozy_ws_2/install/pallet_docker_02:/opt/ros/galactic /usr/bin/cmake --install /home/avinaash/ForkLift_AMR/build/sick_visionary_t_mini
