[0.012s] Invoking command in '/home/avinaash/ForkLift_AMR/build/turtlebot3': AMENT_PREFIX_PATH=/home/avinaash/ForkLift_AMR/install/turtlebot3_bringup:/home/avinaash/ForkLift_AMR/install/turtlebot3_teleop:/home/avinaash/ForkLift_AMR/install/turtlebot3_node:/home/avinaash/ForkLift_AMR/install/turtlebot3_navigation2:/home/avinaash/ForkLift_AMR/install/turtlebot3_example:/home/avinaash/ForkLift_AMR/install/turtlebot3_description:/home/avinaash/ForkLift_AMR/install/turtlebot3_cartographer:${AMENT_PREFIX_PATH} CMAKE_PREFIX_PATH=/home/avinaash/ForkLift_AMR/install/turtlebot3_bringup:/home/avinaash/ForkLift_AMR/install/turtlebot3_node:/home/avinaash/ForkLift_AMR/install/turtlebot3_navigation2:/opt/ros/galactic:/home/avinaash/ForkLift_AMR/install/turtlebot3_description:/home/avinaash/ForkLift_AMR/install/turtlebot3_cartographer PYTHONPATH=/home/avinaash/ForkLift_AMR/install/turtlebot3_teleop/lib/python3.8/site-packages:/home/avinaash/ForkLift_AMR/install/turtlebot3_example/lib/python3.8/site-packages:${PYTHONPATH} /usr/bin/cmake /home/avinaash/ForkLift_AMR/src/turtlebot3/turtlebot3 -DCMAKE_INSTALL_PREFIX=/home/avinaash/ForkLift_AMR/install/turtlebot3
[0.059s] -- The C compiler identification is GNU 9.4.0
[0.113s] -- The CXX compiler identification is GNU 9.4.0
[0.120s] -- Check for working C compiler: /usr/bin/cc
[0.194s] -- Check for working C compiler: /usr/bin/cc -- works
[0.196s] -- Detecting C compiler ABI info
[0.274s] -- Detecting C compiler ABI info - done
[0.283s] -- Detecting C compile features
[0.283s] -- Detecting C compile features - done
[0.285s] -- Check for working CXX compiler: /usr/bin/c++
[0.356s] -- Check for working CXX compiler: /usr/bin/c++ -- works
[0.358s] -- Detecting CXX compiler ABI info
[0.436s] -- Detecting CXX compiler ABI info - done
[0.450s] -- Detecting CXX compile features
[0.450s] -- Detecting CXX compile features - done
[0.451s] -- Found ament_cmake: 1.1.6 (/opt/ros/galactic/share/ament_cmake/cmake)
[0.472s] -- Found PythonInterp: /usr/bin/python3 (found suitable version "3.8.10", minimum required is "3") 
[0.472s] -- Using PYTHON_EXECUTABLE: /usr/bin/python3
[0.571s] -- Configuring done
[0.574s] -- Generating done
[0.575s] -- Build files have been written to: /home/avinaash/ForkLift_AMR/build/turtlebot3
[0.578s] Invoked command in '/home/avinaash/ForkLift_AMR/build/turtlebot3' returned '0': AMENT_PREFIX_PATH=/home/avinaash/ForkLift_AMR/install/turtlebot3_bringup:/home/avinaash/ForkLift_AMR/install/turtlebot3_teleop:/home/avinaash/ForkLift_AMR/install/turtlebot3_node:/home/avinaash/ForkLift_AMR/install/turtlebot3_navigation2:/home/avinaash/ForkLift_AMR/install/turtlebot3_example:/home/avinaash/ForkLift_AMR/install/turtlebot3_description:/home/avinaash/ForkLift_AMR/install/turtlebot3_cartographer:${AMENT_PREFIX_PATH} CMAKE_PREFIX_PATH=/home/avinaash/ForkLift_AMR/install/turtlebot3_bringup:/home/avinaash/ForkLift_AMR/install/turtlebot3_node:/home/avinaash/ForkLift_AMR/install/turtlebot3_navigation2:/opt/ros/galactic:/home/avinaash/ForkLift_AMR/install/turtlebot3_description:/home/avinaash/ForkLift_AMR/install/turtlebot3_cartographer PYTHONPATH=/home/avinaash/ForkLift_AMR/install/turtlebot3_teleop/lib/python3.8/site-packages:/home/avinaash/ForkLift_AMR/install/turtlebot3_example/lib/python3.8/site-packages:${PYTHONPATH} /usr/bin/cmake /home/avinaash/ForkLift_AMR/src/turtlebot3/turtlebot3 -DCMAKE_INSTALL_PREFIX=/home/avinaash/ForkLift_AMR/install/turtlebot3
[0.581s] Invoking command in '/home/avinaash/ForkLift_AMR/build/turtlebot3': AMENT_PREFIX_PATH=/home/avinaash/ForkLift_AMR/install/turtlebot3_bringup:/home/avinaash/ForkLift_AMR/install/turtlebot3_teleop:/home/avinaash/ForkLift_AMR/install/turtlebot3_node:/home/avinaash/ForkLift_AMR/install/turtlebot3_navigation2:/home/avinaash/ForkLift_AMR/install/turtlebot3_example:/home/avinaash/ForkLift_AMR/install/turtlebot3_description:/home/avinaash/ForkLift_AMR/install/turtlebot3_cartographer:${AMENT_PREFIX_PATH} CMAKE_PREFIX_PATH=/home/avinaash/ForkLift_AMR/install/turtlebot3_bringup:/home/avinaash/ForkLift_AMR/install/turtlebot3_node:/home/avinaash/ForkLift_AMR/install/turtlebot3_navigation2:/opt/ros/galactic:/home/avinaash/ForkLift_AMR/install/turtlebot3_description:/home/avinaash/ForkLift_AMR/install/turtlebot3_cartographer PYTHONPATH=/home/avinaash/ForkLift_AMR/install/turtlebot3_teleop/lib/python3.8/site-packages:/home/avinaash/ForkLift_AMR/install/turtlebot3_example/lib/python3.8/site-packages:${PYTHONPATH} /usr/bin/cmake --build /home/avinaash/ForkLift_AMR/build/turtlebot3 -- -j16 -l16
[0.628s] Invoked command in '/home/avinaash/ForkLift_AMR/build/turtlebot3' returned '0': AMENT_PREFIX_PATH=/home/avinaash/ForkLift_AMR/install/turtlebot3_bringup:/home/avinaash/ForkLift_AMR/install/turtlebot3_teleop:/home/avinaash/ForkLift_AMR/install/turtlebot3_node:/home/avinaash/ForkLift_AMR/install/turtlebot3_navigation2:/home/avinaash/ForkLift_AMR/install/turtlebot3_example:/home/avinaash/ForkLift_AMR/install/turtlebot3_description:/home/avinaash/ForkLift_AMR/install/turtlebot3_cartographer:${AMENT_PREFIX_PATH} CMAKE_PREFIX_PATH=/home/avinaash/ForkLift_AMR/install/turtlebot3_bringup:/home/avinaash/ForkLift_AMR/install/turtlebot3_node:/home/avinaash/ForkLift_AMR/install/turtlebot3_navigation2:/opt/ros/galactic:/home/avinaash/ForkLift_AMR/install/turtlebot3_description:/home/avinaash/ForkLift_AMR/install/turtlebot3_cartographer PYTHONPATH=/home/avinaash/ForkLift_AMR/install/turtlebot3_teleop/lib/python3.8/site-packages:/home/avinaash/ForkLift_AMR/install/turtlebot3_example/lib/python3.8/site-packages:${PYTHONPATH} /usr/bin/cmake --build /home/avinaash/ForkLift_AMR/build/turtlebot3 -- -j16 -l16
[0.653s] Invoking command in '/home/avinaash/ForkLift_AMR/build/turtlebot3': AMENT_PREFIX_PATH=/home/avinaash/ForkLift_AMR/install/turtlebot3_bringup:/home/avinaash/ForkLift_AMR/install/turtlebot3_teleop:/home/avinaash/ForkLift_AMR/install/turtlebot3_node:/home/avinaash/ForkLift_AMR/install/turtlebot3_navigation2:/home/avinaash/ForkLift_AMR/install/turtlebot3_example:/home/avinaash/ForkLift_AMR/install/turtlebot3_description:/home/avinaash/ForkLift_AMR/install/turtlebot3_cartographer:${AMENT_PREFIX_PATH} CMAKE_PREFIX_PATH=/home/avinaash/ForkLift_AMR/install/turtlebot3_bringup:/home/avinaash/ForkLift_AMR/install/turtlebot3_node:/home/avinaash/ForkLift_AMR/install/turtlebot3_navigation2:/opt/ros/galactic:/home/avinaash/ForkLift_AMR/install/turtlebot3_description:/home/avinaash/ForkLift_AMR/install/turtlebot3_cartographer PYTHONPATH=/home/avinaash/ForkLift_AMR/install/turtlebot3_teleop/lib/python3.8/site-packages:/home/avinaash/ForkLift_AMR/install/turtlebot3_example/lib/python3.8/site-packages:${PYTHONPATH} /usr/bin/cmake --install /home/avinaash/ForkLift_AMR/build/turtlebot3
[0.664s] -- Install configuration: ""
[0.664s] -- Installing: /home/avinaash/ForkLift_AMR/install/turtlebot3/share/ament_index/resource_index/package_run_dependencies/turtlebot3
[0.664s] -- Installing: /home/avinaash/ForkLift_AMR/install/turtlebot3/share/ament_index/resource_index/parent_prefix_path/turtlebot3
[0.664s] -- Installing: /home/avinaash/ForkLift_AMR/install/turtlebot3/share/turtlebot3/environment/ament_prefix_path.sh
[0.665s] -- Installing: /home/avinaash/ForkLift_AMR/install/turtlebot3/share/turtlebot3/environment/ament_prefix_path.dsv
[0.665s] -- Installing: /home/avinaash/ForkLift_AMR/install/turtlebot3/share/turtlebot3/environment/path.sh
[0.665s] -- Installing: /home/avinaash/ForkLift_AMR/install/turtlebot3/share/turtlebot3/environment/path.dsv
[0.665s] -- Installing: /home/avinaash/ForkLift_AMR/install/turtlebot3/share/turtlebot3/local_setup.bash
[0.665s] -- Installing: /home/avinaash/ForkLift_AMR/install/turtlebot3/share/turtlebot3/local_setup.sh
[0.665s] -- Installing: /home/avinaash/ForkLift_AMR/install/turtlebot3/share/turtlebot3/local_setup.zsh
[0.665s] -- Installing: /home/avinaash/ForkLift_AMR/install/turtlebot3/share/turtlebot3/local_setup.dsv
[0.665s] -- Installing: /home/avinaash/ForkLift_AMR/install/turtlebot3/share/turtlebot3/package.dsv
[0.665s] -- Installing: /home/avinaash/ForkLift_AMR/install/turtlebot3/share/ament_index/resource_index/packages/turtlebot3
[0.665s] -- Installing: /home/avinaash/ForkLift_AMR/install/turtlebot3/share/turtlebot3/cmake/turtlebot3Config.cmake
[0.665s] -- Installing: /home/avinaash/ForkLift_AMR/install/turtlebot3/share/turtlebot3/cmake/turtlebot3Config-version.cmake
[0.666s] -- Installing: /home/avinaash/ForkLift_AMR/install/turtlebot3/share/turtlebot3/package.xml
[0.667s] Invoked command in '/home/avinaash/ForkLift_AMR/build/turtlebot3' returned '0': AMENT_PREFIX_PATH=/home/avinaash/ForkLift_AMR/install/turtlebot3_bringup:/home/avinaash/ForkLift_AMR/install/turtlebot3_teleop:/home/avinaash/ForkLift_AMR/install/turtlebot3_node:/home/avinaash/ForkLift_AMR/install/turtlebot3_navigation2:/home/avinaash/ForkLift_AMR/install/turtlebot3_example:/home/avinaash/ForkLift_AMR/install/turtlebot3_description:/home/avinaash/ForkLift_AMR/install/turtlebot3_cartographer:${AMENT_PREFIX_PATH} CMAKE_PREFIX_PATH=/home/avinaash/ForkLift_AMR/install/turtlebot3_bringup:/home/avinaash/ForkLift_AMR/install/turtlebot3_node:/home/avinaash/ForkLift_AMR/install/turtlebot3_navigation2:/opt/ros/galactic:/home/avinaash/ForkLift_AMR/install/turtlebot3_description:/home/avinaash/ForkLift_AMR/install/turtlebot3_cartographer PYTHONPATH=/home/avinaash/ForkLift_AMR/install/turtlebot3_teleop/lib/python3.8/site-packages:/home/avinaash/ForkLift_AMR/install/turtlebot3_example/lib/python3.8/site-packages:${PYTHONPATH} /usr/bin/cmake --install /home/avinaash/ForkLift_AMR/build/turtlebot3
