Performing C SOURCE FILE Test CMAKE_HAVE_LIBC_PTHREAD failed with the following output:
Change Dir: /home/avinaash/noetic_ws/build/rosserial_msgs/CMakeFiles/CMakeTmp

Run Build Command(s):/usr/bin/make cmTC_12207/fast && /usr/bin/make -f CMakeFiles/cmTC_12207.dir/build.make CMakeFiles/cmTC_12207.dir/build
make[1]: Entering directory '/home/avinaash/noetic_ws/build/rosserial_msgs/CMakeFiles/CMakeTmp'
Building C object CMakeFiles/cmTC_12207.dir/src.c.o
/usr/bin/cc   -DCMAKE_HAVE_LIBC_PTHREAD   -o CMakeFiles/cmTC_12207.dir/src.c.o   -c /home/avinaash/noetic_ws/build/rosserial_msgs/CMakeFiles/CMakeTmp/src.c
Linking C executable cmTC_12207
/usr/bin/cmake -E cmake_link_script CMakeFiles/cmTC_12207.dir/link.txt --verbose=1
/usr/bin/cc  -DCMAKE_HAVE_LIBC_PTHREAD    CMakeFiles/cmTC_12207.dir/src.c.o  -o cmTC_12207 
/usr/bin/ld: CMakeFiles/cmTC_12207.dir/src.c.o: in function `main':
src.c:(.text+0x46): undefined reference to `pthread_create'
/usr/bin/ld: src.c:(.text+0x52): undefined reference to `pthread_detach'
/usr/bin/ld: src.c:(.text+0x63): undefined reference to `pthread_join'
collect2: error: ld returned 1 exit status
make[1]: *** [CMakeFiles/cmTC_12207.dir/build.make:87: cmTC_12207] Error 1
make[1]: Leaving directory '/home/avinaash/noetic_ws/build/rosserial_msgs/CMakeFiles/CMakeTmp'
make: *** [Makefile:121: cmTC_12207/fast] Error 2


Source file was:
#include <pthread.h>

void* test_func(void* data)
{
  return data;
}

int main(void)
{
  pthread_t thread;
  pthread_create(&thread, NULL, test_func, NULL);
  pthread_detach(thread);
  pthread_join(thread, NULL);
  pthread_atfork(NULL, NULL, NULL);
  pthread_exit(NULL);

  return 0;
}

Determining if the function pthread_create exists in the pthreads failed with the following output:
Change Dir: /home/avinaash/noetic_ws/build/rosserial_msgs/CMakeFiles/CMakeTmp

Run Build Command(s):/usr/bin/make cmTC_ec74c/fast && /usr/bin/make -f CMakeFiles/cmTC_ec74c.dir/build.make CMakeFiles/cmTC_ec74c.dir/build
make[1]: Entering directory '/home/avinaash/noetic_ws/build/rosserial_msgs/CMakeFiles/CMakeTmp'
Building C object CMakeFiles/cmTC_ec74c.dir/CheckFunctionExists.c.o
/usr/bin/cc   -DCHECK_FUNCTION_EXISTS=pthread_create   -o CMakeFiles/cmTC_ec74c.dir/CheckFunctionExists.c.o   -c /usr/share/cmake-3.16/Modules/CheckFunctionExists.c
Linking C executable cmTC_ec74c
/usr/bin/cmake -E cmake_link_script CMakeFiles/cmTC_ec74c.dir/link.txt --verbose=1
/usr/bin/cc  -DCHECK_FUNCTION_EXISTS=pthread_create    CMakeFiles/cmTC_ec74c.dir/CheckFunctionExists.c.o  -o cmTC_ec74c  -lpthreads 
/usr/bin/ld: cannot find -lpthreads
collect2: error: ld returned 1 exit status
make[1]: *** [CMakeFiles/cmTC_ec74c.dir/build.make:87: cmTC_ec74c] Error 1
make[1]: Leaving directory '/home/avinaash/noetic_ws/build/rosserial_msgs/CMakeFiles/CMakeTmp'
make: *** [Makefile:121: cmTC_ec74c/fast] Error 2



