[0.177s] Invoking command in '/home/avinaash/ForkLift_AMR/build/sick_visionary_t_mini': CMAKE_PREFIX_PATH=${CMAKE_PREFIX_PATH}:/home/avinaash/ForkLift_AMR/install/doozy_forklift:/home/avinaash/doozy_robotics/doozy_ws_2/install/pallet_docker_02:/home/avinaash/doozy_robotics/doozy_ws_2/install/2_t_dolly_logistics_driver:/opt/ros/galactic /usr/bin/cmake /home/avinaash/ForkLift_AMR/src/sick_visionary_t_mini -DCMAKE_INSTALL_PREFIX=/home/avinaash/ForkLift_AMR/install/sick_visionary_t_mini
[0.310s] -- The C compiler identification is GNU 9.4.0
[0.419s] -- The CXX compiler identification is GNU 9.4.0
[0.424s] -- Check for working C compiler: /usr/bin/cc
[0.477s] -- Check for working C compiler: /usr/bin/cc -- works
[0.478s] -- Detecting C compiler ABI info
[0.531s] -- Detecting C compiler ABI info - done
[0.538s] -- Detecting C compile features
[0.539s] -- Detecting C compile features - done
[0.541s] -- Check for working CXX compiler: /usr/bin/c++
[0.600s] -- Check for working CXX compiler: /usr/bin/c++ -- works
[0.601s] -- Detecting CXX compiler ABI info
[0.664s] -- Detecting CXX compiler ABI info - done
[0.675s] -- Detecting CXX compile features
[0.675s] -- Detecting CXX compile features - done
[0.677s] -- Found ament_cmake: 1.1.6 (/opt/ros/galactic/share/ament_cmake/cmake)
[0.698s] -- Found PythonInterp: /usr/bin/python3 (found suitable version "3.8.10", minimum required is "3") 
[0.698s] -- Using PYTHON_EXECUTABLE: /usr/bin/python3
[0.760s] -- Found std_msgs: 2.2.4 (/opt/ros/galactic/share/std_msgs/cmake)
[0.787s] -- Using all available rosidl_typesupport_c: rosidl_typesupport_fastrtps_c;rosidl_typesupport_introspection_c
[0.797s] -- Found rosidl_adapter: 2.2.3 (/opt/ros/galactic/share/rosidl_adapter/cmake)
[0.877s] -- Found OpenSSL: /usr/lib/x86_64-linux-gnu/libcrypto.so (found version "1.1.1f")  
[0.902s] -- Found FastRTPS: /opt/ros/galactic/include  
[0.975s] -- Using all available rosidl_typesupport_cpp: rosidl_typesupport_fastrtps_cpp;rosidl_typesupport_introspection_cpp
[1.016s] -- Found geometry_msgs: 2.2.4 (/opt/ros/galactic/share/geometry_msgs/cmake)
[1.041s] -- Found rclpy: 1.9.3 (/opt/ros/galactic/share/rclpy/cmake)
[1.042s] -- Found rosidl_default_generators: 1.1.1 (/opt/ros/galactic/share/rosidl_default_generators/cmake)
[1.051s] -- Found ament_lint_auto: 0.10.7 (/opt/ros/galactic/share/ament_lint_auto/cmake)
[1.131s] -- Found PythonInterp: /usr/bin/python3 (found version "3.8.10") 
[1.219s] -- Found ament_cmake_ros: 0.9.2 (/opt/ros/galactic/share/ament_cmake_ros/cmake)
[1.381s] -- Using all available rosidl_typesupport_c: rosidl_typesupport_fastrtps_c;rosidl_typesupport_introspection_c
[1.448s] -- Using all available rosidl_typesupport_cpp: rosidl_typesupport_fastrtps_cpp;rosidl_typesupport_introspection_cpp
[1.469s] -- Found PythonInterp: /usr/bin/python3 (found suitable version "3.8.10", minimum required is "3.5") 
[1.473s] -- Found python_cmake_module: 0.8.1 (/opt/ros/galactic/share/python_cmake_module/cmake)
[1.508s] -- Found PythonLibs: /usr/lib/x86_64-linux-gnu/libpython3.8.so (found suitable version "3.8.10", minimum required is "3.5") 
[1.508s] -- Using PYTHON_EXECUTABLE: /usr/bin/python3
[1.509s] -- Using PYTHON_INCLUDE_DIRS: /usr/include/python3.8
[1.509s] -- Using PYTHON_LIBRARIES: /usr/lib/x86_64-linux-gnu/libpython3.8.so
[1.523s] -- Found PythonExtra: .so  
[1.585s] -- Added test 'copyright' to check source files copyright and LICENSE
[1.586s] -- Added test 'lint_cmake' to check CMake code style
[1.586s] -- Added test 'xmllint' to check XML markup files
[1.593s] -- Configuring done
[1.624s] -- Generating done
[1.626s] -- Build files have been written to: /home/avinaash/ForkLift_AMR/build/sick_visionary_t_mini
[1.633s] Invoked command in '/home/avinaash/ForkLift_AMR/build/sick_visionary_t_mini' returned '0': CMAKE_PREFIX_PATH=${CMAKE_PREFIX_PATH}:/home/avinaash/ForkLift_AMR/install/doozy_forklift:/home/avinaash/doozy_robotics/doozy_ws_2/install/pallet_docker_02:/home/avinaash/doozy_robotics/doozy_ws_2/install/2_t_dolly_logistics_driver:/opt/ros/galactic /usr/bin/cmake /home/avinaash/ForkLift_AMR/src/sick_visionary_t_mini -DCMAKE_INSTALL_PREFIX=/home/avinaash/ForkLift_AMR/install/sick_visionary_t_mini
[1.636s] Invoking command in '/home/avinaash/ForkLift_AMR/build/sick_visionary_t_mini': CMAKE_PREFIX_PATH=${CMAKE_PREFIX_PATH}:/home/avinaash/ForkLift_AMR/install/doozy_forklift:/home/avinaash/doozy_robotics/doozy_ws_2/install/pallet_docker_02:/home/avinaash/doozy_robotics/doozy_ws_2/install/2_t_dolly_logistics_driver:/opt/ros/galactic /usr/bin/cmake --build /home/avinaash/ForkLift_AMR/build/sick_visionary_t_mini -- -j16 -l16
[1.678s] [35m[1mScanning dependencies of target sick_visionary_t_mini__cpp[0m
[1.681s] [  3%] [34m[1mGenerating C code for ROS interfaces[0m
[1.689s] [  6%] [34m[1mGenerating C++ code for ROS interfaces[0m
[1.845s] [  6%] Built target sick_visionary_t_mini__cpp
[1.847s] [35m[1mScanning dependencies of target sick_visionary_t_mini__rosidl_generator_c[0m
[1.853s] [ 12%] [34m[1mGenerating C++ introspection for ROS interfaces[0m
[1.853s] [ 12%] [34m[1mGenerating C++ type support dispatch for ROS interfaces[0m
[1.857s] [ 16%] [34m[1mGenerating C++ type support for eProsima Fast-RTPS[0m
[1.857s] [ 19%] [32mBuilding C object CMakeFiles/sick_visionary_t_mini__rosidl_generator_c.dir/rosidl_generator_c/sick_visionary_t_mini/msg/detail/sick_t_mini__functions.c.o[0m
[1.905s] [ 22%] [32m[1mLinking C shared library libsick_visionary_t_mini__rosidl_generator_c.so[0m
[1.944s] [ 22%] Built target sick_visionary_t_mini__rosidl_generator_c
[1.955s] [ 25%] [34m[1mGenerating C type support dispatch for ROS interfaces[0m
[1.956s] [ 29%] [34m[1mGenerating C introspection for ROS interfaces[0m
[1.995s] [35m[1mScanning dependencies of target sick_visionary_t_mini__rosidl_typesupport_cpp[0m
[2.006s] [35m[1mScanning dependencies of target sick_visionary_t_mini__rosidl_typesupport_introspection_cpp[0m
[2.009s] [ 32%] [32mBuilding CXX object CMakeFiles/sick_visionary_t_mini__rosidl_typesupport_cpp.dir/rosidl_typesupport_cpp/sick_visionary_t_mini/msg/sick_t_mini__type_support.cpp.o[0m
[2.017s] [ 35%] [32mBuilding CXX object CMakeFiles/sick_visionary_t_mini__rosidl_typesupport_introspection_cpp.dir/rosidl_typesupport_introspection_cpp/sick_visionary_t_mini/msg/detail/sick_t_mini__type_support.cpp.o[0m
[2.018s] [35m[1mScanning dependencies of target sick_visionary_t_mini__rosidl_typesupport_fastrtps_cpp[0m
[2.038s] [ 38%] [32mBuilding CXX object CMakeFiles/sick_visionary_t_mini__rosidl_typesupport_fastrtps_cpp.dir/rosidl_typesupport_fastrtps_cpp/sick_visionary_t_mini/msg/detail/dds_fastrtps/sick_t_mini__type_support.cpp.o[0m
[2.100s] [35m[1mScanning dependencies of target sick_visionary_t_mini__rosidl_typesupport_c[0m
[2.114s] [ 41%] [32mBuilding CXX object CMakeFiles/sick_visionary_t_mini__rosidl_typesupport_c.dir/rosidl_typesupport_c/sick_visionary_t_mini/msg/sick_t_mini__type_support.cpp.o[0m
[2.128s] [35m[1mScanning dependencies of target sick_visionary_t_mini__rosidl_typesupport_introspection_c[0m
[2.137s] [ 45%] [32m[1mLinking CXX shared library libsick_visionary_t_mini__rosidl_typesupport_c.so[0m
[2.146s] [ 48%] [32mBuilding C object CMakeFiles/sick_visionary_t_mini__rosidl_typesupport_introspection_c.dir/rosidl_typesupport_introspection_c/sick_visionary_t_mini/msg/detail/sick_t_mini__type_support.c.o[0m
[2.174s] [ 48%] Built target sick_visionary_t_mini__rosidl_typesupport_c
[2.175s] [ 51%] [32m[1mLinking C shared library libsick_visionary_t_mini__rosidl_typesupport_introspection_c.so[0m
[2.209s] [ 51%] Built target sick_visionary_t_mini__rosidl_typesupport_introspection_c
[2.225s] [ 54%] [32m[1mLinking CXX shared library libsick_visionary_t_mini__rosidl_typesupport_cpp.so[0m
[2.234s] [ 58%] [32m[1mLinking CXX shared library libsick_visionary_t_mini__rosidl_typesupport_introspection_cpp.so[0m
[2.264s] [ 58%] Built target sick_visionary_t_mini__rosidl_typesupport_cpp
[2.287s] [ 58%] Built target sick_visionary_t_mini__rosidl_typesupport_introspection_cpp
[2.353s] [ 61%] [32m[1mLinking CXX shared library libsick_visionary_t_mini__rosidl_typesupport_fastrtps_cpp.so[0m
[2.421s] [ 61%] Built target sick_visionary_t_mini__rosidl_typesupport_fastrtps_cpp
[2.435s] [ 64%] [34m[1mGenerating C type support for eProsima Fast-RTPS[0m
[2.598s] [35m[1mScanning dependencies of target sick_visionary_t_mini__rosidl_typesupport_fastrtps_c[0m
[2.613s] [ 67%] [32mBuilding CXX object CMakeFiles/sick_visionary_t_mini__rosidl_typesupport_fastrtps_c.dir/rosidl_typesupport_fastrtps_c/sick_visionary_t_mini/msg/detail/sick_t_mini__type_support_c.cpp.o[0m
[2.851s] [ 70%] [32m[1mLinking CXX shared library libsick_visionary_t_mini__rosidl_typesupport_fastrtps_c.so[0m
[2.915s] [ 70%] Built target sick_visionary_t_mini__rosidl_typesupport_fastrtps_c
[2.927s] [35m[1mScanning dependencies of target sick_visionary_t_mini[0m
[2.937s] [ 70%] Built target sick_visionary_t_mini
[2.948s] [35m[1mScanning dependencies of target sick_visionary_t_mini__py[0m
[2.960s] [ 74%] [34m[1mGenerating Python code for ROS interfaces[0m
[3.227s] [ 74%] Built target sick_visionary_t_mini__py
[3.236s] [35m[1mScanning dependencies of target sick_visionary_t_mini__python[0m
[3.264s] [ 77%] [32mBuilding C object CMakeFiles/sick_visionary_t_mini__python.dir/rosidl_generator_py/sick_visionary_t_mini/msg/_sick_t_mini_s.c.o[0m
[3.341s] [ 80%] [32m[1mLinking C shared library rosidl_generator_py/sick_visionary_t_mini/libsick_visionary_t_mini__python.so[0m
[3.388s] [ 80%] Built target sick_visionary_t_mini__python
[3.397s] [35m[1mScanning dependencies of target sick_visionary_t_mini__rosidl_typesupport_introspection_c__pyext[0m
[3.397s] [35m[1mScanning dependencies of target sick_visionary_t_mini__rosidl_typesupport_fastrtps_c__pyext[0m
[3.399s] [35m[1mScanning dependencies of target sick_visionary_t_mini__rosidl_typesupport_c__pyext[0m
[3.412s] [ 83%] [32mBuilding C object CMakeFiles/sick_visionary_t_mini__rosidl_typesupport_introspection_c__pyext.dir/rosidl_generator_py/sick_visionary_t_mini/_sick_visionary_t_mini_s.ep.rosidl_typesupport_introspection_c.c.o[0m
[3.414s] [ 87%] [32mBuilding C object CMakeFiles/sick_visionary_t_mini__rosidl_typesupport_c__pyext.dir/rosidl_generator_py/sick_visionary_t_mini/_sick_visionary_t_mini_s.ep.rosidl_typesupport_c.c.o[0m
[3.418s] [ 90%] [32mBuilding C object CMakeFiles/sick_visionary_t_mini__rosidl_typesupport_fastrtps_c__pyext.dir/rosidl_generator_py/sick_visionary_t_mini/_sick_visionary_t_mini_s.ep.rosidl_typesupport_fastrtps_c.c.o[0m
[3.465s] [ 93%] [32m[1mLinking C shared library rosidl_generator_py/sick_visionary_t_mini/sick_visionary_t_mini_s__rosidl_typesupport_introspection_c.cpython-38-x86_64-linux-gnu.so[0m
[3.470s] [ 96%] [32m[1mLinking C shared library rosidl_generator_py/sick_visionary_t_mini/sick_visionary_t_mini_s__rosidl_typesupport_c.cpython-38-x86_64-linux-gnu.so[0m
[3.473s] [100%] [32m[1mLinking CXX shared library rosidl_generator_py/sick_visionary_t_mini/sick_visionary_t_mini_s__rosidl_typesupport_fastrtps_c.cpython-38-x86_64-linux-gnu.so[0m
[3.501s] [100%] Built target sick_visionary_t_mini__rosidl_typesupport_introspection_c__pyext
[3.501s] [100%] Built target sick_visionary_t_mini__rosidl_typesupport_c__pyext
[3.528s] [100%] Built target sick_visionary_t_mini__rosidl_typesupport_fastrtps_c__pyext
[3.542s] Invoked command in '/home/avinaash/ForkLift_AMR/build/sick_visionary_t_mini' returned '0': CMAKE_PREFIX_PATH=${CMAKE_PREFIX_PATH}:/home/avinaash/ForkLift_AMR/install/doozy_forklift:/home/avinaash/doozy_robotics/doozy_ws_2/install/pallet_docker_02:/home/avinaash/doozy_robotics/doozy_ws_2/install/2_t_dolly_logistics_driver:/opt/ros/galactic /usr/bin/cmake --build /home/avinaash/ForkLift_AMR/build/sick_visionary_t_mini -- -j16 -l16
[3.586s] Invoking command in '/home/avinaash/ForkLift_AMR/build/sick_visionary_t_mini': CMAKE_PREFIX_PATH=${CMAKE_PREFIX_PATH}:/home/avinaash/ForkLift_AMR/install/doozy_forklift:/home/avinaash/doozy_robotics/doozy_ws_2/install/pallet_docker_02:/home/avinaash/doozy_robotics/doozy_ws_2/install/2_t_dolly_logistics_driver:/opt/ros/galactic /usr/bin/cmake --install /home/avinaash/ForkLift_AMR/build/sick_visionary_t_mini
[3.596s] -- Install configuration: ""
[3.597s] -- Installing: /home/avinaash/ForkLift_AMR/install/sick_visionary_t_mini/share/ament_index/resource_index/rosidl_interfaces/sick_visionary_t_mini
[3.597s] -- Installing: /home/avinaash/ForkLift_AMR/install/sick_visionary_t_mini/include/sick_visionary_t_mini
[3.597s] -- Installing: /home/avinaash/ForkLift_AMR/install/sick_visionary_t_mini/include/sick_visionary_t_mini/msg
[3.597s] -- Installing: /home/avinaash/ForkLift_AMR/install/sick_visionary_t_mini/include/sick_visionary_t_mini/msg/sick_t_mini.h
[3.597s] -- Installing: /home/avinaash/ForkLift_AMR/install/sick_visionary_t_mini/include/sick_visionary_t_mini/msg/rosidl_generator_c__visibility_control.h
[3.597s] -- Installing: /home/avinaash/ForkLift_AMR/install/sick_visionary_t_mini/include/sick_visionary_t_mini/msg/detail
[3.597s] -- Installing: /home/avinaash/ForkLift_AMR/install/sick_visionary_t_mini/include/sick_visionary_t_mini/msg/detail/sick_t_mini__struct.h
[3.597s] -- Installing: /home/avinaash/ForkLift_AMR/install/sick_visionary_t_mini/include/sick_visionary_t_mini/msg/detail/sick_t_mini__functions.h
[3.597s] -- Installing: /home/avinaash/ForkLift_AMR/install/sick_visionary_t_mini/include/sick_visionary_t_mini/msg/detail/sick_t_mini__functions.c
[3.598s] -- Installing: /home/avinaash/ForkLift_AMR/install/sick_visionary_t_mini/include/sick_visionary_t_mini/msg/detail/sick_t_mini__type_support.h
[3.598s] -- Installing: /home/avinaash/ForkLift_AMR/install/sick_visionary_t_mini/share/sick_visionary_t_mini/environment/library_path.sh
[3.598s] -- Installing: /home/avinaash/ForkLift_AMR/install/sick_visionary_t_mini/share/sick_visionary_t_mini/environment/library_path.dsv
[3.598s] -- Installing: /home/avinaash/ForkLift_AMR/install/sick_visionary_t_mini/lib/libsick_visionary_t_mini__rosidl_generator_c.so
[3.598s] -- Set runtime path of "/home/avinaash/ForkLift_AMR/install/sick_visionary_t_mini/lib/libsick_visionary_t_mini__rosidl_generator_c.so" to ""
[3.598s] -- Up-to-date: /home/avinaash/ForkLift_AMR/install/sick_visionary_t_mini/include/sick_visionary_t_mini
[3.598s] -- Up-to-date: /home/avinaash/ForkLift_AMR/install/sick_visionary_t_mini/include/sick_visionary_t_mini/msg
[3.598s] -- Installing: /home/avinaash/ForkLift_AMR/install/sick_visionary_t_mini/include/sick_visionary_t_mini/msg/rosidl_typesupport_fastrtps_c__visibility_control.h
[3.598s] -- Up-to-date: /home/avinaash/ForkLift_AMR/install/sick_visionary_t_mini/include/sick_visionary_t_mini/msg/detail
[3.598s] -- Installing: /home/avinaash/ForkLift_AMR/install/sick_visionary_t_mini/include/sick_visionary_t_mini/msg/detail/sick_t_mini__rosidl_typesupport_fastrtps_c.h
[3.599s] -- Installing: /home/avinaash/ForkLift_AMR/install/sick_visionary_t_mini/lib/libsick_visionary_t_mini__rosidl_typesupport_fastrtps_c.so
[3.599s] -- Set runtime path of "/home/avinaash/ForkLift_AMR/install/sick_visionary_t_mini/lib/libsick_visionary_t_mini__rosidl_typesupport_fastrtps_c.so" to ""
[3.599s] -- Up-to-date: /home/avinaash/ForkLift_AMR/install/sick_visionary_t_mini/include/sick_visionary_t_mini
[3.599s] -- Up-to-date: /home/avinaash/ForkLift_AMR/install/sick_visionary_t_mini/include/sick_visionary_t_mini/msg
[3.599s] -- Up-to-date: /home/avinaash/ForkLift_AMR/install/sick_visionary_t_mini/include/sick_visionary_t_mini/msg/detail
[3.599s] -- Installing: /home/avinaash/ForkLift_AMR/install/sick_visionary_t_mini/include/sick_visionary_t_mini/msg/detail/sick_t_mini__rosidl_typesupport_fastrtps_cpp.hpp
[3.599s] -- Installing: /home/avinaash/ForkLift_AMR/install/sick_visionary_t_mini/include/sick_visionary_t_mini/msg/detail/dds_fastrtps
[3.599s] -- Installing: /home/avinaash/ForkLift_AMR/install/sick_visionary_t_mini/include/sick_visionary_t_mini/msg/rosidl_typesupport_fastrtps_cpp__visibility_control.h
[3.599s] -- Installing: /home/avinaash/ForkLift_AMR/install/sick_visionary_t_mini/lib/libsick_visionary_t_mini__rosidl_typesupport_fastrtps_cpp.so
[3.599s] -- Set runtime path of "/home/avinaash/ForkLift_AMR/install/sick_visionary_t_mini/lib/libsick_visionary_t_mini__rosidl_typesupport_fastrtps_cpp.so" to ""
[3.599s] -- Up-to-date: /home/avinaash/ForkLift_AMR/install/sick_visionary_t_mini/include/sick_visionary_t_mini
[3.600s] -- Up-to-date: /home/avinaash/ForkLift_AMR/install/sick_visionary_t_mini/include/sick_visionary_t_mini/msg
[3.600s] -- Installing: /home/avinaash/ForkLift_AMR/install/sick_visionary_t_mini/include/sick_visionary_t_mini/msg/rosidl_typesupport_introspection_c__visibility_control.h
[3.600s] -- Up-to-date: /home/avinaash/ForkLift_AMR/install/sick_visionary_t_mini/include/sick_visionary_t_mini/msg/detail
[3.600s] -- Installing: /home/avinaash/ForkLift_AMR/install/sick_visionary_t_mini/include/sick_visionary_t_mini/msg/detail/sick_t_mini__type_support.c
[3.600s] -- Installing: /home/avinaash/ForkLift_AMR/install/sick_visionary_t_mini/include/sick_visionary_t_mini/msg/detail/sick_t_mini__rosidl_typesupport_introspection_c.h
[3.600s] -- Installing: /home/avinaash/ForkLift_AMR/install/sick_visionary_t_mini/lib/libsick_visionary_t_mini__rosidl_typesupport_introspection_c.so
[3.600s] -- Set runtime path of "/home/avinaash/ForkLift_AMR/install/sick_visionary_t_mini/lib/libsick_visionary_t_mini__rosidl_typesupport_introspection_c.so" to ""
[3.600s] -- Installing: /home/avinaash/ForkLift_AMR/install/sick_visionary_t_mini/lib/libsick_visionary_t_mini__rosidl_typesupport_c.so
[3.600s] -- Set runtime path of "/home/avinaash/ForkLift_AMR/install/sick_visionary_t_mini/lib/libsick_visionary_t_mini__rosidl_typesupport_c.so" to ""
[3.600s] -- Up-to-date: /home/avinaash/ForkLift_AMR/install/sick_visionary_t_mini/include/sick_visionary_t_mini
[3.600s] -- Up-to-date: /home/avinaash/ForkLift_AMR/install/sick_visionary_t_mini/include/sick_visionary_t_mini/msg
[3.600s] -- Up-to-date: /home/avinaash/ForkLift_AMR/install/sick_visionary_t_mini/include/sick_visionary_t_mini/msg/detail
[3.601s] -- Installing: /home/avinaash/ForkLift_AMR/install/sick_visionary_t_mini/include/sick_visionary_t_mini/msg/detail/sick_t_mini__struct.hpp
[3.601s] -- Installing: /home/avinaash/ForkLift_AMR/install/sick_visionary_t_mini/include/sick_visionary_t_mini/msg/detail/sick_t_mini__traits.hpp
[3.601s] -- Installing: /home/avinaash/ForkLift_AMR/install/sick_visionary_t_mini/include/sick_visionary_t_mini/msg/detail/sick_t_mini__builder.hpp
[3.601s] -- Installing: /home/avinaash/ForkLift_AMR/install/sick_visionary_t_mini/include/sick_visionary_t_mini/msg/sick_t_mini.hpp
[3.601s] -- Up-to-date: /home/avinaash/ForkLift_AMR/install/sick_visionary_t_mini/include/sick_visionary_t_mini
[3.601s] -- Up-to-date: /home/avinaash/ForkLift_AMR/install/sick_visionary_t_mini/include/sick_visionary_t_mini/msg
[3.601s] -- Up-to-date: /home/avinaash/ForkLift_AMR/install/sick_visionary_t_mini/include/sick_visionary_t_mini/msg/detail
[3.601s] -- Installing: /home/avinaash/ForkLift_AMR/install/sick_visionary_t_mini/include/sick_visionary_t_mini/msg/detail/sick_t_mini__rosidl_typesupport_introspection_cpp.hpp
[3.601s] -- Installing: /home/avinaash/ForkLift_AMR/install/sick_visionary_t_mini/include/sick_visionary_t_mini/msg/detail/sick_t_mini__type_support.cpp
[3.601s] -- Installing: /home/avinaash/ForkLift_AMR/install/sick_visionary_t_mini/lib/libsick_visionary_t_mini__rosidl_typesupport_introspection_cpp.so
[3.601s] -- Set runtime path of "/home/avinaash/ForkLift_AMR/install/sick_visionary_t_mini/lib/libsick_visionary_t_mini__rosidl_typesupport_introspection_cpp.so" to ""
[3.601s] -- Installing: /home/avinaash/ForkLift_AMR/install/sick_visionary_t_mini/lib/libsick_visionary_t_mini__rosidl_typesupport_cpp.so
[3.601s] -- Set runtime path of "/home/avinaash/ForkLift_AMR/install/sick_visionary_t_mini/lib/libsick_visionary_t_mini__rosidl_typesupport_cpp.so" to ""
[3.602s] -- Installing: /home/avinaash/ForkLift_AMR/install/sick_visionary_t_mini/share/sick_visionary_t_mini/environment/pythonpath.sh
[3.602s] -- Installing: /home/avinaash/ForkLift_AMR/install/sick_visionary_t_mini/share/sick_visionary_t_mini/environment/pythonpath.dsv
[3.602s] -- Installing: /home/avinaash/ForkLift_AMR/install/sick_visionary_t_mini/lib/python3.8/site-packages/sick_visionary_t_mini/__init__.py
[3.629s] Compiling '/home/avinaash/ForkLift_AMR/install/sick_visionary_t_mini/lib/python3.8/site-packages/sick_visionary_t_mini/__init__.py'...
[3.631s] -- Installing: /home/avinaash/ForkLift_AMR/install/sick_visionary_t_mini/lib/python3.8/site-packages/sick_visionary_t_mini/msg
[3.631s] -- Installing: /home/avinaash/ForkLift_AMR/install/sick_visionary_t_mini/lib/python3.8/site-packages/sick_visionary_t_mini/msg/_sick_t_mini.py
[3.631s] -- Installing: /home/avinaash/ForkLift_AMR/install/sick_visionary_t_mini/lib/python3.8/site-packages/sick_visionary_t_mini/msg/__init__.py
[3.631s] -- Installing: /home/avinaash/ForkLift_AMR/install/sick_visionary_t_mini/lib/python3.8/site-packages/sick_visionary_t_mini/msg/_sick_t_mini_s.c
[3.632s] -- Installing: /home/avinaash/ForkLift_AMR/install/sick_visionary_t_mini/lib/python3.8/site-packages/sick_visionary_t_mini/sick_visionary_t_mini_s__rosidl_typesupport_fastrtps_c.cpython-38-x86_64-linux-gnu.so
[3.632s] -- Set runtime path of "/home/avinaash/ForkLift_AMR/install/sick_visionary_t_mini/lib/python3.8/site-packages/sick_visionary_t_mini/sick_visionary_t_mini_s__rosidl_typesupport_fastrtps_c.cpython-38-x86_64-linux-gnu.so" to ""
[3.633s] -- Installing: /home/avinaash/ForkLift_AMR/install/sick_visionary_t_mini/lib/python3.8/site-packages/sick_visionary_t_mini/sick_visionary_t_mini_s__rosidl_typesupport_introspection_c.cpython-38-x86_64-linux-gnu.so
[3.634s] -- Set runtime path of "/home/avinaash/ForkLift_AMR/install/sick_visionary_t_mini/lib/python3.8/site-packages/sick_visionary_t_mini/sick_visionary_t_mini_s__rosidl_typesupport_introspection_c.cpython-38-x86_64-linux-gnu.so" to ""
[3.635s] -- Installing: /home/avinaash/ForkLift_AMR/install/sick_visionary_t_mini/lib/python3.8/site-packages/sick_visionary_t_mini/sick_visionary_t_mini_s__rosidl_typesupport_c.cpython-38-x86_64-linux-gnu.so
[3.636s] -- Set runtime path of "/home/avinaash/ForkLift_AMR/install/sick_visionary_t_mini/lib/python3.8/site-packages/sick_visionary_t_mini/sick_visionary_t_mini_s__rosidl_typesupport_c.cpython-38-x86_64-linux-gnu.so" to ""
[3.636s] -- Installing: /home/avinaash/ForkLift_AMR/install/sick_visionary_t_mini/lib/libsick_visionary_t_mini__python.so
[3.636s] -- Set runtime path of "/home/avinaash/ForkLift_AMR/install/sick_visionary_t_mini/lib/libsick_visionary_t_mini__python.so" to ""
[3.636s] -- Installing: /home/avinaash/ForkLift_AMR/install/sick_visionary_t_mini/share/sick_visionary_t_mini/msg/SickTMini.idl
[3.637s] -- Installing: /home/avinaash/ForkLift_AMR/install/sick_visionary_t_mini/share/sick_visionary_t_mini/msg/SickTMini.msg
[3.637s] -- Installing: /home/avinaash/ForkLift_AMR/install/sick_visionary_t_mini/share/ament_index/resource_index/package_run_dependencies/sick_visionary_t_mini
[3.637s] -- Installing: /home/avinaash/ForkLift_AMR/install/sick_visionary_t_mini/share/ament_index/resource_index/parent_prefix_path/sick_visionary_t_mini
[3.637s] -- Installing: /home/avinaash/ForkLift_AMR/install/sick_visionary_t_mini/share/sick_visionary_t_mini/environment/ament_prefix_path.sh
[3.638s] -- Installing: /home/avinaash/ForkLift_AMR/install/sick_visionary_t_mini/share/sick_visionary_t_mini/environment/ament_prefix_path.dsv
[3.638s] -- Installing: /home/avinaash/ForkLift_AMR/install/sick_visionary_t_mini/share/sick_visionary_t_mini/environment/path.sh
[3.638s] -- Installing: /home/avinaash/ForkLift_AMR/install/sick_visionary_t_mini/share/sick_visionary_t_mini/environment/path.dsv
[3.638s] -- Installing: /home/avinaash/ForkLift_AMR/install/sick_visionary_t_mini/share/sick_visionary_t_mini/local_setup.bash
[3.639s] -- Installing: /home/avinaash/ForkLift_AMR/install/sick_visionary_t_mini/share/sick_visionary_t_mini/local_setup.sh
[3.639s] -- Installing: /home/avinaash/ForkLift_AMR/install/sick_visionary_t_mini/share/sick_visionary_t_mini/local_setup.zsh
[3.639s] -- Installing: /home/avinaash/ForkLift_AMR/install/sick_visionary_t_mini/share/sick_visionary_t_mini/local_setup.dsv
[3.639s] -- Installing: /home/avinaash/ForkLift_AMR/install/sick_visionary_t_mini/share/sick_visionary_t_mini/package.dsv
[3.640s] -- Installing: /home/avinaash/ForkLift_AMR/install/sick_visionary_t_mini/share/ament_index/resource_index/packages/sick_visionary_t_mini
[3.640s] -- Installing: /home/avinaash/ForkLift_AMR/install/sick_visionary_t_mini/share/sick_visionary_t_mini/cmake/sick_visionary_t_mini__rosidl_generator_cExport.cmake
[3.640s] -- Installing: /home/avinaash/ForkLift_AMR/install/sick_visionary_t_mini/share/sick_visionary_t_mini/cmake/sick_visionary_t_mini__rosidl_generator_cExport-noconfig.cmake
[3.641s] -- Installing: /home/avinaash/ForkLift_AMR/install/sick_visionary_t_mini/share/sick_visionary_t_mini/cmake/sick_visionary_t_mini__rosidl_typesupport_introspection_cExport.cmake
[3.641s] -- Installing: /home/avinaash/ForkLift_AMR/install/sick_visionary_t_mini/share/sick_visionary_t_mini/cmake/sick_visionary_t_mini__rosidl_typesupport_introspection_cExport-noconfig.cmake
[3.641s] -- Installing: /home/avinaash/ForkLift_AMR/install/sick_visionary_t_mini/share/sick_visionary_t_mini/cmake/sick_visionary_t_mini__rosidl_typesupport_cExport.cmake
[3.641s] -- Installing: /home/avinaash/ForkLift_AMR/install/sick_visionary_t_mini/share/sick_visionary_t_mini/cmake/sick_visionary_t_mini__rosidl_typesupport_cExport-noconfig.cmake
[3.642s] -- Installing: /home/avinaash/ForkLift_AMR/install/sick_visionary_t_mini/share/sick_visionary_t_mini/cmake/sick_visionary_t_mini__rosidl_generator_cppExport.cmake
[3.642s] -- Installing: /home/avinaash/ForkLift_AMR/install/sick_visionary_t_mini/share/sick_visionary_t_mini/cmake/sick_visionary_t_mini__rosidl_typesupport_introspection_cppExport.cmake
[3.642s] -- Installing: /home/avinaash/ForkLift_AMR/install/sick_visionary_t_mini/share/sick_visionary_t_mini/cmake/sick_visionary_t_mini__rosidl_typesupport_introspection_cppExport-noconfig.cmake
[3.642s] -- Installing: /home/avinaash/ForkLift_AMR/install/sick_visionary_t_mini/share/sick_visionary_t_mini/cmake/sick_visionary_t_mini__rosidl_typesupport_cppExport.cmake
[3.642s] -- Installing: /home/avinaash/ForkLift_AMR/install/sick_visionary_t_mini/share/sick_visionary_t_mini/cmake/sick_visionary_t_mini__rosidl_typesupport_cppExport-noconfig.cmake
[3.642s] -- Installing: /home/avinaash/ForkLift_AMR/install/sick_visionary_t_mini/share/sick_visionary_t_mini/cmake/rosidl_cmake-extras.cmake
[3.642s] -- Installing: /home/avinaash/ForkLift_AMR/install/sick_visionary_t_mini/share/sick_visionary_t_mini/cmake/ament_cmake_export_dependencies-extras.cmake
[3.643s] -- Installing: /home/avinaash/ForkLift_AMR/install/sick_visionary_t_mini/share/sick_visionary_t_mini/cmake/ament_cmake_export_libraries-extras.cmake
[3.643s] -- Installing: /home/avinaash/ForkLift_AMR/install/sick_visionary_t_mini/share/sick_visionary_t_mini/cmake/ament_cmake_export_targets-extras.cmake
[3.643s] -- Installing: /home/avinaash/ForkLift_AMR/install/sick_visionary_t_mini/share/sick_visionary_t_mini/cmake/ament_cmake_export_include_directories-extras.cmake
[3.643s] -- Installing: /home/avinaash/ForkLift_AMR/install/sick_visionary_t_mini/share/sick_visionary_t_mini/cmake/rosidl_cmake_export_typesupport_libraries-extras.cmake
[3.643s] -- Installing: /home/avinaash/ForkLift_AMR/install/sick_visionary_t_mini/share/sick_visionary_t_mini/cmake/rosidl_cmake_export_typesupport_targets-extras.cmake
[3.643s] -- Installing: /home/avinaash/ForkLift_AMR/install/sick_visionary_t_mini/share/sick_visionary_t_mini/cmake/sick_visionary_t_miniConfig.cmake
[3.643s] -- Installing: /home/avinaash/ForkLift_AMR/install/sick_visionary_t_mini/share/sick_visionary_t_mini/cmake/sick_visionary_t_miniConfig-version.cmake
[3.643s] -- Installing: /home/avinaash/ForkLift_AMR/install/sick_visionary_t_mini/share/sick_visionary_t_mini/package.xml
[3.646s] Invoked command in '/home/avinaash/ForkLift_AMR/build/sick_visionary_t_mini' returned '0': CMAKE_PREFIX_PATH=${CMAKE_PREFIX_PATH}:/home/avinaash/ForkLift_AMR/install/doozy_forklift:/home/avinaash/doozy_robotics/doozy_ws_2/install/pallet_docker_02:/home/avinaash/doozy_robotics/doozy_ws_2/install/2_t_dolly_logistics_driver:/opt/ros/galactic /usr/bin/cmake --install /home/avinaash/ForkLift_AMR/build/sick_visionary_t_mini
