[0.247s] Invoking command in '/home/avinaash/ForkLift_AMR/build/turtlebot3_navigation2': CMAKE_PREFIX_PATH=/opt/ros/galactic /usr/bin/cmake /home/avinaash/ForkLift_AMR/src/turtlebot3/turtlebot3_navigation2 -DCMAKE_INSTALL_PREFIX=/home/avinaash/ForkLift_AMR/install/turtlebot3_navigation2
[0.711s] -- The C compiler identification is GNU 9.4.0
[0.712s] -- The CXX compiler identification is GNU 9.4.0
[0.712s] -- Check for working C compiler: /usr/bin/cc
[0.712s] -- Check for working C compiler: /usr/bin/cc -- works
[0.712s] -- Detecting C compiler ABI info
[0.712s] -- Detecting C compiler ABI info - done
[0.712s] -- Detecting C compile features
[0.712s] -- Detecting C compile features - done
[0.712s] -- Check for working CXX compiler: /usr/bin/c++
[0.712s] -- Check for working CXX compiler: /usr/bin/c++ -- works
[0.712s] -- Detecting CXX compiler ABI info
[0.712s] -- Detecting CXX compiler ABI info - done
[0.712s] -- Detecting CXX compile features
[0.712s] -- Detecting CXX compile features - done
[0.712s] -- Found ament_cmake: 1.1.6 (/opt/ros/galactic/share/ament_cmake/cmake)
[0.712s] -- Found PythonInterp: /usr/bin/python3 (found suitable version "3.8.10", minimum required is "3") 
[0.712s] -- Using PYTHON_EXECUTABLE: /usr/bin/python3
[0.831s] -- Configuring done
[0.833s] -- Generating done
[0.834s] -- Build files have been written to: /home/avinaash/ForkLift_AMR/build/turtlebot3_navigation2
[0.841s] Invoked command in '/home/avinaash/ForkLift_AMR/build/turtlebot3_navigation2' returned '0': CMAKE_PREFIX_PATH=/opt/ros/galactic /usr/bin/cmake /home/avinaash/ForkLift_AMR/src/turtlebot3/turtlebot3_navigation2 -DCMAKE_INSTALL_PREFIX=/home/avinaash/ForkLift_AMR/install/turtlebot3_navigation2
[0.846s] Invoking command in '/home/avinaash/ForkLift_AMR/build/turtlebot3_navigation2': CMAKE_PREFIX_PATH=/opt/ros/galactic /usr/bin/cmake --build /home/avinaash/ForkLift_AMR/build/turtlebot3_navigation2 -- -j16 -l16
[0.890s] Invoked command in '/home/avinaash/ForkLift_AMR/build/turtlebot3_navigation2' returned '0': CMAKE_PREFIX_PATH=/opt/ros/galactic /usr/bin/cmake --build /home/avinaash/ForkLift_AMR/build/turtlebot3_navigation2 -- -j16 -l16
[0.914s] Invoking command in '/home/avinaash/ForkLift_AMR/build/turtlebot3_navigation2': CMAKE_PREFIX_PATH=/opt/ros/galactic /usr/bin/cmake --install /home/avinaash/ForkLift_AMR/build/turtlebot3_navigation2
[0.929s] -- Install configuration: ""
[0.929s] -- Installing: /home/avinaash/ForkLift_AMR/install/turtlebot3_navigation2/share/turtlebot3_navigation2/launch
[0.929s] -- Installing: /home/avinaash/ForkLift_AMR/install/turtlebot3_navigation2/share/turtlebot3_navigation2/launch/navigation2.launch.py
[0.929s] -- Installing: /home/avinaash/ForkLift_AMR/install/turtlebot3_navigation2/share/turtlebot3_navigation2/map
[0.929s] -- Installing: /home/avinaash/ForkLift_AMR/install/turtlebot3_navigation2/share/turtlebot3_navigation2/map/map.yaml
[0.930s] -- Installing: /home/avinaash/ForkLift_AMR/install/turtlebot3_navigation2/share/turtlebot3_navigation2/map/map.pgm
[0.930s] -- Installing: /home/avinaash/ForkLift_AMR/install/turtlebot3_navigation2/share/turtlebot3_navigation2/param
[0.930s] -- Installing: /home/avinaash/ForkLift_AMR/install/turtlebot3_navigation2/share/turtlebot3_navigation2/param/waffle.yaml
[0.930s] -- Installing: /home/avinaash/ForkLift_AMR/install/turtlebot3_navigation2/share/turtlebot3_navigation2/param/burger.yaml
[0.930s] -- Installing: /home/avinaash/ForkLift_AMR/install/turtlebot3_navigation2/share/turtlebot3_navigation2/param/waffle_pi.yaml
[0.930s] -- Installing: /home/avinaash/ForkLift_AMR/install/turtlebot3_navigation2/share/turtlebot3_navigation2/rviz
[0.930s] -- Installing: /home/avinaash/ForkLift_AMR/install/turtlebot3_navigation2/share/turtlebot3_navigation2/rviz/tb3_navigation2.rviz
[0.930s] -- Installing: /home/avinaash/ForkLift_AMR/install/turtlebot3_navigation2/share/ament_index/resource_index/package_run_dependencies/turtlebot3_navigation2
[0.930s] -- Installing: /home/avinaash/ForkLift_AMR/install/turtlebot3_navigation2/share/ament_index/resource_index/parent_prefix_path/turtlebot3_navigation2
[0.930s] -- Installing: /home/avinaash/ForkLift_AMR/install/turtlebot3_navigation2/share/turtlebot3_navigation2/environment/ament_prefix_path.sh
[0.930s] -- Installing: /home/avinaash/ForkLift_AMR/install/turtlebot3_navigation2/share/turtlebot3_navigation2/environment/ament_prefix_path.dsv
[0.931s] -- Installing: /home/avinaash/ForkLift_AMR/install/turtlebot3_navigation2/share/turtlebot3_navigation2/environment/path.sh
[0.931s] -- Installing: /home/avinaash/ForkLift_AMR/install/turtlebot3_navigation2/share/turtlebot3_navigation2/environment/path.dsv
[0.931s] -- Installing: /home/avinaash/ForkLift_AMR/install/turtlebot3_navigation2/share/turtlebot3_navigation2/local_setup.bash
[0.931s] -- Installing: /home/avinaash/ForkLift_AMR/install/turtlebot3_navigation2/share/turtlebot3_navigation2/local_setup.sh
[0.931s] -- Installing: /home/avinaash/ForkLift_AMR/install/turtlebot3_navigation2/share/turtlebot3_navigation2/local_setup.zsh
[0.931s] -- Installing: /home/avinaash/ForkLift_AMR/install/turtlebot3_navigation2/share/turtlebot3_navigation2/local_setup.dsv
[0.931s] -- Installing: /home/avinaash/ForkLift_AMR/install/turtlebot3_navigation2/share/turtlebot3_navigation2/package.dsv
[0.931s] -- Installing: /home/avinaash/ForkLift_AMR/install/turtlebot3_navigation2/share/ament_index/resource_index/packages/turtlebot3_navigation2
[0.931s] -- Installing: /home/avinaash/ForkLift_AMR/install/turtlebot3_navigation2/share/turtlebot3_navigation2/cmake/turtlebot3_navigation2Config.cmake
[0.931s] -- Installing: /home/avinaash/ForkLift_AMR/install/turtlebot3_navigation2/share/turtlebot3_navigation2/cmake/turtlebot3_navigation2Config-version.cmake
[0.931s] -- Installing: /home/avinaash/ForkLift_AMR/install/turtlebot3_navigation2/share/turtlebot3_navigation2/package.xml
[0.934s] Invoked command in '/home/avinaash/ForkLift_AMR/build/turtlebot3_navigation2' returned '0': CMAKE_PREFIX_PATH=/opt/ros/galactic /usr/bin/cmake --install /home/avinaash/ForkLift_AMR/build/turtlebot3_navigation2
