-- Install configuration: ""
-- Up-to-date: /home/avinaash/ForkLift_AMR/install/forklift_bot/share/forklift_bot/launch
-- Up-to-date: /home/avinaash/ForkLift_AMR/install/forklift_bot/share/forklift_bot/launch/display.launch.py
-- Up-to-date: /home/avinaash/ForkLift_AMR/install/forklift_bot/share/forklift_bot/launch/gazebo.launch
-- Up-to-date: /home/avinaash/ForkLift_AMR/install/forklift_bot/share/forklift_bot/launch/gazebo.launch.py
-- Up-to-date: /home/avinaash/ForkLift_AMR/install/forklift_bot/share/forklift_bot/launch/display.launch
-- Up-to-date: /home/avinaash/ForkLift_AMR/install/forklift_bot/share/forklift_bot/meshes
-- Up-to-date: /home/avinaash/ForkLift_AMR/install/forklift_bot/share/forklift_bot/meshes/base_link.STL
-- Up-to-date: /home/avinaash/ForkLift_AMR/install/forklift_bot/share/forklift_bot/meshes/r_laser_link.STL
-- Up-to-date: /home/avinaash/ForkLift_AMR/install/forklift_bot/share/forklift_bot/meshes/l_laser_link.STL
-- Up-to-date: /home/avinaash/ForkLift_AMR/install/forklift_bot/share/forklift_bot/meshes/body_link.STL
-- Up-to-date: /home/avinaash/ForkLift_AMR/install/forklift_bot/share/forklift_bot/meshes/r_wheel_link.STL
-- Up-to-date: /home/avinaash/ForkLift_AMR/install/forklift_bot/share/forklift_bot/meshes/r_roller_link.STL
-- Up-to-date: /home/avinaash/ForkLift_AMR/install/forklift_bot/share/forklift_bot/meshes/l_wheel_link.STL
-- Up-to-date: /home/avinaash/ForkLift_AMR/install/forklift_bot/share/forklift_bot/meshes/base_footprint.STL
-- Up-to-date: /home/avinaash/ForkLift_AMR/install/forklift_bot/share/forklift_bot/meshes/l_roller_link.STL
-- Up-to-date: /home/avinaash/ForkLift_AMR/install/forklift_bot/share/forklift_bot/models
-- Up-to-date: /home/avinaash/ForkLift_AMR/install/forklift_bot/share/forklift_bot/models/sun
-- Up-to-date: /home/avinaash/ForkLift_AMR/install/forklift_bot/share/forklift_bot/models/sun/model-1_4.sdf
-- Up-to-date: /home/avinaash/ForkLift_AMR/install/forklift_bot/share/forklift_bot/models/sun/model-1_3.sdf
-- Up-to-date: /home/avinaash/ForkLift_AMR/install/forklift_bot/share/forklift_bot/models/sun/model.config
-- Up-to-date: /home/avinaash/ForkLift_AMR/install/forklift_bot/share/forklift_bot/models/sun/model-1_2.sdf
-- Up-to-date: /home/avinaash/ForkLift_AMR/install/forklift_bot/share/forklift_bot/models/sun/model.sdf
-- Up-to-date: /home/avinaash/ForkLift_AMR/install/forklift_bot/share/forklift_bot/models/ground_plane
-- Up-to-date: /home/avinaash/ForkLift_AMR/install/forklift_bot/share/forklift_bot/models/ground_plane/model-1_4.sdf
-- Up-to-date: /home/avinaash/ForkLift_AMR/install/forklift_bot/share/forklift_bot/models/ground_plane/model-1_3.sdf
-- Up-to-date: /home/avinaash/ForkLift_AMR/install/forklift_bot/share/forklift_bot/models/ground_plane/model.config
-- Up-to-date: /home/avinaash/ForkLift_AMR/install/forklift_bot/share/forklift_bot/models/ground_plane/model-1_2.sdf
-- Up-to-date: /home/avinaash/ForkLift_AMR/install/forklift_bot/share/forklift_bot/models/ground_plane/model.sdf
-- Up-to-date: /home/avinaash/ForkLift_AMR/install/forklift_bot/share/forklift_bot/urdf
-- Up-to-date: /home/avinaash/ForkLift_AMR/install/forklift_bot/share/forklift_bot/urdf/forkassembly_bot.csv
-- Up-to-date: /home/avinaash/ForkLift_AMR/install/forklift_bot/share/forklift_bot/urdf/forkassembly_bot.urdf
-- Up-to-date: /home/avinaash/ForkLift_AMR/install/forklift_bot/share/forklift_bot/urdf/forkassembly_bot.pdf
-- Up-to-date: /home/avinaash/ForkLift_AMR/install/forklift_bot/share/forklift_bot/urdf/.~lock.forkassembly_bot.csv#
-- Up-to-date: /home/avinaash/ForkLift_AMR/install/forklift_bot/share/forklift_bot/urdf/forkassembly_bot.gv
-- Up-to-date: /home/avinaash/ForkLift_AMR/install/forklift_bot/share/forklift_bot/rviz
-- Up-to-date: /home/avinaash/ForkLift_AMR/install/forklift_bot/share/forklift_bot/rviz/display.rviz
-- Up-to-date: /home/avinaash/ForkLift_AMR/install/forklift_bot/share/ament_index/resource_index/package_run_dependencies/forklift_bot
-- Up-to-date: /home/avinaash/ForkLift_AMR/install/forklift_bot/share/ament_index/resource_index/parent_prefix_path/forklift_bot
-- Up-to-date: /home/avinaash/ForkLift_AMR/install/forklift_bot/share/forklift_bot/environment/ament_prefix_path.sh
-- Up-to-date: /home/avinaash/ForkLift_AMR/install/forklift_bot/share/forklift_bot/environment/ament_prefix_path.dsv
-- Up-to-date: /home/avinaash/ForkLift_AMR/install/forklift_bot/share/forklift_bot/environment/path.sh
-- Up-to-date: /home/avinaash/ForkLift_AMR/install/forklift_bot/share/forklift_bot/environment/path.dsv
-- Up-to-date: /home/avinaash/ForkLift_AMR/install/forklift_bot/share/forklift_bot/local_setup.bash
-- Up-to-date: /home/avinaash/ForkLift_AMR/install/forklift_bot/share/forklift_bot/local_setup.sh
-- Up-to-date: /home/avinaash/ForkLift_AMR/install/forklift_bot/share/forklift_bot/local_setup.zsh
-- Up-to-date: /home/avinaash/ForkLift_AMR/install/forklift_bot/share/forklift_bot/local_setup.dsv
-- Up-to-date: /home/avinaash/ForkLift_AMR/install/forklift_bot/share/forklift_bot/package.dsv
-- Up-to-date: /home/avinaash/ForkLift_AMR/install/forklift_bot/share/ament_index/resource_index/packages/forklift_bot
-- Up-to-date: /home/avinaash/ForkLift_AMR/install/forklift_bot/share/forklift_bot/cmake/forklift_botConfig.cmake
-- Up-to-date: /home/avinaash/ForkLift_AMR/install/forklift_bot/share/forklift_bot/cmake/forklift_botConfig-version.cmake
-- Up-to-date: /home/avinaash/ForkLift_AMR/install/forklift_bot/share/forklift_bot/package.xml
