running egg_info
writing ../../build/ros2_razor_imu/ros2_razor_imu.egg-info/PKG-INFO
writing dependency_links to ../../build/ros2_razor_imu/ros2_razor_imu.egg-info/dependency_links.txt
writing entry points to ../../build/ros2_razor_imu/ros2_razor_imu.egg-info/entry_points.txt
writing requirements to ../../build/ros2_razor_imu/ros2_razor_imu.egg-info/requires.txt
writing top-level names to ../../build/ros2_razor_imu/ros2_razor_imu.egg-info/top_level.txt
reading manifest file '../../build/ros2_razor_imu/ros2_razor_imu.egg-info/SOURCES.txt'
adding license file 'LICENSE'
writing manifest file '../../build/ros2_razor_imu/ros2_razor_imu.egg-info/SOURCES.txt'
running build
running build_py
copying src/ros2_razor_imu/display_3D_visualization.py -> /home/doozy/ForkLift_AMR/build/ros2_razor_imu/build/lib/ros2_razor_imu
copying src/ros2_razor_imu/imu_node.py -> /home/doozy/ForkLift_AMR/build/ros2_razor_imu/build/lib/ros2_razor_imu
copying src/ros2_razor_imu/__init__.py -> /home/doozy/ForkLift_AMR/build/ros2_razor_imu/build/lib/ros2_razor_imu
copying src/ros2_razor_imu/lib/serial_commands.py -> /home/doozy/ForkLift_AMR/build/ros2_razor_imu/build/lib/ros2_razor_imu/lib
copying src/ros2_razor_imu/lib/__init__.py -> /home/doozy/ForkLift_AMR/build/ros2_razor_imu/build/lib/ros2_razor_imu/lib
running install
running install_lib
running install_data
copying resource/ros2_razor_imu -> /home/doozy/ForkLift_AMR/install/ros2_razor_imu/share/ament_index/resource_index/packages
copying package.xml -> /home/doozy/ForkLift_AMR/install/ros2_razor_imu/share/ros2_razor_imu
copying launch/razor-pub-and-display.launch.py -> /home/doozy/ForkLift_AMR/install/ros2_razor_imu/share/ros2_razor_imu/launch
copying launch/razor-pub.launch.py -> /home/doozy/ForkLift_AMR/install/ros2_razor_imu/share/ros2_razor_imu/launch
copying launch/razor-pub-diags.launch.py -> /home/doozy/ForkLift_AMR/install/ros2_razor_imu/share/ros2_razor_imu/launch
copying launch/razor-display.launch.py -> /home/doozy/ForkLift_AMR/install/ros2_razor_imu/share/ros2_razor_imu/launch
copying config/razor_diags.yaml -> /home/doozy/ForkLift_AMR/install/ros2_razor_imu/share/ros2_razor_imu/config
copying config/razor.yaml -> /home/doozy/ForkLift_AMR/install/ros2_razor_imu/share/ros2_razor_imu/config
running install_egg_info
removing '/home/doozy/ForkLift_AMR/install/ros2_razor_imu/lib/python3.10/site-packages/ros2_razor_imu-1.2.0-py3.10.egg-info' (and everything under it)
Copying ../../build/ros2_razor_imu/ros2_razor_imu.egg-info to /home/doozy/ForkLift_AMR/install/ros2_razor_imu/lib/python3.10/site-packages/ros2_razor_imu-1.2.0-py3.10.egg-info
running install_scripts
Installing display_3D_visualization_node script to /home/doozy/ForkLift_AMR/install/ros2_razor_imu/lib/ros2_razor_imu
Installing imu_node script to /home/doozy/ForkLift_AMR/install/ros2_razor_imu/lib/ros2_razor_imu
writing list of installed files to '/home/doozy/ForkLift_AMR/build/ros2_razor_imu/install.log'
