[0.243s] Invoking command in '/home/doozy/ForkLift_AMR/build/turtlebot3_navigation2': CMAKE_PREFIX_PATH=${CMAKE_PREFIX_PATH}:/home/doozy/ForkLift_AMR/install/turtlebot3_teleop:/home/doozy/ForkLift_AMR/install/turtlebot3_example:/home/doozy/ForkLift_AMR/install/doozy_forklift:/home/doozy/turtlebot3_ws/install/turtlebot3_teleop:/home/doozy/turtlebot3_ws/install/turtlebot3_example:/home/doozy/turtlebot3_ws/install/autonomous_tb3:/home/doozy/doozy_ws/install/task_py:/home/doozy/ros2_ws/install/hotel_package:/home/doozy/ros2_ws/install/deffy:/home/doozy/do_ws/install/task_py:/home/doozy/neuronbot2_ros2_ws/install/neuronbot2_led:/opt/ros/humble /usr/bin/cmake /home/doozy/ForkLift_AMR/src/turtlebot3/turtlebot3_navigation2 -DCMAKE_INSTALL_PREFIX=/home/doozy/ForkLift_AMR/install/turtlebot3_navigation2
[0.775s] -- The C compiler identification is GNU 11.4.0
[0.775s] -- The CXX compiler identification is GNU 11.4.0
[0.775s] -- Detecting C compiler ABI info
[0.775s] -- Detecting C compiler ABI info - done
[0.775s] -- Check for working C compiler: /usr/bin/cc - skipped
[0.775s] -- Detecting C compile features
[0.775s] -- Detecting C compile features - done
[0.775s] -- Detecting CXX compiler ABI info
[0.775s] -- Detecting CXX compiler ABI info - done
[0.775s] -- Check for working CXX compiler: /usr/bin/c++ - skipped
[0.775s] -- Detecting CXX compile features
[0.775s] -- Detecting CXX compile features - done
[0.775s] -- Found ament_cmake: 1.3.8 (/opt/ros/humble/share/ament_cmake/cmake)
[0.929s] -- Found Python3: /usr/bin/python3 (found version "3.10.12") found components: Interpreter 
[1.172s] -- Configuring done
[1.175s] -- Generating done
[1.176s] -- Build files have been written to: /home/doozy/ForkLift_AMR/build/turtlebot3_navigation2
[1.180s] Invoked command in '/home/doozy/ForkLift_AMR/build/turtlebot3_navigation2' returned '0': CMAKE_PREFIX_PATH=${CMAKE_PREFIX_PATH}:/home/doozy/ForkLift_AMR/install/turtlebot3_teleop:/home/doozy/ForkLift_AMR/install/turtlebot3_example:/home/doozy/ForkLift_AMR/install/doozy_forklift:/home/doozy/turtlebot3_ws/install/turtlebot3_teleop:/home/doozy/turtlebot3_ws/install/turtlebot3_example:/home/doozy/turtlebot3_ws/install/autonomous_tb3:/home/doozy/doozy_ws/install/task_py:/home/doozy/ros2_ws/install/hotel_package:/home/doozy/ros2_ws/install/deffy:/home/doozy/do_ws/install/task_py:/home/doozy/neuronbot2_ros2_ws/install/neuronbot2_led:/opt/ros/humble /usr/bin/cmake /home/doozy/ForkLift_AMR/src/turtlebot3/turtlebot3_navigation2 -DCMAKE_INSTALL_PREFIX=/home/doozy/ForkLift_AMR/install/turtlebot3_navigation2
[1.182s] Invoking command in '/home/doozy/ForkLift_AMR/build/turtlebot3_navigation2': CMAKE_PREFIX_PATH=${CMAKE_PREFIX_PATH}:/home/doozy/ForkLift_AMR/install/turtlebot3_teleop:/home/doozy/ForkLift_AMR/install/turtlebot3_example:/home/doozy/ForkLift_AMR/install/doozy_forklift:/home/doozy/turtlebot3_ws/install/turtlebot3_teleop:/home/doozy/turtlebot3_ws/install/turtlebot3_example:/home/doozy/turtlebot3_ws/install/autonomous_tb3:/home/doozy/doozy_ws/install/task_py:/home/doozy/ros2_ws/install/hotel_package:/home/doozy/ros2_ws/install/deffy:/home/doozy/do_ws/install/task_py:/home/doozy/neuronbot2_ros2_ws/install/neuronbot2_led:/opt/ros/humble /usr/bin/cmake --build /home/doozy/ForkLift_AMR/build/turtlebot3_navigation2 -- -j16 -l16
[1.215s] Invoked command in '/home/doozy/ForkLift_AMR/build/turtlebot3_navigation2' returned '0': CMAKE_PREFIX_PATH=${CMAKE_PREFIX_PATH}:/home/doozy/ForkLift_AMR/install/turtlebot3_teleop:/home/doozy/ForkLift_AMR/install/turtlebot3_example:/home/doozy/ForkLift_AMR/install/doozy_forklift:/home/doozy/turtlebot3_ws/install/turtlebot3_teleop:/home/doozy/turtlebot3_ws/install/turtlebot3_example:/home/doozy/turtlebot3_ws/install/autonomous_tb3:/home/doozy/doozy_ws/install/task_py:/home/doozy/ros2_ws/install/hotel_package:/home/doozy/ros2_ws/install/deffy:/home/doozy/do_ws/install/task_py:/home/doozy/neuronbot2_ros2_ws/install/neuronbot2_led:/opt/ros/humble /usr/bin/cmake --build /home/doozy/ForkLift_AMR/build/turtlebot3_navigation2 -- -j16 -l16
[1.239s] Invoking command in '/home/doozy/ForkLift_AMR/build/turtlebot3_navigation2': CMAKE_PREFIX_PATH=${CMAKE_PREFIX_PATH}:/home/doozy/ForkLift_AMR/install/turtlebot3_teleop:/home/doozy/ForkLift_AMR/install/turtlebot3_example:/home/doozy/ForkLift_AMR/install/doozy_forklift:/home/doozy/turtlebot3_ws/install/turtlebot3_teleop:/home/doozy/turtlebot3_ws/install/turtlebot3_example:/home/doozy/turtlebot3_ws/install/autonomous_tb3:/home/doozy/doozy_ws/install/task_py:/home/doozy/ros2_ws/install/hotel_package:/home/doozy/ros2_ws/install/deffy:/home/doozy/do_ws/install/task_py:/home/doozy/neuronbot2_ros2_ws/install/neuronbot2_led:/opt/ros/humble /usr/bin/cmake --install /home/doozy/ForkLift_AMR/build/turtlebot3_navigation2
[1.246s] -- Install configuration: ""
[1.246s] -- Installing: /home/doozy/ForkLift_AMR/install/turtlebot3_navigation2/share/turtlebot3_navigation2/launch
[1.246s] -- Installing: /home/doozy/ForkLift_AMR/install/turtlebot3_navigation2/share/turtlebot3_navigation2/launch/navigation2.launch.py
[1.246s] -- Installing: /home/doozy/ForkLift_AMR/install/turtlebot3_navigation2/share/turtlebot3_navigation2/map
[1.246s] -- Installing: /home/doozy/ForkLift_AMR/install/turtlebot3_navigation2/share/turtlebot3_navigation2/map/map.yaml
[1.246s] -- Installing: /home/doozy/ForkLift_AMR/install/turtlebot3_navigation2/share/turtlebot3_navigation2/map/map.pgm
[1.247s] -- Installing: /home/doozy/ForkLift_AMR/install/turtlebot3_navigation2/share/turtlebot3_navigation2/param
[1.247s] -- Installing: /home/doozy/ForkLift_AMR/install/turtlebot3_navigation2/share/turtlebot3_navigation2/param/waffle_pi.yaml
[1.247s] -- Installing: /home/doozy/ForkLift_AMR/install/turtlebot3_navigation2/share/turtlebot3_navigation2/param/burger.yaml
[1.248s] -- Installing: /home/doozy/ForkLift_AMR/install/turtlebot3_navigation2/share/turtlebot3_navigation2/param/waffle.yaml
[1.248s] -- Installing: /home/doozy/ForkLift_AMR/install/turtlebot3_navigation2/share/turtlebot3_navigation2/rviz
[1.248s] -- Installing: /home/doozy/ForkLift_AMR/install/turtlebot3_navigation2/share/turtlebot3_navigation2/rviz/tb3_navigation2.rviz
[1.249s] -- Installing: /home/doozy/ForkLift_AMR/install/turtlebot3_navigation2/share/ament_index/resource_index/package_run_dependencies/turtlebot3_navigation2
[1.249s] -- Installing: /home/doozy/ForkLift_AMR/install/turtlebot3_navigation2/share/ament_index/resource_index/parent_prefix_path/turtlebot3_navigation2
[1.249s] -- Installing: /home/doozy/ForkLift_AMR/install/turtlebot3_navigation2/share/turtlebot3_navigation2/environment/ament_prefix_path.sh
[1.249s] -- Installing: /home/doozy/ForkLift_AMR/install/turtlebot3_navigation2/share/turtlebot3_navigation2/environment/ament_prefix_path.dsv
[1.249s] -- Installing: /home/doozy/ForkLift_AMR/install/turtlebot3_navigation2/share/turtlebot3_navigation2/environment/path.sh
[1.249s] -- Installing: /home/doozy/ForkLift_AMR/install/turtlebot3_navigation2/share/turtlebot3_navigation2/environment/path.dsv
[1.249s] -- Installing: /home/doozy/ForkLift_AMR/install/turtlebot3_navigation2/share/turtlebot3_navigation2/local_setup.bash
[1.250s] -- Installing: /home/doozy/ForkLift_AMR/install/turtlebot3_navigation2/share/turtlebot3_navigation2/local_setup.sh
[1.250s] -- Installing: /home/doozy/ForkLift_AMR/install/turtlebot3_navigation2/share/turtlebot3_navigation2/local_setup.zsh
[1.250s] -- Installing: /home/doozy/ForkLift_AMR/install/turtlebot3_navigation2/share/turtlebot3_navigation2/local_setup.dsv
[1.250s] -- Installing: /home/doozy/ForkLift_AMR/install/turtlebot3_navigation2/share/turtlebot3_navigation2/package.dsv
[1.250s] -- Installing: /home/doozy/ForkLift_AMR/install/turtlebot3_navigation2/share/ament_index/resource_index/packages/turtlebot3_navigation2
[1.250s] -- Installing: /home/doozy/ForkLift_AMR/install/turtlebot3_navigation2/share/turtlebot3_navigation2/cmake/turtlebot3_navigation2Config.cmake
[1.251s] -- Installing: /home/doozy/ForkLift_AMR/install/turtlebot3_navigation2/share/turtlebot3_navigation2/cmake/turtlebot3_navigation2Config-version.cmake
[1.251s] -- Installing: /home/doozy/ForkLift_AMR/install/turtlebot3_navigation2/share/turtlebot3_navigation2/package.xml
[1.256s] Invoked command in '/home/doozy/ForkLift_AMR/build/turtlebot3_navigation2' returned '0': CMAKE_PREFIX_PATH=${CMAKE_PREFIX_PATH}:/home/doozy/ForkLift_AMR/install/turtlebot3_teleop:/home/doozy/ForkLift_AMR/install/turtlebot3_example:/home/doozy/ForkLift_AMR/install/doozy_forklift:/home/doozy/turtlebot3_ws/install/turtlebot3_teleop:/home/doozy/turtlebot3_ws/install/turtlebot3_example:/home/doozy/turtlebot3_ws/install/autonomous_tb3:/home/doozy/doozy_ws/install/task_py:/home/doozy/ros2_ws/install/hotel_package:/home/doozy/ros2_ws/install/deffy:/home/doozy/do_ws/install/task_py:/home/doozy/neuronbot2_ros2_ws/install/neuronbot2_led:/opt/ros/humble /usr/bin/cmake --install /home/doozy/ForkLift_AMR/build/turtlebot3_navigation2
