[0.638s] Invoking command in '/home/avinaash/ForkLift_AMR/src/doozy_forklift': PYTHONPATH=/home/avinaash/ForkLift_AMR/build/doozy_forklift/prefix_override:/home/avinaash/ForkLift_AMR/install/doozy_forklift/lib/python3.8/site-packages:${PYTHONPATH} /usr/bin/python3 -W ignore:setup.py install is deprecated setup.py egg_info --egg-base ../../build/doozy_forklift build --build-base /home/avinaash/ForkLift_AMR/build/doozy_forklift/build install --record /home/avinaash/ForkLift_AMR/build/doozy_forklift/install.log --single-version-externally-managed install_data
[0.795s] running egg_info
[0.795s] writing ../../build/doozy_forklift/doozy_forklift.egg-info/PKG-INFO
[0.795s] writing dependency_links to ../../build/doozy_forklift/doozy_forklift.egg-info/dependency_links.txt
[0.795s] writing entry points to ../../build/doozy_forklift/doozy_forklift.egg-info/entry_points.txt
[0.795s] writing requirements to ../../build/doozy_forklift/doozy_forklift.egg-info/requires.txt
[0.796s] writing top-level names to ../../build/doozy_forklift/doozy_forklift.egg-info/top_level.txt
[0.818s] reading manifest file '../../build/doozy_forklift/doozy_forklift.egg-info/SOURCES.txt'
[0.818s] writing manifest file '../../build/doozy_forklift/doozy_forklift.egg-info/SOURCES.txt'
[0.819s] running build
[0.819s] running build_py
[0.819s] copying doozy_forklift/dock_with_pallet_03.py -> /home/avinaash/ForkLift_AMR/build/doozy_forklift/build/lib/doozy_forklift
[0.819s] running install
[0.820s] running install_lib
[0.820s] copying /home/avinaash/ForkLift_AMR/build/doozy_forklift/build/lib/doozy_forklift/dock_with_pallet_03.py -> /home/avinaash/ForkLift_AMR/install/doozy_forklift/lib/python3.8/site-packages/doozy_forklift
[0.821s] byte-compiling /home/avinaash/ForkLift_AMR/install/doozy_forklift/lib/python3.8/site-packages/doozy_forklift/dock_with_pallet_03.py to dock_with_pallet_03.cpython-38.pyc
[0.823s] running install_data
[0.823s] running install_egg_info
[0.824s] removing '/home/avinaash/ForkLift_AMR/install/doozy_forklift/lib/python3.8/site-packages/doozy_forklift-0.0.0-py3.8.egg-info' (and everything under it)
[0.824s] Copying ../../build/doozy_forklift/doozy_forklift.egg-info to /home/avinaash/ForkLift_AMR/install/doozy_forklift/lib/python3.8/site-packages/doozy_forklift-0.0.0-py3.8.egg-info
[0.825s] running install_scripts
[0.838s] Installing Client_01 script to /home/avinaash/ForkLift_AMR/install/doozy_forklift/lib/doozy_forklift
[0.838s] Installing Client_02 script to /home/avinaash/ForkLift_AMR/install/doozy_forklift/lib/doozy_forklift
[0.838s] Installing Client_03 script to /home/avinaash/ForkLift_AMR/install/doozy_forklift/lib/doozy_forklift
[0.838s] Installing Detect_Pallet_01 script to /home/avinaash/ForkLift_AMR/install/doozy_forklift/lib/doozy_forklift
[0.838s] Installing Dock_with_Pallet_01 script to /home/avinaash/ForkLift_AMR/install/doozy_forklift/lib/doozy_forklift
[0.838s] Installing Dock_with_Pallet_02 script to /home/avinaash/ForkLift_AMR/install/doozy_forklift/lib/doozy_forklift
[0.839s] Installing Dock_with_Pallet_03 script to /home/avinaash/ForkLift_AMR/install/doozy_forklift/lib/doozy_forklift
[0.839s] Installing Publish_TF script to /home/avinaash/ForkLift_AMR/install/doozy_forklift/lib/doozy_forklift
[0.839s] Installing Publish_TF_2 script to /home/avinaash/ForkLift_AMR/install/doozy_forklift/lib/doozy_forklift
[0.839s] writing list of installed files to '/home/avinaash/ForkLift_AMR/build/doozy_forklift/install.log'
[0.857s] Invoked command in '/home/avinaash/ForkLift_AMR/src/doozy_forklift' returned '0': PYTHONPATH=/home/avinaash/ForkLift_AMR/build/doozy_forklift/prefix_override:/home/avinaash/ForkLift_AMR/install/doozy_forklift/lib/python3.8/site-packages:${PYTHONPATH} /usr/bin/python3 -W ignore:setup.py install is deprecated setup.py egg_info --egg-base ../../build/doozy_forklift build --build-base /home/avinaash/ForkLift_AMR/build/doozy_forklift/build install --record /home/avinaash/ForkLift_AMR/build/doozy_forklift/install.log --single-version-externally-managed install_data
