[0.176s] Invoking command in '/home/avinaash/ForkLift_AMR/build/sick_visionary_t_mini': CMAKE_PREFIX_PATH=${CMAKE_PREFIX_PATH}:/home/avinaash/ForkLift_AMR/install/doozy_forklift:/opt/ros/galactic /usr/bin/cmake /home/avinaash/ForkLift_AMR/src/sick_visionary_t_mini -DCMAKE_INSTALL_PREFIX=/home/avinaash/ForkLift_AMR/install/sick_visionary_t_mini
[0.220s] -- The C compiler identification is GNU 9.4.0
[0.258s] -- The CXX compiler identification is GNU 9.4.0
[0.261s] -- Check for working C compiler: /usr/bin/cc
[0.316s] -- Check for working C compiler: /usr/bin/cc -- works
[0.317s] -- Detecting C compiler ABI info
[0.375s] -- Detecting C compiler ABI info - done
[0.382s] -- Detecting C compile features
[0.383s] -- Detecting C compile features - done
[0.384s] -- Check for working CXX compiler: /usr/bin/c++
[0.449s] -- Check for working CXX compiler: /usr/bin/c++ -- works
[0.451s] -- Detecting CXX compiler ABI info
[0.531s] -- Detecting CXX compiler ABI info - done
[0.543s] -- Detecting CXX compile features
[0.543s] -- Detecting CXX compile features - done
[0.544s] -- Found ament_cmake: 1.1.6 (/opt/ros/galactic/share/ament_cmake/cmake)
[0.570s] -- Found PythonInterp: /usr/bin/python3 (found suitable version "3.8.10", minimum required is "3") 
[0.570s] -- Using PYTHON_EXECUTABLE: /usr/bin/python3
[0.631s] -- Found std_msgs: 2.2.4 (/opt/ros/galactic/share/std_msgs/cmake)
[0.650s] -- Using all available rosidl_typesupport_c: rosidl_typesupport_fastrtps_c;rosidl_typesupport_introspection_c
[0.654s] -- Found rosidl_adapter: 2.2.3 (/opt/ros/galactic/share/rosidl_adapter/cmake)
[0.709s] -- Found OpenSSL: /usr/lib/x86_64-linux-gnu/libcrypto.so (found version "1.1.1f")  
[0.732s] -- Found FastRTPS: /opt/ros/galactic/include  
[0.792s] -- Using all available rosidl_typesupport_cpp: rosidl_typesupport_fastrtps_cpp;rosidl_typesupport_introspection_cpp
[0.822s] -- Found geometry_msgs: 2.2.4 (/opt/ros/galactic/share/geometry_msgs/cmake)
[0.844s] -- Found rclpy: 1.9.3 (/opt/ros/galactic/share/rclpy/cmake)
[0.845s] -- Found rosidl_default_generators: 1.1.1 (/opt/ros/galactic/share/rosidl_default_generators/cmake)
[0.853s] -- Found ament_lint_auto: 0.10.7 (/opt/ros/galactic/share/ament_lint_auto/cmake)
[0.932s] -- Found PythonInterp: /usr/bin/python3 (found version "3.8.10") 
[1.018s] -- Found ament_cmake_ros: 0.9.2 (/opt/ros/galactic/share/ament_cmake_ros/cmake)
[1.182s] -- Using all available rosidl_typesupport_c: rosidl_typesupport_fastrtps_c;rosidl_typesupport_introspection_c
[1.248s] -- Using all available rosidl_typesupport_cpp: rosidl_typesupport_fastrtps_cpp;rosidl_typesupport_introspection_cpp
[1.269s] -- Found PythonInterp: /usr/bin/python3 (found suitable version "3.8.10", minimum required is "3.5") 
[1.271s] -- Found python_cmake_module: 0.8.1 (/opt/ros/galactic/share/python_cmake_module/cmake)
[1.293s] -- Found PythonLibs: /usr/lib/x86_64-linux-gnu/libpython3.8.so (found suitable version "3.8.10", minimum required is "3.5") 
[1.293s] -- Using PYTHON_EXECUTABLE: /usr/bin/python3
[1.293s] -- Using PYTHON_INCLUDE_DIRS: /usr/include/python3.8
[1.293s] -- Using PYTHON_LIBRARIES: /usr/lib/x86_64-linux-gnu/libpython3.8.so
[1.308s] -- Found PythonExtra: .so  
[1.366s] -- Added test 'copyright' to check source files copyright and LICENSE
[1.367s] -- Added test 'lint_cmake' to check CMake code style
[1.367s] -- Added test 'xmllint' to check XML markup files
[1.372s] -- Configuring done
[1.403s] -- Generating done
[1.405s] -- Build files have been written to: /home/avinaash/ForkLift_AMR/build/sick_visionary_t_mini
[1.413s] Invoked command in '/home/avinaash/ForkLift_AMR/build/sick_visionary_t_mini' returned '0': CMAKE_PREFIX_PATH=${CMAKE_PREFIX_PATH}:/home/avinaash/ForkLift_AMR/install/doozy_forklift:/opt/ros/galactic /usr/bin/cmake /home/avinaash/ForkLift_AMR/src/sick_visionary_t_mini -DCMAKE_INSTALL_PREFIX=/home/avinaash/ForkLift_AMR/install/sick_visionary_t_mini
[1.415s] Invoking command in '/home/avinaash/ForkLift_AMR/build/sick_visionary_t_mini': CMAKE_PREFIX_PATH=${CMAKE_PREFIX_PATH}:/home/avinaash/ForkLift_AMR/install/doozy_forklift:/opt/ros/galactic /usr/bin/cmake --build /home/avinaash/ForkLift_AMR/build/sick_visionary_t_mini -- -j16 -l16
[1.457s] [  3%] [34m[1mGenerating C code for ROS interfaces[0m
[1.458s] [35m[1mScanning dependencies of target sick_visionary_t_mini__cpp[0m
[1.468s] [  6%] [34m[1mGenerating C++ code for ROS interfaces[0m
[1.618s] [35m[1mScanning dependencies of target sick_visionary_t_mini__rosidl_generator_c[0m
[1.629s] [  9%] [32mBuilding C object CMakeFiles/sick_visionary_t_mini__rosidl_generator_c.dir/rosidl_generator_c/sick_visionary_t_mini/msg/detail/sick_t_mini__functions.c.o[0m
[1.634s] [  9%] Built target sick_visionary_t_mini__cpp
[1.642s] [ 12%] [34m[1mGenerating C++ introspection for ROS interfaces[0m
[1.643s] [ 16%] [34m[1mGenerating C++ type support for eProsima Fast-RTPS[0m
[1.645s] [ 19%] [34m[1mGenerating C++ type support dispatch for ROS interfaces[0m
[1.663s] [ 22%] [32m[1mLinking C shared library libsick_visionary_t_mini__rosidl_generator_c.so[0m
[1.698s] [ 22%] Built target sick_visionary_t_mini__rosidl_generator_c
[1.706s] [ 25%] [34m[1mGenerating C type support dispatch for ROS interfaces[0m
[1.707s] [ 29%] [34m[1mGenerating C introspection for ROS interfaces[0m
[1.792s] [35m[1mScanning dependencies of target sick_visionary_t_mini__rosidl_typesupport_introspection_cpp[0m
[1.803s] [ 32%] [32mBuilding CXX object CMakeFiles/sick_visionary_t_mini__rosidl_typesupport_introspection_cpp.dir/rosidl_typesupport_introspection_cpp/sick_visionary_t_mini/msg/detail/sick_t_mini__type_support.cpp.o[0m
[1.816s] [35m[1mScanning dependencies of target sick_visionary_t_mini__rosidl_typesupport_fastrtps_cpp[0m
[1.821s] [35m[1mScanning dependencies of target sick_visionary_t_mini__rosidl_typesupport_cpp[0m
[1.831s] [ 35%] [32mBuilding CXX object CMakeFiles/sick_visionary_t_mini__rosidl_typesupport_fastrtps_cpp.dir/rosidl_typesupport_fastrtps_cpp/sick_visionary_t_mini/msg/detail/dds_fastrtps/sick_t_mini__type_support.cpp.o[0m
[1.835s] [ 38%] [32mBuilding CXX object CMakeFiles/sick_visionary_t_mini__rosidl_typesupport_cpp.dir/rosidl_typesupport_cpp/sick_visionary_t_mini/msg/sick_t_mini__type_support.cpp.o[0m
[1.853s] [35m[1mScanning dependencies of target sick_visionary_t_mini__rosidl_typesupport_c[0m
[1.866s] [ 41%] [32mBuilding CXX object CMakeFiles/sick_visionary_t_mini__rosidl_typesupport_c.dir/rosidl_typesupport_c/sick_visionary_t_mini/msg/sick_t_mini__type_support.cpp.o[0m
[1.875s] [35m[1mScanning dependencies of target sick_visionary_t_mini__rosidl_typesupport_introspection_c[0m
[1.891s] [ 45%] [32mBuilding C object CMakeFiles/sick_visionary_t_mini__rosidl_typesupport_introspection_c.dir/rosidl_typesupport_introspection_c/sick_visionary_t_mini/msg/detail/sick_t_mini__type_support.c.o[0m
[1.898s] [ 48%] [32m[1mLinking CXX shared library libsick_visionary_t_mini__rosidl_typesupport_c.so[0m
[1.917s] [ 51%] [32m[1mLinking C shared library libsick_visionary_t_mini__rosidl_typesupport_introspection_c.so[0m
[1.930s] [ 51%] Built target sick_visionary_t_mini__rosidl_typesupport_c
[1.947s] [ 51%] Built target sick_visionary_t_mini__rosidl_typesupport_introspection_c
[2.026s] [ 54%] [32m[1mLinking CXX shared library libsick_visionary_t_mini__rosidl_typesupport_introspection_cpp.so[0m
[2.052s] [ 58%] [32m[1mLinking CXX shared library libsick_visionary_t_mini__rosidl_typesupport_cpp.so[0m
[2.084s] [ 58%] Built target sick_visionary_t_mini__rosidl_typesupport_introspection_cpp
[2.084s] [ 58%] Built target sick_visionary_t_mini__rosidl_typesupport_cpp
[2.159s] [ 61%] [32m[1mLinking CXX shared library libsick_visionary_t_mini__rosidl_typesupport_fastrtps_cpp.so[0m
[2.233s] [ 61%] Built target sick_visionary_t_mini__rosidl_typesupport_fastrtps_cpp
[2.242s] [ 64%] [34m[1mGenerating C type support for eProsima Fast-RTPS[0m
[2.410s] [35m[1mScanning dependencies of target sick_visionary_t_mini__rosidl_typesupport_fastrtps_c[0m
[2.426s] [ 67%] [32mBuilding CXX object CMakeFiles/sick_visionary_t_mini__rosidl_typesupport_fastrtps_c.dir/rosidl_typesupport_fastrtps_c/sick_visionary_t_mini/msg/detail/sick_t_mini__type_support_c.cpp.o[0m
[2.674s] [ 70%] [32m[1mLinking CXX shared library libsick_visionary_t_mini__rosidl_typesupport_fastrtps_c.so[0m
[2.743s] [ 70%] Built target sick_visionary_t_mini__rosidl_typesupport_fastrtps_c
[2.751s] [35m[1mScanning dependencies of target sick_visionary_t_mini[0m
[2.761s] [ 70%] Built target sick_visionary_t_mini
[2.772s] [35m[1mScanning dependencies of target sick_visionary_t_mini__py[0m
[2.784s] [ 74%] [34m[1mGenerating Python code for ROS interfaces[0m
[3.062s] [ 74%] Built target sick_visionary_t_mini__py
[3.073s] [35m[1mScanning dependencies of target sick_visionary_t_mini__python[0m
[3.090s] [ 77%] [32mBuilding C object CMakeFiles/sick_visionary_t_mini__python.dir/rosidl_generator_py/sick_visionary_t_mini/msg/_sick_t_mini_s.c.o[0m
[3.155s] [ 80%] [32m[1mLinking C shared library rosidl_generator_py/sick_visionary_t_mini/libsick_visionary_t_mini__python.so[0m
[3.195s] [ 80%] Built target sick_visionary_t_mini__python
[3.205s] [35m[1mScanning dependencies of target sick_visionary_t_mini__rosidl_typesupport_introspection_c__pyext[0m
[3.205s] [35m[1mScanning dependencies of target sick_visionary_t_mini__rosidl_typesupport_c__pyext[0m
[3.205s] [35m[1mScanning dependencies of target sick_visionary_t_mini__rosidl_typesupport_fastrtps_c__pyext[0m
[3.220s] [ 87%] [32mBuilding C object CMakeFiles/sick_visionary_t_mini__rosidl_typesupport_c__pyext.dir/rosidl_generator_py/sick_visionary_t_mini/_sick_visionary_t_mini_s.ep.rosidl_typesupport_c.c.o[0m
[3.220s] [ 87%] [32mBuilding C object CMakeFiles/sick_visionary_t_mini__rosidl_typesupport_fastrtps_c__pyext.dir/rosidl_generator_py/sick_visionary_t_mini/_sick_visionary_t_mini_s.ep.rosidl_typesupport_fastrtps_c.c.o[0m
[3.221s] [ 90%] [32mBuilding C object CMakeFiles/sick_visionary_t_mini__rosidl_typesupport_introspection_c__pyext.dir/rosidl_generator_py/sick_visionary_t_mini/_sick_visionary_t_mini_s.ep.rosidl_typesupport_introspection_c.c.o[0m
[3.273s] [ 96%] [32m[1mLinking CXX shared library rosidl_generator_py/sick_visionary_t_mini/sick_visionary_t_mini_s__rosidl_typesupport_fastrtps_c.cpython-38-x86_64-linux-gnu.so[0m
[3.273s] [ 96%] [32m[1mLinking C shared library rosidl_generator_py/sick_visionary_t_mini/sick_visionary_t_mini_s__rosidl_typesupport_c.cpython-38-x86_64-linux-gnu.so[0m
[3.278s] [100%] [32m[1mLinking C shared library rosidl_generator_py/sick_visionary_t_mini/sick_visionary_t_mini_s__rosidl_typesupport_introspection_c.cpython-38-x86_64-linux-gnu.so[0m
[3.303s] [100%] Built target sick_visionary_t_mini__rosidl_typesupport_c__pyext
[3.317s] [100%] Built target sick_visionary_t_mini__rosidl_typesupport_introspection_c__pyext
[3.323s] [100%] Built target sick_visionary_t_mini__rosidl_typesupport_fastrtps_c__pyext
[3.336s] Invoked command in '/home/avinaash/ForkLift_AMR/build/sick_visionary_t_mini' returned '0': CMAKE_PREFIX_PATH=${CMAKE_PREFIX_PATH}:/home/avinaash/ForkLift_AMR/install/doozy_forklift:/opt/ros/galactic /usr/bin/cmake --build /home/avinaash/ForkLift_AMR/build/sick_visionary_t_mini -- -j16 -l16
[3.376s] Invoking command in '/home/avinaash/ForkLift_AMR/build/sick_visionary_t_mini': CMAKE_PREFIX_PATH=${CMAKE_PREFIX_PATH}:/home/avinaash/ForkLift_AMR/install/doozy_forklift:/opt/ros/galactic /usr/bin/cmake --install /home/avinaash/ForkLift_AMR/build/sick_visionary_t_mini
[3.386s] -- Install configuration: ""
[3.386s] -- Installing: /home/avinaash/ForkLift_AMR/install/sick_visionary_t_mini/share/ament_index/resource_index/rosidl_interfaces/sick_visionary_t_mini
[3.386s] -- Installing: /home/avinaash/ForkLift_AMR/install/sick_visionary_t_mini/include/sick_visionary_t_mini
[3.387s] -- Installing: /home/avinaash/ForkLift_AMR/install/sick_visionary_t_mini/include/sick_visionary_t_mini/msg
[3.387s] -- Installing: /home/avinaash/ForkLift_AMR/install/sick_visionary_t_mini/include/sick_visionary_t_mini/msg/sick_t_mini.h
[3.387s] -- Installing: /home/avinaash/ForkLift_AMR/install/sick_visionary_t_mini/include/sick_visionary_t_mini/msg/rosidl_generator_c__visibility_control.h
[3.387s] -- Installing: /home/avinaash/ForkLift_AMR/install/sick_visionary_t_mini/include/sick_visionary_t_mini/msg/detail
[3.387s] -- Installing: /home/avinaash/ForkLift_AMR/install/sick_visionary_t_mini/include/sick_visionary_t_mini/msg/detail/sick_t_mini__struct.h
[3.387s] -- Installing: /home/avinaash/ForkLift_AMR/install/sick_visionary_t_mini/include/sick_visionary_t_mini/msg/detail/sick_t_mini__functions.h
[3.387s] -- Installing: /home/avinaash/ForkLift_AMR/install/sick_visionary_t_mini/include/sick_visionary_t_mini/msg/detail/sick_t_mini__functions.c
[3.387s] -- Installing: /home/avinaash/ForkLift_AMR/install/sick_visionary_t_mini/include/sick_visionary_t_mini/msg/detail/sick_t_mini__type_support.h
[3.387s] -- Installing: /home/avinaash/ForkLift_AMR/install/sick_visionary_t_mini/share/sick_visionary_t_mini/environment/library_path.sh
[3.388s] -- Installing: /home/avinaash/ForkLift_AMR/install/sick_visionary_t_mini/share/sick_visionary_t_mini/environment/library_path.dsv
[3.388s] -- Installing: /home/avinaash/ForkLift_AMR/install/sick_visionary_t_mini/lib/libsick_visionary_t_mini__rosidl_generator_c.so
[3.388s] -- Set runtime path of "/home/avinaash/ForkLift_AMR/install/sick_visionary_t_mini/lib/libsick_visionary_t_mini__rosidl_generator_c.so" to ""
[3.388s] -- Up-to-date: /home/avinaash/ForkLift_AMR/install/sick_visionary_t_mini/include/sick_visionary_t_mini
[3.388s] -- Up-to-date: /home/avinaash/ForkLift_AMR/install/sick_visionary_t_mini/include/sick_visionary_t_mini/msg
[3.388s] -- Installing: /home/avinaash/ForkLift_AMR/install/sick_visionary_t_mini/include/sick_visionary_t_mini/msg/rosidl_typesupport_fastrtps_c__visibility_control.h
[3.388s] -- Up-to-date: /home/avinaash/ForkLift_AMR/install/sick_visionary_t_mini/include/sick_visionary_t_mini/msg/detail
[3.388s] -- Installing: /home/avinaash/ForkLift_AMR/install/sick_visionary_t_mini/include/sick_visionary_t_mini/msg/detail/sick_t_mini__rosidl_typesupport_fastrtps_c.h
[3.388s] -- Installing: /home/avinaash/ForkLift_AMR/install/sick_visionary_t_mini/lib/libsick_visionary_t_mini__rosidl_typesupport_fastrtps_c.so
[3.389s] -- Set runtime path of "/home/avinaash/ForkLift_AMR/install/sick_visionary_t_mini/lib/libsick_visionary_t_mini__rosidl_typesupport_fastrtps_c.so" to ""
[3.389s] -- Up-to-date: /home/avinaash/ForkLift_AMR/install/sick_visionary_t_mini/include/sick_visionary_t_mini
[3.389s] -- Up-to-date: /home/avinaash/ForkLift_AMR/install/sick_visionary_t_mini/include/sick_visionary_t_mini/msg
[3.389s] -- Up-to-date: /home/avinaash/ForkLift_AMR/install/sick_visionary_t_mini/include/sick_visionary_t_mini/msg/detail
[3.389s] -- Installing: /home/avinaash/ForkLift_AMR/install/sick_visionary_t_mini/include/sick_visionary_t_mini/msg/detail/sick_t_mini__rosidl_typesupport_fastrtps_cpp.hpp
[3.389s] -- Installing: /home/avinaash/ForkLift_AMR/install/sick_visionary_t_mini/include/sick_visionary_t_mini/msg/detail/dds_fastrtps
[3.389s] -- Installing: /home/avinaash/ForkLift_AMR/install/sick_visionary_t_mini/include/sick_visionary_t_mini/msg/rosidl_typesupport_fastrtps_cpp__visibility_control.h
[3.389s] -- Installing: /home/avinaash/ForkLift_AMR/install/sick_visionary_t_mini/lib/libsick_visionary_t_mini__rosidl_typesupport_fastrtps_cpp.so
[3.389s] -- Set runtime path of "/home/avinaash/ForkLift_AMR/install/sick_visionary_t_mini/lib/libsick_visionary_t_mini__rosidl_typesupport_fastrtps_cpp.so" to ""
[3.389s] -- Up-to-date: /home/avinaash/ForkLift_AMR/install/sick_visionary_t_mini/include/sick_visionary_t_mini
[3.390s] -- Up-to-date: /home/avinaash/ForkLift_AMR/install/sick_visionary_t_mini/include/sick_visionary_t_mini/msg
[3.390s] -- Installing: /home/avinaash/ForkLift_AMR/install/sick_visionary_t_mini/include/sick_visionary_t_mini/msg/rosidl_typesupport_introspection_c__visibility_control.h
[3.390s] -- Up-to-date: /home/avinaash/ForkLift_AMR/install/sick_visionary_t_mini/include/sick_visionary_t_mini/msg/detail
[3.390s] -- Installing: /home/avinaash/ForkLift_AMR/install/sick_visionary_t_mini/include/sick_visionary_t_mini/msg/detail/sick_t_mini__type_support.c
[3.390s] -- Installing: /home/avinaash/ForkLift_AMR/install/sick_visionary_t_mini/include/sick_visionary_t_mini/msg/detail/sick_t_mini__rosidl_typesupport_introspection_c.h
[3.390s] -- Installing: /home/avinaash/ForkLift_AMR/install/sick_visionary_t_mini/lib/libsick_visionary_t_mini__rosidl_typesupport_introspection_c.so
[3.390s] -- Set runtime path of "/home/avinaash/ForkLift_AMR/install/sick_visionary_t_mini/lib/libsick_visionary_t_mini__rosidl_typesupport_introspection_c.so" to ""
[3.390s] -- Installing: /home/avinaash/ForkLift_AMR/install/sick_visionary_t_mini/lib/libsick_visionary_t_mini__rosidl_typesupport_c.so
[3.390s] -- Set runtime path of "/home/avinaash/ForkLift_AMR/install/sick_visionary_t_mini/lib/libsick_visionary_t_mini__rosidl_typesupport_c.so" to ""
[3.390s] -- Up-to-date: /home/avinaash/ForkLift_AMR/install/sick_visionary_t_mini/include/sick_visionary_t_mini
[3.390s] -- Up-to-date: /home/avinaash/ForkLift_AMR/install/sick_visionary_t_mini/include/sick_visionary_t_mini/msg
[3.391s] -- Up-to-date: /home/avinaash/ForkLift_AMR/install/sick_visionary_t_mini/include/sick_visionary_t_mini/msg/detail
[3.391s] -- Installing: /home/avinaash/ForkLift_AMR/install/sick_visionary_t_mini/include/sick_visionary_t_mini/msg/detail/sick_t_mini__struct.hpp
[3.391s] -- Installing: /home/avinaash/ForkLift_AMR/install/sick_visionary_t_mini/include/sick_visionary_t_mini/msg/detail/sick_t_mini__traits.hpp
[3.391s] -- Installing: /home/avinaash/ForkLift_AMR/install/sick_visionary_t_mini/include/sick_visionary_t_mini/msg/detail/sick_t_mini__builder.hpp
[3.391s] -- Installing: /home/avinaash/ForkLift_AMR/install/sick_visionary_t_mini/include/sick_visionary_t_mini/msg/sick_t_mini.hpp
[3.391s] -- Up-to-date: /home/avinaash/ForkLift_AMR/install/sick_visionary_t_mini/include/sick_visionary_t_mini
[3.391s] -- Up-to-date: /home/avinaash/ForkLift_AMR/install/sick_visionary_t_mini/include/sick_visionary_t_mini/msg
[3.391s] -- Up-to-date: /home/avinaash/ForkLift_AMR/install/sick_visionary_t_mini/include/sick_visionary_t_mini/msg/detail
[3.391s] -- Installing: /home/avinaash/ForkLift_AMR/install/sick_visionary_t_mini/include/sick_visionary_t_mini/msg/detail/sick_t_mini__rosidl_typesupport_introspection_cpp.hpp
[3.391s] -- Installing: /home/avinaash/ForkLift_AMR/install/sick_visionary_t_mini/include/sick_visionary_t_mini/msg/detail/sick_t_mini__type_support.cpp
[3.391s] -- Installing: /home/avinaash/ForkLift_AMR/install/sick_visionary_t_mini/lib/libsick_visionary_t_mini__rosidl_typesupport_introspection_cpp.so
[3.391s] -- Set runtime path of "/home/avinaash/ForkLift_AMR/install/sick_visionary_t_mini/lib/libsick_visionary_t_mini__rosidl_typesupport_introspection_cpp.so" to ""
[3.392s] -- Installing: /home/avinaash/ForkLift_AMR/install/sick_visionary_t_mini/lib/libsick_visionary_t_mini__rosidl_typesupport_cpp.so
[3.392s] -- Set runtime path of "/home/avinaash/ForkLift_AMR/install/sick_visionary_t_mini/lib/libsick_visionary_t_mini__rosidl_typesupport_cpp.so" to ""
[3.392s] -- Installing: /home/avinaash/ForkLift_AMR/install/sick_visionary_t_mini/share/sick_visionary_t_mini/environment/pythonpath.sh
[3.392s] -- Installing: /home/avinaash/ForkLift_AMR/install/sick_visionary_t_mini/share/sick_visionary_t_mini/environment/pythonpath.dsv
[3.392s] -- Installing: /home/avinaash/ForkLift_AMR/install/sick_visionary_t_mini/lib/python3.8/site-packages/sick_visionary_t_mini/__init__.py
[3.412s] Compiling '/home/avinaash/ForkLift_AMR/install/sick_visionary_t_mini/lib/python3.8/site-packages/sick_visionary_t_mini/__init__.py'...
[3.414s] -- Installing: /home/avinaash/ForkLift_AMR/install/sick_visionary_t_mini/lib/python3.8/site-packages/sick_visionary_t_mini/msg
[3.414s] -- Installing: /home/avinaash/ForkLift_AMR/install/sick_visionary_t_mini/lib/python3.8/site-packages/sick_visionary_t_mini/msg/_sick_t_mini.py
[3.414s] -- Installing: /home/avinaash/ForkLift_AMR/install/sick_visionary_t_mini/lib/python3.8/site-packages/sick_visionary_t_mini/msg/__init__.py
[3.415s] -- Installing: /home/avinaash/ForkLift_AMR/install/sick_visionary_t_mini/lib/python3.8/site-packages/sick_visionary_t_mini/msg/_sick_t_mini_s.c
[3.415s] -- Installing: /home/avinaash/ForkLift_AMR/install/sick_visionary_t_mini/lib/python3.8/site-packages/sick_visionary_t_mini/sick_visionary_t_mini_s__rosidl_typesupport_fastrtps_c.cpython-38-x86_64-linux-gnu.so
[3.415s] -- Set runtime path of "/home/avinaash/ForkLift_AMR/install/sick_visionary_t_mini/lib/python3.8/site-packages/sick_visionary_t_mini/sick_visionary_t_mini_s__rosidl_typesupport_fastrtps_c.cpython-38-x86_64-linux-gnu.so" to ""
[3.415s] -- Installing: /home/avinaash/ForkLift_AMR/install/sick_visionary_t_mini/lib/python3.8/site-packages/sick_visionary_t_mini/sick_visionary_t_mini_s__rosidl_typesupport_introspection_c.cpython-38-x86_64-linux-gnu.so
[3.416s] -- Set runtime path of "/home/avinaash/ForkLift_AMR/install/sick_visionary_t_mini/lib/python3.8/site-packages/sick_visionary_t_mini/sick_visionary_t_mini_s__rosidl_typesupport_introspection_c.cpython-38-x86_64-linux-gnu.so" to ""
[3.416s] -- Installing: /home/avinaash/ForkLift_AMR/install/sick_visionary_t_mini/lib/python3.8/site-packages/sick_visionary_t_mini/sick_visionary_t_mini_s__rosidl_typesupport_c.cpython-38-x86_64-linux-gnu.so
[3.416s] -- Set runtime path of "/home/avinaash/ForkLift_AMR/install/sick_visionary_t_mini/lib/python3.8/site-packages/sick_visionary_t_mini/sick_visionary_t_mini_s__rosidl_typesupport_c.cpython-38-x86_64-linux-gnu.so" to ""
[3.416s] -- Installing: /home/avinaash/ForkLift_AMR/install/sick_visionary_t_mini/lib/libsick_visionary_t_mini__python.so
[3.417s] -- Set runtime path of "/home/avinaash/ForkLift_AMR/install/sick_visionary_t_mini/lib/libsick_visionary_t_mini__python.so" to ""
[3.417s] -- Installing: /home/avinaash/ForkLift_AMR/install/sick_visionary_t_mini/share/sick_visionary_t_mini/msg/SickTMini.idl
[3.417s] -- Installing: /home/avinaash/ForkLift_AMR/install/sick_visionary_t_mini/share/sick_visionary_t_mini/msg/SickTMini.msg
[3.417s] -- Installing: /home/avinaash/ForkLift_AMR/install/sick_visionary_t_mini/share/ament_index/resource_index/package_run_dependencies/sick_visionary_t_mini
[3.417s] -- Installing: /home/avinaash/ForkLift_AMR/install/sick_visionary_t_mini/share/ament_index/resource_index/parent_prefix_path/sick_visionary_t_mini
[3.417s] -- Installing: /home/avinaash/ForkLift_AMR/install/sick_visionary_t_mini/share/sick_visionary_t_mini/environment/ament_prefix_path.sh
[3.417s] -- Installing: /home/avinaash/ForkLift_AMR/install/sick_visionary_t_mini/share/sick_visionary_t_mini/environment/ament_prefix_path.dsv
[3.418s] -- Installing: /home/avinaash/ForkLift_AMR/install/sick_visionary_t_mini/share/sick_visionary_t_mini/environment/path.sh
[3.418s] -- Installing: /home/avinaash/ForkLift_AMR/install/sick_visionary_t_mini/share/sick_visionary_t_mini/environment/path.dsv
[3.418s] -- Installing: /home/avinaash/ForkLift_AMR/install/sick_visionary_t_mini/share/sick_visionary_t_mini/local_setup.bash
[3.418s] -- Installing: /home/avinaash/ForkLift_AMR/install/sick_visionary_t_mini/share/sick_visionary_t_mini/local_setup.sh
[3.418s] -- Installing: /home/avinaash/ForkLift_AMR/install/sick_visionary_t_mini/share/sick_visionary_t_mini/local_setup.zsh
[3.418s] -- Installing: /home/avinaash/ForkLift_AMR/install/sick_visionary_t_mini/share/sick_visionary_t_mini/local_setup.dsv
[3.418s] -- Installing: /home/avinaash/ForkLift_AMR/install/sick_visionary_t_mini/share/sick_visionary_t_mini/package.dsv
[3.418s] -- Installing: /home/avinaash/ForkLift_AMR/install/sick_visionary_t_mini/share/ament_index/resource_index/packages/sick_visionary_t_mini
[3.419s] -- Installing: /home/avinaash/ForkLift_AMR/install/sick_visionary_t_mini/share/sick_visionary_t_mini/cmake/sick_visionary_t_mini__rosidl_generator_cExport.cmake
[3.419s] -- Installing: /home/avinaash/ForkLift_AMR/install/sick_visionary_t_mini/share/sick_visionary_t_mini/cmake/sick_visionary_t_mini__rosidl_generator_cExport-noconfig.cmake
[3.419s] -- Installing: /home/avinaash/ForkLift_AMR/install/sick_visionary_t_mini/share/sick_visionary_t_mini/cmake/sick_visionary_t_mini__rosidl_typesupport_introspection_cExport.cmake
[3.419s] -- Installing: /home/avinaash/ForkLift_AMR/install/sick_visionary_t_mini/share/sick_visionary_t_mini/cmake/sick_visionary_t_mini__rosidl_typesupport_introspection_cExport-noconfig.cmake
[3.419s] -- Installing: /home/avinaash/ForkLift_AMR/install/sick_visionary_t_mini/share/sick_visionary_t_mini/cmake/sick_visionary_t_mini__rosidl_typesupport_cExport.cmake
[3.419s] -- Installing: /home/avinaash/ForkLift_AMR/install/sick_visionary_t_mini/share/sick_visionary_t_mini/cmake/sick_visionary_t_mini__rosidl_typesupport_cExport-noconfig.cmake
[3.419s] -- Installing: /home/avinaash/ForkLift_AMR/install/sick_visionary_t_mini/share/sick_visionary_t_mini/cmake/sick_visionary_t_mini__rosidl_generator_cppExport.cmake
[3.420s] -- Installing: /home/avinaash/ForkLift_AMR/install/sick_visionary_t_mini/share/sick_visionary_t_mini/cmake/sick_visionary_t_mini__rosidl_typesupport_introspection_cppExport.cmake
[3.420s] -- Installing: /home/avinaash/ForkLift_AMR/install/sick_visionary_t_mini/share/sick_visionary_t_mini/cmake/sick_visionary_t_mini__rosidl_typesupport_introspection_cppExport-noconfig.cmake
[3.420s] -- Installing: /home/avinaash/ForkLift_AMR/install/sick_visionary_t_mini/share/sick_visionary_t_mini/cmake/sick_visionary_t_mini__rosidl_typesupport_cppExport.cmake
[3.420s] -- Installing: /home/avinaash/ForkLift_AMR/install/sick_visionary_t_mini/share/sick_visionary_t_mini/cmake/sick_visionary_t_mini__rosidl_typesupport_cppExport-noconfig.cmake
[3.420s] -- Installing: /home/avinaash/ForkLift_AMR/install/sick_visionary_t_mini/share/sick_visionary_t_mini/cmake/rosidl_cmake-extras.cmake
[3.420s] -- Installing: /home/avinaash/ForkLift_AMR/install/sick_visionary_t_mini/share/sick_visionary_t_mini/cmake/ament_cmake_export_dependencies-extras.cmake
[3.421s] -- Installing: /home/avinaash/ForkLift_AMR/install/sick_visionary_t_mini/share/sick_visionary_t_mini/cmake/ament_cmake_export_libraries-extras.cmake
[3.421s] -- Installing: /home/avinaash/ForkLift_AMR/install/sick_visionary_t_mini/share/sick_visionary_t_mini/cmake/ament_cmake_export_targets-extras.cmake
[3.421s] -- Installing: /home/avinaash/ForkLift_AMR/install/sick_visionary_t_mini/share/sick_visionary_t_mini/cmake/ament_cmake_export_include_directories-extras.cmake
[3.421s] -- Installing: /home/avinaash/ForkLift_AMR/install/sick_visionary_t_mini/share/sick_visionary_t_mini/cmake/rosidl_cmake_export_typesupport_libraries-extras.cmake
[3.421s] -- Installing: /home/avinaash/ForkLift_AMR/install/sick_visionary_t_mini/share/sick_visionary_t_mini/cmake/rosidl_cmake_export_typesupport_targets-extras.cmake
[3.421s] -- Installing: /home/avinaash/ForkLift_AMR/install/sick_visionary_t_mini/share/sick_visionary_t_mini/cmake/sick_visionary_t_miniConfig.cmake
[3.421s] -- Installing: /home/avinaash/ForkLift_AMR/install/sick_visionary_t_mini/share/sick_visionary_t_mini/cmake/sick_visionary_t_miniConfig-version.cmake
[3.421s] -- Installing: /home/avinaash/ForkLift_AMR/install/sick_visionary_t_mini/share/sick_visionary_t_mini/package.xml
[3.424s] Invoked command in '/home/avinaash/ForkLift_AMR/build/sick_visionary_t_mini' returned '0': CMAKE_PREFIX_PATH=${CMAKE_PREFIX_PATH}:/home/avinaash/ForkLift_AMR/install/doozy_forklift:/opt/ros/galactic /usr/bin/cmake --install /home/avinaash/ForkLift_AMR/build/sick_visionary_t_mini
