[0.889s] Invoking command in '/home/doozy/ForkLift_AMR/src/doozy_forklift': PYTHONPATH=/home/doozy/ForkLift_AMR/build/doozy_forklift/prefix_override:/home/doozy/ForkLift_AMR/install/doozy_forklift/lib/python3.10/site-packages:${PYTHONPATH} /usr/bin/python3 -W ignore:setup.py install is deprecated setup.py egg_info --egg-base ../../build/doozy_forklift build --build-base /home/doozy/ForkLift_AMR/build/doozy_forklift/build install --record /home/doozy/ForkLift_AMR/build/doozy_forklift/install.log --single-version-externally-managed install_data
[1.118s] running egg_info
[1.135s] writing ../../build/doozy_forklift/doozy_forklift.egg-info/PKG-INFO
[1.136s] writing dependency_links to ../../build/doozy_forklift/doozy_forklift.egg-info/dependency_links.txt
[1.136s] writing entry points to ../../build/doozy_forklift/doozy_forklift.egg-info/entry_points.txt
[1.136s] writing requirements to ../../build/doozy_forklift/doozy_forklift.egg-info/requires.txt
[1.136s] writing top-level names to ../../build/doozy_forklift/doozy_forklift.egg-info/top_level.txt
[1.172s] reading manifest file '../../build/doozy_forklift/doozy_forklift.egg-info/SOURCES.txt'
[1.173s] writing manifest file '../../build/doozy_forklift/doozy_forklift.egg-info/SOURCES.txt'
[1.173s] running build
[1.173s] running build_py
[1.173s] copying doozy_forklift/client_02.py -> /home/doozy/ForkLift_AMR/build/doozy_forklift/build/lib/doozy_forklift
[1.173s] copying doozy_forklift/dock_with_pallet_08.py -> /home/doozy/ForkLift_AMR/build/doozy_forklift/build/lib/doozy_forklift
[1.173s] copying doozy_forklift/publish_tf_02.py -> /home/doozy/ForkLift_AMR/build/doozy_forklift/build/lib/doozy_forklift
[1.173s] copying doozy_forklift/dock_with_pallet_02.py -> /home/doozy/ForkLift_AMR/build/doozy_forklift/build/lib/doozy_forklift
[1.174s] copying doozy_forklift/client_01.py -> /home/doozy/ForkLift_AMR/build/doozy_forklift/build/lib/doozy_forklift
[1.174s] copying doozy_forklift/dock_with_pallet_05.py -> /home/doozy/ForkLift_AMR/build/doozy_forklift/build/lib/doozy_forklift
[1.174s] copying doozy_forklift/dock_undock_01.py -> /home/doozy/ForkLift_AMR/build/doozy_forklift/build/lib/doozy_forklift
[1.174s] copying doozy_forklift/dock_with_pallet_11.py -> /home/doozy/ForkLift_AMR/build/doozy_forklift/build/lib/doozy_forklift
[1.174s] copying doozy_forklift/dock_with_pallet_09.py -> /home/doozy/ForkLift_AMR/build/doozy_forklift/build/lib/doozy_forklift
[1.174s] copying doozy_forklift/dock_tree_01.py -> /home/doozy/ForkLift_AMR/build/doozy_forklift/build/lib/doozy_forklift
[1.174s] copying doozy_forklift/imu_publisher_01.py -> /home/doozy/ForkLift_AMR/build/doozy_forklift/build/lib/doozy_forklift
[1.175s] copying doozy_forklift/dock_with_pallet_07.py -> /home/doozy/ForkLift_AMR/build/doozy_forklift/build/lib/doozy_forklift
[1.175s] copying doozy_forklift/dock_with_pallet_10.py -> /home/doozy/ForkLift_AMR/build/doozy_forklift/build/lib/doozy_forklift
[1.175s] copying doozy_forklift/publish_tf_01.py -> /home/doozy/ForkLift_AMR/build/doozy_forklift/build/lib/doozy_forklift
[1.175s] copying doozy_forklift/detect_pallet_01.py -> /home/doozy/ForkLift_AMR/build/doozy_forklift/build/lib/doozy_forklift
[1.175s] copying doozy_forklift/dock_with_pallet_03.py -> /home/doozy/ForkLift_AMR/build/doozy_forklift/build/lib/doozy_forklift
[1.175s] copying doozy_forklift/dock_with_pallet_04.py -> /home/doozy/ForkLift_AMR/build/doozy_forklift/build/lib/doozy_forklift
[1.176s] copying doozy_forklift/client_03.py -> /home/doozy/ForkLift_AMR/build/doozy_forklift/build/lib/doozy_forklift
[1.176s] copying doozy_forklift/dock_with_pallet_01.py -> /home/doozy/ForkLift_AMR/build/doozy_forklift/build/lib/doozy_forklift
[1.176s] copying doozy_forklift/__init__.py -> /home/doozy/ForkLift_AMR/build/doozy_forklift/build/lib/doozy_forklift
[1.176s] copying doozy_forklift/imu_publisher_02.py -> /home/doozy/ForkLift_AMR/build/doozy_forklift/build/lib/doozy_forklift
[1.176s] copying doozy_forklift/dock_with_pallet_06.py -> /home/doozy/ForkLift_AMR/build/doozy_forklift/build/lib/doozy_forklift
[1.176s] running install
[1.181s] running install_lib
[1.199s] copying /home/doozy/ForkLift_AMR/build/doozy_forklift/build/lib/doozy_forklift/imu_publisher_02.py -> /home/doozy/ForkLift_AMR/install/doozy_forklift/lib/python3.10/site-packages/doozy_forklift
[1.200s] byte-compiling /home/doozy/ForkLift_AMR/install/doozy_forklift/lib/python3.10/site-packages/doozy_forklift/imu_publisher_02.py to imu_publisher_02.cpython-310.pyc
[1.200s] running install_data
[1.201s] copying resource/doozy_forklift -> /home/doozy/ForkLift_AMR/install/doozy_forklift/share/ament_index/resource_index/packages
[1.201s] copying package.xml -> /home/doozy/ForkLift_AMR/install/doozy_forklift/share/doozy_forklift
[1.201s] running install_egg_info
[1.219s] removing '/home/doozy/ForkLift_AMR/install/doozy_forklift/lib/python3.10/site-packages/doozy_forklift-0.0.0-py3.10.egg-info' (and everything under it)
[1.219s] Copying ../../build/doozy_forklift/doozy_forklift.egg-info to /home/doozy/ForkLift_AMR/install/doozy_forklift/lib/python3.10/site-packages/doozy_forklift-0.0.0-py3.10.egg-info
[1.220s] running install_scripts
[1.372s] Installing Client_01 script to /home/doozy/ForkLift_AMR/install/doozy_forklift/lib/doozy_forklift
[1.372s] Installing Client_02 script to /home/doozy/ForkLift_AMR/install/doozy_forklift/lib/doozy_forklift
[1.373s] Installing Client_03 script to /home/doozy/ForkLift_AMR/install/doozy_forklift/lib/doozy_forklift
[1.373s] Installing Detect_Pallet_01 script to /home/doozy/ForkLift_AMR/install/doozy_forklift/lib/doozy_forklift
[1.373s] Installing Dock_tree script to /home/doozy/ForkLift_AMR/install/doozy_forklift/lib/doozy_forklift
[1.373s] Installing Dock_with_Pallet_01 script to /home/doozy/ForkLift_AMR/install/doozy_forklift/lib/doozy_forklift
[1.373s] Installing Dock_with_Pallet_02 script to /home/doozy/ForkLift_AMR/install/doozy_forklift/lib/doozy_forklift
[1.373s] Installing Dock_with_Pallet_03 script to /home/doozy/ForkLift_AMR/install/doozy_forklift/lib/doozy_forklift
[1.374s] Installing Dock_with_Pallet_04 script to /home/doozy/ForkLift_AMR/install/doozy_forklift/lib/doozy_forklift
[1.374s] Installing Dock_with_Pallet_05 script to /home/doozy/ForkLift_AMR/install/doozy_forklift/lib/doozy_forklift
[1.374s] Installing Dock_with_Pallet_06 script to /home/doozy/ForkLift_AMR/install/doozy_forklift/lib/doozy_forklift
[1.374s] Installing Dock_with_Pallet_07 script to /home/doozy/ForkLift_AMR/install/doozy_forklift/lib/doozy_forklift
[1.374s] Installing Dock_with_Pallet_08 script to /home/doozy/ForkLift_AMR/install/doozy_forklift/lib/doozy_forklift
[1.374s] Installing Dock_with_Pallet_09 script to /home/doozy/ForkLift_AMR/install/doozy_forklift/lib/doozy_forklift
[1.375s] Installing Dock_with_Pallet_10 script to /home/doozy/ForkLift_AMR/install/doozy_forklift/lib/doozy_forklift
[1.375s] Installing Dock_with_Pallet_11 script to /home/doozy/ForkLift_AMR/install/doozy_forklift/lib/doozy_forklift
[1.375s] Installing Imu_pub script to /home/doozy/ForkLift_AMR/install/doozy_forklift/lib/doozy_forklift
[1.375s] Installing Imu_pub_2 script to /home/doozy/ForkLift_AMR/install/doozy_forklift/lib/doozy_forklift
[1.375s] Installing Publish_TF script to /home/doozy/ForkLift_AMR/install/doozy_forklift/lib/doozy_forklift
[1.375s] Installing Publish_TF_2 script to /home/doozy/ForkLift_AMR/install/doozy_forklift/lib/doozy_forklift
[1.375s] writing list of installed files to '/home/doozy/ForkLift_AMR/build/doozy_forklift/install.log'
[1.394s] Invoked command in '/home/doozy/ForkLift_AMR/src/doozy_forklift' returned '0': PYTHONPATH=/home/doozy/ForkLift_AMR/build/doozy_forklift/prefix_override:/home/doozy/ForkLift_AMR/install/doozy_forklift/lib/python3.10/site-packages:${PYTHONPATH} /usr/bin/python3 -W ignore:setup.py install is deprecated setup.py egg_info --egg-base ../../build/doozy_forklift build --build-base /home/doozy/ForkLift_AMR/build/doozy_forklift/build install --record /home/doozy/ForkLift_AMR/build/doozy_forklift/install.log --single-version-externally-managed install_data
