[0.185s] Invoking command in '/home/avinaash/ForkLift_AMR/build/forklift_interfaces': CMAKE_PREFIX_PATH=${CMAKE_PREFIX_PATH}:/home/avinaash/ForkLift_AMR/install/doozy_forklift:/home/avinaash/doozy_robotics/doozy_ws_2/install/pallet_robot:/home/avinaash/doozy_robotics/doozy_ws_2/install/pallet_docker_02:/opt/ros/galactic /usr/bin/cmake /home/avinaash/ForkLift_AMR/src/forklift_interfaces -DCMAKE_INSTALL_PREFIX=/home/avinaash/ForkLift_AMR/install/forklift_interfaces
[0.230s] -- The C compiler identification is GNU 9.4.0
[0.267s] -- The CXX compiler identification is GNU 9.4.0
[0.274s] -- Check for working C compiler: /usr/bin/cc
[0.327s] -- Check for working C compiler: /usr/bin/cc -- works
[0.328s] -- Detecting C compiler ABI info
[0.389s] -- Detecting C compiler ABI info - done
[0.399s] -- Detecting C compile features
[0.399s] -- Detecting C compile features - done
[0.401s] -- Check for working CXX compiler: /usr/bin/c++
[0.478s] -- Check for working CXX compiler: /usr/bin/c++ -- works
[0.479s] -- Detecting CXX compiler ABI info
[0.549s] -- Detecting CXX compiler ABI info - done
[0.559s] -- Detecting CXX compile features
[0.560s] -- Detecting CXX compile features - done
[0.562s] -- Found ament_cmake: 1.1.6 (/opt/ros/galactic/share/ament_cmake/cmake)
[0.586s] -- Found PythonInterp: /usr/bin/python3 (found suitable version "3.8.10", minimum required is "3") 
[0.588s] -- Using PYTHON_EXECUTABLE: /usr/bin/python3
[0.647s] -- Found rclpy: 1.9.3 (/opt/ros/galactic/share/rclpy/cmake)
[0.648s] -- Found rclcpp: 9.2.2 (/opt/ros/galactic/share/rclcpp/cmake)
[0.682s] -- Using all available rosidl_typesupport_c: rosidl_typesupport_fastrtps_c;rosidl_typesupport_introspection_c
[0.687s] -- Found rosidl_adapter: 2.2.3 (/opt/ros/galactic/share/rosidl_adapter/cmake)
[0.749s] -- Found OpenSSL: /usr/lib/x86_64-linux-gnu/libcrypto.so (found version "1.1.1f")  
[0.772s] -- Found FastRTPS: /opt/ros/galactic/include  
[0.829s] -- Using all available rosidl_typesupport_cpp: rosidl_typesupport_fastrtps_cpp;rosidl_typesupport_introspection_cpp
[0.869s] -- Found rmw_implementation_cmake: 3.3.1 (/opt/ros/galactic/share/rmw_implementation_cmake/cmake)
[0.872s] -- Found rmw_cyclonedds_cpp: 0.22.6 (/opt/ros/galactic/share/rmw_cyclonedds_cpp/cmake)
[0.885s] -- Using RMW implementation 'rmw_cyclonedds_cpp' as default
[0.886s] -- Looking for pthread.h
[0.961s] -- Looking for pthread.h - found
[0.961s] -- Performing Test CMAKE_HAVE_LIBC_PTHREAD
[1.035s] -- Performing Test CMAKE_HAVE_LIBC_PTHREAD - Failed
[1.035s] -- Looking for pthread_create in pthreads
[1.105s] -- Looking for pthread_create in pthreads - not found
[1.105s] -- Looking for pthread_create in pthread
[1.168s] -- Looking for pthread_create in pthread - found
[1.169s] -- Found Threads: TRUE  
[1.292s] -- Found geometry_msgs: 2.2.4 (/opt/ros/galactic/share/geometry_msgs/cmake)
[1.315s] -- Found example_interfaces: 0.9.2 (/opt/ros/galactic/share/example_interfaces/cmake)
[1.393s] -- Found rosidl_default_generators: 1.1.1 (/opt/ros/galactic/share/rosidl_default_generators/cmake)
[1.422s] -- Found PythonInterp: /usr/bin/python3 (found version "3.8.10") 
[1.529s] -- Found ament_cmake_ros: 0.9.2 (/opt/ros/galactic/share/ament_cmake_ros/cmake)
[1.626s] -- Using all available rosidl_typesupport_c: rosidl_typesupport_fastrtps_c;rosidl_typesupport_introspection_c
[1.631s] -- Using all available rosidl_typesupport_cpp: rosidl_typesupport_fastrtps_cpp;rosidl_typesupport_introspection_cpp
[1.655s] -- Found PythonInterp: /usr/bin/python3 (found suitable version "3.8.10", minimum required is "3.5") 
[1.657s] -- Found python_cmake_module: 0.8.1 (/opt/ros/galactic/share/python_cmake_module/cmake)
[1.687s] -- Found PythonLibs: /usr/lib/x86_64-linux-gnu/libpython3.8.so (found suitable version "3.8.10", minimum required is "3.5") 
[1.687s] -- Using PYTHON_EXECUTABLE: /usr/bin/python3
[1.687s] -- Using PYTHON_INCLUDE_DIRS: /usr/include/python3.8
[1.688s] -- Using PYTHON_LIBRARIES: /usr/lib/x86_64-linux-gnu/libpython3.8.so
[1.707s] -- Found PythonExtra: .so  
[1.748s] -- Found ament_lint_auto: 0.10.7 (/opt/ros/galactic/share/ament_lint_auto/cmake)
[1.764s] -- Added test 'copyright' to check source files copyright and LICENSE
[1.765s] -- Added test 'lint_cmake' to check CMake code style
[1.766s] -- Added test 'xmllint' to check XML markup files
[1.770s] -- Configuring done
[1.790s] -- Generating done
[1.792s] -- Build files have been written to: /home/avinaash/ForkLift_AMR/build/forklift_interfaces
[1.810s] Invoked command in '/home/avinaash/ForkLift_AMR/build/forklift_interfaces' returned '0': CMAKE_PREFIX_PATH=${CMAKE_PREFIX_PATH}:/home/avinaash/ForkLift_AMR/install/doozy_forklift:/home/avinaash/doozy_robotics/doozy_ws_2/install/pallet_robot:/home/avinaash/doozy_robotics/doozy_ws_2/install/pallet_docker_02:/opt/ros/galactic /usr/bin/cmake /home/avinaash/ForkLift_AMR/src/forklift_interfaces -DCMAKE_INSTALL_PREFIX=/home/avinaash/ForkLift_AMR/install/forklift_interfaces
[1.812s] Invoking command in '/home/avinaash/ForkLift_AMR/build/forklift_interfaces': CMAKE_PREFIX_PATH=${CMAKE_PREFIX_PATH}:/home/avinaash/ForkLift_AMR/install/doozy_forklift:/home/avinaash/doozy_robotics/doozy_ws_2/install/pallet_robot:/home/avinaash/doozy_robotics/doozy_ws_2/install/pallet_docker_02:/opt/ros/galactic /usr/bin/cmake --build /home/avinaash/ForkLift_AMR/build/forklift_interfaces -- -j16 -l16
[1.848s] [  3%] [34m[1mGenerating C code for ROS interfaces[0m
[1.848s] [35m[1mScanning dependencies of target forklift_interfaces__cpp[0m
[1.856s] [  6%] [34m[1mGenerating C++ code for ROS interfaces[0m
[2.055s] [35m[1mScanning dependencies of target forklift_interfaces__rosidl_generator_c[0m
[2.064s] [  6%] Built target forklift_interfaces__cpp
[2.069s] [  9%] [32mBuilding C object CMakeFiles/forklift_interfaces__rosidl_generator_c.dir/rosidl_generator_c/forklift_interfaces/srv/detail/fork_lift_dock__functions.c.o[0m
[2.071s] [ 16%] [34m[1mGenerating C++ type support dispatch for ROS interfaces[0m
[2.072s] [ 16%] [34m[1mGenerating C++ introspection for ROS interfaces[0m
[2.074s] [ 19%] [34m[1mGenerating C++ type support for eProsima Fast-RTPS[0m
[2.112s] [ 22%] [32m[1mLinking C shared library libforklift_interfaces__rosidl_generator_c.so[0m
[2.138s] [ 22%] Built target forklift_interfaces__rosidl_generator_c
[2.146s] [ 25%] [34m[1mGenerating C type support dispatch for ROS interfaces[0m
[2.149s] [ 29%] [34m[1mGenerating C introspection for ROS interfaces[0m
[2.264s] [35m[1mScanning dependencies of target forklift_interfaces__rosidl_typesupport_introspection_cpp[0m
[2.274s] [ 32%] [32mBuilding CXX object CMakeFiles/forklift_interfaces__rosidl_typesupport_introspection_cpp.dir/rosidl_typesupport_introspection_cpp/forklift_interfaces/srv/detail/fork_lift_dock__type_support.cpp.o[0m
[2.274s] [35m[1mScanning dependencies of target forklift_interfaces__rosidl_typesupport_fastrtps_cpp[0m
[2.292s] [ 35%] [32mBuilding CXX object CMakeFiles/forklift_interfaces__rosidl_typesupport_fastrtps_cpp.dir/rosidl_typesupport_fastrtps_cpp/forklift_interfaces/srv/detail/dds_fastrtps/fork_lift_dock__type_support.cpp.o[0m
[2.293s] [35m[1mScanning dependencies of target forklift_interfaces__rosidl_typesupport_cpp[0m
[2.311s] [ 38%] [32mBuilding CXX object CMakeFiles/forklift_interfaces__rosidl_typesupport_cpp.dir/rosidl_typesupport_cpp/forklift_interfaces/srv/fork_lift_dock__type_support.cpp.o[0m
[2.326s] [35m[1mScanning dependencies of target forklift_interfaces__rosidl_typesupport_c[0m
[2.337s] [ 41%] [32mBuilding CXX object CMakeFiles/forklift_interfaces__rosidl_typesupport_c.dir/rosidl_typesupport_c/forklift_interfaces/srv/fork_lift_dock__type_support.cpp.o[0m
[2.359s] [35m[1mScanning dependencies of target forklift_interfaces__rosidl_typesupport_introspection_c[0m
[2.369s] [ 45%] [32m[1mLinking CXX shared library libforklift_interfaces__rosidl_typesupport_c.so[0m
[2.372s] [ 48%] [32mBuilding C object CMakeFiles/forklift_interfaces__rosidl_typesupport_introspection_c.dir/rosidl_typesupport_introspection_c/forklift_interfaces/srv/detail/fork_lift_dock__type_support.c.o[0m
[2.399s] [ 51%] [32m[1mLinking C shared library libforklift_interfaces__rosidl_typesupport_introspection_c.so[0m
[2.399s] [ 51%] Built target forklift_interfaces__rosidl_typesupport_c
[2.434s] [ 51%] Built target forklift_interfaces__rosidl_typesupport_introspection_c
[2.512s] [ 54%] [32m[1mLinking CXX shared library libforklift_interfaces__rosidl_typesupport_introspection_cpp.so[0m
[2.549s] [ 54%] Built target forklift_interfaces__rosidl_typesupport_introspection_cpp
[2.577s] [ 58%] [32m[1mLinking CXX shared library libforklift_interfaces__rosidl_typesupport_cpp.so[0m
[2.621s] [ 58%] Built target forklift_interfaces__rosidl_typesupport_cpp
[2.721s] [ 61%] [32m[1mLinking CXX shared library libforklift_interfaces__rosidl_typesupport_fastrtps_cpp.so[0m
[2.791s] [ 61%] Built target forklift_interfaces__rosidl_typesupport_fastrtps_cpp
[2.802s] [ 64%] [34m[1mGenerating C type support for eProsima Fast-RTPS[0m
[2.968s] [35m[1mScanning dependencies of target forklift_interfaces__rosidl_typesupport_fastrtps_c[0m
[2.984s] [ 67%] [32mBuilding CXX object CMakeFiles/forklift_interfaces__rosidl_typesupport_fastrtps_c.dir/rosidl_typesupport_fastrtps_c/forklift_interfaces/srv/detail/fork_lift_dock__type_support_c.cpp.o[0m
[3.260s] [ 70%] [32m[1mLinking CXX shared library libforklift_interfaces__rosidl_typesupport_fastrtps_c.so[0m
[3.339s] [ 70%] Built target forklift_interfaces__rosidl_typesupport_fastrtps_c
[3.352s] [35m[1mScanning dependencies of target forklift_interfaces[0m
[3.362s] [ 70%] Built target forklift_interfaces
[3.373s] [35m[1mScanning dependencies of target forklift_interfaces__py[0m
[3.382s] [ 74%] [34m[1mGenerating Python code for ROS interfaces[0m
[3.716s] [ 74%] Built target forklift_interfaces__py
[3.729s] [35m[1mScanning dependencies of target forklift_interfaces__python[0m
[3.743s] [ 77%] [32mBuilding C object CMakeFiles/forklift_interfaces__python.dir/rosidl_generator_py/forklift_interfaces/srv/_fork_lift_dock_s.c.o[0m
[3.807s] [ 80%] [32m[1mLinking C shared library rosidl_generator_py/forklift_interfaces/libforklift_interfaces__python.so[0m
[3.844s] [ 80%] Built target forklift_interfaces__python
[3.852s] [35m[1mScanning dependencies of target forklift_interfaces__rosidl_typesupport_fastrtps_c__pyext[0m
[3.853s] [35m[1mScanning dependencies of target forklift_interfaces__rosidl_typesupport_introspection_c__pyext[0m
[3.856s] [35m[1mScanning dependencies of target forklift_interfaces__rosidl_typesupport_c__pyext[0m
[3.864s] [ 87%] [32mBuilding C object CMakeFiles/forklift_interfaces__rosidl_typesupport_fastrtps_c__pyext.dir/rosidl_generator_py/forklift_interfaces/_forklift_interfaces_s.ep.rosidl_typesupport_fastrtps_c.c.o[0m
[3.864s] [ 87%] [32mBuilding C object CMakeFiles/forklift_interfaces__rosidl_typesupport_introspection_c__pyext.dir/rosidl_generator_py/forklift_interfaces/_forklift_interfaces_s.ep.rosidl_typesupport_introspection_c.c.o[0m
[3.869s] [ 90%] [32mBuilding C object CMakeFiles/forklift_interfaces__rosidl_typesupport_c__pyext.dir/rosidl_generator_py/forklift_interfaces/_forklift_interfaces_s.ep.rosidl_typesupport_c.c.o[0m
[3.924s] [ 93%] [32m[1mLinking CXX shared library rosidl_generator_py/forklift_interfaces/forklift_interfaces_s__rosidl_typesupport_fastrtps_c.cpython-38-x86_64-linux-gnu.so[0m
[3.925s] [ 96%] [32m[1mLinking C shared library rosidl_generator_py/forklift_interfaces/forklift_interfaces_s__rosidl_typesupport_introspection_c.cpython-38-x86_64-linux-gnu.so[0m
[3.927s] [100%] [32m[1mLinking C shared library rosidl_generator_py/forklift_interfaces/forklift_interfaces_s__rosidl_typesupport_c.cpython-38-x86_64-linux-gnu.so[0m
[3.950s] [100%] Built target forklift_interfaces__rosidl_typesupport_introspection_c__pyext
[3.954s] [100%] Built target forklift_interfaces__rosidl_typesupport_c__pyext
[3.978s] [100%] Built target forklift_interfaces__rosidl_typesupport_fastrtps_c__pyext
[3.989s] Invoked command in '/home/avinaash/ForkLift_AMR/build/forklift_interfaces' returned '0': CMAKE_PREFIX_PATH=${CMAKE_PREFIX_PATH}:/home/avinaash/ForkLift_AMR/install/doozy_forklift:/home/avinaash/doozy_robotics/doozy_ws_2/install/pallet_robot:/home/avinaash/doozy_robotics/doozy_ws_2/install/pallet_docker_02:/opt/ros/galactic /usr/bin/cmake --build /home/avinaash/ForkLift_AMR/build/forklift_interfaces -- -j16 -l16
[4.041s] Invoking command in '/home/avinaash/ForkLift_AMR/build/forklift_interfaces': CMAKE_PREFIX_PATH=${CMAKE_PREFIX_PATH}:/home/avinaash/ForkLift_AMR/install/doozy_forklift:/home/avinaash/doozy_robotics/doozy_ws_2/install/pallet_robot:/home/avinaash/doozy_robotics/doozy_ws_2/install/pallet_docker_02:/opt/ros/galactic /usr/bin/cmake --install /home/avinaash/ForkLift_AMR/build/forklift_interfaces
[4.048s] -- Install configuration: ""
[4.048s] -- Installing: /home/avinaash/ForkLift_AMR/install/forklift_interfaces/share/ament_index/resource_index/rosidl_interfaces/forklift_interfaces
[4.048s] -- Installing: /home/avinaash/ForkLift_AMR/install/forklift_interfaces/include/forklift_interfaces
[4.048s] -- Installing: /home/avinaash/ForkLift_AMR/install/forklift_interfaces/include/forklift_interfaces/srv
[4.048s] -- Installing: /home/avinaash/ForkLift_AMR/install/forklift_interfaces/include/forklift_interfaces/srv/detail
[4.048s] -- Installing: /home/avinaash/ForkLift_AMR/install/forklift_interfaces/include/forklift_interfaces/srv/detail/fork_lift_dock__struct.h
[4.048s] -- Installing: /home/avinaash/ForkLift_AMR/install/forklift_interfaces/include/forklift_interfaces/srv/detail/fork_lift_dock__functions.h
[4.048s] -- Installing: /home/avinaash/ForkLift_AMR/install/forklift_interfaces/include/forklift_interfaces/srv/detail/fork_lift_dock__functions.c
[4.049s] -- Installing: /home/avinaash/ForkLift_AMR/install/forklift_interfaces/include/forklift_interfaces/srv/detail/fork_lift_dock__type_support.h
[4.049s] -- Installing: /home/avinaash/ForkLift_AMR/install/forklift_interfaces/include/forklift_interfaces/srv/fork_lift_dock.h
[4.049s] -- Installing: /home/avinaash/ForkLift_AMR/install/forklift_interfaces/include/forklift_interfaces/msg
[4.049s] -- Installing: /home/avinaash/ForkLift_AMR/install/forklift_interfaces/include/forklift_interfaces/msg/rosidl_generator_c__visibility_control.h
[4.049s] -- Installing: /home/avinaash/ForkLift_AMR/install/forklift_interfaces/share/forklift_interfaces/environment/library_path.sh
[4.049s] -- Installing: /home/avinaash/ForkLift_AMR/install/forklift_interfaces/share/forklift_interfaces/environment/library_path.dsv
[4.049s] -- Installing: /home/avinaash/ForkLift_AMR/install/forklift_interfaces/lib/libforklift_interfaces__rosidl_generator_c.so
[4.049s] -- Set runtime path of "/home/avinaash/ForkLift_AMR/install/forklift_interfaces/lib/libforklift_interfaces__rosidl_generator_c.so" to ""
[4.050s] -- Up-to-date: /home/avinaash/ForkLift_AMR/install/forklift_interfaces/include/forklift_interfaces
[4.050s] -- Up-to-date: /home/avinaash/ForkLift_AMR/install/forklift_interfaces/include/forklift_interfaces/srv
[4.050s] -- Up-to-date: /home/avinaash/ForkLift_AMR/install/forklift_interfaces/include/forklift_interfaces/srv/detail
[4.050s] -- Installing: /home/avinaash/ForkLift_AMR/install/forklift_interfaces/include/forklift_interfaces/srv/detail/fork_lift_dock__rosidl_typesupport_fastrtps_c.h
[4.050s] -- Up-to-date: /home/avinaash/ForkLift_AMR/install/forklift_interfaces/include/forklift_interfaces/msg
[4.050s] -- Installing: /home/avinaash/ForkLift_AMR/install/forklift_interfaces/include/forklift_interfaces/msg/rosidl_typesupport_fastrtps_c__visibility_control.h
[4.050s] -- Installing: /home/avinaash/ForkLift_AMR/install/forklift_interfaces/lib/libforklift_interfaces__rosidl_typesupport_fastrtps_c.so
[4.051s] -- Set runtime path of "/home/avinaash/ForkLift_AMR/install/forklift_interfaces/lib/libforklift_interfaces__rosidl_typesupport_fastrtps_c.so" to ""
[4.051s] -- Up-to-date: /home/avinaash/ForkLift_AMR/install/forklift_interfaces/include/forklift_interfaces
[4.051s] -- Up-to-date: /home/avinaash/ForkLift_AMR/install/forklift_interfaces/include/forklift_interfaces/srv
[4.051s] -- Up-to-date: /home/avinaash/ForkLift_AMR/install/forklift_interfaces/include/forklift_interfaces/srv/detail
[4.051s] -- Installing: /home/avinaash/ForkLift_AMR/install/forklift_interfaces/include/forklift_interfaces/srv/detail/dds_fastrtps
[4.051s] -- Installing: /home/avinaash/ForkLift_AMR/install/forklift_interfaces/include/forklift_interfaces/srv/detail/fork_lift_dock__rosidl_typesupport_fastrtps_cpp.hpp
[4.051s] -- Up-to-date: /home/avinaash/ForkLift_AMR/install/forklift_interfaces/include/forklift_interfaces/msg
[4.052s] -- Installing: /home/avinaash/ForkLift_AMR/install/forklift_interfaces/include/forklift_interfaces/msg/rosidl_typesupport_fastrtps_cpp__visibility_control.h
[4.052s] -- Installing: /home/avinaash/ForkLift_AMR/install/forklift_interfaces/lib/libforklift_interfaces__rosidl_typesupport_fastrtps_cpp.so
[4.052s] -- Set runtime path of "/home/avinaash/ForkLift_AMR/install/forklift_interfaces/lib/libforklift_interfaces__rosidl_typesupport_fastrtps_cpp.so" to ""
[4.052s] -- Up-to-date: /home/avinaash/ForkLift_AMR/install/forklift_interfaces/include/forklift_interfaces
[4.052s] -- Up-to-date: /home/avinaash/ForkLift_AMR/install/forklift_interfaces/include/forklift_interfaces/srv
[4.052s] -- Up-to-date: /home/avinaash/ForkLift_AMR/install/forklift_interfaces/include/forklift_interfaces/srv/detail
[4.052s] -- Installing: /home/avinaash/ForkLift_AMR/install/forklift_interfaces/include/forklift_interfaces/srv/detail/fork_lift_dock__rosidl_typesupport_introspection_c.h
[4.052s] -- Installing: /home/avinaash/ForkLift_AMR/install/forklift_interfaces/include/forklift_interfaces/srv/detail/fork_lift_dock__type_support.c
[4.052s] -- Up-to-date: /home/avinaash/ForkLift_AMR/install/forklift_interfaces/include/forklift_interfaces/msg
[4.053s] -- Installing: /home/avinaash/ForkLift_AMR/install/forklift_interfaces/include/forklift_interfaces/msg/rosidl_typesupport_introspection_c__visibility_control.h
[4.053s] -- Installing: /home/avinaash/ForkLift_AMR/install/forklift_interfaces/lib/libforklift_interfaces__rosidl_typesupport_introspection_c.so
[4.053s] -- Set runtime path of "/home/avinaash/ForkLift_AMR/install/forklift_interfaces/lib/libforklift_interfaces__rosidl_typesupport_introspection_c.so" to ""
[4.053s] -- Installing: /home/avinaash/ForkLift_AMR/install/forklift_interfaces/lib/libforklift_interfaces__rosidl_typesupport_c.so
[4.053s] -- Set runtime path of "/home/avinaash/ForkLift_AMR/install/forklift_interfaces/lib/libforklift_interfaces__rosidl_typesupport_c.so" to ""
[4.053s] -- Up-to-date: /home/avinaash/ForkLift_AMR/install/forklift_interfaces/include/forklift_interfaces
[4.053s] -- Up-to-date: /home/avinaash/ForkLift_AMR/install/forklift_interfaces/include/forklift_interfaces/srv
[4.053s] -- Installing: /home/avinaash/ForkLift_AMR/install/forklift_interfaces/include/forklift_interfaces/srv/fork_lift_dock.hpp
[4.053s] -- Up-to-date: /home/avinaash/ForkLift_AMR/install/forklift_interfaces/include/forklift_interfaces/srv/detail
[4.054s] -- Installing: /home/avinaash/ForkLift_AMR/install/forklift_interfaces/include/forklift_interfaces/srv/detail/fork_lift_dock__struct.hpp
[4.054s] -- Installing: /home/avinaash/ForkLift_AMR/install/forklift_interfaces/include/forklift_interfaces/srv/detail/fork_lift_dock__traits.hpp
[4.054s] -- Installing: /home/avinaash/ForkLift_AMR/install/forklift_interfaces/include/forklift_interfaces/srv/detail/fork_lift_dock__builder.hpp
[4.054s] -- Up-to-date: /home/avinaash/ForkLift_AMR/install/forklift_interfaces/include/forklift_interfaces
[4.054s] -- Up-to-date: /home/avinaash/ForkLift_AMR/install/forklift_interfaces/include/forklift_interfaces/srv
[4.054s] -- Up-to-date: /home/avinaash/ForkLift_AMR/install/forklift_interfaces/include/forklift_interfaces/srv/detail
[4.054s] -- Installing: /home/avinaash/ForkLift_AMR/install/forklift_interfaces/include/forklift_interfaces/srv/detail/fork_lift_dock__type_support.cpp
[4.054s] -- Installing: /home/avinaash/ForkLift_AMR/install/forklift_interfaces/include/forklift_interfaces/srv/detail/fork_lift_dock__rosidl_typesupport_introspection_cpp.hpp
[4.055s] -- Installing: /home/avinaash/ForkLift_AMR/install/forklift_interfaces/lib/libforklift_interfaces__rosidl_typesupport_introspection_cpp.so
[4.055s] -- Set runtime path of "/home/avinaash/ForkLift_AMR/install/forklift_interfaces/lib/libforklift_interfaces__rosidl_typesupport_introspection_cpp.so" to ""
[4.055s] -- Installing: /home/avinaash/ForkLift_AMR/install/forklift_interfaces/lib/libforklift_interfaces__rosidl_typesupport_cpp.so
[4.055s] -- Set runtime path of "/home/avinaash/ForkLift_AMR/install/forklift_interfaces/lib/libforklift_interfaces__rosidl_typesupport_cpp.so" to ""
[4.055s] -- Installing: /home/avinaash/ForkLift_AMR/install/forklift_interfaces/share/forklift_interfaces/environment/pythonpath.sh
[4.055s] -- Installing: /home/avinaash/ForkLift_AMR/install/forklift_interfaces/share/forklift_interfaces/environment/pythonpath.dsv
[4.055s] -- Installing: /home/avinaash/ForkLift_AMR/install/forklift_interfaces/lib/python3.8/site-packages/forklift_interfaces/__init__.py
[4.075s] Compiling '/home/avinaash/ForkLift_AMR/install/forklift_interfaces/lib/python3.8/site-packages/forklift_interfaces/__init__.py'...
[4.078s] -- Installing: /home/avinaash/ForkLift_AMR/install/forklift_interfaces/lib/python3.8/site-packages/forklift_interfaces/srv
[4.079s] -- Installing: /home/avinaash/ForkLift_AMR/install/forklift_interfaces/lib/python3.8/site-packages/forklift_interfaces/srv/_fork_lift_dock_s.c
[4.079s] -- Installing: /home/avinaash/ForkLift_AMR/install/forklift_interfaces/lib/python3.8/site-packages/forklift_interfaces/srv/__init__.py
[4.079s] -- Installing: /home/avinaash/ForkLift_AMR/install/forklift_interfaces/lib/python3.8/site-packages/forklift_interfaces/srv/_fork_lift_dock.py
[4.079s] -- Installing: /home/avinaash/ForkLift_AMR/install/forklift_interfaces/lib/python3.8/site-packages/forklift_interfaces/forklift_interfaces_s__rosidl_typesupport_fastrtps_c.cpython-38-x86_64-linux-gnu.so
[4.080s] -- Set runtime path of "/home/avinaash/ForkLift_AMR/install/forklift_interfaces/lib/python3.8/site-packages/forklift_interfaces/forklift_interfaces_s__rosidl_typesupport_fastrtps_c.cpython-38-x86_64-linux-gnu.so" to ""
[4.080s] -- Installing: /home/avinaash/ForkLift_AMR/install/forklift_interfaces/lib/python3.8/site-packages/forklift_interfaces/forklift_interfaces_s__rosidl_typesupport_introspection_c.cpython-38-x86_64-linux-gnu.so
[4.081s] -- Set runtime path of "/home/avinaash/ForkLift_AMR/install/forklift_interfaces/lib/python3.8/site-packages/forklift_interfaces/forklift_interfaces_s__rosidl_typesupport_introspection_c.cpython-38-x86_64-linux-gnu.so" to ""
[4.081s] -- Installing: /home/avinaash/ForkLift_AMR/install/forklift_interfaces/lib/python3.8/site-packages/forklift_interfaces/forklift_interfaces_s__rosidl_typesupport_c.cpython-38-x86_64-linux-gnu.so
[4.082s] -- Set runtime path of "/home/avinaash/ForkLift_AMR/install/forklift_interfaces/lib/python3.8/site-packages/forklift_interfaces/forklift_interfaces_s__rosidl_typesupport_c.cpython-38-x86_64-linux-gnu.so" to ""
[4.082s] -- Installing: /home/avinaash/ForkLift_AMR/install/forklift_interfaces/lib/libforklift_interfaces__python.so
[4.083s] -- Set runtime path of "/home/avinaash/ForkLift_AMR/install/forklift_interfaces/lib/libforklift_interfaces__python.so" to ""
[4.083s] -- Installing: /home/avinaash/ForkLift_AMR/install/forklift_interfaces/share/forklift_interfaces/srv/ForkLiftDock.idl
[4.083s] -- Installing: /home/avinaash/ForkLift_AMR/install/forklift_interfaces/share/forklift_interfaces/srv/ForkLiftDock.srv
[4.083s] -- Installing: /home/avinaash/ForkLift_AMR/install/forklift_interfaces/share/forklift_interfaces/srv/ForkLiftDock_Request.msg
[4.084s] -- Installing: /home/avinaash/ForkLift_AMR/install/forklift_interfaces/share/forklift_interfaces/srv/ForkLiftDock_Response.msg
[4.084s] -- Installing: /home/avinaash/ForkLift_AMR/install/forklift_interfaces/share/ament_index/resource_index/package_run_dependencies/forklift_interfaces
[4.084s] -- Installing: /home/avinaash/ForkLift_AMR/install/forklift_interfaces/share/ament_index/resource_index/parent_prefix_path/forklift_interfaces
[4.084s] -- Installing: /home/avinaash/ForkLift_AMR/install/forklift_interfaces/share/forklift_interfaces/environment/ament_prefix_path.sh
[4.084s] -- Installing: /home/avinaash/ForkLift_AMR/install/forklift_interfaces/share/forklift_interfaces/environment/ament_prefix_path.dsv
[4.084s] -- Installing: /home/avinaash/ForkLift_AMR/install/forklift_interfaces/share/forklift_interfaces/environment/path.sh
[4.084s] -- Installing: /home/avinaash/ForkLift_AMR/install/forklift_interfaces/share/forklift_interfaces/environment/path.dsv
[4.084s] -- Installing: /home/avinaash/ForkLift_AMR/install/forklift_interfaces/share/forklift_interfaces/local_setup.bash
[4.084s] -- Installing: /home/avinaash/ForkLift_AMR/install/forklift_interfaces/share/forklift_interfaces/local_setup.sh
[4.085s] -- Installing: /home/avinaash/ForkLift_AMR/install/forklift_interfaces/share/forklift_interfaces/local_setup.zsh
[4.085s] -- Installing: /home/avinaash/ForkLift_AMR/install/forklift_interfaces/share/forklift_interfaces/local_setup.dsv
[4.085s] -- Installing: /home/avinaash/ForkLift_AMR/install/forklift_interfaces/share/forklift_interfaces/package.dsv
[4.085s] -- Installing: /home/avinaash/ForkLift_AMR/install/forklift_interfaces/share/ament_index/resource_index/packages/forklift_interfaces
[4.085s] -- Installing: /home/avinaash/ForkLift_AMR/install/forklift_interfaces/share/forklift_interfaces/cmake/forklift_interfaces__rosidl_generator_cExport.cmake
[4.085s] -- Installing: /home/avinaash/ForkLift_AMR/install/forklift_interfaces/share/forklift_interfaces/cmake/forklift_interfaces__rosidl_generator_cExport-noconfig.cmake
[4.085s] -- Installing: /home/avinaash/ForkLift_AMR/install/forklift_interfaces/share/forklift_interfaces/cmake/forklift_interfaces__rosidl_typesupport_introspection_cExport.cmake
[4.085s] -- Installing: /home/avinaash/ForkLift_AMR/install/forklift_interfaces/share/forklift_interfaces/cmake/forklift_interfaces__rosidl_typesupport_introspection_cExport-noconfig.cmake
[4.085s] -- Installing: /home/avinaash/ForkLift_AMR/install/forklift_interfaces/share/forklift_interfaces/cmake/forklift_interfaces__rosidl_typesupport_cExport.cmake
[4.085s] -- Installing: /home/avinaash/ForkLift_AMR/install/forklift_interfaces/share/forklift_interfaces/cmake/forklift_interfaces__rosidl_typesupport_cExport-noconfig.cmake
[4.085s] -- Installing: /home/avinaash/ForkLift_AMR/install/forklift_interfaces/share/forklift_interfaces/cmake/forklift_interfaces__rosidl_generator_cppExport.cmake
[4.086s] -- Installing: /home/avinaash/ForkLift_AMR/install/forklift_interfaces/share/forklift_interfaces/cmake/forklift_interfaces__rosidl_typesupport_introspection_cppExport.cmake
[4.086s] -- Installing: /home/avinaash/ForkLift_AMR/install/forklift_interfaces/share/forklift_interfaces/cmake/forklift_interfaces__rosidl_typesupport_introspection_cppExport-noconfig.cmake
[4.086s] -- Installing: /home/avinaash/ForkLift_AMR/install/forklift_interfaces/share/forklift_interfaces/cmake/forklift_interfaces__rosidl_typesupport_cppExport.cmake
[4.086s] -- Installing: /home/avinaash/ForkLift_AMR/install/forklift_interfaces/share/forklift_interfaces/cmake/forklift_interfaces__rosidl_typesupport_cppExport-noconfig.cmake
[4.086s] -- Installing: /home/avinaash/ForkLift_AMR/install/forklift_interfaces/share/forklift_interfaces/cmake/rosidl_cmake-extras.cmake
[4.086s] -- Installing: /home/avinaash/ForkLift_AMR/install/forklift_interfaces/share/forklift_interfaces/cmake/ament_cmake_export_dependencies-extras.cmake
[4.086s] -- Installing: /home/avinaash/ForkLift_AMR/install/forklift_interfaces/share/forklift_interfaces/cmake/ament_cmake_export_libraries-extras.cmake
[4.086s] -- Installing: /home/avinaash/ForkLift_AMR/install/forklift_interfaces/share/forklift_interfaces/cmake/ament_cmake_export_targets-extras.cmake
[4.086s] -- Installing: /home/avinaash/ForkLift_AMR/install/forklift_interfaces/share/forklift_interfaces/cmake/ament_cmake_export_include_directories-extras.cmake
[4.087s] -- Installing: /home/avinaash/ForkLift_AMR/install/forklift_interfaces/share/forklift_interfaces/cmake/rosidl_cmake_export_typesupport_libraries-extras.cmake
[4.087s] -- Installing: /home/avinaash/ForkLift_AMR/install/forklift_interfaces/share/forklift_interfaces/cmake/rosidl_cmake_export_typesupport_targets-extras.cmake
[4.087s] -- Installing: /home/avinaash/ForkLift_AMR/install/forklift_interfaces/share/forklift_interfaces/cmake/forklift_interfacesConfig.cmake
[4.087s] -- Installing: /home/avinaash/ForkLift_AMR/install/forklift_interfaces/share/forklift_interfaces/cmake/forklift_interfacesConfig-version.cmake
[4.087s] -- Installing: /home/avinaash/ForkLift_AMR/install/forklift_interfaces/share/forklift_interfaces/package.xml
[4.089s] Invoked command in '/home/avinaash/ForkLift_AMR/build/forklift_interfaces' returned '0': CMAKE_PREFIX_PATH=${CMAKE_PREFIX_PATH}:/home/avinaash/ForkLift_AMR/install/doozy_forklift:/home/avinaash/doozy_robotics/doozy_ws_2/install/pallet_robot:/home/avinaash/doozy_robotics/doozy_ws_2/install/pallet_docker_02:/opt/ros/galactic /usr/bin/cmake --install /home/avinaash/ForkLift_AMR/build/forklift_interfaces
