[0.267s] Invoking command in '/home/doozy/ForkLift_AMR/build/turtlebot3_fake_node': CMAKE_PREFIX_PATH=${CMAKE_PREFIX_PATH}:/home/doozy/ForkLift_AMR/install/doozy_forklift:/home/doozy/turtlebot3_ws/install/turtlebot3_teleop:/home/doozy/turtlebot3_ws/install/turtlebot3_example:/home/doozy/turtlebot3_ws/install/autonomous_tb3:/home/doozy/doozy_ws/install/task_py:/home/doozy/doozy_robotics/doozy_ws_2/install/pallet_docker_02:/home/doozy/doozy_robotics/doozy_ws_2/install/2_t_dolly_logistics_driver:/home/doozy/ros2_ws/install/hotel_package:/home/doozy/ros2_ws/install/deffy:/home/doozy/do_ws/install/task_py:/home/doozy/neuronbot2_ros2_ws/install/neuronbot2_led:/opt/ros/humble /usr/bin/cmake /home/doozy/ForkLift_AMR/src/turtlebot3_simulations/turtlebot3_fake_node -DCMAKE_INSTALL_PREFIX=/home/doozy/ForkLift_AMR/install/turtlebot3_fake_node
[0.753s] -- The C compiler identification is GNU 11.4.0
[0.754s] -- The CXX compiler identification is GNU 11.4.0
[0.754s] -- Detecting C compiler ABI info
[0.754s] -- Detecting C compiler ABI info - done
[0.754s] -- Check for working C compiler: /usr/bin/cc - skipped
[0.754s] -- Detecting C compile features
[0.754s] -- Detecting C compile features - done
[0.754s] -- Detecting CXX compiler ABI info
[0.754s] -- Detecting CXX compiler ABI info - done
[0.754s] -- Check for working CXX compiler: /usr/bin/c++ - skipped
[0.755s] -- Detecting CXX compile features
[0.755s] -- Detecting CXX compile features - done
[0.755s] -- Found ament_cmake: 1.3.8 (/opt/ros/humble/share/ament_cmake/cmake)
[1.000s] -- Found Python3: /usr/bin/python3 (found version "3.10.12") found components: Interpreter 
[1.181s] -- Found geometry_msgs: 4.2.3 (/opt/ros/humble/share/geometry_msgs/cmake)
[1.279s] -- Found rosidl_generator_c: 3.1.5 (/opt/ros/humble/share/rosidl_generator_c/cmake)
[1.298s] -- Found rosidl_adapter: 3.1.5 (/opt/ros/humble/share/rosidl_adapter/cmake)
[1.317s] -- Found rosidl_generator_cpp: 3.1.5 (/opt/ros/humble/share/rosidl_generator_cpp/cmake)
[1.341s] -- Using all available rosidl_typesupport_c: rosidl_typesupport_fastrtps_c;rosidl_typesupport_introspection_c
[1.380s] -- Using all available rosidl_typesupport_cpp: rosidl_typesupport_fastrtps_cpp;rosidl_typesupport_introspection_cpp
[1.534s] -- Found nav_msgs: 4.2.3 (/opt/ros/humble/share/nav_msgs/cmake)
[1.620s] -- Found rclcpp: 16.0.8 (/opt/ros/humble/share/rclcpp/cmake)
[1.715s] -- Found rmw_implementation_cmake: 6.1.1 (/opt/ros/humble/share/rmw_implementation_cmake/cmake)
[1.724s] -- Found rmw_fastrtps_cpp: 6.2.6 (/opt/ros/humble/share/rmw_fastrtps_cpp/cmake)
[1.850s] -- Found OpenSSL: /usr/lib/x86_64-linux-gnu/libcrypto.so (found version "3.0.2")  
[1.901s] -- Found FastRTPS: /opt/ros/humble/include  
[1.987s] -- Using RMW implementation 'rmw_fastrtps_cpp' as default
[2.021s] -- Looking for pthread.h
[2.090s] -- Looking for pthread.h - found
[2.090s] -- Performing Test CMAKE_HAVE_LIBC_PTHREAD
[2.155s] -- Performing Test CMAKE_HAVE_LIBC_PTHREAD - Success
[2.156s] -- Found Threads: TRUE  
[2.300s] -- Found sensor_msgs: 4.2.3 (/opt/ros/humble/share/sensor_msgs/cmake)
[2.403s] -- Found tf2: 0.25.6 (/opt/ros/humble/share/tf2/cmake)
[2.424s] -- Found tf2_msgs: 0.25.6 (/opt/ros/humble/share/tf2_msgs/cmake)
[2.561s] -- Found turtlebot3_msgs: 2.2.3 (/home/doozy/turtlebot3_ws/install/turtlebot3_msgs/share/turtlebot3_msgs/cmake)
[2.716s] -- Configuring done
[2.732s] -- Generating done
[2.734s] -- Build files have been written to: /home/doozy/ForkLift_AMR/build/turtlebot3_fake_node
[2.746s] Invoked command in '/home/doozy/ForkLift_AMR/build/turtlebot3_fake_node' returned '0': CMAKE_PREFIX_PATH=${CMAKE_PREFIX_PATH}:/home/doozy/ForkLift_AMR/install/doozy_forklift:/home/doozy/turtlebot3_ws/install/turtlebot3_teleop:/home/doozy/turtlebot3_ws/install/turtlebot3_example:/home/doozy/turtlebot3_ws/install/autonomous_tb3:/home/doozy/doozy_ws/install/task_py:/home/doozy/doozy_robotics/doozy_ws_2/install/pallet_docker_02:/home/doozy/doozy_robotics/doozy_ws_2/install/2_t_dolly_logistics_driver:/home/doozy/ros2_ws/install/hotel_package:/home/doozy/ros2_ws/install/deffy:/home/doozy/do_ws/install/task_py:/home/doozy/neuronbot2_ros2_ws/install/neuronbot2_led:/opt/ros/humble /usr/bin/cmake /home/doozy/ForkLift_AMR/src/turtlebot3_simulations/turtlebot3_fake_node -DCMAKE_INSTALL_PREFIX=/home/doozy/ForkLift_AMR/install/turtlebot3_fake_node
[2.747s] Invoking command in '/home/doozy/ForkLift_AMR/build/turtlebot3_fake_node': CMAKE_PREFIX_PATH=${CMAKE_PREFIX_PATH}:/home/doozy/ForkLift_AMR/install/doozy_forklift:/home/doozy/turtlebot3_ws/install/turtlebot3_teleop:/home/doozy/turtlebot3_ws/install/turtlebot3_example:/home/doozy/turtlebot3_ws/install/autonomous_tb3:/home/doozy/doozy_ws/install/task_py:/home/doozy/doozy_robotics/doozy_ws_2/install/pallet_docker_02:/home/doozy/doozy_robotics/doozy_ws_2/install/2_t_dolly_logistics_driver:/home/doozy/ros2_ws/install/hotel_package:/home/doozy/ros2_ws/install/deffy:/home/doozy/do_ws/install/task_py:/home/doozy/neuronbot2_ros2_ws/install/neuronbot2_led:/opt/ros/humble /usr/bin/cmake --build /home/doozy/ForkLift_AMR/build/turtlebot3_fake_node -- -j16 -l16
[2.795s] [ 50%] [32mBuilding CXX object CMakeFiles/turtlebot3_fake_node.dir/src/turtlebot3_fake_node.cpp.o[0m
[14.080s] [100%] [32m[1mLinking CXX executable turtlebot3_fake_node[0m
[14.587s] [100%] Built target turtlebot3_fake_node
[14.597s] Invoked command in '/home/doozy/ForkLift_AMR/build/turtlebot3_fake_node' returned '0': CMAKE_PREFIX_PATH=${CMAKE_PREFIX_PATH}:/home/doozy/ForkLift_AMR/install/doozy_forklift:/home/doozy/turtlebot3_ws/install/turtlebot3_teleop:/home/doozy/turtlebot3_ws/install/turtlebot3_example:/home/doozy/turtlebot3_ws/install/autonomous_tb3:/home/doozy/doozy_ws/install/task_py:/home/doozy/doozy_robotics/doozy_ws_2/install/pallet_docker_02:/home/doozy/doozy_robotics/doozy_ws_2/install/2_t_dolly_logistics_driver:/home/doozy/ros2_ws/install/hotel_package:/home/doozy/ros2_ws/install/deffy:/home/doozy/do_ws/install/task_py:/home/doozy/neuronbot2_ros2_ws/install/neuronbot2_led:/opt/ros/humble /usr/bin/cmake --build /home/doozy/ForkLift_AMR/build/turtlebot3_fake_node -- -j16 -l16
[14.621s] Invoking command in '/home/doozy/ForkLift_AMR/build/turtlebot3_fake_node': CMAKE_PREFIX_PATH=${CMAKE_PREFIX_PATH}:/home/doozy/ForkLift_AMR/install/doozy_forklift:/home/doozy/turtlebot3_ws/install/turtlebot3_teleop:/home/doozy/turtlebot3_ws/install/turtlebot3_example:/home/doozy/turtlebot3_ws/install/autonomous_tb3:/home/doozy/doozy_ws/install/task_py:/home/doozy/doozy_robotics/doozy_ws_2/install/pallet_docker_02:/home/doozy/doozy_robotics/doozy_ws_2/install/2_t_dolly_logistics_driver:/home/doozy/ros2_ws/install/hotel_package:/home/doozy/ros2_ws/install/deffy:/home/doozy/do_ws/install/task_py:/home/doozy/neuronbot2_ros2_ws/install/neuronbot2_led:/opt/ros/humble /usr/bin/cmake --install /home/doozy/ForkLift_AMR/build/turtlebot3_fake_node
[14.628s] -- Install configuration: ""
[14.628s] -- Installing: /home/doozy/ForkLift_AMR/install/turtlebot3_fake_node/lib/turtlebot3_fake_node/turtlebot3_fake_node
[14.631s] -- Set runtime path of "/home/doozy/ForkLift_AMR/install/turtlebot3_fake_node/lib/turtlebot3_fake_node/turtlebot3_fake_node" to ""
[14.631s] -- Installing: /home/doozy/ForkLift_AMR/install/turtlebot3_fake_node/share/turtlebot3_fake_node/launch
[14.632s] -- Installing: /home/doozy/ForkLift_AMR/install/turtlebot3_fake_node/share/turtlebot3_fake_node/launch/rviz2.launch.py
[14.632s] -- Installing: /home/doozy/ForkLift_AMR/install/turtlebot3_fake_node/share/turtlebot3_fake_node/launch/turtlebot3_fake_node.launch.py
[14.632s] -- Installing: /home/doozy/ForkLift_AMR/install/turtlebot3_fake_node/share/turtlebot3_fake_node/param
[14.632s] -- Installing: /home/doozy/ForkLift_AMR/install/turtlebot3_fake_node/share/turtlebot3_fake_node/param/waffle_pi.yaml
[14.632s] -- Installing: /home/doozy/ForkLift_AMR/install/turtlebot3_fake_node/share/turtlebot3_fake_node/param/burger.yaml
[14.632s] -- Installing: /home/doozy/ForkLift_AMR/install/turtlebot3_fake_node/share/turtlebot3_fake_node/param/waffle.yaml
[14.632s] -- Installing: /home/doozy/ForkLift_AMR/install/turtlebot3_fake_node/include/
[14.632s] -- Installing: /home/doozy/ForkLift_AMR/install/turtlebot3_fake_node/include//turtlebot3_fake_node
[14.633s] -- Installing: /home/doozy/ForkLift_AMR/install/turtlebot3_fake_node/include//turtlebot3_fake_node/turtlebot3_fake_node.hpp
[14.633s] -- Installing: /home/doozy/ForkLift_AMR/install/turtlebot3_fake_node/share/ament_index/resource_index/package_run_dependencies/turtlebot3_fake_node
[14.633s] -- Installing: /home/doozy/ForkLift_AMR/install/turtlebot3_fake_node/share/ament_index/resource_index/parent_prefix_path/turtlebot3_fake_node
[14.633s] -- Installing: /home/doozy/ForkLift_AMR/install/turtlebot3_fake_node/share/turtlebot3_fake_node/environment/ament_prefix_path.sh
[14.633s] -- Installing: /home/doozy/ForkLift_AMR/install/turtlebot3_fake_node/share/turtlebot3_fake_node/environment/ament_prefix_path.dsv
[14.633s] -- Installing: /home/doozy/ForkLift_AMR/install/turtlebot3_fake_node/share/turtlebot3_fake_node/environment/path.sh
[14.633s] -- Installing: /home/doozy/ForkLift_AMR/install/turtlebot3_fake_node/share/turtlebot3_fake_node/environment/path.dsv
[14.634s] -- Installing: /home/doozy/ForkLift_AMR/install/turtlebot3_fake_node/share/turtlebot3_fake_node/local_setup.bash
[14.634s] -- Installing: /home/doozy/ForkLift_AMR/install/turtlebot3_fake_node/share/turtlebot3_fake_node/local_setup.sh
[14.634s] -- Installing: /home/doozy/ForkLift_AMR/install/turtlebot3_fake_node/share/turtlebot3_fake_node/local_setup.zsh
[14.634s] -- Installing: /home/doozy/ForkLift_AMR/install/turtlebot3_fake_node/share/turtlebot3_fake_node/local_setup.dsv
[14.634s] -- Installing: /home/doozy/ForkLift_AMR/install/turtlebot3_fake_node/share/turtlebot3_fake_node/package.dsv
[14.634s] -- Installing: /home/doozy/ForkLift_AMR/install/turtlebot3_fake_node/share/ament_index/resource_index/packages/turtlebot3_fake_node
[14.634s] -- Installing: /home/doozy/ForkLift_AMR/install/turtlebot3_fake_node/share/turtlebot3_fake_node/cmake/ament_cmake_export_include_directories-extras.cmake
[14.634s] -- Installing: /home/doozy/ForkLift_AMR/install/turtlebot3_fake_node/share/turtlebot3_fake_node/cmake/ament_cmake_export_dependencies-extras.cmake
[14.634s] -- Installing: /home/doozy/ForkLift_AMR/install/turtlebot3_fake_node/share/turtlebot3_fake_node/cmake/turtlebot3_fake_nodeConfig.cmake
[14.634s] -- Installing: /home/doozy/ForkLift_AMR/install/turtlebot3_fake_node/share/turtlebot3_fake_node/cmake/turtlebot3_fake_nodeConfig-version.cmake
[14.635s] -- Installing: /home/doozy/ForkLift_AMR/install/turtlebot3_fake_node/share/turtlebot3_fake_node/package.xml
[14.636s] Invoked command in '/home/doozy/ForkLift_AMR/build/turtlebot3_fake_node' returned '0': CMAKE_PREFIX_PATH=${CMAKE_PREFIX_PATH}:/home/doozy/ForkLift_AMR/install/doozy_forklift:/home/doozy/turtlebot3_ws/install/turtlebot3_teleop:/home/doozy/turtlebot3_ws/install/turtlebot3_example:/home/doozy/turtlebot3_ws/install/autonomous_tb3:/home/doozy/doozy_ws/install/task_py:/home/doozy/doozy_robotics/doozy_ws_2/install/pallet_docker_02:/home/doozy/doozy_robotics/doozy_ws_2/install/2_t_dolly_logistics_driver:/home/doozy/ros2_ws/install/hotel_package:/home/doozy/ros2_ws/install/deffy:/home/doozy/do_ws/install/task_py:/home/doozy/neuronbot2_ros2_ws/install/neuronbot2_led:/opt/ros/humble /usr/bin/cmake --install /home/doozy/ForkLift_AMR/build/turtlebot3_fake_node
