[ 12%] Built target forklift_interfaces__rosidl_generator_c
[ 12%] Built target forklift_interfaces__cpp
[ 51%] Built target forklift_interfaces__rosidl_typesupport_c
[ 51%] Built target forklift_interfaces__rosidl_typesupport_introspection_c
[ 51%] Built target forklift_interfaces__rosidl_typesupport_introspection_cpp
[ 51%] Built target forklift_interfaces__rosidl_typesupport_cpp
[ 61%] Built target forklift_interfaces__rosidl_typesupport_fastrtps_cpp
[ 70%] Built target forklift_interfaces__rosidl_typesupport_fastrtps_c
[ 70%] Built target forklift_interfaces
[ 74%] Built target forklift_interfaces__py
[ 80%] Built target forklift_interfaces__python
[100%] Built target forklift_interfaces__rosidl_typesupport_c__pyext
[100%] Built target forklift_interfaces__rosidl_typesupport_fastrtps_c__pyext
[100%] Built target forklift_interfaces__rosidl_typesupport_introspection_c__pyext
-- Install configuration: ""
-- Up-to-date: /home/avinaash/ForkLift_AMR/install/forklift_interfaces/share/ament_index/resource_index/rosidl_interfaces/forklift_interfaces
-- Up-to-date: /home/avinaash/ForkLift_AMR/install/forklift_interfaces/include/forklift_interfaces
-- Up-to-date: /home/avinaash/ForkLift_AMR/install/forklift_interfaces/include/forklift_interfaces/srv
-- Up-to-date: /home/avinaash/ForkLift_AMR/install/forklift_interfaces/include/forklift_interfaces/srv/detail
-- Up-to-date: /home/avinaash/ForkLift_AMR/install/forklift_interfaces/include/forklift_interfaces/srv/detail/fork_lift_dock__struct.h
-- Up-to-date: /home/avinaash/ForkLift_AMR/install/forklift_interfaces/include/forklift_interfaces/srv/detail/fork_lift_dock__functions.h
-- Up-to-date: /home/avinaash/ForkLift_AMR/install/forklift_interfaces/include/forklift_interfaces/srv/detail/fork_lift_dock__functions.c
-- Up-to-date: /home/avinaash/ForkLift_AMR/install/forklift_interfaces/include/forklift_interfaces/srv/detail/fork_lift_dock__type_support.h
-- Up-to-date: /home/avinaash/ForkLift_AMR/install/forklift_interfaces/include/forklift_interfaces/srv/fork_lift_dock.h
-- Up-to-date: /home/avinaash/ForkLift_AMR/install/forklift_interfaces/include/forklift_interfaces/msg
-- Up-to-date: /home/avinaash/ForkLift_AMR/install/forklift_interfaces/include/forklift_interfaces/msg/rosidl_generator_c__visibility_control.h
-- Up-to-date: /home/avinaash/ForkLift_AMR/install/forklift_interfaces/share/forklift_interfaces/environment/library_path.sh
-- Up-to-date: /home/avinaash/ForkLift_AMR/install/forklift_interfaces/share/forklift_interfaces/environment/library_path.dsv
-- Up-to-date: /home/avinaash/ForkLift_AMR/install/forklift_interfaces/lib/libforklift_interfaces__rosidl_generator_c.so
-- Up-to-date: /home/avinaash/ForkLift_AMR/install/forklift_interfaces/include/forklift_interfaces
-- Up-to-date: /home/avinaash/ForkLift_AMR/install/forklift_interfaces/include/forklift_interfaces/srv
-- Up-to-date: /home/avinaash/ForkLift_AMR/install/forklift_interfaces/include/forklift_interfaces/srv/detail
-- Up-to-date: /home/avinaash/ForkLift_AMR/install/forklift_interfaces/include/forklift_interfaces/srv/detail/fork_lift_dock__rosidl_typesupport_fastrtps_c.h
-- Up-to-date: /home/avinaash/ForkLift_AMR/install/forklift_interfaces/include/forklift_interfaces/msg
-- Up-to-date: /home/avinaash/ForkLift_AMR/install/forklift_interfaces/include/forklift_interfaces/msg/rosidl_typesupport_fastrtps_c__visibility_control.h
-- Up-to-date: /home/avinaash/ForkLift_AMR/install/forklift_interfaces/lib/libforklift_interfaces__rosidl_typesupport_fastrtps_c.so
-- Up-to-date: /home/avinaash/ForkLift_AMR/install/forklift_interfaces/include/forklift_interfaces
-- Up-to-date: /home/avinaash/ForkLift_AMR/install/forklift_interfaces/include/forklift_interfaces/srv
-- Up-to-date: /home/avinaash/ForkLift_AMR/install/forklift_interfaces/include/forklift_interfaces/srv/detail
-- Up-to-date: /home/avinaash/ForkLift_AMR/install/forklift_interfaces/include/forklift_interfaces/srv/detail/dds_fastrtps
-- Up-to-date: /home/avinaash/ForkLift_AMR/install/forklift_interfaces/include/forklift_interfaces/srv/detail/fork_lift_dock__rosidl_typesupport_fastrtps_cpp.hpp
-- Up-to-date: /home/avinaash/ForkLift_AMR/install/forklift_interfaces/include/forklift_interfaces/msg
-- Up-to-date: /home/avinaash/ForkLift_AMR/install/forklift_interfaces/include/forklift_interfaces/msg/rosidl_typesupport_fastrtps_cpp__visibility_control.h
-- Up-to-date: /home/avinaash/ForkLift_AMR/install/forklift_interfaces/lib/libforklift_interfaces__rosidl_typesupport_fastrtps_cpp.so
-- Up-to-date: /home/avinaash/ForkLift_AMR/install/forklift_interfaces/include/forklift_interfaces
-- Up-to-date: /home/avinaash/ForkLift_AMR/install/forklift_interfaces/include/forklift_interfaces/srv
-- Up-to-date: /home/avinaash/ForkLift_AMR/install/forklift_interfaces/include/forklift_interfaces/srv/detail
-- Up-to-date: /home/avinaash/ForkLift_AMR/install/forklift_interfaces/include/forklift_interfaces/srv/detail/fork_lift_dock__rosidl_typesupport_introspection_c.h
-- Up-to-date: /home/avinaash/ForkLift_AMR/install/forklift_interfaces/include/forklift_interfaces/srv/detail/fork_lift_dock__type_support.c
-- Up-to-date: /home/avinaash/ForkLift_AMR/install/forklift_interfaces/include/forklift_interfaces/msg
-- Up-to-date: /home/avinaash/ForkLift_AMR/install/forklift_interfaces/include/forklift_interfaces/msg/rosidl_typesupport_introspection_c__visibility_control.h
-- Up-to-date: /home/avinaash/ForkLift_AMR/install/forklift_interfaces/lib/libforklift_interfaces__rosidl_typesupport_introspection_c.so
-- Up-to-date: /home/avinaash/ForkLift_AMR/install/forklift_interfaces/lib/libforklift_interfaces__rosidl_typesupport_c.so
-- Up-to-date: /home/avinaash/ForkLift_AMR/install/forklift_interfaces/include/forklift_interfaces
-- Up-to-date: /home/avinaash/ForkLift_AMR/install/forklift_interfaces/include/forklift_interfaces/srv
-- Up-to-date: /home/avinaash/ForkLift_AMR/install/forklift_interfaces/include/forklift_interfaces/srv/fork_lift_dock.hpp
-- Up-to-date: /home/avinaash/ForkLift_AMR/install/forklift_interfaces/include/forklift_interfaces/srv/detail
-- Up-to-date: /home/avinaash/ForkLift_AMR/install/forklift_interfaces/include/forklift_interfaces/srv/detail/fork_lift_dock__struct.hpp
-- Up-to-date: /home/avinaash/ForkLift_AMR/install/forklift_interfaces/include/forklift_interfaces/srv/detail/fork_lift_dock__traits.hpp
-- Up-to-date: /home/avinaash/ForkLift_AMR/install/forklift_interfaces/include/forklift_interfaces/srv/detail/fork_lift_dock__builder.hpp
-- Up-to-date: /home/avinaash/ForkLift_AMR/install/forklift_interfaces/include/forklift_interfaces
-- Up-to-date: /home/avinaash/ForkLift_AMR/install/forklift_interfaces/include/forklift_interfaces/srv
-- Up-to-date: /home/avinaash/ForkLift_AMR/install/forklift_interfaces/include/forklift_interfaces/srv/detail
-- Up-to-date: /home/avinaash/ForkLift_AMR/install/forklift_interfaces/include/forklift_interfaces/srv/detail/fork_lift_dock__type_support.cpp
-- Up-to-date: /home/avinaash/ForkLift_AMR/install/forklift_interfaces/include/forklift_interfaces/srv/detail/fork_lift_dock__rosidl_typesupport_introspection_cpp.hpp
-- Up-to-date: /home/avinaash/ForkLift_AMR/install/forklift_interfaces/lib/libforklift_interfaces__rosidl_typesupport_introspection_cpp.so
-- Up-to-date: /home/avinaash/ForkLift_AMR/install/forklift_interfaces/lib/libforklift_interfaces__rosidl_typesupport_cpp.so
-- Up-to-date: /home/avinaash/ForkLift_AMR/install/forklift_interfaces/share/forklift_interfaces/environment/pythonpath.sh
-- Up-to-date: /home/avinaash/ForkLift_AMR/install/forklift_interfaces/share/forklift_interfaces/environment/pythonpath.dsv
-- Up-to-date: /home/avinaash/ForkLift_AMR/install/forklift_interfaces/lib/python3.8/site-packages/forklift_interfaces/__init__.py
-- Up-to-date: /home/avinaash/ForkLift_AMR/install/forklift_interfaces/lib/python3.8/site-packages/forklift_interfaces/srv
-- Up-to-date: /home/avinaash/ForkLift_AMR/install/forklift_interfaces/lib/python3.8/site-packages/forklift_interfaces/srv/_fork_lift_dock_s.c
-- Up-to-date: /home/avinaash/ForkLift_AMR/install/forklift_interfaces/lib/python3.8/site-packages/forklift_interfaces/srv/__init__.py
-- Up-to-date: /home/avinaash/ForkLift_AMR/install/forklift_interfaces/lib/python3.8/site-packages/forklift_interfaces/srv/_fork_lift_dock.py
-- Up-to-date: /home/avinaash/ForkLift_AMR/install/forklift_interfaces/lib/python3.8/site-packages/forklift_interfaces/forklift_interfaces_s__rosidl_typesupport_fastrtps_c.cpython-38-x86_64-linux-gnu.so
-- Up-to-date: /home/avinaash/ForkLift_AMR/install/forklift_interfaces/lib/python3.8/site-packages/forklift_interfaces/forklift_interfaces_s__rosidl_typesupport_introspection_c.cpython-38-x86_64-linux-gnu.so
-- Up-to-date: /home/avinaash/ForkLift_AMR/install/forklift_interfaces/lib/python3.8/site-packages/forklift_interfaces/forklift_interfaces_s__rosidl_typesupport_c.cpython-38-x86_64-linux-gnu.so
-- Up-to-date: /home/avinaash/ForkLift_AMR/install/forklift_interfaces/lib/libforklift_interfaces__python.so
-- Up-to-date: /home/avinaash/ForkLift_AMR/install/forklift_interfaces/share/forklift_interfaces/srv/ForkLiftDock.idl
-- Up-to-date: /home/avinaash/ForkLift_AMR/install/forklift_interfaces/share/forklift_interfaces/srv/ForkLiftDock.srv
-- Up-to-date: /home/avinaash/ForkLift_AMR/install/forklift_interfaces/share/forklift_interfaces/srv/ForkLiftDock_Request.msg
-- Up-to-date: /home/avinaash/ForkLift_AMR/install/forklift_interfaces/share/forklift_interfaces/srv/ForkLiftDock_Response.msg
-- Up-to-date: /home/avinaash/ForkLift_AMR/install/forklift_interfaces/share/ament_index/resource_index/package_run_dependencies/forklift_interfaces
-- Up-to-date: /home/avinaash/ForkLift_AMR/install/forklift_interfaces/share/ament_index/resource_index/parent_prefix_path/forklift_interfaces
-- Up-to-date: /home/avinaash/ForkLift_AMR/install/forklift_interfaces/share/forklift_interfaces/environment/ament_prefix_path.sh
-- Up-to-date: /home/avinaash/ForkLift_AMR/install/forklift_interfaces/share/forklift_interfaces/environment/ament_prefix_path.dsv
-- Up-to-date: /home/avinaash/ForkLift_AMR/install/forklift_interfaces/share/forklift_interfaces/environment/path.sh
-- Up-to-date: /home/avinaash/ForkLift_AMR/install/forklift_interfaces/share/forklift_interfaces/environment/path.dsv
-- Up-to-date: /home/avinaash/ForkLift_AMR/install/forklift_interfaces/share/forklift_interfaces/local_setup.bash
-- Up-to-date: /home/avinaash/ForkLift_AMR/install/forklift_interfaces/share/forklift_interfaces/local_setup.sh
-- Up-to-date: /home/avinaash/ForkLift_AMR/install/forklift_interfaces/share/forklift_interfaces/local_setup.zsh
-- Up-to-date: /home/avinaash/ForkLift_AMR/install/forklift_interfaces/share/forklift_interfaces/local_setup.dsv
-- Installing: /home/avinaash/ForkLift_AMR/install/forklift_interfaces/share/forklift_interfaces/package.dsv
-- Up-to-date: /home/avinaash/ForkLift_AMR/install/forklift_interfaces/share/ament_index/resource_index/packages/forklift_interfaces
-- Up-to-date: /home/avinaash/ForkLift_AMR/install/forklift_interfaces/share/forklift_interfaces/cmake/forklift_interfaces__rosidl_generator_cExport.cmake
-- Up-to-date: /home/avinaash/ForkLift_AMR/install/forklift_interfaces/share/forklift_interfaces/cmake/forklift_interfaces__rosidl_generator_cExport-noconfig.cmake
-- Up-to-date: /home/avinaash/ForkLift_AMR/install/forklift_interfaces/share/forklift_interfaces/cmake/forklift_interfaces__rosidl_typesupport_introspection_cExport.cmake
-- Up-to-date: /home/avinaash/ForkLift_AMR/install/forklift_interfaces/share/forklift_interfaces/cmake/forklift_interfaces__rosidl_typesupport_introspection_cExport-noconfig.cmake
-- Up-to-date: /home/avinaash/ForkLift_AMR/install/forklift_interfaces/share/forklift_interfaces/cmake/forklift_interfaces__rosidl_typesupport_cExport.cmake
-- Up-to-date: /home/avinaash/ForkLift_AMR/install/forklift_interfaces/share/forklift_interfaces/cmake/forklift_interfaces__rosidl_typesupport_cExport-noconfig.cmake
-- Up-to-date: /home/avinaash/ForkLift_AMR/install/forklift_interfaces/share/forklift_interfaces/cmake/forklift_interfaces__rosidl_generator_cppExport.cmake
-- Up-to-date: /home/avinaash/ForkLift_AMR/install/forklift_interfaces/share/forklift_interfaces/cmake/forklift_interfaces__rosidl_typesupport_introspection_cppExport.cmake
-- Up-to-date: /home/avinaash/ForkLift_AMR/install/forklift_interfaces/share/forklift_interfaces/cmake/forklift_interfaces__rosidl_typesupport_introspection_cppExport-noconfig.cmake
-- Up-to-date: /home/avinaash/ForkLift_AMR/install/forklift_interfaces/share/forklift_interfaces/cmake/forklift_interfaces__rosidl_typesupport_cppExport.cmake
-- Up-to-date: /home/avinaash/ForkLift_AMR/install/forklift_interfaces/share/forklift_interfaces/cmake/forklift_interfaces__rosidl_typesupport_cppExport-noconfig.cmake
-- Up-to-date: /home/avinaash/ForkLift_AMR/install/forklift_interfaces/share/forklift_interfaces/cmake/rosidl_cmake-extras.cmake
-- Up-to-date: /home/avinaash/ForkLift_AMR/install/forklift_interfaces/share/forklift_interfaces/cmake/ament_cmake_export_dependencies-extras.cmake
-- Up-to-date: /home/avinaash/ForkLift_AMR/install/forklift_interfaces/share/forklift_interfaces/cmake/ament_cmake_export_libraries-extras.cmake
-- Up-to-date: /home/avinaash/ForkLift_AMR/install/forklift_interfaces/share/forklift_interfaces/cmake/ament_cmake_export_targets-extras.cmake
-- Up-to-date: /home/avinaash/ForkLift_AMR/install/forklift_interfaces/share/forklift_interfaces/cmake/ament_cmake_export_include_directories-extras.cmake
-- Up-to-date: /home/avinaash/ForkLift_AMR/install/forklift_interfaces/share/forklift_interfaces/cmake/rosidl_cmake_export_typesupport_libraries-extras.cmake
-- Up-to-date: /home/avinaash/ForkLift_AMR/install/forklift_interfaces/share/forklift_interfaces/cmake/rosidl_cmake_export_typesupport_targets-extras.cmake
-- Up-to-date: /home/avinaash/ForkLift_AMR/install/forklift_interfaces/share/forklift_interfaces/cmake/forklift_interfacesConfig.cmake
-- Up-to-date: /home/avinaash/ForkLift_AMR/install/forklift_interfaces/share/forklift_interfaces/cmake/forklift_interfacesConfig-version.cmake
-- Up-to-date: /home/avinaash/ForkLift_AMR/install/forklift_interfaces/share/forklift_interfaces/package.xml
