[0.095s] Invoking command in '/home/doozy/ForkLift_AMR/build/turtlebot3_node': CMAKE_PREFIX_PATH=${CMAKE_PREFIX_PATH}:/home/doozy/ForkLift_AMR/install/turtlebot3_teleop:/home/doozy/ForkLift_AMR/install/turtlebot3_example:/home/doozy/ForkLift_AMR/install/doozy_forklift:/home/doozy/turtlebot3_ws/install/turtlebot3_teleop:/home/doozy/turtlebot3_ws/install/turtlebot3_example:/home/doozy/turtlebot3_ws/install/autonomous_tb3:/home/doozy/daimler_tugger/doozy_ws_2/install/pallet_docker_02:/home/doozy/daimler_tugger/doozy_ws_2/install/2_t_dolly_logistics_driver:/home/doozy/doozy_ws/install/task_py:/home/doozy/doozy_robotics/doozy_ws_2/install/pallet_docker_02:/home/doozy/doozy_robotics/doozy_ws_2/install/2_t_dolly_logistics_driver:/home/doozy/ros2_ws/install/hotel_package:/home/doozy/ros2_ws/install/deffy:/home/doozy/do_ws/install/task_py:/home/doozy/neuronbot2_ros2_ws/install/neuronbot2_led:/opt/ros/humble /usr/bin/cmake --build /home/doozy/ForkLift_AMR/build/turtlebot3_node -- -j16 -l16
[0.752s] [ 85%] Built target turtlebot3_node_lib
[0.752s] [100%] Built target turtlebot3_ros
[0.762s] Invoked command in '/home/doozy/ForkLift_AMR/build/turtlebot3_node' returned '0': CMAKE_PREFIX_PATH=${CMAKE_PREFIX_PATH}:/home/doozy/ForkLift_AMR/install/turtlebot3_teleop:/home/doozy/ForkLift_AMR/install/turtlebot3_example:/home/doozy/ForkLift_AMR/install/doozy_forklift:/home/doozy/turtlebot3_ws/install/turtlebot3_teleop:/home/doozy/turtlebot3_ws/install/turtlebot3_example:/home/doozy/turtlebot3_ws/install/autonomous_tb3:/home/doozy/daimler_tugger/doozy_ws_2/install/pallet_docker_02:/home/doozy/daimler_tugger/doozy_ws_2/install/2_t_dolly_logistics_driver:/home/doozy/doozy_ws/install/task_py:/home/doozy/doozy_robotics/doozy_ws_2/install/pallet_docker_02:/home/doozy/doozy_robotics/doozy_ws_2/install/2_t_dolly_logistics_driver:/home/doozy/ros2_ws/install/hotel_package:/home/doozy/ros2_ws/install/deffy:/home/doozy/do_ws/install/task_py:/home/doozy/neuronbot2_ros2_ws/install/neuronbot2_led:/opt/ros/humble /usr/bin/cmake --build /home/doozy/ForkLift_AMR/build/turtlebot3_node -- -j16 -l16
[0.892s] Invoking command in '/home/doozy/ForkLift_AMR/build/turtlebot3_node': CMAKE_PREFIX_PATH=${CMAKE_PREFIX_PATH}:/home/doozy/ForkLift_AMR/install/turtlebot3_teleop:/home/doozy/ForkLift_AMR/install/turtlebot3_example:/home/doozy/ForkLift_AMR/install/doozy_forklift:/home/doozy/turtlebot3_ws/install/turtlebot3_teleop:/home/doozy/turtlebot3_ws/install/turtlebot3_example:/home/doozy/turtlebot3_ws/install/autonomous_tb3:/home/doozy/daimler_tugger/doozy_ws_2/install/pallet_docker_02:/home/doozy/daimler_tugger/doozy_ws_2/install/2_t_dolly_logistics_driver:/home/doozy/doozy_ws/install/task_py:/home/doozy/doozy_robotics/doozy_ws_2/install/pallet_docker_02:/home/doozy/doozy_robotics/doozy_ws_2/install/2_t_dolly_logistics_driver:/home/doozy/ros2_ws/install/hotel_package:/home/doozy/ros2_ws/install/deffy:/home/doozy/do_ws/install/task_py:/home/doozy/neuronbot2_ros2_ws/install/neuronbot2_led:/opt/ros/humble /usr/bin/cmake --install /home/doozy/ForkLift_AMR/build/turtlebot3_node
[0.931s] -- Install configuration: ""
[0.931s] -- Up-to-date: /home/doozy/ForkLift_AMR/install/turtlebot3_node/share/turtlebot3_node/param
[0.931s] -- Up-to-date: /home/doozy/ForkLift_AMR/install/turtlebot3_node/share/turtlebot3_node/param/waffle_pi.yaml
[0.933s] -- Up-to-date: /home/doozy/ForkLift_AMR/install/turtlebot3_node/share/turtlebot3_node/param/burger.yaml
[0.933s] -- Up-to-date: /home/doozy/ForkLift_AMR/install/turtlebot3_node/share/turtlebot3_node/param/waffle.yaml
[0.933s] -- Up-to-date: /home/doozy/ForkLift_AMR/install/turtlebot3_node/lib/turtlebot3_node/turtlebot3_ros
[0.934s] -- Up-to-date: /home/doozy/ForkLift_AMR/install/turtlebot3_node/share/ament_index/resource_index/package_run_dependencies/turtlebot3_node
[0.934s] -- Up-to-date: /home/doozy/ForkLift_AMR/install/turtlebot3_node/share/ament_index/resource_index/parent_prefix_path/turtlebot3_node
[0.934s] -- Up-to-date: /home/doozy/ForkLift_AMR/install/turtlebot3_node/share/turtlebot3_node/environment/ament_prefix_path.sh
[0.935s] -- Up-to-date: /home/doozy/ForkLift_AMR/install/turtlebot3_node/share/turtlebot3_node/environment/ament_prefix_path.dsv
[0.935s] -- Up-to-date: /home/doozy/ForkLift_AMR/install/turtlebot3_node/share/turtlebot3_node/environment/path.sh
[0.935s] -- Up-to-date: /home/doozy/ForkLift_AMR/install/turtlebot3_node/share/turtlebot3_node/environment/path.dsv
[0.936s] -- Up-to-date: /home/doozy/ForkLift_AMR/install/turtlebot3_node/share/turtlebot3_node/local_setup.bash
[0.936s] -- Up-to-date: /home/doozy/ForkLift_AMR/install/turtlebot3_node/share/turtlebot3_node/local_setup.sh
[0.936s] -- Up-to-date: /home/doozy/ForkLift_AMR/install/turtlebot3_node/share/turtlebot3_node/local_setup.zsh
[0.936s] -- Up-to-date: /home/doozy/ForkLift_AMR/install/turtlebot3_node/share/turtlebot3_node/local_setup.dsv
[0.937s] -- Installing: /home/doozy/ForkLift_AMR/install/turtlebot3_node/share/turtlebot3_node/package.dsv
[0.937s] -- Up-to-date: /home/doozy/ForkLift_AMR/install/turtlebot3_node/share/ament_index/resource_index/packages/turtlebot3_node
[0.937s] -- Up-to-date: /home/doozy/ForkLift_AMR/install/turtlebot3_node/share/turtlebot3_node/cmake/ament_cmake_export_include_directories-extras.cmake
[0.937s] -- Up-to-date: /home/doozy/ForkLift_AMR/install/turtlebot3_node/share/turtlebot3_node/cmake/turtlebot3_nodeConfig.cmake
[0.937s] -- Up-to-date: /home/doozy/ForkLift_AMR/install/turtlebot3_node/share/turtlebot3_node/cmake/turtlebot3_nodeConfig-version.cmake
[0.937s] -- Up-to-date: /home/doozy/ForkLift_AMR/install/turtlebot3_node/share/turtlebot3_node/package.xml
[0.962s] Invoked command in '/home/doozy/ForkLift_AMR/build/turtlebot3_node' returned '0': CMAKE_PREFIX_PATH=${CMAKE_PREFIX_PATH}:/home/doozy/ForkLift_AMR/install/turtlebot3_teleop:/home/doozy/ForkLift_AMR/install/turtlebot3_example:/home/doozy/ForkLift_AMR/install/doozy_forklift:/home/doozy/turtlebot3_ws/install/turtlebot3_teleop:/home/doozy/turtlebot3_ws/install/turtlebot3_example:/home/doozy/turtlebot3_ws/install/autonomous_tb3:/home/doozy/daimler_tugger/doozy_ws_2/install/pallet_docker_02:/home/doozy/daimler_tugger/doozy_ws_2/install/2_t_dolly_logistics_driver:/home/doozy/doozy_ws/install/task_py:/home/doozy/doozy_robotics/doozy_ws_2/install/pallet_docker_02:/home/doozy/doozy_robotics/doozy_ws_2/install/2_t_dolly_logistics_driver:/home/doozy/ros2_ws/install/hotel_package:/home/doozy/ros2_ws/install/deffy:/home/doozy/do_ws/install/task_py:/home/doozy/neuronbot2_ros2_ws/install/neuronbot2_led:/opt/ros/humble /usr/bin/cmake --install /home/doozy/ForkLift_AMR/build/turtlebot3_node
