[0.246s] Invoking command in '/home/avinaash/ForkLift_AMR/build/turtlebot3_fake_node': CMAKE_PREFIX_PATH=/opt/ros/galactic /usr/bin/cmake /home/avinaash/ForkLift_AMR/src/turtlebot3_simulations/turtlebot3_fake_node -DCMAKE_INSTALL_PREFIX=/home/avinaash/ForkLift_AMR/install/turtlebot3_fake_node
[0.714s] -- The C compiler identification is GNU 9.4.0
[0.715s] -- The CXX compiler identification is GNU 9.4.0
[0.715s] -- Check for working C compiler: /usr/bin/cc
[0.715s] -- Check for working C compiler: /usr/bin/cc -- works
[0.715s] -- Detecting C compiler ABI info
[0.715s] -- Detecting C compiler ABI info - done
[0.715s] -- Detecting C compile features
[0.715s] -- Detecting C compile features - done
[0.715s] -- Check for working CXX compiler: /usr/bin/c++
[0.715s] -- Check for working CXX compiler: /usr/bin/c++ -- works
[0.715s] -- Detecting CXX compiler ABI info
[0.715s] -- Detecting CXX compiler ABI info - done
[0.715s] -- Detecting CXX compile features
[0.715s] -- Detecting CXX compile features - done
[0.716s] -- Found ament_cmake: 1.1.6 (/opt/ros/galactic/share/ament_cmake/cmake)
[0.719s] -- Found PythonInterp: /usr/bin/python3 (found suitable version "3.8.10", minimum required is "3") 
[0.719s] -- Using PYTHON_EXECUTABLE: /usr/bin/python3
[0.728s] -- Found geometry_msgs: 2.2.4 (/opt/ros/galactic/share/geometry_msgs/cmake)
[0.761s] -- Using all available rosidl_typesupport_c: rosidl_typesupport_fastrtps_c;rosidl_typesupport_introspection_c
[0.767s] -- Found rosidl_adapter: 2.2.3 (/opt/ros/galactic/share/rosidl_adapter/cmake)
[0.858s] -- Found OpenSSL: /usr/lib/x86_64-linux-gnu/libcrypto.so (found version "1.1.1f")  
[0.889s] -- Found FastRTPS: /opt/ros/galactic/include  
[0.972s] -- Using all available rosidl_typesupport_cpp: rosidl_typesupport_fastrtps_cpp;rosidl_typesupport_introspection_cpp
[1.042s] -- Found nav_msgs: 2.2.4 (/opt/ros/galactic/share/nav_msgs/cmake)
[1.098s] -- Found rclcpp: 9.2.2 (/opt/ros/galactic/share/rclcpp/cmake)
[1.136s] -- Found rmw_implementation_cmake: 3.3.1 (/opt/ros/galactic/share/rmw_implementation_cmake/cmake)
[1.138s] -- Found rmw_cyclonedds_cpp: 0.22.6 (/opt/ros/galactic/share/rmw_cyclonedds_cpp/cmake)
[1.152s] -- Using RMW implementation 'rmw_cyclonedds_cpp' as default
[1.153s] -- Looking for pthread.h
[1.215s] -- Looking for pthread.h - found
[1.215s] -- Performing Test CMAKE_HAVE_LIBC_PTHREAD
[1.289s] -- Performing Test CMAKE_HAVE_LIBC_PTHREAD - Failed
[1.289s] -- Looking for pthread_create in pthreads
[1.348s] -- Looking for pthread_create in pthreads - not found
[1.348s] -- Looking for pthread_create in pthread
[1.416s] -- Looking for pthread_create in pthread - found
[1.417s] -- Found Threads: TRUE  
[1.519s] -- Found sensor_msgs: 2.2.4 (/opt/ros/galactic/share/sensor_msgs/cmake)
[1.568s] -- Found tf2: 0.17.5 (/opt/ros/galactic/share/tf2/cmake)
[1.576s] -- Found tf2_msgs: 0.17.5 (/opt/ros/galactic/share/tf2_msgs/cmake)
[1.718s] -- Found turtlebot3_msgs: 2.2.2 (/opt/ros/galactic/share/turtlebot3_msgs/cmake)
[1.832s] -- Configuring done
[1.843s] -- Generating done
[1.844s] -- Build files have been written to: /home/avinaash/ForkLift_AMR/build/turtlebot3_fake_node
[1.859s] Invoked command in '/home/avinaash/ForkLift_AMR/build/turtlebot3_fake_node' returned '0': CMAKE_PREFIX_PATH=/opt/ros/galactic /usr/bin/cmake /home/avinaash/ForkLift_AMR/src/turtlebot3_simulations/turtlebot3_fake_node -DCMAKE_INSTALL_PREFIX=/home/avinaash/ForkLift_AMR/install/turtlebot3_fake_node
[1.863s] Invoking command in '/home/avinaash/ForkLift_AMR/build/turtlebot3_fake_node': CMAKE_PREFIX_PATH=/opt/ros/galactic /usr/bin/cmake --build /home/avinaash/ForkLift_AMR/build/turtlebot3_fake_node -- -j16 -l16
[1.900s] [35m[1mScanning dependencies of target turtlebot3_fake_node[0m
[1.990s] [ 50%] [32mBuilding CXX object CMakeFiles/turtlebot3_fake_node.dir/src/turtlebot3_fake_node.cpp.o[0m
[10.821s] [100%] [32m[1mLinking CXX executable turtlebot3_fake_node[0m
[11.161s] [100%] Built target turtlebot3_fake_node
[11.170s] Invoked command in '/home/avinaash/ForkLift_AMR/build/turtlebot3_fake_node' returned '0': CMAKE_PREFIX_PATH=/opt/ros/galactic /usr/bin/cmake --build /home/avinaash/ForkLift_AMR/build/turtlebot3_fake_node -- -j16 -l16
[11.190s] Invoking command in '/home/avinaash/ForkLift_AMR/build/turtlebot3_fake_node': CMAKE_PREFIX_PATH=/opt/ros/galactic /usr/bin/cmake --install /home/avinaash/ForkLift_AMR/build/turtlebot3_fake_node
[11.199s] -- Install configuration: ""
[11.199s] -- Installing: /home/avinaash/ForkLift_AMR/install/turtlebot3_fake_node/lib/turtlebot3_fake_node/turtlebot3_fake_node
[11.201s] -- Set runtime path of "/home/avinaash/ForkLift_AMR/install/turtlebot3_fake_node/lib/turtlebot3_fake_node/turtlebot3_fake_node" to ""
[11.201s] -- Installing: /home/avinaash/ForkLift_AMR/install/turtlebot3_fake_node/share/turtlebot3_fake_node/launch
[11.201s] -- Installing: /home/avinaash/ForkLift_AMR/install/turtlebot3_fake_node/share/turtlebot3_fake_node/launch/rviz2.launch.py
[11.201s] -- Installing: /home/avinaash/ForkLift_AMR/install/turtlebot3_fake_node/share/turtlebot3_fake_node/launch/turtlebot3_fake_node.launch.py
[11.201s] -- Installing: /home/avinaash/ForkLift_AMR/install/turtlebot3_fake_node/share/turtlebot3_fake_node/param
[11.202s] -- Installing: /home/avinaash/ForkLift_AMR/install/turtlebot3_fake_node/share/turtlebot3_fake_node/param/waffle.yaml
[11.202s] -- Installing: /home/avinaash/ForkLift_AMR/install/turtlebot3_fake_node/share/turtlebot3_fake_node/param/burger.yaml
[11.202s] -- Installing: /home/avinaash/ForkLift_AMR/install/turtlebot3_fake_node/share/turtlebot3_fake_node/param/waffle_pi.yaml
[11.202s] -- Installing: /home/avinaash/ForkLift_AMR/install/turtlebot3_fake_node/include/
[11.202s] -- Installing: /home/avinaash/ForkLift_AMR/install/turtlebot3_fake_node/include//turtlebot3_fake_node
[11.202s] -- Installing: /home/avinaash/ForkLift_AMR/install/turtlebot3_fake_node/include//turtlebot3_fake_node/turtlebot3_fake_node.hpp
[11.202s] -- Installing: /home/avinaash/ForkLift_AMR/install/turtlebot3_fake_node/share/ament_index/resource_index/package_run_dependencies/turtlebot3_fake_node
[11.202s] -- Installing: /home/avinaash/ForkLift_AMR/install/turtlebot3_fake_node/share/ament_index/resource_index/parent_prefix_path/turtlebot3_fake_node
[11.202s] -- Installing: /home/avinaash/ForkLift_AMR/install/turtlebot3_fake_node/share/turtlebot3_fake_node/environment/ament_prefix_path.sh
[11.203s] -- Installing: /home/avinaash/ForkLift_AMR/install/turtlebot3_fake_node/share/turtlebot3_fake_node/environment/ament_prefix_path.dsv
[11.203s] -- Installing: /home/avinaash/ForkLift_AMR/install/turtlebot3_fake_node/share/turtlebot3_fake_node/environment/path.sh
[11.203s] -- Installing: /home/avinaash/ForkLift_AMR/install/turtlebot3_fake_node/share/turtlebot3_fake_node/environment/path.dsv
[11.203s] -- Installing: /home/avinaash/ForkLift_AMR/install/turtlebot3_fake_node/share/turtlebot3_fake_node/local_setup.bash
[11.203s] -- Installing: /home/avinaash/ForkLift_AMR/install/turtlebot3_fake_node/share/turtlebot3_fake_node/local_setup.sh
[11.203s] -- Installing: /home/avinaash/ForkLift_AMR/install/turtlebot3_fake_node/share/turtlebot3_fake_node/local_setup.zsh
[11.203s] -- Installing: /home/avinaash/ForkLift_AMR/install/turtlebot3_fake_node/share/turtlebot3_fake_node/local_setup.dsv
[11.203s] -- Installing: /home/avinaash/ForkLift_AMR/install/turtlebot3_fake_node/share/turtlebot3_fake_node/package.dsv
[11.203s] -- Installing: /home/avinaash/ForkLift_AMR/install/turtlebot3_fake_node/share/ament_index/resource_index/packages/turtlebot3_fake_node
[11.203s] -- Installing: /home/avinaash/ForkLift_AMR/install/turtlebot3_fake_node/share/turtlebot3_fake_node/cmake/ament_cmake_export_include_directories-extras.cmake
[11.203s] -- Installing: /home/avinaash/ForkLift_AMR/install/turtlebot3_fake_node/share/turtlebot3_fake_node/cmake/ament_cmake_export_dependencies-extras.cmake
[11.204s] -- Installing: /home/avinaash/ForkLift_AMR/install/turtlebot3_fake_node/share/turtlebot3_fake_node/cmake/turtlebot3_fake_nodeConfig.cmake
[11.204s] -- Installing: /home/avinaash/ForkLift_AMR/install/turtlebot3_fake_node/share/turtlebot3_fake_node/cmake/turtlebot3_fake_nodeConfig-version.cmake
[11.204s] -- Installing: /home/avinaash/ForkLift_AMR/install/turtlebot3_fake_node/share/turtlebot3_fake_node/package.xml
[11.205s] Invoked command in '/home/avinaash/ForkLift_AMR/build/turtlebot3_fake_node' returned '0': CMAKE_PREFIX_PATH=/opt/ros/galactic /usr/bin/cmake --install /home/avinaash/ForkLift_AMR/build/turtlebot3_fake_node
