[0.022s] Invoking command in '/home/avinaash/ForkLift_AMR/build/turtlebot3_simulations': CMAKE_PREFIX_PATH=/home/avinaash/ForkLift_AMR/install/turtlebot3_gazebo:/home/avinaash/ForkLift_AMR/install/turtlebot3_fake_node:/home/avinaash/ForkLift_AMR/install/turtlebot3:/home/avinaash/ForkLift_AMR/install/turtlebot3_simulations:/home/avinaash/ForkLift_AMR/install/turtlebot3_bringup:/home/avinaash/ForkLift_AMR/install/turtlebot3_node:/home/avinaash/ForkLift_AMR/install/turtlebot3_navigation2:/home/avinaash/ForkLift_AMR/install/turtlebot3_teleop:/home/avinaash/ForkLift_AMR/install/turtlebot3_example:/home/avinaash/ForkLift_AMR/install/doozy_forklift:/opt/ros/galactic:/home/avinaash/ForkLift_AMR/install/turtlebot3_description:/home/avinaash/ForkLift_AMR/install/turtlebot3_cartographer:/home/avinaash/ForkLift_AMR/install/forklift_interfaces /usr/bin/cmake --build /home/avinaash/ForkLift_AMR/build/turtlebot3_simulations -- -j16 -l16
[0.059s] Invoked command in '/home/avinaash/ForkLift_AMR/build/turtlebot3_simulations' returned '0': CMAKE_PREFIX_PATH=/home/avinaash/ForkLift_AMR/install/turtlebot3_gazebo:/home/avinaash/ForkLift_AMR/install/turtlebot3_fake_node:/home/avinaash/ForkLift_AMR/install/turtlebot3:/home/avinaash/ForkLift_AMR/install/turtlebot3_simulations:/home/avinaash/ForkLift_AMR/install/turtlebot3_bringup:/home/avinaash/ForkLift_AMR/install/turtlebot3_node:/home/avinaash/ForkLift_AMR/install/turtlebot3_navigation2:/home/avinaash/ForkLift_AMR/install/turtlebot3_teleop:/home/avinaash/ForkLift_AMR/install/turtlebot3_example:/home/avinaash/ForkLift_AMR/install/doozy_forklift:/opt/ros/galactic:/home/avinaash/ForkLift_AMR/install/turtlebot3_description:/home/avinaash/ForkLift_AMR/install/turtlebot3_cartographer:/home/avinaash/ForkLift_AMR/install/forklift_interfaces /usr/bin/cmake --build /home/avinaash/ForkLift_AMR/build/turtlebot3_simulations -- -j16 -l16
[0.072s] Invoking command in '/home/avinaash/ForkLift_AMR/build/turtlebot3_simulations': CMAKE_PREFIX_PATH=/home/avinaash/ForkLift_AMR/install/turtlebot3_gazebo:/home/avinaash/ForkLift_AMR/install/turtlebot3_fake_node:/home/avinaash/ForkLift_AMR/install/turtlebot3:/home/avinaash/ForkLift_AMR/install/turtlebot3_simulations:/home/avinaash/ForkLift_AMR/install/turtlebot3_bringup:/home/avinaash/ForkLift_AMR/install/turtlebot3_node:/home/avinaash/ForkLift_AMR/install/turtlebot3_navigation2:/home/avinaash/ForkLift_AMR/install/turtlebot3_teleop:/home/avinaash/ForkLift_AMR/install/turtlebot3_example:/home/avinaash/ForkLift_AMR/install/doozy_forklift:/opt/ros/galactic:/home/avinaash/ForkLift_AMR/install/turtlebot3_description:/home/avinaash/ForkLift_AMR/install/turtlebot3_cartographer:/home/avinaash/ForkLift_AMR/install/forklift_interfaces /usr/bin/cmake --install /home/avinaash/ForkLift_AMR/build/turtlebot3_simulations
[0.079s] -- Install configuration: ""
[0.079s] -- Up-to-date: /home/avinaash/ForkLift_AMR/install/turtlebot3_simulations/share/ament_index/resource_index/package_run_dependencies/turtlebot3_simulations
[0.079s] -- Up-to-date: /home/avinaash/ForkLift_AMR/install/turtlebot3_simulations/share/ament_index/resource_index/parent_prefix_path/turtlebot3_simulations
[0.079s] -- Up-to-date: /home/avinaash/ForkLift_AMR/install/turtlebot3_simulations/share/turtlebot3_simulations/environment/ament_prefix_path.sh
[0.079s] -- Up-to-date: /home/avinaash/ForkLift_AMR/install/turtlebot3_simulations/share/turtlebot3_simulations/environment/ament_prefix_path.dsv
[0.079s] -- Up-to-date: /home/avinaash/ForkLift_AMR/install/turtlebot3_simulations/share/turtlebot3_simulations/environment/path.sh
[0.079s] -- Up-to-date: /home/avinaash/ForkLift_AMR/install/turtlebot3_simulations/share/turtlebot3_simulations/environment/path.dsv
[0.080s] -- Up-to-date: /home/avinaash/ForkLift_AMR/install/turtlebot3_simulations/share/turtlebot3_simulations/local_setup.bash
[0.080s] -- Up-to-date: /home/avinaash/ForkLift_AMR/install/turtlebot3_simulations/share/turtlebot3_simulations/local_setup.sh
[0.080s] -- Up-to-date: /home/avinaash/ForkLift_AMR/install/turtlebot3_simulations/share/turtlebot3_simulations/local_setup.zsh
[0.081s] -- Up-to-date: /home/avinaash/ForkLift_AMR/install/turtlebot3_simulations/share/turtlebot3_simulations/local_setup.dsv
[0.081s] -- Installing: /home/avinaash/ForkLift_AMR/install/turtlebot3_simulations/share/turtlebot3_simulations/package.dsv
[0.081s] -- Up-to-date: /home/avinaash/ForkLift_AMR/install/turtlebot3_simulations/share/ament_index/resource_index/packages/turtlebot3_simulations
[0.081s] -- Up-to-date: /home/avinaash/ForkLift_AMR/install/turtlebot3_simulations/share/turtlebot3_simulations/cmake/turtlebot3_simulationsConfig.cmake
[0.081s] -- Up-to-date: /home/avinaash/ForkLift_AMR/install/turtlebot3_simulations/share/turtlebot3_simulations/cmake/turtlebot3_simulationsConfig-version.cmake
[0.081s] -- Up-to-date: /home/avinaash/ForkLift_AMR/install/turtlebot3_simulations/share/turtlebot3_simulations/package.xml
[0.091s] Invoked command in '/home/avinaash/ForkLift_AMR/build/turtlebot3_simulations' returned '0': CMAKE_PREFIX_PATH=/home/avinaash/ForkLift_AMR/install/turtlebot3_gazebo:/home/avinaash/ForkLift_AMR/install/turtlebot3_fake_node:/home/avinaash/ForkLift_AMR/install/turtlebot3:/home/avinaash/ForkLift_AMR/install/turtlebot3_simulations:/home/avinaash/ForkLift_AMR/install/turtlebot3_bringup:/home/avinaash/ForkLift_AMR/install/turtlebot3_node:/home/avinaash/ForkLift_AMR/install/turtlebot3_navigation2:/home/avinaash/ForkLift_AMR/install/turtlebot3_teleop:/home/avinaash/ForkLift_AMR/install/turtlebot3_example:/home/avinaash/ForkLift_AMR/install/doozy_forklift:/opt/ros/galactic:/home/avinaash/ForkLift_AMR/install/turtlebot3_description:/home/avinaash/ForkLift_AMR/install/turtlebot3_cartographer:/home/avinaash/ForkLift_AMR/install/forklift_interfaces /usr/bin/cmake --install /home/avinaash/ForkLift_AMR/build/turtlebot3_simulations
