[1.045s] Invoking command in '/home/avinaash/ForkLift_AMR/src/turtlebot3/turtlebot3_example': PYTHONPATH=/home/avinaash/ForkLift_AMR/build/turtlebot3_example/prefix_override:/home/avinaash/ForkLift_AMR/install/turtlebot3_example/lib/python3.8/site-packages:${PYTHONPATH} /usr/bin/python3 -W ignore:setup.py install is deprecated setup.py egg_info --egg-base ../../../build/turtlebot3_example build --build-base /home/avinaash/ForkLift_AMR/build/turtlebot3_example/build install --record /home/avinaash/ForkLift_AMR/build/turtlebot3_example/install.log --single-version-externally-managed install_data
[1.201s] running egg_info
[1.202s] writing ../../../build/turtlebot3_example/turtlebot3_example.egg-info/PKG-INFO
[1.202s] writing dependency_links to ../../../build/turtlebot3_example/turtlebot3_example.egg-info/dependency_links.txt
[1.202s] writing entry points to ../../../build/turtlebot3_example/turtlebot3_example.egg-info/entry_points.txt
[1.202s] writing requirements to ../../../build/turtlebot3_example/turtlebot3_example.egg-info/requires.txt
[1.202s] writing top-level names to ../../../build/turtlebot3_example/turtlebot3_example.egg-info/top_level.txt
[1.225s] reading manifest file '../../../build/turtlebot3_example/turtlebot3_example.egg-info/SOURCES.txt'
[1.226s] writing manifest file '../../../build/turtlebot3_example/turtlebot3_example.egg-info/SOURCES.txt'
[1.226s] running build
[1.226s] running build_py
[1.226s] running install
[1.227s] running install_lib
[1.229s] running install_data
[1.229s] running install_egg_info
[1.230s] removing '/home/avinaash/ForkLift_AMR/install/turtlebot3_example/lib/python3.8/site-packages/turtlebot3_example-2.1.4-py3.8.egg-info' (and everything under it)
[1.230s] Copying ../../../build/turtlebot3_example/turtlebot3_example.egg-info to /home/avinaash/ForkLift_AMR/install/turtlebot3_example/lib/python3.8/site-packages/turtlebot3_example-2.1.4-py3.8.egg-info
[1.230s] running install_scripts
[1.242s] Installing turtlebot3_obstacle_detection script to /home/avinaash/ForkLift_AMR/install/turtlebot3_example/lib/turtlebot3_example
[1.242s] Installing turtlebot3_patrol_client script to /home/avinaash/ForkLift_AMR/install/turtlebot3_example/lib/turtlebot3_example
[1.242s] Installing turtlebot3_patrol_server script to /home/avinaash/ForkLift_AMR/install/turtlebot3_example/lib/turtlebot3_example
[1.243s] Installing turtlebot3_position_control script to /home/avinaash/ForkLift_AMR/install/turtlebot3_example/lib/turtlebot3_example
[1.243s] writing list of installed files to '/home/avinaash/ForkLift_AMR/build/turtlebot3_example/install.log'
[1.273s] Invoked command in '/home/avinaash/ForkLift_AMR/src/turtlebot3/turtlebot3_example' returned '0': PYTHONPATH=/home/avinaash/ForkLift_AMR/build/turtlebot3_example/prefix_override:/home/avinaash/ForkLift_AMR/install/turtlebot3_example/lib/python3.8/site-packages:${PYTHONPATH} /usr/bin/python3 -W ignore:setup.py install is deprecated setup.py egg_info --egg-base ../../../build/turtlebot3_example build --build-base /home/avinaash/ForkLift_AMR/build/turtlebot3_example/build install --record /home/avinaash/ForkLift_AMR/build/turtlebot3_example/install.log --single-version-externally-managed install_data
