[0.179s] Invoking command in '/home/avinaash/ForkLift_AMR/build/sick_visionary_t_mini': CMAKE_PREFIX_PATH=${CMAKE_PREFIX_PATH}:/home/avinaash/ForkLift_AMR/install/doozy_forklift:/opt/ros/galactic /usr/bin/cmake --build /home/avinaash/ForkLift_AMR/build/sick_visionary_t_mini -- -j16 -l16
[0.223s] [  9%] Built target sick_visionary_t_mini__rosidl_generator_c
[0.225s] [ 12%] Built target sick_visionary_t_mini__cpp
[0.241s] [ 22%] Built target sick_visionary_t_mini__rosidl_typesupport_cpp
[0.242s] [ 32%] Built target sick_visionary_t_mini__rosidl_typesupport_introspection_c
[0.242s] [ 41%] Built target sick_visionary_t_mini__rosidl_typesupport_c
[0.243s] [ 54%] Built target sick_visionary_t_mini__rosidl_typesupport_fastrtps_cpp
[0.243s] [ 61%] Built target sick_visionary_t_mini__rosidl_typesupport_introspection_cpp
[0.266s] [ 70%] Built target sick_visionary_t_mini__rosidl_typesupport_fastrtps_c
[0.285s] [ 70%] Built target sick_visionary_t_mini
[0.305s] [ 74%] Built target sick_visionary_t_mini__py
[0.331s] [ 80%] Built target sick_visionary_t_mini__python
[0.349s] [ 87%] Built target sick_visionary_t_mini__rosidl_typesupport_c__pyext
[0.349s] [ 93%] Built target sick_visionary_t_mini__rosidl_typesupport_fastrtps_c__pyext
[0.355s] [100%] Built target sick_visionary_t_mini__rosidl_typesupport_introspection_c__pyext
[0.362s] Invoked command in '/home/avinaash/ForkLift_AMR/build/sick_visionary_t_mini' returned '0': CMAKE_PREFIX_PATH=${CMAKE_PREFIX_PATH}:/home/avinaash/ForkLift_AMR/install/doozy_forklift:/opt/ros/galactic /usr/bin/cmake --build /home/avinaash/ForkLift_AMR/build/sick_visionary_t_mini -- -j16 -l16
[0.401s] Invoking command in '/home/avinaash/ForkLift_AMR/build/sick_visionary_t_mini': CMAKE_PREFIX_PATH=${CMAKE_PREFIX_PATH}:/home/avinaash/ForkLift_AMR/install/doozy_forklift:/opt/ros/galactic /usr/bin/cmake --install /home/avinaash/ForkLift_AMR/build/sick_visionary_t_mini
[0.410s] -- Install configuration: ""
[0.411s] -- Up-to-date: /home/avinaash/ForkLift_AMR/install/sick_visionary_t_mini/share/ament_index/resource_index/rosidl_interfaces/sick_visionary_t_mini
[0.411s] -- Up-to-date: /home/avinaash/ForkLift_AMR/install/sick_visionary_t_mini/include/sick_visionary_t_mini
[0.411s] -- Up-to-date: /home/avinaash/ForkLift_AMR/install/sick_visionary_t_mini/include/sick_visionary_t_mini/msg
[0.411s] -- Up-to-date: /home/avinaash/ForkLift_AMR/install/sick_visionary_t_mini/include/sick_visionary_t_mini/msg/sick_t_mini.h
[0.411s] -- Up-to-date: /home/avinaash/ForkLift_AMR/install/sick_visionary_t_mini/include/sick_visionary_t_mini/msg/rosidl_generator_c__visibility_control.h
[0.411s] -- Up-to-date: /home/avinaash/ForkLift_AMR/install/sick_visionary_t_mini/include/sick_visionary_t_mini/msg/detail
[0.411s] -- Up-to-date: /home/avinaash/ForkLift_AMR/install/sick_visionary_t_mini/include/sick_visionary_t_mini/msg/detail/sick_t_mini__struct.h
[0.411s] -- Up-to-date: /home/avinaash/ForkLift_AMR/install/sick_visionary_t_mini/include/sick_visionary_t_mini/msg/detail/sick_t_mini__functions.h
[0.411s] -- Up-to-date: /home/avinaash/ForkLift_AMR/install/sick_visionary_t_mini/include/sick_visionary_t_mini/msg/detail/sick_t_mini__functions.c
[0.411s] -- Up-to-date: /home/avinaash/ForkLift_AMR/install/sick_visionary_t_mini/include/sick_visionary_t_mini/msg/detail/sick_t_mini__type_support.h
[0.411s] -- Up-to-date: /home/avinaash/ForkLift_AMR/install/sick_visionary_t_mini/share/sick_visionary_t_mini/environment/library_path.sh
[0.412s] -- Up-to-date: /home/avinaash/ForkLift_AMR/install/sick_visionary_t_mini/share/sick_visionary_t_mini/environment/library_path.dsv
[0.412s] -- Up-to-date: /home/avinaash/ForkLift_AMR/install/sick_visionary_t_mini/lib/libsick_visionary_t_mini__rosidl_generator_c.so
[0.412s] -- Up-to-date: /home/avinaash/ForkLift_AMR/install/sick_visionary_t_mini/include/sick_visionary_t_mini
[0.412s] -- Up-to-date: /home/avinaash/ForkLift_AMR/install/sick_visionary_t_mini/include/sick_visionary_t_mini/msg
[0.412s] -- Up-to-date: /home/avinaash/ForkLift_AMR/install/sick_visionary_t_mini/include/sick_visionary_t_mini/msg/rosidl_typesupport_fastrtps_c__visibility_control.h
[0.412s] -- Up-to-date: /home/avinaash/ForkLift_AMR/install/sick_visionary_t_mini/include/sick_visionary_t_mini/msg/detail
[0.412s] -- Up-to-date: /home/avinaash/ForkLift_AMR/install/sick_visionary_t_mini/include/sick_visionary_t_mini/msg/detail/sick_t_mini__rosidl_typesupport_fastrtps_c.h
[0.412s] -- Up-to-date: /home/avinaash/ForkLift_AMR/install/sick_visionary_t_mini/lib/libsick_visionary_t_mini__rosidl_typesupport_fastrtps_c.so
[0.412s] -- Up-to-date: /home/avinaash/ForkLift_AMR/install/sick_visionary_t_mini/include/sick_visionary_t_mini
[0.412s] -- Up-to-date: /home/avinaash/ForkLift_AMR/install/sick_visionary_t_mini/include/sick_visionary_t_mini/msg
[0.412s] -- Up-to-date: /home/avinaash/ForkLift_AMR/install/sick_visionary_t_mini/include/sick_visionary_t_mini/msg/detail
[0.413s] -- Up-to-date: /home/avinaash/ForkLift_AMR/install/sick_visionary_t_mini/include/sick_visionary_t_mini/msg/detail/sick_t_mini__rosidl_typesupport_fastrtps_cpp.hpp
[0.413s] -- Up-to-date: /home/avinaash/ForkLift_AMR/install/sick_visionary_t_mini/include/sick_visionary_t_mini/msg/detail/dds_fastrtps
[0.413s] -- Up-to-date: /home/avinaash/ForkLift_AMR/install/sick_visionary_t_mini/include/sick_visionary_t_mini/msg/rosidl_typesupport_fastrtps_cpp__visibility_control.h
[0.413s] -- Up-to-date: /home/avinaash/ForkLift_AMR/install/sick_visionary_t_mini/lib/libsick_visionary_t_mini__rosidl_typesupport_fastrtps_cpp.so
[0.413s] -- Up-to-date: /home/avinaash/ForkLift_AMR/install/sick_visionary_t_mini/include/sick_visionary_t_mini
[0.413s] -- Up-to-date: /home/avinaash/ForkLift_AMR/install/sick_visionary_t_mini/include/sick_visionary_t_mini/msg
[0.413s] -- Up-to-date: /home/avinaash/ForkLift_AMR/install/sick_visionary_t_mini/include/sick_visionary_t_mini/msg/rosidl_typesupport_introspection_c__visibility_control.h
[0.413s] -- Up-to-date: /home/avinaash/ForkLift_AMR/install/sick_visionary_t_mini/include/sick_visionary_t_mini/msg/detail
[0.413s] -- Up-to-date: /home/avinaash/ForkLift_AMR/install/sick_visionary_t_mini/include/sick_visionary_t_mini/msg/detail/sick_t_mini__type_support.c
[0.413s] -- Up-to-date: /home/avinaash/ForkLift_AMR/install/sick_visionary_t_mini/include/sick_visionary_t_mini/msg/detail/sick_t_mini__rosidl_typesupport_introspection_c.h
[0.413s] -- Up-to-date: /home/avinaash/ForkLift_AMR/install/sick_visionary_t_mini/lib/libsick_visionary_t_mini__rosidl_typesupport_introspection_c.so
[0.413s] -- Up-to-date: /home/avinaash/ForkLift_AMR/install/sick_visionary_t_mini/lib/libsick_visionary_t_mini__rosidl_typesupport_c.so
[0.413s] -- Up-to-date: /home/avinaash/ForkLift_AMR/install/sick_visionary_t_mini/include/sick_visionary_t_mini
[0.414s] -- Up-to-date: /home/avinaash/ForkLift_AMR/install/sick_visionary_t_mini/include/sick_visionary_t_mini/msg
[0.414s] -- Up-to-date: /home/avinaash/ForkLift_AMR/install/sick_visionary_t_mini/include/sick_visionary_t_mini/msg/detail
[0.414s] -- Up-to-date: /home/avinaash/ForkLift_AMR/install/sick_visionary_t_mini/include/sick_visionary_t_mini/msg/detail/sick_t_mini__struct.hpp
[0.414s] -- Up-to-date: /home/avinaash/ForkLift_AMR/install/sick_visionary_t_mini/include/sick_visionary_t_mini/msg/detail/sick_t_mini__traits.hpp
[0.414s] -- Up-to-date: /home/avinaash/ForkLift_AMR/install/sick_visionary_t_mini/include/sick_visionary_t_mini/msg/detail/sick_t_mini__builder.hpp
[0.414s] -- Up-to-date: /home/avinaash/ForkLift_AMR/install/sick_visionary_t_mini/include/sick_visionary_t_mini/msg/sick_t_mini.hpp
[0.414s] -- Up-to-date: /home/avinaash/ForkLift_AMR/install/sick_visionary_t_mini/include/sick_visionary_t_mini
[0.414s] -- Up-to-date: /home/avinaash/ForkLift_AMR/install/sick_visionary_t_mini/include/sick_visionary_t_mini/msg
[0.414s] -- Up-to-date: /home/avinaash/ForkLift_AMR/install/sick_visionary_t_mini/include/sick_visionary_t_mini/msg/detail
[0.414s] -- Up-to-date: /home/avinaash/ForkLift_AMR/install/sick_visionary_t_mini/include/sick_visionary_t_mini/msg/detail/sick_t_mini__rosidl_typesupport_introspection_cpp.hpp
[0.414s] -- Up-to-date: /home/avinaash/ForkLift_AMR/install/sick_visionary_t_mini/include/sick_visionary_t_mini/msg/detail/sick_t_mini__type_support.cpp
[0.414s] -- Up-to-date: /home/avinaash/ForkLift_AMR/install/sick_visionary_t_mini/lib/libsick_visionary_t_mini__rosidl_typesupport_introspection_cpp.so
[0.414s] -- Up-to-date: /home/avinaash/ForkLift_AMR/install/sick_visionary_t_mini/lib/libsick_visionary_t_mini__rosidl_typesupport_cpp.so
[0.414s] -- Up-to-date: /home/avinaash/ForkLift_AMR/install/sick_visionary_t_mini/share/sick_visionary_t_mini/environment/pythonpath.sh
[0.415s] -- Up-to-date: /home/avinaash/ForkLift_AMR/install/sick_visionary_t_mini/share/sick_visionary_t_mini/environment/pythonpath.dsv
[0.415s] -- Up-to-date: /home/avinaash/ForkLift_AMR/install/sick_visionary_t_mini/lib/python3.8/site-packages/sick_visionary_t_mini/__init__.py
[0.437s] -- Up-to-date: /home/avinaash/ForkLift_AMR/install/sick_visionary_t_mini/lib/python3.8/site-packages/sick_visionary_t_mini/msg
[0.437s] -- Up-to-date: /home/avinaash/ForkLift_AMR/install/sick_visionary_t_mini/lib/python3.8/site-packages/sick_visionary_t_mini/msg/_sick_t_mini.py
[0.437s] -- Up-to-date: /home/avinaash/ForkLift_AMR/install/sick_visionary_t_mini/lib/python3.8/site-packages/sick_visionary_t_mini/msg/__init__.py
[0.437s] -- Up-to-date: /home/avinaash/ForkLift_AMR/install/sick_visionary_t_mini/lib/python3.8/site-packages/sick_visionary_t_mini/msg/_sick_t_mini_s.c
[0.438s] -- Up-to-date: /home/avinaash/ForkLift_AMR/install/sick_visionary_t_mini/lib/python3.8/site-packages/sick_visionary_t_mini/sick_visionary_t_mini_s__rosidl_typesupport_fastrtps_c.cpython-38-x86_64-linux-gnu.so
[0.439s] -- Up-to-date: /home/avinaash/ForkLift_AMR/install/sick_visionary_t_mini/lib/python3.8/site-packages/sick_visionary_t_mini/sick_visionary_t_mini_s__rosidl_typesupport_introspection_c.cpython-38-x86_64-linux-gnu.so
[0.440s] -- Up-to-date: /home/avinaash/ForkLift_AMR/install/sick_visionary_t_mini/lib/python3.8/site-packages/sick_visionary_t_mini/sick_visionary_t_mini_s__rosidl_typesupport_c.cpython-38-x86_64-linux-gnu.so
[0.440s] -- Up-to-date: /home/avinaash/ForkLift_AMR/install/sick_visionary_t_mini/lib/libsick_visionary_t_mini__python.so
[0.441s] -- Up-to-date: /home/avinaash/ForkLift_AMR/install/sick_visionary_t_mini/share/sick_visionary_t_mini/msg/SickTMini.idl
[0.441s] -- Up-to-date: /home/avinaash/ForkLift_AMR/install/sick_visionary_t_mini/share/sick_visionary_t_mini/msg/SickTMini.msg
[0.441s] -- Up-to-date: /home/avinaash/ForkLift_AMR/install/sick_visionary_t_mini/share/ament_index/resource_index/package_run_dependencies/sick_visionary_t_mini
[0.442s] -- Up-to-date: /home/avinaash/ForkLift_AMR/install/sick_visionary_t_mini/share/ament_index/resource_index/parent_prefix_path/sick_visionary_t_mini
[0.442s] -- Up-to-date: /home/avinaash/ForkLift_AMR/install/sick_visionary_t_mini/share/sick_visionary_t_mini/environment/ament_prefix_path.sh
[0.442s] -- Up-to-date: /home/avinaash/ForkLift_AMR/install/sick_visionary_t_mini/share/sick_visionary_t_mini/environment/ament_prefix_path.dsv
[0.442s] -- Up-to-date: /home/avinaash/ForkLift_AMR/install/sick_visionary_t_mini/share/sick_visionary_t_mini/environment/path.sh
[0.442s] -- Up-to-date: /home/avinaash/ForkLift_AMR/install/sick_visionary_t_mini/share/sick_visionary_t_mini/environment/path.dsv
[0.443s] -- Up-to-date: /home/avinaash/ForkLift_AMR/install/sick_visionary_t_mini/share/sick_visionary_t_mini/local_setup.bash
[0.443s] -- Up-to-date: /home/avinaash/ForkLift_AMR/install/sick_visionary_t_mini/share/sick_visionary_t_mini/local_setup.sh
[0.443s] -- Up-to-date: /home/avinaash/ForkLift_AMR/install/sick_visionary_t_mini/share/sick_visionary_t_mini/local_setup.zsh
[0.443s] -- Up-to-date: /home/avinaash/ForkLift_AMR/install/sick_visionary_t_mini/share/sick_visionary_t_mini/local_setup.dsv
[0.443s] -- Installing: /home/avinaash/ForkLift_AMR/install/sick_visionary_t_mini/share/sick_visionary_t_mini/package.dsv
[0.444s] -- Up-to-date: /home/avinaash/ForkLift_AMR/install/sick_visionary_t_mini/share/ament_index/resource_index/packages/sick_visionary_t_mini
[0.444s] -- Up-to-date: /home/avinaash/ForkLift_AMR/install/sick_visionary_t_mini/share/sick_visionary_t_mini/cmake/sick_visionary_t_mini__rosidl_generator_cExport.cmake
[0.445s] -- Up-to-date: /home/avinaash/ForkLift_AMR/install/sick_visionary_t_mini/share/sick_visionary_t_mini/cmake/sick_visionary_t_mini__rosidl_generator_cExport-noconfig.cmake
[0.445s] -- Up-to-date: /home/avinaash/ForkLift_AMR/install/sick_visionary_t_mini/share/sick_visionary_t_mini/cmake/sick_visionary_t_mini__rosidl_typesupport_introspection_cExport.cmake
[0.445s] -- Up-to-date: /home/avinaash/ForkLift_AMR/install/sick_visionary_t_mini/share/sick_visionary_t_mini/cmake/sick_visionary_t_mini__rosidl_typesupport_introspection_cExport-noconfig.cmake
[0.445s] -- Up-to-date: /home/avinaash/ForkLift_AMR/install/sick_visionary_t_mini/share/sick_visionary_t_mini/cmake/sick_visionary_t_mini__rosidl_typesupport_cExport.cmake
[0.445s] -- Up-to-date: /home/avinaash/ForkLift_AMR/install/sick_visionary_t_mini/share/sick_visionary_t_mini/cmake/sick_visionary_t_mini__rosidl_typesupport_cExport-noconfig.cmake
[0.445s] -- Up-to-date: /home/avinaash/ForkLift_AMR/install/sick_visionary_t_mini/share/sick_visionary_t_mini/cmake/sick_visionary_t_mini__rosidl_generator_cppExport.cmake
[0.445s] -- Up-to-date: /home/avinaash/ForkLift_AMR/install/sick_visionary_t_mini/share/sick_visionary_t_mini/cmake/sick_visionary_t_mini__rosidl_typesupport_introspection_cppExport.cmake
[0.445s] -- Up-to-date: /home/avinaash/ForkLift_AMR/install/sick_visionary_t_mini/share/sick_visionary_t_mini/cmake/sick_visionary_t_mini__rosidl_typesupport_introspection_cppExport-noconfig.cmake
[0.445s] -- Up-to-date: /home/avinaash/ForkLift_AMR/install/sick_visionary_t_mini/share/sick_visionary_t_mini/cmake/sick_visionary_t_mini__rosidl_typesupport_cppExport.cmake
[0.445s] -- Up-to-date: /home/avinaash/ForkLift_AMR/install/sick_visionary_t_mini/share/sick_visionary_t_mini/cmake/sick_visionary_t_mini__rosidl_typesupport_cppExport-noconfig.cmake
[0.445s] -- Up-to-date: /home/avinaash/ForkLift_AMR/install/sick_visionary_t_mini/share/sick_visionary_t_mini/cmake/rosidl_cmake-extras.cmake
[0.445s] -- Up-to-date: /home/avinaash/ForkLift_AMR/install/sick_visionary_t_mini/share/sick_visionary_t_mini/cmake/ament_cmake_export_dependencies-extras.cmake
[0.445s] -- Up-to-date: /home/avinaash/ForkLift_AMR/install/sick_visionary_t_mini/share/sick_visionary_t_mini/cmake/ament_cmake_export_libraries-extras.cmake
[0.445s] -- Up-to-date: /home/avinaash/ForkLift_AMR/install/sick_visionary_t_mini/share/sick_visionary_t_mini/cmake/ament_cmake_export_targets-extras.cmake
[0.445s] -- Up-to-date: /home/avinaash/ForkLift_AMR/install/sick_visionary_t_mini/share/sick_visionary_t_mini/cmake/ament_cmake_export_include_directories-extras.cmake
[0.445s] -- Up-to-date: /home/avinaash/ForkLift_AMR/install/sick_visionary_t_mini/share/sick_visionary_t_mini/cmake/rosidl_cmake_export_typesupport_libraries-extras.cmake
[0.445s] -- Up-to-date: /home/avinaash/ForkLift_AMR/install/sick_visionary_t_mini/share/sick_visionary_t_mini/cmake/rosidl_cmake_export_typesupport_targets-extras.cmake
[0.445s] -- Up-to-date: /home/avinaash/ForkLift_AMR/install/sick_visionary_t_mini/share/sick_visionary_t_mini/cmake/sick_visionary_t_miniConfig.cmake
[0.445s] -- Up-to-date: /home/avinaash/ForkLift_AMR/install/sick_visionary_t_mini/share/sick_visionary_t_mini/cmake/sick_visionary_t_miniConfig-version.cmake
[0.445s] -- Up-to-date: /home/avinaash/ForkLift_AMR/install/sick_visionary_t_mini/share/sick_visionary_t_mini/package.xml
[0.459s] Invoked command in '/home/avinaash/ForkLift_AMR/build/sick_visionary_t_mini' returned '0': CMAKE_PREFIX_PATH=${CMAKE_PREFIX_PATH}:/home/avinaash/ForkLift_AMR/install/doozy_forklift:/opt/ros/galactic /usr/bin/cmake --install /home/avinaash/ForkLift_AMR/build/sick_visionary_t_mini
