[0.653s] Invoking command in '/home/avinaash/ForkLift_AMR/build/forklift_interfaces': CMAKE_PREFIX_PATH=/home/avinaash/ForkLift_AMR/install/turtlebot3:/home/avinaash/ForkLift_AMR/install/turtlebot3_simulations:/home/avinaash/ForkLift_AMR/install/turtlebot3_bringup:/home/avinaash/ForkLift_AMR/install/turtlebot3_node:/home/avinaash/ForkLift_AMR/install/turtlebot3_navigation2:/home/avinaash/ForkLift_AMR/install/turtlebot3_gazebo:/home/avinaash/ForkLift_AMR/install/turtlebot3_fake_node:/home/avinaash/ForkLift_AMR/install/turtlebot3_teleop:/home/avinaash/ForkLift_AMR/install/turtlebot3_example:/home/avinaash/ForkLift_AMR/install/doozy_forklift:/opt/ros/galactic:/home/avinaash/ForkLift_AMR/install/turtlebot3_description:/home/avinaash/ForkLift_AMR/install/turtlebot3_cartographer:/home/avinaash/ForkLift_AMR/install/forklift_interfaces /usr/bin/cmake --build /home/avinaash/ForkLift_AMR/build/forklift_interfaces -- -j16 -l16
[0.696s] [  9%] Built target forklift_interfaces__cpp
[0.697s] [ 12%] Built target forklift_interfaces__rosidl_generator_c
[0.717s] [ 38%] Built target forklift_interfaces__rosidl_typesupport_introspection_cpp
[0.718s] [ 45%] Built target forklift_interfaces__rosidl_typesupport_cpp
[0.720s] [ 48%] Built target forklift_interfaces__rosidl_typesupport_c
[0.720s] [ 51%] Built target forklift_interfaces__rosidl_typesupport_introspection_c
[0.721s] [ 61%] Built target forklift_interfaces__rosidl_typesupport_fastrtps_cpp
[0.786s] [ 70%] Built target forklift_interfaces__rosidl_typesupport_fastrtps_c
[0.786s] [ 70%] Built target forklift_interfaces
[0.792s] [ 74%] Built target forklift_interfaces__py
[0.820s] [ 80%] Built target forklift_interfaces__python
[0.847s] [ 93%] Built target forklift_interfaces__rosidl_typesupport_c__pyext
[0.847s] [ 93%] Built target forklift_interfaces__rosidl_typesupport_introspection_c__pyext
[0.851s] [100%] Built target forklift_interfaces__rosidl_typesupport_fastrtps_c__pyext
[0.893s] Invoked command in '/home/avinaash/ForkLift_AMR/build/forklift_interfaces' returned '0': CMAKE_PREFIX_PATH=/home/avinaash/ForkLift_AMR/install/turtlebot3:/home/avinaash/ForkLift_AMR/install/turtlebot3_simulations:/home/avinaash/ForkLift_AMR/install/turtlebot3_bringup:/home/avinaash/ForkLift_AMR/install/turtlebot3_node:/home/avinaash/ForkLift_AMR/install/turtlebot3_navigation2:/home/avinaash/ForkLift_AMR/install/turtlebot3_gazebo:/home/avinaash/ForkLift_AMR/install/turtlebot3_fake_node:/home/avinaash/ForkLift_AMR/install/turtlebot3_teleop:/home/avinaash/ForkLift_AMR/install/turtlebot3_example:/home/avinaash/ForkLift_AMR/install/doozy_forklift:/opt/ros/galactic:/home/avinaash/ForkLift_AMR/install/turtlebot3_description:/home/avinaash/ForkLift_AMR/install/turtlebot3_cartographer:/home/avinaash/ForkLift_AMR/install/forklift_interfaces /usr/bin/cmake --build /home/avinaash/ForkLift_AMR/build/forklift_interfaces -- -j16 -l16
[0.939s] Invoking command in '/home/avinaash/ForkLift_AMR/build/forklift_interfaces': CMAKE_PREFIX_PATH=/home/avinaash/ForkLift_AMR/install/turtlebot3:/home/avinaash/ForkLift_AMR/install/turtlebot3_simulations:/home/avinaash/ForkLift_AMR/install/turtlebot3_bringup:/home/avinaash/ForkLift_AMR/install/turtlebot3_node:/home/avinaash/ForkLift_AMR/install/turtlebot3_navigation2:/home/avinaash/ForkLift_AMR/install/turtlebot3_gazebo:/home/avinaash/ForkLift_AMR/install/turtlebot3_fake_node:/home/avinaash/ForkLift_AMR/install/turtlebot3_teleop:/home/avinaash/ForkLift_AMR/install/turtlebot3_example:/home/avinaash/ForkLift_AMR/install/doozy_forklift:/opt/ros/galactic:/home/avinaash/ForkLift_AMR/install/turtlebot3_description:/home/avinaash/ForkLift_AMR/install/turtlebot3_cartographer:/home/avinaash/ForkLift_AMR/install/forklift_interfaces /usr/bin/cmake --install /home/avinaash/ForkLift_AMR/build/forklift_interfaces
[0.946s] -- Install configuration: ""
[0.946s] -- Up-to-date: /home/avinaash/ForkLift_AMR/install/forklift_interfaces/share/ament_index/resource_index/rosidl_interfaces/forklift_interfaces
[0.946s] -- Up-to-date: /home/avinaash/ForkLift_AMR/install/forklift_interfaces/include/forklift_interfaces
[0.947s] -- Up-to-date: /home/avinaash/ForkLift_AMR/install/forklift_interfaces/include/forklift_interfaces/srv
[0.947s] -- Up-to-date: /home/avinaash/ForkLift_AMR/install/forklift_interfaces/include/forklift_interfaces/srv/detail
[0.947s] -- Up-to-date: /home/avinaash/ForkLift_AMR/install/forklift_interfaces/include/forklift_interfaces/srv/detail/fork_lift_dock__struct.h
[0.947s] -- Up-to-date: /home/avinaash/ForkLift_AMR/install/forklift_interfaces/include/forklift_interfaces/srv/detail/fork_lift_dock__functions.h
[0.948s] -- Up-to-date: /home/avinaash/ForkLift_AMR/install/forklift_interfaces/include/forklift_interfaces/srv/detail/fork_lift_dock__functions.c
[0.949s] -- Up-to-date: /home/avinaash/ForkLift_AMR/install/forklift_interfaces/include/forklift_interfaces/srv/detail/fork_lift_dock__type_support.h
[0.949s] -- Up-to-date: /home/avinaash/ForkLift_AMR/install/forklift_interfaces/include/forklift_interfaces/srv/fork_lift_dock.h
[0.949s] -- Up-to-date: /home/avinaash/ForkLift_AMR/install/forklift_interfaces/include/forklift_interfaces/msg
[0.949s] -- Up-to-date: /home/avinaash/ForkLift_AMR/install/forklift_interfaces/include/forklift_interfaces/msg/rosidl_generator_c__visibility_control.h
[0.949s] -- Up-to-date: /home/avinaash/ForkLift_AMR/install/forklift_interfaces/share/forklift_interfaces/environment/library_path.sh
[0.949s] -- Up-to-date: /home/avinaash/ForkLift_AMR/install/forklift_interfaces/share/forklift_interfaces/environment/library_path.dsv
[0.949s] -- Up-to-date: /home/avinaash/ForkLift_AMR/install/forklift_interfaces/lib/libforklift_interfaces__rosidl_generator_c.so
[0.949s] -- Up-to-date: /home/avinaash/ForkLift_AMR/install/forklift_interfaces/include/forklift_interfaces
[0.949s] -- Up-to-date: /home/avinaash/ForkLift_AMR/install/forklift_interfaces/include/forklift_interfaces/srv
[0.949s] -- Up-to-date: /home/avinaash/ForkLift_AMR/install/forklift_interfaces/include/forklift_interfaces/srv/detail
[0.949s] -- Up-to-date: /home/avinaash/ForkLift_AMR/install/forklift_interfaces/include/forklift_interfaces/srv/detail/fork_lift_dock__rosidl_typesupport_fastrtps_c.h
[0.949s] -- Up-to-date: /home/avinaash/ForkLift_AMR/install/forklift_interfaces/include/forklift_interfaces/msg
[0.949s] -- Up-to-date: /home/avinaash/ForkLift_AMR/install/forklift_interfaces/include/forklift_interfaces/msg/rosidl_typesupport_fastrtps_c__visibility_control.h
[0.952s] -- Up-to-date: /home/avinaash/ForkLift_AMR/install/forklift_interfaces/lib/libforklift_interfaces__rosidl_typesupport_fastrtps_c.so
[0.953s] -- Up-to-date: /home/avinaash/ForkLift_AMR/install/forklift_interfaces/include/forklift_interfaces
[0.954s] -- Up-to-date: /home/avinaash/ForkLift_AMR/install/forklift_interfaces/include/forklift_interfaces/srv
[0.954s] -- Up-to-date: /home/avinaash/ForkLift_AMR/install/forklift_interfaces/include/forklift_interfaces/srv/detail
[0.954s] -- Up-to-date: /home/avinaash/ForkLift_AMR/install/forklift_interfaces/include/forklift_interfaces/srv/detail/dds_fastrtps
[0.954s] -- Up-to-date: /home/avinaash/ForkLift_AMR/install/forklift_interfaces/include/forklift_interfaces/srv/detail/fork_lift_dock__rosidl_typesupport_fastrtps_cpp.hpp
[0.954s] -- Up-to-date: /home/avinaash/ForkLift_AMR/install/forklift_interfaces/include/forklift_interfaces/msg
[0.954s] -- Up-to-date: /home/avinaash/ForkLift_AMR/install/forklift_interfaces/include/forklift_interfaces/msg/rosidl_typesupport_fastrtps_cpp__visibility_control.h
[0.954s] -- Up-to-date: /home/avinaash/ForkLift_AMR/install/forklift_interfaces/lib/libforklift_interfaces__rosidl_typesupport_fastrtps_cpp.so
[0.955s] -- Up-to-date: /home/avinaash/ForkLift_AMR/install/forklift_interfaces/include/forklift_interfaces
[0.955s] -- Up-to-date: /home/avinaash/ForkLift_AMR/install/forklift_interfaces/include/forklift_interfaces/srv
[0.955s] -- Up-to-date: /home/avinaash/ForkLift_AMR/install/forklift_interfaces/include/forklift_interfaces/srv/detail
[0.955s] -- Up-to-date: /home/avinaash/ForkLift_AMR/install/forklift_interfaces/include/forklift_interfaces/srv/detail/fork_lift_dock__rosidl_typesupport_introspection_c.h
[0.955s] -- Up-to-date: /home/avinaash/ForkLift_AMR/install/forklift_interfaces/include/forklift_interfaces/srv/detail/fork_lift_dock__type_support.c
[0.955s] -- Up-to-date: /home/avinaash/ForkLift_AMR/install/forklift_interfaces/include/forklift_interfaces/msg
[0.955s] -- Up-to-date: /home/avinaash/ForkLift_AMR/install/forklift_interfaces/include/forklift_interfaces/msg/rosidl_typesupport_introspection_c__visibility_control.h
[0.955s] -- Up-to-date: /home/avinaash/ForkLift_AMR/install/forklift_interfaces/lib/libforklift_interfaces__rosidl_typesupport_introspection_c.so
[0.956s] -- Up-to-date: /home/avinaash/ForkLift_AMR/install/forklift_interfaces/lib/libforklift_interfaces__rosidl_typesupport_c.so
[0.956s] -- Up-to-date: /home/avinaash/ForkLift_AMR/install/forklift_interfaces/include/forklift_interfaces
[0.956s] -- Up-to-date: /home/avinaash/ForkLift_AMR/install/forklift_interfaces/include/forklift_interfaces/srv
[0.956s] -- Up-to-date: /home/avinaash/ForkLift_AMR/install/forklift_interfaces/include/forklift_interfaces/srv/fork_lift_dock.hpp
[0.956s] -- Up-to-date: /home/avinaash/ForkLift_AMR/install/forklift_interfaces/include/forklift_interfaces/srv/detail
[0.956s] -- Up-to-date: /home/avinaash/ForkLift_AMR/install/forklift_interfaces/include/forklift_interfaces/srv/detail/fork_lift_dock__struct.hpp
[0.956s] -- Up-to-date: /home/avinaash/ForkLift_AMR/install/forklift_interfaces/include/forklift_interfaces/srv/detail/fork_lift_dock__traits.hpp
[0.956s] -- Up-to-date: /home/avinaash/ForkLift_AMR/install/forklift_interfaces/include/forklift_interfaces/srv/detail/fork_lift_dock__builder.hpp
[0.956s] -- Up-to-date: /home/avinaash/ForkLift_AMR/install/forklift_interfaces/include/forklift_interfaces
[0.956s] -- Up-to-date: /home/avinaash/ForkLift_AMR/install/forklift_interfaces/include/forklift_interfaces/srv
[0.956s] -- Up-to-date: /home/avinaash/ForkLift_AMR/install/forklift_interfaces/include/forklift_interfaces/srv/detail
[0.957s] -- Up-to-date: /home/avinaash/ForkLift_AMR/install/forklift_interfaces/include/forklift_interfaces/srv/detail/fork_lift_dock__type_support.cpp
[0.957s] -- Up-to-date: /home/avinaash/ForkLift_AMR/install/forklift_interfaces/include/forklift_interfaces/srv/detail/fork_lift_dock__rosidl_typesupport_introspection_cpp.hpp
[0.957s] -- Up-to-date: /home/avinaash/ForkLift_AMR/install/forklift_interfaces/lib/libforklift_interfaces__rosidl_typesupport_introspection_cpp.so
[0.957s] -- Up-to-date: /home/avinaash/ForkLift_AMR/install/forklift_interfaces/lib/libforklift_interfaces__rosidl_typesupport_cpp.so
[0.957s] -- Up-to-date: /home/avinaash/ForkLift_AMR/install/forklift_interfaces/share/forklift_interfaces/environment/pythonpath.sh
[0.957s] -- Up-to-date: /home/avinaash/ForkLift_AMR/install/forklift_interfaces/share/forklift_interfaces/environment/pythonpath.dsv
[0.957s] -- Up-to-date: /home/avinaash/ForkLift_AMR/install/forklift_interfaces/lib/python3.8/site-packages/forklift_interfaces/__init__.py
[0.987s] -- Up-to-date: /home/avinaash/ForkLift_AMR/install/forklift_interfaces/lib/python3.8/site-packages/forklift_interfaces/srv
[0.987s] -- Up-to-date: /home/avinaash/ForkLift_AMR/install/forklift_interfaces/lib/python3.8/site-packages/forklift_interfaces/srv/_fork_lift_dock_s.c
[0.987s] -- Up-to-date: /home/avinaash/ForkLift_AMR/install/forklift_interfaces/lib/python3.8/site-packages/forklift_interfaces/srv/__init__.py
[0.987s] -- Up-to-date: /home/avinaash/ForkLift_AMR/install/forklift_interfaces/lib/python3.8/site-packages/forklift_interfaces/srv/_fork_lift_dock.py
[0.987s] -- Up-to-date: /home/avinaash/ForkLift_AMR/install/forklift_interfaces/lib/python3.8/site-packages/forklift_interfaces/forklift_interfaces_s__rosidl_typesupport_fastrtps_c.cpython-38-x86_64-linux-gnu.so
[0.987s] -- Up-to-date: /home/avinaash/ForkLift_AMR/install/forklift_interfaces/lib/python3.8/site-packages/forklift_interfaces/forklift_interfaces_s__rosidl_typesupport_introspection_c.cpython-38-x86_64-linux-gnu.so
[0.989s] -- Up-to-date: /home/avinaash/ForkLift_AMR/install/forklift_interfaces/lib/python3.8/site-packages/forklift_interfaces/forklift_interfaces_s__rosidl_typesupport_c.cpython-38-x86_64-linux-gnu.so
[0.989s] -- Up-to-date: /home/avinaash/ForkLift_AMR/install/forklift_interfaces/lib/libforklift_interfaces__python.so
[0.989s] -- Up-to-date: /home/avinaash/ForkLift_AMR/install/forklift_interfaces/share/forklift_interfaces/srv/ForkLiftDock.idl
[0.989s] -- Up-to-date: /home/avinaash/ForkLift_AMR/install/forklift_interfaces/share/forklift_interfaces/srv/ForkLiftDock.srv
[0.990s] -- Up-to-date: /home/avinaash/ForkLift_AMR/install/forklift_interfaces/share/forklift_interfaces/srv/ForkLiftDock_Request.msg
[0.990s] -- Up-to-date: /home/avinaash/ForkLift_AMR/install/forklift_interfaces/share/forklift_interfaces/srv/ForkLiftDock_Response.msg
[0.990s] -- Up-to-date: /home/avinaash/ForkLift_AMR/install/forklift_interfaces/share/ament_index/resource_index/package_run_dependencies/forklift_interfaces
[0.991s] -- Up-to-date: /home/avinaash/ForkLift_AMR/install/forklift_interfaces/share/ament_index/resource_index/parent_prefix_path/forklift_interfaces
[0.991s] -- Up-to-date: /home/avinaash/ForkLift_AMR/install/forklift_interfaces/share/forklift_interfaces/environment/ament_prefix_path.sh
[0.991s] -- Up-to-date: /home/avinaash/ForkLift_AMR/install/forklift_interfaces/share/forklift_interfaces/environment/ament_prefix_path.dsv
[0.991s] -- Up-to-date: /home/avinaash/ForkLift_AMR/install/forklift_interfaces/share/forklift_interfaces/environment/path.sh
[0.991s] -- Up-to-date: /home/avinaash/ForkLift_AMR/install/forklift_interfaces/share/forklift_interfaces/environment/path.dsv
[0.992s] -- Up-to-date: /home/avinaash/ForkLift_AMR/install/forklift_interfaces/share/forklift_interfaces/local_setup.bash
[0.992s] -- Up-to-date: /home/avinaash/ForkLift_AMR/install/forklift_interfaces/share/forklift_interfaces/local_setup.sh
[0.993s] -- Up-to-date: /home/avinaash/ForkLift_AMR/install/forklift_interfaces/share/forklift_interfaces/local_setup.zsh
[0.993s] -- Up-to-date: /home/avinaash/ForkLift_AMR/install/forklift_interfaces/share/forklift_interfaces/local_setup.dsv
[0.993s] -- Installing: /home/avinaash/ForkLift_AMR/install/forklift_interfaces/share/forklift_interfaces/package.dsv
[0.993s] -- Up-to-date: /home/avinaash/ForkLift_AMR/install/forklift_interfaces/share/ament_index/resource_index/packages/forklift_interfaces
[0.994s] -- Up-to-date: /home/avinaash/ForkLift_AMR/install/forklift_interfaces/share/forklift_interfaces/cmake/forklift_interfaces__rosidl_generator_cExport.cmake
[0.994s] -- Up-to-date: /home/avinaash/ForkLift_AMR/install/forklift_interfaces/share/forklift_interfaces/cmake/forklift_interfaces__rosidl_generator_cExport-noconfig.cmake
[0.994s] -- Up-to-date: /home/avinaash/ForkLift_AMR/install/forklift_interfaces/share/forklift_interfaces/cmake/forklift_interfaces__rosidl_typesupport_introspection_cExport.cmake
[0.994s] -- Up-to-date: /home/avinaash/ForkLift_AMR/install/forklift_interfaces/share/forklift_interfaces/cmake/forklift_interfaces__rosidl_typesupport_introspection_cExport-noconfig.cmake
[0.995s] -- Up-to-date: /home/avinaash/ForkLift_AMR/install/forklift_interfaces/share/forklift_interfaces/cmake/forklift_interfaces__rosidl_typesupport_cExport.cmake
[0.995s] -- Up-to-date: /home/avinaash/ForkLift_AMR/install/forklift_interfaces/share/forklift_interfaces/cmake/forklift_interfaces__rosidl_typesupport_cExport-noconfig.cmake
[0.995s] -- Up-to-date: /home/avinaash/ForkLift_AMR/install/forklift_interfaces/share/forklift_interfaces/cmake/forklift_interfaces__rosidl_generator_cppExport.cmake
[0.995s] -- Up-to-date: /home/avinaash/ForkLift_AMR/install/forklift_interfaces/share/forklift_interfaces/cmake/forklift_interfaces__rosidl_typesupport_introspection_cppExport.cmake
[0.996s] -- Up-to-date: /home/avinaash/ForkLift_AMR/install/forklift_interfaces/share/forklift_interfaces/cmake/forklift_interfaces__rosidl_typesupport_introspection_cppExport-noconfig.cmake
[0.996s] -- Up-to-date: /home/avinaash/ForkLift_AMR/install/forklift_interfaces/share/forklift_interfaces/cmake/forklift_interfaces__rosidl_typesupport_cppExport.cmake
[0.996s] -- Up-to-date: /home/avinaash/ForkLift_AMR/install/forklift_interfaces/share/forklift_interfaces/cmake/forklift_interfaces__rosidl_typesupport_cppExport-noconfig.cmake
[0.996s] -- Up-to-date: /home/avinaash/ForkLift_AMR/install/forklift_interfaces/share/forklift_interfaces/cmake/rosidl_cmake-extras.cmake
[0.999s] -- Up-to-date: /home/avinaash/ForkLift_AMR/install/forklift_interfaces/share/forklift_interfaces/cmake/ament_cmake_export_dependencies-extras.cmake
[0.999s] -- Up-to-date: /home/avinaash/ForkLift_AMR/install/forklift_interfaces/share/forklift_interfaces/cmake/ament_cmake_export_libraries-extras.cmake
[0.999s] -- Up-to-date: /home/avinaash/ForkLift_AMR/install/forklift_interfaces/share/forklift_interfaces/cmake/ament_cmake_export_targets-extras.cmake
[0.999s] -- Up-to-date: /home/avinaash/ForkLift_AMR/install/forklift_interfaces/share/forklift_interfaces/cmake/ament_cmake_export_include_directories-extras.cmake
[0.999s] -- Up-to-date: /home/avinaash/ForkLift_AMR/install/forklift_interfaces/share/forklift_interfaces/cmake/rosidl_cmake_export_typesupport_libraries-extras.cmake
[0.999s] -- Up-to-date: /home/avinaash/ForkLift_AMR/install/forklift_interfaces/share/forklift_interfaces/cmake/rosidl_cmake_export_typesupport_targets-extras.cmake
[0.999s] -- Up-to-date: /home/avinaash/ForkLift_AMR/install/forklift_interfaces/share/forklift_interfaces/cmake/forklift_interfacesConfig.cmake
[1.000s] -- Up-to-date: /home/avinaash/ForkLift_AMR/install/forklift_interfaces/share/forklift_interfaces/cmake/forklift_interfacesConfig-version.cmake
[1.000s] -- Up-to-date: /home/avinaash/ForkLift_AMR/install/forklift_interfaces/share/forklift_interfaces/package.xml
[1.003s] Invoked command in '/home/avinaash/ForkLift_AMR/build/forklift_interfaces' returned '0': CMAKE_PREFIX_PATH=/home/avinaash/ForkLift_AMR/install/turtlebot3:/home/avinaash/ForkLift_AMR/install/turtlebot3_simulations:/home/avinaash/ForkLift_AMR/install/turtlebot3_bringup:/home/avinaash/ForkLift_AMR/install/turtlebot3_node:/home/avinaash/ForkLift_AMR/install/turtlebot3_navigation2:/home/avinaash/ForkLift_AMR/install/turtlebot3_gazebo:/home/avinaash/ForkLift_AMR/install/turtlebot3_fake_node:/home/avinaash/ForkLift_AMR/install/turtlebot3_teleop:/home/avinaash/ForkLift_AMR/install/turtlebot3_example:/home/avinaash/ForkLift_AMR/install/doozy_forklift:/opt/ros/galactic:/home/avinaash/ForkLift_AMR/install/turtlebot3_description:/home/avinaash/ForkLift_AMR/install/turtlebot3_cartographer:/home/avinaash/ForkLift_AMR/install/forklift_interfaces /usr/bin/cmake --install /home/avinaash/ForkLift_AMR/build/forklift_interfaces
