[0.178s] Invoking command in '/home/avinaash/ForkLift_AMR/build/forklift_interfaces': CMAKE_PREFIX_PATH=/home/avinaash/TB3/install/turtlebot3:/home/avinaash/TB3/install/turtlebot3_simulations:/home/avinaash/TB3/install/turtlebot3_bringup:/home/avinaash/TB3/install/turtlebot3_node:/home/avinaash/TB3/install/turtlebot3_navigation2:/home/avinaash/TB3/install/turtlebot3_gazebo:/home/avinaash/TB3/install/turtlebot3_fake_node:/home/avinaash/TB3/install/turtlebot3_description:/home/avinaash/TB3/install/turtlebot3_cartographer:/home/avinaash/TB3/install/turtlebot3_teleop:/home/avinaash/TB3/install/turtlebot3_example:/home/avinaash/TB3/install/ros2_test_bots:/home/avinaash/SyncDroids/install/droid_navigation:/opt/ros/galactic:/home/avinaash/daimler_tugger/doozy_ws/devel:/home/avinaash/doozy_robotics/doozy_ws/devel /usr/bin/cmake --build /home/avinaash/ForkLift_AMR/build/forklift_interfaces -- -j16 -l16
[0.219s] [  3%] [34m[1mGenerating C code for ROS interfaces[0m
[0.222s] [35m[1mScanning dependencies of target forklift_interfaces__cpp[0m
[0.235s] [  6%] [34m[1mGenerating C++ code for ROS interfaces[0m
[0.387s] [35m[1mScanning dependencies of target forklift_interfaces__rosidl_generator_c[0m
[0.395s] [  6%] Built target forklift_interfaces__cpp
[0.399s] [  9%] [32mBuilding C object CMakeFiles/forklift_interfaces__rosidl_generator_c.dir/rosidl_generator_c/forklift_interfaces/srv/detail/fork_lift_dock__functions.c.o[0m
[0.402s] [ 12%] [34m[1mGenerating C++ introspection for ROS interfaces[0m
[0.404s] [ 16%] [34m[1mGenerating C++ type support dispatch for ROS interfaces[0m
[0.405s] [ 19%] [34m[1mGenerating C++ type support for eProsima Fast-RTPS[0m
[0.443s] [ 22%] [32m[1mLinking C shared library libforklift_interfaces__rosidl_generator_c.so[0m
[0.481s] [ 22%] Built target forklift_interfaces__rosidl_generator_c
[0.493s] [ 25%] [34m[1mGenerating C type support dispatch for ROS interfaces[0m
[0.493s] [ 29%] [34m[1mGenerating C introspection for ROS interfaces[0m
[0.555s] [35m[1mScanning dependencies of target forklift_interfaces__rosidl_typesupport_cpp[0m
[0.565s] [35m[1mScanning dependencies of target forklift_interfaces__rosidl_typesupport_introspection_cpp[0m
[0.568s] [ 32%] [32mBuilding CXX object CMakeFiles/forklift_interfaces__rosidl_typesupport_cpp.dir/rosidl_typesupport_cpp/forklift_interfaces/srv/fork_lift_dock__type_support.cpp.o[0m
[0.574s] [ 35%] [32mBuilding CXX object CMakeFiles/forklift_interfaces__rosidl_typesupport_introspection_cpp.dir/rosidl_typesupport_introspection_cpp/forklift_interfaces/srv/detail/fork_lift_dock__type_support.cpp.o[0m
[0.576s] [35m[1mScanning dependencies of target forklift_interfaces__rosidl_typesupport_fastrtps_cpp[0m
[0.601s] [ 38%] [32mBuilding CXX object CMakeFiles/forklift_interfaces__rosidl_typesupport_fastrtps_cpp.dir/rosidl_typesupport_fastrtps_cpp/forklift_interfaces/srv/detail/dds_fastrtps/fork_lift_dock__type_support.cpp.o[0m
[0.644s] [35m[1mScanning dependencies of target forklift_interfaces__rosidl_typesupport_c[0m
[0.655s] [ 41%] [32mBuilding CXX object CMakeFiles/forklift_interfaces__rosidl_typesupport_c.dir/rosidl_typesupport_c/forklift_interfaces/srv/fork_lift_dock__type_support.cpp.o[0m
[0.659s] [35m[1mScanning dependencies of target forklift_interfaces__rosidl_typesupport_introspection_c[0m
[0.668s] [ 45%] [32mBuilding C object CMakeFiles/forklift_interfaces__rosidl_typesupport_introspection_c.dir/rosidl_typesupport_introspection_c/forklift_interfaces/srv/detail/fork_lift_dock__type_support.c.o[0m
[0.681s] [ 48%] [32m[1mLinking CXX shared library libforklift_interfaces__rosidl_typesupport_c.so[0m
[0.693s] [ 51%] [32m[1mLinking C shared library libforklift_interfaces__rosidl_typesupport_introspection_c.so[0m
[0.717s] [ 51%] Built target forklift_interfaces__rosidl_typesupport_c
[0.726s] [ 51%] Built target forklift_interfaces__rosidl_typesupport_introspection_c
[0.789s] [ 54%] [32m[1mLinking CXX shared library libforklift_interfaces__rosidl_typesupport_cpp.so[0m
[0.796s] [ 58%] [32m[1mLinking CXX shared library libforklift_interfaces__rosidl_typesupport_introspection_cpp.so[0m
[0.826s] [ 58%] Built target forklift_interfaces__rosidl_typesupport_cpp
[0.831s] [ 58%] Built target forklift_interfaces__rosidl_typesupport_introspection_cpp
[0.921s] [ 61%] [32m[1mLinking CXX shared library libforklift_interfaces__rosidl_typesupport_fastrtps_cpp.so[0m
[0.982s] [ 61%] Built target forklift_interfaces__rosidl_typesupport_fastrtps_cpp
[0.990s] [ 64%] [34m[1mGenerating C type support for eProsima Fast-RTPS[0m
[1.159s] [35m[1mScanning dependencies of target forklift_interfaces__rosidl_typesupport_fastrtps_c[0m
[1.178s] [ 67%] [32mBuilding CXX object CMakeFiles/forklift_interfaces__rosidl_typesupport_fastrtps_c.dir/rosidl_typesupport_fastrtps_c/forklift_interfaces/srv/detail/fork_lift_dock__type_support_c.cpp.o[0m
[1.406s] [ 70%] [32m[1mLinking CXX shared library libforklift_interfaces__rosidl_typesupport_fastrtps_c.so[0m
[1.472s] [ 70%] Built target forklift_interfaces__rosidl_typesupport_fastrtps_c
[1.481s] [35m[1mScanning dependencies of target forklift_interfaces[0m
[1.488s] [ 70%] Built target forklift_interfaces
[1.499s] [35m[1mScanning dependencies of target forklift_interfaces__py[0m
[1.507s] [ 74%] [34m[1mGenerating Python code for ROS interfaces[0m
[1.821s] [ 74%] Built target forklift_interfaces__py
[1.832s] [35m[1mScanning dependencies of target forklift_interfaces__python[0m
[1.862s] [ 77%] [32mBuilding C object CMakeFiles/forklift_interfaces__python.dir/rosidl_generator_py/forklift_interfaces/srv/_fork_lift_dock_s.c.o[0m
[1.939s] [ 80%] [32m[1mLinking C shared library rosidl_generator_py/forklift_interfaces/libforklift_interfaces__python.so[0m
[1.980s] [ 80%] Built target forklift_interfaces__python
[1.991s] [35m[1mScanning dependencies of target forklift_interfaces__rosidl_typesupport_c__pyext[0m
[1.992s] [35m[1mScanning dependencies of target forklift_interfaces__rosidl_typesupport_introspection_c__pyext[0m
[1.992s] [35m[1mScanning dependencies of target forklift_interfaces__rosidl_typesupport_fastrtps_c__pyext[0m
[2.007s] [ 83%] [32mBuilding C object CMakeFiles/forklift_interfaces__rosidl_typesupport_c__pyext.dir/rosidl_generator_py/forklift_interfaces/_forklift_interfaces_s.ep.rosidl_typesupport_c.c.o[0m
[2.007s] [ 90%] [32mBuilding C object CMakeFiles/forklift_interfaces__rosidl_typesupport_introspection_c__pyext.dir/rosidl_generator_py/forklift_interfaces/_forklift_interfaces_s.ep.rosidl_typesupport_introspection_c.c.o[0m
[2.007s] [ 90%] [32mBuilding C object CMakeFiles/forklift_interfaces__rosidl_typesupport_fastrtps_c__pyext.dir/rosidl_generator_py/forklift_interfaces/_forklift_interfaces_s.ep.rosidl_typesupport_fastrtps_c.c.o[0m
[2.062s] [ 93%] [32m[1mLinking C shared library rosidl_generator_py/forklift_interfaces/forklift_interfaces_s__rosidl_typesupport_c.cpython-38-x86_64-linux-gnu.so[0m
[2.063s] [ 96%] [32m[1mLinking CXX shared library rosidl_generator_py/forklift_interfaces/forklift_interfaces_s__rosidl_typesupport_fastrtps_c.cpython-38-x86_64-linux-gnu.so[0m
[2.067s] [100%] [32m[1mLinking C shared library rosidl_generator_py/forklift_interfaces/forklift_interfaces_s__rosidl_typesupport_introspection_c.cpython-38-x86_64-linux-gnu.so[0m
[2.093s] [100%] Built target forklift_interfaces__rosidl_typesupport_c__pyext
[2.100s] [100%] Built target forklift_interfaces__rosidl_typesupport_introspection_c__pyext
[2.102s] [100%] Built target forklift_interfaces__rosidl_typesupport_fastrtps_c__pyext
[2.117s] Invoked command in '/home/avinaash/ForkLift_AMR/build/forklift_interfaces' returned '0': CMAKE_PREFIX_PATH=/home/avinaash/TB3/install/turtlebot3:/home/avinaash/TB3/install/turtlebot3_simulations:/home/avinaash/TB3/install/turtlebot3_bringup:/home/avinaash/TB3/install/turtlebot3_node:/home/avinaash/TB3/install/turtlebot3_navigation2:/home/avinaash/TB3/install/turtlebot3_gazebo:/home/avinaash/TB3/install/turtlebot3_fake_node:/home/avinaash/TB3/install/turtlebot3_description:/home/avinaash/TB3/install/turtlebot3_cartographer:/home/avinaash/TB3/install/turtlebot3_teleop:/home/avinaash/TB3/install/turtlebot3_example:/home/avinaash/TB3/install/ros2_test_bots:/home/avinaash/SyncDroids/install/droid_navigation:/opt/ros/galactic:/home/avinaash/daimler_tugger/doozy_ws/devel:/home/avinaash/doozy_robotics/doozy_ws/devel /usr/bin/cmake --build /home/avinaash/ForkLift_AMR/build/forklift_interfaces -- -j16 -l16
[2.168s] Invoking command in '/home/avinaash/ForkLift_AMR/build/forklift_interfaces': CMAKE_PREFIX_PATH=/home/avinaash/TB3/install/turtlebot3:/home/avinaash/TB3/install/turtlebot3_simulations:/home/avinaash/TB3/install/turtlebot3_bringup:/home/avinaash/TB3/install/turtlebot3_node:/home/avinaash/TB3/install/turtlebot3_navigation2:/home/avinaash/TB3/install/turtlebot3_gazebo:/home/avinaash/TB3/install/turtlebot3_fake_node:/home/avinaash/TB3/install/turtlebot3_description:/home/avinaash/TB3/install/turtlebot3_cartographer:/home/avinaash/TB3/install/turtlebot3_teleop:/home/avinaash/TB3/install/turtlebot3_example:/home/avinaash/TB3/install/ros2_test_bots:/home/avinaash/SyncDroids/install/droid_navigation:/opt/ros/galactic:/home/avinaash/daimler_tugger/doozy_ws/devel:/home/avinaash/doozy_robotics/doozy_ws/devel /usr/bin/cmake --install /home/avinaash/ForkLift_AMR/build/forklift_interfaces
[2.176s] -- Install configuration: ""
[2.177s] -- Installing: /home/avinaash/ForkLift_AMR/install/forklift_interfaces/share/ament_index/resource_index/rosidl_interfaces/forklift_interfaces
[2.177s] -- Installing: /home/avinaash/ForkLift_AMR/install/forklift_interfaces/include/forklift_interfaces
[2.177s] -- Installing: /home/avinaash/ForkLift_AMR/install/forklift_interfaces/include/forklift_interfaces/srv
[2.177s] -- Installing: /home/avinaash/ForkLift_AMR/install/forklift_interfaces/include/forklift_interfaces/srv/detail
[2.177s] -- Installing: /home/avinaash/ForkLift_AMR/install/forklift_interfaces/include/forklift_interfaces/srv/detail/fork_lift_dock__struct.h
[2.177s] -- Installing: /home/avinaash/ForkLift_AMR/install/forklift_interfaces/include/forklift_interfaces/srv/detail/fork_lift_dock__functions.h
[2.178s] -- Installing: /home/avinaash/ForkLift_AMR/install/forklift_interfaces/include/forklift_interfaces/srv/detail/fork_lift_dock__functions.c
[2.178s] -- Installing: /home/avinaash/ForkLift_AMR/install/forklift_interfaces/include/forklift_interfaces/srv/detail/fork_lift_dock__type_support.h
[2.178s] -- Installing: /home/avinaash/ForkLift_AMR/install/forklift_interfaces/include/forklift_interfaces/srv/fork_lift_dock.h
[2.178s] -- Installing: /home/avinaash/ForkLift_AMR/install/forklift_interfaces/include/forklift_interfaces/msg
[2.178s] -- Installing: /home/avinaash/ForkLift_AMR/install/forklift_interfaces/include/forklift_interfaces/msg/rosidl_generator_c__visibility_control.h
[2.178s] -- Installing: /home/avinaash/ForkLift_AMR/install/forklift_interfaces/share/forklift_interfaces/environment/library_path.sh
[2.178s] -- Installing: /home/avinaash/ForkLift_AMR/install/forklift_interfaces/share/forklift_interfaces/environment/library_path.dsv
[2.178s] -- Installing: /home/avinaash/ForkLift_AMR/install/forklift_interfaces/lib/libforklift_interfaces__rosidl_generator_c.so
[2.178s] -- Set runtime path of "/home/avinaash/ForkLift_AMR/install/forklift_interfaces/lib/libforklift_interfaces__rosidl_generator_c.so" to ""
[2.178s] -- Up-to-date: /home/avinaash/ForkLift_AMR/install/forklift_interfaces/include/forklift_interfaces
[2.178s] -- Up-to-date: /home/avinaash/ForkLift_AMR/install/forklift_interfaces/include/forklift_interfaces/srv
[2.179s] -- Up-to-date: /home/avinaash/ForkLift_AMR/install/forklift_interfaces/include/forklift_interfaces/srv/detail
[2.179s] -- Installing: /home/avinaash/ForkLift_AMR/install/forklift_interfaces/include/forklift_interfaces/srv/detail/fork_lift_dock__rosidl_typesupport_fastrtps_c.h
[2.179s] -- Up-to-date: /home/avinaash/ForkLift_AMR/install/forklift_interfaces/include/forklift_interfaces/msg
[2.179s] -- Installing: /home/avinaash/ForkLift_AMR/install/forklift_interfaces/include/forklift_interfaces/msg/rosidl_typesupport_fastrtps_c__visibility_control.h
[2.179s] -- Installing: /home/avinaash/ForkLift_AMR/install/forklift_interfaces/lib/libforklift_interfaces__rosidl_typesupport_fastrtps_c.so
[2.179s] -- Set runtime path of "/home/avinaash/ForkLift_AMR/install/forklift_interfaces/lib/libforklift_interfaces__rosidl_typesupport_fastrtps_c.so" to ""
[2.179s] -- Up-to-date: /home/avinaash/ForkLift_AMR/install/forklift_interfaces/include/forklift_interfaces
[2.179s] -- Up-to-date: /home/avinaash/ForkLift_AMR/install/forklift_interfaces/include/forklift_interfaces/srv
[2.179s] -- Up-to-date: /home/avinaash/ForkLift_AMR/install/forklift_interfaces/include/forklift_interfaces/srv/detail
[2.179s] -- Installing: /home/avinaash/ForkLift_AMR/install/forklift_interfaces/include/forklift_interfaces/srv/detail/dds_fastrtps
[2.179s] -- Installing: /home/avinaash/ForkLift_AMR/install/forklift_interfaces/include/forklift_interfaces/srv/detail/fork_lift_dock__rosidl_typesupport_fastrtps_cpp.hpp
[2.180s] -- Up-to-date: /home/avinaash/ForkLift_AMR/install/forklift_interfaces/include/forklift_interfaces/msg
[2.180s] -- Installing: /home/avinaash/ForkLift_AMR/install/forklift_interfaces/include/forklift_interfaces/msg/rosidl_typesupport_fastrtps_cpp__visibility_control.h
[2.180s] -- Installing: /home/avinaash/ForkLift_AMR/install/forklift_interfaces/lib/libforklift_interfaces__rosidl_typesupport_fastrtps_cpp.so
[2.180s] -- Set runtime path of "/home/avinaash/ForkLift_AMR/install/forklift_interfaces/lib/libforklift_interfaces__rosidl_typesupport_fastrtps_cpp.so" to ""
[2.180s] -- Up-to-date: /home/avinaash/ForkLift_AMR/install/forklift_interfaces/include/forklift_interfaces
[2.180s] -- Up-to-date: /home/avinaash/ForkLift_AMR/install/forklift_interfaces/include/forklift_interfaces/srv
[2.180s] -- Up-to-date: /home/avinaash/ForkLift_AMR/install/forklift_interfaces/include/forklift_interfaces/srv/detail
[2.180s] -- Installing: /home/avinaash/ForkLift_AMR/install/forklift_interfaces/include/forklift_interfaces/srv/detail/fork_lift_dock__rosidl_typesupport_introspection_c.h
[2.180s] -- Installing: /home/avinaash/ForkLift_AMR/install/forklift_interfaces/include/forklift_interfaces/srv/detail/fork_lift_dock__type_support.c
[2.180s] -- Up-to-date: /home/avinaash/ForkLift_AMR/install/forklift_interfaces/include/forklift_interfaces/msg
[2.180s] -- Installing: /home/avinaash/ForkLift_AMR/install/forklift_interfaces/include/forklift_interfaces/msg/rosidl_typesupport_introspection_c__visibility_control.h
[2.180s] -- Installing: /home/avinaash/ForkLift_AMR/install/forklift_interfaces/lib/libforklift_interfaces__rosidl_typesupport_introspection_c.so
[2.181s] -- Set runtime path of "/home/avinaash/ForkLift_AMR/install/forklift_interfaces/lib/libforklift_interfaces__rosidl_typesupport_introspection_c.so" to ""
[2.181s] -- Installing: /home/avinaash/ForkLift_AMR/install/forklift_interfaces/lib/libforklift_interfaces__rosidl_typesupport_c.so
[2.181s] -- Set runtime path of "/home/avinaash/ForkLift_AMR/install/forklift_interfaces/lib/libforklift_interfaces__rosidl_typesupport_c.so" to ""
[2.181s] -- Up-to-date: /home/avinaash/ForkLift_AMR/install/forklift_interfaces/include/forklift_interfaces
[2.181s] -- Up-to-date: /home/avinaash/ForkLift_AMR/install/forklift_interfaces/include/forklift_interfaces/srv
[2.181s] -- Installing: /home/avinaash/ForkLift_AMR/install/forklift_interfaces/include/forklift_interfaces/srv/fork_lift_dock.hpp
[2.181s] -- Up-to-date: /home/avinaash/ForkLift_AMR/install/forklift_interfaces/include/forklift_interfaces/srv/detail
[2.181s] -- Installing: /home/avinaash/ForkLift_AMR/install/forklift_interfaces/include/forklift_interfaces/srv/detail/fork_lift_dock__struct.hpp
[2.181s] -- Installing: /home/avinaash/ForkLift_AMR/install/forklift_interfaces/include/forklift_interfaces/srv/detail/fork_lift_dock__traits.hpp
[2.181s] -- Installing: /home/avinaash/ForkLift_AMR/install/forklift_interfaces/include/forklift_interfaces/srv/detail/fork_lift_dock__builder.hpp
[2.181s] -- Up-to-date: /home/avinaash/ForkLift_AMR/install/forklift_interfaces/include/forklift_interfaces
[2.181s] -- Up-to-date: /home/avinaash/ForkLift_AMR/install/forklift_interfaces/include/forklift_interfaces/srv
[2.181s] -- Up-to-date: /home/avinaash/ForkLift_AMR/install/forklift_interfaces/include/forklift_interfaces/srv/detail
[2.181s] -- Installing: /home/avinaash/ForkLift_AMR/install/forklift_interfaces/include/forklift_interfaces/srv/detail/fork_lift_dock__type_support.cpp
[2.182s] -- Installing: /home/avinaash/ForkLift_AMR/install/forklift_interfaces/include/forklift_interfaces/srv/detail/fork_lift_dock__rosidl_typesupport_introspection_cpp.hpp
[2.182s] -- Installing: /home/avinaash/ForkLift_AMR/install/forklift_interfaces/lib/libforklift_interfaces__rosidl_typesupport_introspection_cpp.so
[2.182s] -- Set runtime path of "/home/avinaash/ForkLift_AMR/install/forklift_interfaces/lib/libforklift_interfaces__rosidl_typesupport_introspection_cpp.so" to ""
[2.182s] -- Installing: /home/avinaash/ForkLift_AMR/install/forklift_interfaces/lib/libforklift_interfaces__rosidl_typesupport_cpp.so
[2.182s] -- Set runtime path of "/home/avinaash/ForkLift_AMR/install/forklift_interfaces/lib/libforklift_interfaces__rosidl_typesupport_cpp.so" to ""
[2.182s] -- Installing: /home/avinaash/ForkLift_AMR/install/forklift_interfaces/share/forklift_interfaces/environment/pythonpath.sh
[2.182s] -- Installing: /home/avinaash/ForkLift_AMR/install/forklift_interfaces/share/forklift_interfaces/environment/pythonpath.dsv
[2.182s] -- Installing: /home/avinaash/ForkLift_AMR/install/forklift_interfaces/lib/python3.8/site-packages/forklift_interfaces/__init__.py
[2.206s] Compiling '/home/avinaash/ForkLift_AMR/install/forklift_interfaces/lib/python3.8/site-packages/forklift_interfaces/__init__.py'...
[2.209s] -- Installing: /home/avinaash/ForkLift_AMR/install/forklift_interfaces/lib/python3.8/site-packages/forklift_interfaces/srv
[2.209s] -- Installing: /home/avinaash/ForkLift_AMR/install/forklift_interfaces/lib/python3.8/site-packages/forklift_interfaces/srv/_fork_lift_dock_s.c
[2.209s] -- Installing: /home/avinaash/ForkLift_AMR/install/forklift_interfaces/lib/python3.8/site-packages/forklift_interfaces/srv/__init__.py
[2.209s] -- Installing: /home/avinaash/ForkLift_AMR/install/forklift_interfaces/lib/python3.8/site-packages/forklift_interfaces/srv/_fork_lift_dock.py
[2.209s] -- Installing: /home/avinaash/ForkLift_AMR/install/forklift_interfaces/lib/python3.8/site-packages/forklift_interfaces/forklift_interfaces_s__rosidl_typesupport_fastrtps_c.cpython-38-x86_64-linux-gnu.so
[2.210s] -- Set runtime path of "/home/avinaash/ForkLift_AMR/install/forklift_interfaces/lib/python3.8/site-packages/forklift_interfaces/forklift_interfaces_s__rosidl_typesupport_fastrtps_c.cpython-38-x86_64-linux-gnu.so" to ""
[2.211s] -- Installing: /home/avinaash/ForkLift_AMR/install/forklift_interfaces/lib/python3.8/site-packages/forklift_interfaces/forklift_interfaces_s__rosidl_typesupport_introspection_c.cpython-38-x86_64-linux-gnu.so
[2.212s] -- Set runtime path of "/home/avinaash/ForkLift_AMR/install/forklift_interfaces/lib/python3.8/site-packages/forklift_interfaces/forklift_interfaces_s__rosidl_typesupport_introspection_c.cpython-38-x86_64-linux-gnu.so" to ""
[2.212s] -- Installing: /home/avinaash/ForkLift_AMR/install/forklift_interfaces/lib/python3.8/site-packages/forklift_interfaces/forklift_interfaces_s__rosidl_typesupport_c.cpython-38-x86_64-linux-gnu.so
[2.213s] -- Set runtime path of "/home/avinaash/ForkLift_AMR/install/forklift_interfaces/lib/python3.8/site-packages/forklift_interfaces/forklift_interfaces_s__rosidl_typesupport_c.cpython-38-x86_64-linux-gnu.so" to ""
[2.214s] -- Installing: /home/avinaash/ForkLift_AMR/install/forklift_interfaces/lib/libforklift_interfaces__python.so
[2.214s] -- Set runtime path of "/home/avinaash/ForkLift_AMR/install/forklift_interfaces/lib/libforklift_interfaces__python.so" to ""
[2.214s] -- Installing: /home/avinaash/ForkLift_AMR/install/forklift_interfaces/share/forklift_interfaces/srv/ForkLiftDock.idl
[2.214s] -- Installing: /home/avinaash/ForkLift_AMR/install/forklift_interfaces/share/forklift_interfaces/srv/ForkLiftDock.srv
[2.214s] -- Installing: /home/avinaash/ForkLift_AMR/install/forklift_interfaces/share/forklift_interfaces/srv/ForkLiftDock_Request.msg
[2.214s] -- Installing: /home/avinaash/ForkLift_AMR/install/forklift_interfaces/share/forklift_interfaces/srv/ForkLiftDock_Response.msg
[2.214s] -- Installing: /home/avinaash/ForkLift_AMR/install/forklift_interfaces/share/ament_index/resource_index/package_run_dependencies/forklift_interfaces
[2.215s] -- Installing: /home/avinaash/ForkLift_AMR/install/forklift_interfaces/share/ament_index/resource_index/parent_prefix_path/forklift_interfaces
[2.215s] -- Installing: /home/avinaash/ForkLift_AMR/install/forklift_interfaces/share/forklift_interfaces/environment/ament_prefix_path.sh
[2.215s] -- Installing: /home/avinaash/ForkLift_AMR/install/forklift_interfaces/share/forklift_interfaces/environment/ament_prefix_path.dsv
[2.215s] -- Installing: /home/avinaash/ForkLift_AMR/install/forklift_interfaces/share/forklift_interfaces/environment/path.sh
[2.215s] -- Installing: /home/avinaash/ForkLift_AMR/install/forklift_interfaces/share/forklift_interfaces/environment/path.dsv
[2.215s] -- Installing: /home/avinaash/ForkLift_AMR/install/forklift_interfaces/share/forklift_interfaces/local_setup.bash
[2.215s] -- Installing: /home/avinaash/ForkLift_AMR/install/forklift_interfaces/share/forklift_interfaces/local_setup.sh
[2.215s] -- Installing: /home/avinaash/ForkLift_AMR/install/forklift_interfaces/share/forklift_interfaces/local_setup.zsh
[2.215s] -- Installing: /home/avinaash/ForkLift_AMR/install/forklift_interfaces/share/forklift_interfaces/local_setup.dsv
[2.215s] -- Installing: /home/avinaash/ForkLift_AMR/install/forklift_interfaces/share/forklift_interfaces/package.dsv
[2.215s] -- Installing: /home/avinaash/ForkLift_AMR/install/forklift_interfaces/share/ament_index/resource_index/packages/forklift_interfaces
[2.216s] -- Installing: /home/avinaash/ForkLift_AMR/install/forklift_interfaces/share/forklift_interfaces/cmake/forklift_interfaces__rosidl_generator_cExport.cmake
[2.216s] -- Installing: /home/avinaash/ForkLift_AMR/install/forklift_interfaces/share/forklift_interfaces/cmake/forklift_interfaces__rosidl_generator_cExport-noconfig.cmake
[2.216s] -- Installing: /home/avinaash/ForkLift_AMR/install/forklift_interfaces/share/forklift_interfaces/cmake/forklift_interfaces__rosidl_typesupport_introspection_cExport.cmake
[2.216s] -- Installing: /home/avinaash/ForkLift_AMR/install/forklift_interfaces/share/forklift_interfaces/cmake/forklift_interfaces__rosidl_typesupport_introspection_cExport-noconfig.cmake
[2.216s] -- Installing: /home/avinaash/ForkLift_AMR/install/forklift_interfaces/share/forklift_interfaces/cmake/forklift_interfaces__rosidl_typesupport_cExport.cmake
[2.216s] -- Installing: /home/avinaash/ForkLift_AMR/install/forklift_interfaces/share/forklift_interfaces/cmake/forklift_interfaces__rosidl_typesupport_cExport-noconfig.cmake
[2.216s] -- Installing: /home/avinaash/ForkLift_AMR/install/forklift_interfaces/share/forklift_interfaces/cmake/forklift_interfaces__rosidl_generator_cppExport.cmake
[2.216s] -- Installing: /home/avinaash/ForkLift_AMR/install/forklift_interfaces/share/forklift_interfaces/cmake/forklift_interfaces__rosidl_typesupport_introspection_cppExport.cmake
[2.216s] -- Installing: /home/avinaash/ForkLift_AMR/install/forklift_interfaces/share/forklift_interfaces/cmake/forklift_interfaces__rosidl_typesupport_introspection_cppExport-noconfig.cmake
[2.216s] -- Installing: /home/avinaash/ForkLift_AMR/install/forklift_interfaces/share/forklift_interfaces/cmake/forklift_interfaces__rosidl_typesupport_cppExport.cmake
[2.216s] -- Installing: /home/avinaash/ForkLift_AMR/install/forklift_interfaces/share/forklift_interfaces/cmake/forklift_interfaces__rosidl_typesupport_cppExport-noconfig.cmake
[2.216s] -- Installing: /home/avinaash/ForkLift_AMR/install/forklift_interfaces/share/forklift_interfaces/cmake/rosidl_cmake-extras.cmake
[2.216s] -- Installing: /home/avinaash/ForkLift_AMR/install/forklift_interfaces/share/forklift_interfaces/cmake/ament_cmake_export_dependencies-extras.cmake
[2.216s] -- Installing: /home/avinaash/ForkLift_AMR/install/forklift_interfaces/share/forklift_interfaces/cmake/ament_cmake_export_libraries-extras.cmake
[2.216s] -- Installing: /home/avinaash/ForkLift_AMR/install/forklift_interfaces/share/forklift_interfaces/cmake/ament_cmake_export_targets-extras.cmake
[2.217s] -- Installing: /home/avinaash/ForkLift_AMR/install/forklift_interfaces/share/forklift_interfaces/cmake/ament_cmake_export_include_directories-extras.cmake
[2.217s] -- Installing: /home/avinaash/ForkLift_AMR/install/forklift_interfaces/share/forklift_interfaces/cmake/rosidl_cmake_export_typesupport_libraries-extras.cmake
[2.217s] -- Installing: /home/avinaash/ForkLift_AMR/install/forklift_interfaces/share/forklift_interfaces/cmake/rosidl_cmake_export_typesupport_targets-extras.cmake
[2.217s] -- Installing: /home/avinaash/ForkLift_AMR/install/forklift_interfaces/share/forklift_interfaces/cmake/forklift_interfacesConfig.cmake
[2.217s] -- Installing: /home/avinaash/ForkLift_AMR/install/forklift_interfaces/share/forklift_interfaces/cmake/forklift_interfacesConfig-version.cmake
[2.217s] -- Installing: /home/avinaash/ForkLift_AMR/install/forklift_interfaces/share/forklift_interfaces/package.xml
[2.219s] Invoked command in '/home/avinaash/ForkLift_AMR/build/forklift_interfaces' returned '0': CMAKE_PREFIX_PATH=/home/avinaash/TB3/install/turtlebot3:/home/avinaash/TB3/install/turtlebot3_simulations:/home/avinaash/TB3/install/turtlebot3_bringup:/home/avinaash/TB3/install/turtlebot3_node:/home/avinaash/TB3/install/turtlebot3_navigation2:/home/avinaash/TB3/install/turtlebot3_gazebo:/home/avinaash/TB3/install/turtlebot3_fake_node:/home/avinaash/TB3/install/turtlebot3_description:/home/avinaash/TB3/install/turtlebot3_cartographer:/home/avinaash/TB3/install/turtlebot3_teleop:/home/avinaash/TB3/install/turtlebot3_example:/home/avinaash/TB3/install/ros2_test_bots:/home/avinaash/SyncDroids/install/droid_navigation:/opt/ros/galactic:/home/avinaash/daimler_tugger/doozy_ws/devel:/home/avinaash/doozy_robotics/doozy_ws/devel /usr/bin/cmake --install /home/avinaash/ForkLift_AMR/build/forklift_interfaces
