[0.247s] Invoking command in '/home/doozy/ForkLift_AMR/build/turtlebot3_gazebo': CMAKE_PREFIX_PATH=${CMAKE_PREFIX_PATH}:/home/doozy/ForkLift_AMR/install/turtlebot3_teleop:/home/doozy/ForkLift_AMR/install/turtlebot3_example:/home/doozy/ForkLift_AMR/install/doozy_forklift:/home/doozy/turtlebot3_ws/install/turtlebot3_teleop:/home/doozy/turtlebot3_ws/install/turtlebot3_example:/home/doozy/turtlebot3_ws/install/autonomous_tb3:/home/doozy/doozy_ws/install/task_py:/home/doozy/ros2_ws/install/hotel_package:/home/doozy/ros2_ws/install/deffy:/home/doozy/do_ws/install/task_py:/home/doozy/neuronbot2_ros2_ws/install/neuronbot2_led:/opt/ros/humble /usr/bin/cmake /home/doozy/ForkLift_AMR/src/turtlebot3_simulations/turtlebot3_gazebo -DCMAKE_INSTALL_PREFIX=/home/doozy/ForkLift_AMR/install/turtlebot3_gazebo
[0.780s] -- The C compiler identification is GNU 11.4.0
[0.780s] -- The CXX compiler identification is GNU 11.4.0
[0.780s] -- Detecting C compiler ABI info
[0.780s] -- Detecting C compiler ABI info - done
[0.780s] -- Check for working C compiler: /usr/bin/cc - skipped
[0.780s] -- Detecting C compile features
[0.780s] -- Detecting C compile features - done
[0.780s] -- Detecting CXX compiler ABI info
[0.781s] -- Detecting CXX compiler ABI info - done
[0.781s] -- Check for working CXX compiler: /usr/bin/c++ - skipped
[0.781s] -- Detecting CXX compile features
[0.781s] -- Detecting CXX compile features - done
[0.781s] -- Found ament_cmake: 1.3.8 (/opt/ros/humble/share/ament_cmake/cmake)
[0.906s] -- Found Python3: /usr/bin/python3 (found version "3.10.12") found components: Interpreter 
[1.114s] [33mCMake Warning (dev) at /usr/share/cmake-3.22/Modules/FindPackageHandleStandardArgs.cmake:438 (message):
[1.114s]   The package name passed to `find_package_handle_standard_args` (PkgConfig)
[1.114s]   does not match the name of the calling package (gazebo).  This can lead to
[1.115s]   problems in calling code that expects `find_package` result variables
[1.115s]   (e.g., `_FOUND`) to follow a certain pattern.
[1.115s] Call Stack (most recent call first):
[1.115s]   /usr/share/cmake-3.22/Modules/FindPkgConfig.cmake:99 (find_package_handle_standard_args)
[1.115s]   /usr/lib/x86_64-linux-gnu/cmake/gazebo/gazebo-config.cmake:72 (include)
[1.115s]   CMakeLists.txt:23 (find_package)
[1.116s] This warning is for project developers.  Use -Wno-dev to suppress it.
[1.116s] [0m
[1.117s] -- Found PkgConfig: /usr/bin/pkg-config (found version "0.29.2") 
[1.121s] -- Checking for module 'bullet>=2.82'
[1.139s] --   Found bullet, version 3.05
[1.280s] -- Found fcl: /usr/include (found suitable version "0.7.0", minimum required is "0.5.0") 
[1.323s] -- Found assimp: /usr/include (found version "5.2.0") 
[1.364s] -- Found DART: /usr/include (Required is at least version "6.6") found components: dart 
[1.557s] -- Found Boost: /usr/lib/x86_64-linux-gnu/cmake/Boost-1.74.0/BoostConfig.cmake (found suitable version "1.74.0", minimum required is "1.40.0") found components: thread system filesystem program_options regex iostreams date_time 
[1.586s] -- Found Protobuf: /usr/lib/x86_64-linux-gnu/libprotobuf.so (found version "3.12.4") 
[1.600s] -- Looking for ignition-math6 -- found version 6.15.1
[1.612s] -- Searching for dependencies of ignition-math6
[1.614s] -- Looking for OGRE...
[1.615s] -- OGRE_PREFIX_WATCH changed.
[1.619s] -- Checking for module 'OGRE'
[1.633s] --   Found OGRE, version 1.9.0
[1.664s] -- Found Ogre Ghadamon (1.9.0)
[1.678s] -- Found OGRE: optimized;/usr/lib/x86_64-linux-gnu/libOgreMain.so;debug;/usr/lib/x86_64-linux-gnu/libOgreMain.so
[1.686s] -- Looking for OGRE_Paging...
[1.697s] -- Found OGRE_Paging: optimized;/usr/lib/x86_64-linux-gnu/libOgrePaging.so;debug;/usr/lib/x86_64-linux-gnu/libOgrePaging.so
[1.697s] -- Looking for OGRE_Terrain...
[1.708s] -- Found OGRE_Terrain: optimized;/usr/lib/x86_64-linux-gnu/libOgreTerrain.so;debug;/usr/lib/x86_64-linux-gnu/libOgreTerrain.so
[1.709s] -- Looking for OGRE_Property...
[1.718s] -- Found OGRE_Property: optimized;/usr/lib/x86_64-linux-gnu/libOgreProperty.so;debug;/usr/lib/x86_64-linux-gnu/libOgreProperty.so
[1.718s] -- Looking for OGRE_RTShaderSystem...
[1.727s] -- Found OGRE_RTShaderSystem: optimized;/usr/lib/x86_64-linux-gnu/libOgreRTShaderSystem.so;debug;/usr/lib/x86_64-linux-gnu/libOgreRTShaderSystem.so
[1.727s] -- Looking for OGRE_Volume...
[1.737s] -- Found OGRE_Volume: optimized;/usr/lib/x86_64-linux-gnu/libOgreVolume.so;debug;/usr/lib/x86_64-linux-gnu/libOgreVolume.so
[1.737s] -- Looking for OGRE_Overlay...
[1.747s] -- Found OGRE_Overlay: optimized;/usr/lib/x86_64-linux-gnu/libOgreOverlay.so;debug;/usr/lib/x86_64-linux-gnu/libOgreOverlay.so
[2.023s] -- Looking for ignition-math6 -- found version 6.15.1
[2.029s] -- Looking for ignition-transport8 -- found version 8.2.1
[2.029s] -- Searching for dependencies of ignition-transport8
[2.049s] -- Found Protobuf: /usr/lib/x86_64-linux-gnu/libprotobuf.so (found suitable version "3.12.4", minimum required is "3") 
[2.063s] -- Config-file not installed for ZeroMQ -- checking for pkg-config
[2.067s] -- Checking for module 'libzmq >= 4'
[2.084s] --   Found libzmq , version 4.3.4
[2.115s] -- Found ZeroMQ: TRUE (Required is at least version "4") 
[2.123s] -- Checking for module 'uuid'
[2.141s] --   Found uuid, version 2.37.2
[2.172s] -- Found UUID: TRUE  
[2.183s] -- Looking for ignition-msgs5 -- found version 5.8.1
[2.183s] -- Searching for dependencies of ignition-msgs5
[2.211s] -- Looking for ignition-math6 -- found version 6.15.1
[2.216s] -- Checking for module 'tinyxml2'
[2.235s] --   Found tinyxml2, version 9.0.0
[2.265s] -- Looking for ignition-msgs5 -- found version 5.8.1
[2.273s] -- Looking for ignition-common3 -- found version 3.14.0
[2.273s] -- Searching for dependencies of ignition-common3
[2.274s] -- Looking for dlfcn.h - found
[2.275s] -- Looking for libdl - found
[2.276s] -- Found DL: TRUE  
[2.292s] -- Found tinyobjloader: /usr/lib/x86_64-linux-gnu/cmake/tinyobjloader/tinyobjloader-config.cmake (found version "2.0.0") 
[2.293s] -- Searching for <ignition-common3> component [graphics]
[2.299s] -- Looking for ignition-common3-graphics -- found version 3.14.0
[2.299s] -- Searching for dependencies of ignition-common3-graphics
[2.299s] -- Looking for ignition-math6 -- found version 6.15.1
[2.307s] -- Looking for ignition-fuel_tools4 -- found version 4.4.0
[2.307s] -- Searching for dependencies of ignition-fuel_tools4
[2.380s] -- Found CURL: /usr/lib/x86_64-linux-gnu/libcurl.so (found version "7.81.0")  
[2.392s] -- Checking for module 'jsoncpp'
[2.404s] --   Found jsoncpp, version 1.9.5
[2.429s] -- Found JSONCPP: TRUE  
[2.438s] -- Checking for module 'libzip'
[2.452s] --   Found libzip, version 1.7.3
[2.478s] -- Found ZIP: TRUE  
[2.478s] -- Looking for ignition-common3 -- found version 3.14.0
[2.479s] -- Looking for ignition-math6 -- found version 6.15.1
[2.479s] -- Looking for ignition-msgs5 -- found version 5.8.1
[2.493s] -- Found gazebo_ros_pkgs: 3.7.0 (/opt/ros/humble/share/gazebo_ros_pkgs/cmake)
[2.499s] -- Found geometry_msgs: 4.2.3 (/opt/ros/humble/share/geometry_msgs/cmake)
[2.587s] -- Found rosidl_generator_c: 3.1.5 (/opt/ros/humble/share/rosidl_generator_c/cmake)
[2.603s] -- Found rosidl_adapter: 3.1.5 (/opt/ros/humble/share/rosidl_adapter/cmake)
[2.621s] -- Found rosidl_generator_cpp: 3.1.5 (/opt/ros/humble/share/rosidl_generator_cpp/cmake)
[2.649s] -- Using all available rosidl_typesupport_c: rosidl_typesupport_fastrtps_c;rosidl_typesupport_introspection_c
[2.679s] -- Using all available rosidl_typesupport_cpp: rosidl_typesupport_fastrtps_cpp;rosidl_typesupport_introspection_cpp
[2.795s] -- Found nav_msgs: 4.2.3 (/opt/ros/humble/share/nav_msgs/cmake)
[2.872s] -- Found rclcpp: 16.0.8 (/opt/ros/humble/share/rclcpp/cmake)
[2.957s] -- Found rmw_implementation_cmake: 6.1.1 (/opt/ros/humble/share/rmw_implementation_cmake/cmake)
[2.967s] -- Found rmw_fastrtps_cpp: 6.2.6 (/opt/ros/humble/share/rmw_fastrtps_cpp/cmake)
[3.191s] -- Found OpenSSL: /usr/lib/x86_64-linux-gnu/libcrypto.so (found version "3.0.2")  
[3.240s] -- Found FastRTPS: /opt/ros/humble/include  
[3.342s] -- Using RMW implementation 'rmw_fastrtps_cpp' as default
[3.383s] -- Found Threads: TRUE  
[3.659s] -- Found sensor_msgs: 4.2.3 (/opt/ros/humble/share/sensor_msgs/cmake)
[3.816s] -- Found tf2: 0.25.6 (/opt/ros/humble/share/tf2/cmake)
[3.936s] -- Configuring done
[3.986s] -- Generating done
[3.990s] -- Build files have been written to: /home/doozy/ForkLift_AMR/build/turtlebot3_gazebo
[4.012s] Invoked command in '/home/doozy/ForkLift_AMR/build/turtlebot3_gazebo' returned '0': CMAKE_PREFIX_PATH=${CMAKE_PREFIX_PATH}:/home/doozy/ForkLift_AMR/install/turtlebot3_teleop:/home/doozy/ForkLift_AMR/install/turtlebot3_example:/home/doozy/ForkLift_AMR/install/doozy_forklift:/home/doozy/turtlebot3_ws/install/turtlebot3_teleop:/home/doozy/turtlebot3_ws/install/turtlebot3_example:/home/doozy/turtlebot3_ws/install/autonomous_tb3:/home/doozy/doozy_ws/install/task_py:/home/doozy/ros2_ws/install/hotel_package:/home/doozy/ros2_ws/install/deffy:/home/doozy/do_ws/install/task_py:/home/doozy/neuronbot2_ros2_ws/install/neuronbot2_led:/opt/ros/humble /usr/bin/cmake /home/doozy/ForkLift_AMR/src/turtlebot3_simulations/turtlebot3_gazebo -DCMAKE_INSTALL_PREFIX=/home/doozy/ForkLift_AMR/install/turtlebot3_gazebo
[4.014s] Invoking command in '/home/doozy/ForkLift_AMR/build/turtlebot3_gazebo': CMAKE_PREFIX_PATH=${CMAKE_PREFIX_PATH}:/home/doozy/ForkLift_AMR/install/turtlebot3_teleop:/home/doozy/ForkLift_AMR/install/turtlebot3_example:/home/doozy/ForkLift_AMR/install/doozy_forklift:/home/doozy/turtlebot3_ws/install/turtlebot3_teleop:/home/doozy/turtlebot3_ws/install/turtlebot3_example:/home/doozy/turtlebot3_ws/install/autonomous_tb3:/home/doozy/doozy_ws/install/task_py:/home/doozy/ros2_ws/install/hotel_package:/home/doozy/ros2_ws/install/deffy:/home/doozy/do_ws/install/task_py:/home/doozy/neuronbot2_ros2_ws/install/neuronbot2_led:/opt/ros/humble /usr/bin/cmake --build /home/doozy/ForkLift_AMR/build/turtlebot3_gazebo -- -j16 -l16
[4.096s] [ 12%] [32mBuilding CXX object CMakeFiles/turtlebot3_drive.dir/src/turtlebot3_drive.cpp.o[0m
[4.117s] [ 25%] [32mBuilding CXX object CMakeFiles/obstacle1.dir/models/turtlebot3_dqn_world/obstacle_plugin/obstacle1.cc.o[0m
[4.136s] [ 37%] [32mBuilding CXX object CMakeFiles/obstacle2.dir/models/turtlebot3_dqn_world/obstacle_plugin/obstacle2.cc.o[0m
[4.147s] [ 50%] [32mBuilding CXX object CMakeFiles/obstacles.dir/models/turtlebot3_dqn_world/obstacle_plugin/obstacles.cc.o[0m
[16.976s] [ 62%] [32m[1mLinking CXX executable turtlebot3_drive[0m
[17.262s] [ 75%] [32m[1mLinking CXX shared library libobstacle1.so[0m
[17.371s] [ 87%] [32m[1mLinking CXX shared library libobstacles.so[0m
[17.436s] [ 87%] Built target turtlebot3_drive
[17.483s] [ 87%] Built target obstacle1
[17.545s] [ 87%] Built target obstacles
[17.967s] [100%] [32m[1mLinking CXX shared library libobstacle2.so[0m
[18.129s] [100%] Built target obstacle2
[18.139s] Invoked command in '/home/doozy/ForkLift_AMR/build/turtlebot3_gazebo' returned '0': CMAKE_PREFIX_PATH=${CMAKE_PREFIX_PATH}:/home/doozy/ForkLift_AMR/install/turtlebot3_teleop:/home/doozy/ForkLift_AMR/install/turtlebot3_example:/home/doozy/ForkLift_AMR/install/doozy_forklift:/home/doozy/turtlebot3_ws/install/turtlebot3_teleop:/home/doozy/turtlebot3_ws/install/turtlebot3_example:/home/doozy/turtlebot3_ws/install/autonomous_tb3:/home/doozy/doozy_ws/install/task_py:/home/doozy/ros2_ws/install/hotel_package:/home/doozy/ros2_ws/install/deffy:/home/doozy/do_ws/install/task_py:/home/doozy/neuronbot2_ros2_ws/install/neuronbot2_led:/opt/ros/humble /usr/bin/cmake --build /home/doozy/ForkLift_AMR/build/turtlebot3_gazebo -- -j16 -l16
[18.171s] Invoking command in '/home/doozy/ForkLift_AMR/build/turtlebot3_gazebo': CMAKE_PREFIX_PATH=${CMAKE_PREFIX_PATH}:/home/doozy/ForkLift_AMR/install/turtlebot3_teleop:/home/doozy/ForkLift_AMR/install/turtlebot3_example:/home/doozy/ForkLift_AMR/install/doozy_forklift:/home/doozy/turtlebot3_ws/install/turtlebot3_teleop:/home/doozy/turtlebot3_ws/install/turtlebot3_example:/home/doozy/turtlebot3_ws/install/autonomous_tb3:/home/doozy/doozy_ws/install/task_py:/home/doozy/ros2_ws/install/hotel_package:/home/doozy/ros2_ws/install/deffy:/home/doozy/do_ws/install/task_py:/home/doozy/neuronbot2_ros2_ws/install/neuronbot2_led:/opt/ros/humble /usr/bin/cmake --install /home/doozy/ForkLift_AMR/build/turtlebot3_gazebo
[18.178s] -- Install configuration: ""
[18.178s] -- Installing: /home/doozy/ForkLift_AMR/install/turtlebot3_gazebo/lib/turtlebot3_gazebo/turtlebot3_drive
[18.181s] -- Set runtime path of "/home/doozy/ForkLift_AMR/install/turtlebot3_gazebo/lib/turtlebot3_gazebo/turtlebot3_drive" to ""
[18.182s] -- Installing: /home/doozy/ForkLift_AMR/install/turtlebot3_gazebo/share/turtlebot3_gazebo//launch
[18.182s] -- Installing: /home/doozy/ForkLift_AMR/install/turtlebot3_gazebo/share/turtlebot3_gazebo//launch/turtlebot3_dqn_stage3.launch.py
[18.182s] -- Installing: /home/doozy/ForkLift_AMR/install/turtlebot3_gazebo/share/turtlebot3_gazebo//launch/empty_world.launch.py
[18.182s] -- Installing: /home/doozy/ForkLift_AMR/install/turtlebot3_gazebo/share/turtlebot3_gazebo//launch/spawn_turtlebot3.launch.py
[18.182s] -- Installing: /home/doozy/ForkLift_AMR/install/turtlebot3_gazebo/share/turtlebot3_gazebo//launch/turtlebot3_dqn_stage2.launch.py
[18.182s] -- Installing: /home/doozy/ForkLift_AMR/install/turtlebot3_gazebo/share/turtlebot3_gazebo//launch/turtlebot3_house.launch.py
[18.182s] -- Installing: /home/doozy/ForkLift_AMR/install/turtlebot3_gazebo/share/turtlebot3_gazebo//launch/turtlebot3_dqn_stage1.launch.py
[18.182s] -- Installing: /home/doozy/ForkLift_AMR/install/turtlebot3_gazebo/share/turtlebot3_gazebo//launch/robot_state_publisher.launch.py
[18.182s] -- Installing: /home/doozy/ForkLift_AMR/install/turtlebot3_gazebo/share/turtlebot3_gazebo//launch/turtlebot3_world.launch.py
[18.182s] -- Installing: /home/doozy/ForkLift_AMR/install/turtlebot3_gazebo/share/turtlebot3_gazebo//launch/turtlebot3_dqn_stage4.launch.py
[18.182s] -- Installing: /home/doozy/ForkLift_AMR/install/turtlebot3_gazebo/share/turtlebot3_gazebo//models
[18.182s] -- Installing: /home/doozy/ForkLift_AMR/install/turtlebot3_gazebo/share/turtlebot3_gazebo//models/turtlebot3_common
[18.182s] -- Installing: /home/doozy/ForkLift_AMR/install/turtlebot3_gazebo/share/turtlebot3_gazebo//models/turtlebot3_common/meshes
[18.182s] -- Installing: /home/doozy/ForkLift_AMR/install/turtlebot3_gazebo/share/turtlebot3_gazebo//models/turtlebot3_common/meshes/burger_base.dae
[18.183s] -- Installing: /home/doozy/ForkLift_AMR/install/turtlebot3_gazebo/share/turtlebot3_gazebo//models/turtlebot3_common/meshes/waffle_pi_base.dae
[18.183s] -- Installing: /home/doozy/ForkLift_AMR/install/turtlebot3_gazebo/share/turtlebot3_gazebo//models/turtlebot3_common/meshes/waffle_base.dae
[18.183s] -- Installing: /home/doozy/ForkLift_AMR/install/turtlebot3_gazebo/share/turtlebot3_gazebo//models/turtlebot3_common/meshes/lds.dae
[18.183s] -- Installing: /home/doozy/ForkLift_AMR/install/turtlebot3_gazebo/share/turtlebot3_gazebo//models/turtlebot3_common/meshes/tire.dae
[18.183s] -- Installing: /home/doozy/ForkLift_AMR/install/turtlebot3_gazebo/share/turtlebot3_gazebo//models/turtlebot3_common/meshes/r200.dae
[18.183s] -- Installing: /home/doozy/ForkLift_AMR/install/turtlebot3_gazebo/share/turtlebot3_gazebo//models/turtlebot3_common/model.config
[18.183s] -- Installing: /home/doozy/ForkLift_AMR/install/turtlebot3_gazebo/share/turtlebot3_gazebo//models/turtlebot3_waffle
[18.183s] -- Installing: /home/doozy/ForkLift_AMR/install/turtlebot3_gazebo/share/turtlebot3_gazebo//models/turtlebot3_waffle/model.sdf
[18.183s] -- Installing: /home/doozy/ForkLift_AMR/install/turtlebot3_gazebo/share/turtlebot3_gazebo//models/turtlebot3_waffle/model-1_4.sdf
[18.183s] -- Installing: /home/doozy/ForkLift_AMR/install/turtlebot3_gazebo/share/turtlebot3_gazebo//models/turtlebot3_waffle/model.config
[18.183s] -- Installing: /home/doozy/ForkLift_AMR/install/turtlebot3_gazebo/share/turtlebot3_gazebo//models/turtlebot3_house
[18.183s] -- Installing: /home/doozy/ForkLift_AMR/install/turtlebot3_gazebo/share/turtlebot3_gazebo//models/turtlebot3_house/model.sdf
[18.183s] -- Installing: /home/doozy/ForkLift_AMR/install/turtlebot3_gazebo/share/turtlebot3_gazebo//models/turtlebot3_house/model.config
[18.183s] -- Installing: /home/doozy/ForkLift_AMR/install/turtlebot3_gazebo/share/turtlebot3_gazebo//models/turtlebot3_dqn_world
[18.183s] -- Installing: /home/doozy/ForkLift_AMR/install/turtlebot3_gazebo/share/turtlebot3_gazebo//models/turtlebot3_dqn_world/obstacle2
[18.183s] -- Installing: /home/doozy/ForkLift_AMR/install/turtlebot3_gazebo/share/turtlebot3_gazebo//models/turtlebot3_dqn_world/obstacle2/model.sdf
[18.183s] -- Installing: /home/doozy/ForkLift_AMR/install/turtlebot3_gazebo/share/turtlebot3_gazebo//models/turtlebot3_dqn_world/obstacle2/model.config
[18.184s] -- Installing: /home/doozy/ForkLift_AMR/install/turtlebot3_gazebo/share/turtlebot3_gazebo//models/turtlebot3_dqn_world/model.sdf
[18.184s] -- Installing: /home/doozy/ForkLift_AMR/install/turtlebot3_gazebo/share/turtlebot3_gazebo//models/turtlebot3_dqn_world/goal_box
[18.184s] -- Installing: /home/doozy/ForkLift_AMR/install/turtlebot3_gazebo/share/turtlebot3_gazebo//models/turtlebot3_dqn_world/goal_box/model.sdf
[18.184s] -- Installing: /home/doozy/ForkLift_AMR/install/turtlebot3_gazebo/share/turtlebot3_gazebo//models/turtlebot3_dqn_world/goal_box/model.config
[18.184s] -- Installing: /home/doozy/ForkLift_AMR/install/turtlebot3_gazebo/share/turtlebot3_gazebo//models/turtlebot3_dqn_world/obstacle1
[18.184s] -- Installing: /home/doozy/ForkLift_AMR/install/turtlebot3_gazebo/share/turtlebot3_gazebo//models/turtlebot3_dqn_world/obstacle1/model.sdf
[18.184s] -- Installing: /home/doozy/ForkLift_AMR/install/turtlebot3_gazebo/share/turtlebot3_gazebo//models/turtlebot3_dqn_world/obstacle1/model.config
[18.184s] -- Installing: /home/doozy/ForkLift_AMR/install/turtlebot3_gazebo/share/turtlebot3_gazebo//models/turtlebot3_dqn_world/obstacles
[18.184s] -- Installing: /home/doozy/ForkLift_AMR/install/turtlebot3_gazebo/share/turtlebot3_gazebo//models/turtlebot3_dqn_world/obstacles/model.sdf
[18.184s] -- Installing: /home/doozy/ForkLift_AMR/install/turtlebot3_gazebo/share/turtlebot3_gazebo//models/turtlebot3_dqn_world/obstacles/model.config
[18.184s] -- Installing: /home/doozy/ForkLift_AMR/install/turtlebot3_gazebo/share/turtlebot3_gazebo//models/turtlebot3_dqn_world/obstacle_plugin
[18.184s] -- Installing: /home/doozy/ForkLift_AMR/install/turtlebot3_gazebo/share/turtlebot3_gazebo//models/turtlebot3_dqn_world/obstacle_plugin/obstacle2.cc
[18.185s] -- Installing: /home/doozy/ForkLift_AMR/install/turtlebot3_gazebo/share/turtlebot3_gazebo//models/turtlebot3_dqn_world/obstacle_plugin/CMakeLists.txt
[18.185s] -- Installing: /home/doozy/ForkLift_AMR/install/turtlebot3_gazebo/share/turtlebot3_gazebo//models/turtlebot3_dqn_world/obstacle_plugin/obstacles.cc
[18.185s] -- Installing: /home/doozy/ForkLift_AMR/install/turtlebot3_gazebo/share/turtlebot3_gazebo//models/turtlebot3_dqn_world/obstacle_plugin/obstacle1.cc
[18.185s] -- Installing: /home/doozy/ForkLift_AMR/install/turtlebot3_gazebo/share/turtlebot3_gazebo//models/turtlebot3_dqn_world/model.config
[18.185s] -- Installing: /home/doozy/ForkLift_AMR/install/turtlebot3_gazebo/share/turtlebot3_gazebo//models/turtlebot3_dqn_world/inner_walls
[18.185s] -- Installing: /home/doozy/ForkLift_AMR/install/turtlebot3_gazebo/share/turtlebot3_gazebo//models/turtlebot3_dqn_world/inner_walls/model.sdf
[18.185s] -- Installing: /home/doozy/ForkLift_AMR/install/turtlebot3_gazebo/share/turtlebot3_gazebo//models/turtlebot3_dqn_world/inner_walls/model.config
[18.185s] -- Installing: /home/doozy/ForkLift_AMR/install/turtlebot3_gazebo/share/turtlebot3_gazebo//models/turtlebot3_waffle_pi
[18.185s] -- Installing: /home/doozy/ForkLift_AMR/install/turtlebot3_gazebo/share/turtlebot3_gazebo//models/turtlebot3_waffle_pi/model.sdf
[18.185s] -- Installing: /home/doozy/ForkLift_AMR/install/turtlebot3_gazebo/share/turtlebot3_gazebo//models/turtlebot3_waffle_pi/model-1_4_.sdf
[18.185s] -- Installing: /home/doozy/ForkLift_AMR/install/turtlebot3_gazebo/share/turtlebot3_gazebo//models/turtlebot3_waffle_pi/model.config
[18.185s] -- Installing: /home/doozy/ForkLift_AMR/install/turtlebot3_gazebo/share/turtlebot3_gazebo//models/turtlebot3_burger
[18.185s] -- Installing: /home/doozy/ForkLift_AMR/install/turtlebot3_gazebo/share/turtlebot3_gazebo//models/turtlebot3_burger/model.sdf
[18.185s] -- Installing: /home/doozy/ForkLift_AMR/install/turtlebot3_gazebo/share/turtlebot3_gazebo//models/turtlebot3_burger/model-1_4.sdf
[18.185s] -- Installing: /home/doozy/ForkLift_AMR/install/turtlebot3_gazebo/share/turtlebot3_gazebo//models/turtlebot3_burger/model.config
[18.185s] -- Installing: /home/doozy/ForkLift_AMR/install/turtlebot3_gazebo/share/turtlebot3_gazebo//models/turtlebot3_world
[18.185s] -- Installing: /home/doozy/ForkLift_AMR/install/turtlebot3_gazebo/share/turtlebot3_gazebo//models/turtlebot3_world/model.sdf
[18.186s] -- Installing: /home/doozy/ForkLift_AMR/install/turtlebot3_gazebo/share/turtlebot3_gazebo//models/turtlebot3_world/meshes
[18.186s] -- Installing: /home/doozy/ForkLift_AMR/install/turtlebot3_gazebo/share/turtlebot3_gazebo//models/turtlebot3_world/meshes/wall.dae
[18.186s] -- Installing: /home/doozy/ForkLift_AMR/install/turtlebot3_gazebo/share/turtlebot3_gazebo//models/turtlebot3_world/meshes/hexagon.dae
[18.186s] -- Installing: /home/doozy/ForkLift_AMR/install/turtlebot3_gazebo/share/turtlebot3_gazebo//models/turtlebot3_world/model-1_4.sdf
[18.186s] -- Installing: /home/doozy/ForkLift_AMR/install/turtlebot3_gazebo/share/turtlebot3_gazebo//models/turtlebot3_world/model.config
[18.186s] -- Installing: /home/doozy/ForkLift_AMR/install/turtlebot3_gazebo/share/turtlebot3_gazebo//rviz
[18.186s] -- Installing: /home/doozy/ForkLift_AMR/install/turtlebot3_gazebo/share/turtlebot3_gazebo//rviz/tb3_gazebo.rviz
[18.186s] -- Installing: /home/doozy/ForkLift_AMR/install/turtlebot3_gazebo/share/turtlebot3_gazebo//urdf
[18.186s] -- Installing: /home/doozy/ForkLift_AMR/install/turtlebot3_gazebo/share/turtlebot3_gazebo//urdf/turtlebot3_burger.urdf
[18.186s] -- Installing: /home/doozy/ForkLift_AMR/install/turtlebot3_gazebo/share/turtlebot3_gazebo//urdf/common_properties.urdf
[18.186s] -- Installing: /home/doozy/ForkLift_AMR/install/turtlebot3_gazebo/share/turtlebot3_gazebo//urdf/turtlebot3_waffle_pi.urdf
[18.186s] -- Installing: /home/doozy/ForkLift_AMR/install/turtlebot3_gazebo/share/turtlebot3_gazebo//urdf/turtlebot3_waffle.urdf
[18.187s] -- Installing: /home/doozy/ForkLift_AMR/install/turtlebot3_gazebo/share/turtlebot3_gazebo//worlds
[18.187s] -- Installing: /home/doozy/ForkLift_AMR/install/turtlebot3_gazebo/share/turtlebot3_gazebo//worlds/turtlebot3_dqn_stage3.world
[18.187s] -- Installing: /home/doozy/ForkLift_AMR/install/turtlebot3_gazebo/share/turtlebot3_gazebo//worlds/turtlebot3_dqn_stage4.world
[18.187s] -- Installing: /home/doozy/ForkLift_AMR/install/turtlebot3_gazebo/share/turtlebot3_gazebo//worlds/turtlebot3_house.world
[18.187s] -- Installing: /home/doozy/ForkLift_AMR/install/turtlebot3_gazebo/share/turtlebot3_gazebo//worlds/turtlebot3_dqn_stage1.world
[18.187s] -- Installing: /home/doozy/ForkLift_AMR/install/turtlebot3_gazebo/share/turtlebot3_gazebo//worlds/empty_world.world
[18.187s] -- Installing: /home/doozy/ForkLift_AMR/install/turtlebot3_gazebo/share/turtlebot3_gazebo//worlds/turtlebot3_dqn_stage2.world
[18.187s] -- Installing: /home/doozy/ForkLift_AMR/install/turtlebot3_gazebo/share/turtlebot3_gazebo//worlds/turtlebot3_world.world
[18.187s] -- Installing: /home/doozy/ForkLift_AMR/install/turtlebot3_gazebo/include/
[18.187s] -- Installing: /home/doozy/ForkLift_AMR/install/turtlebot3_gazebo/include//turtlebot3_gazebo
[18.187s] -- Installing: /home/doozy/ForkLift_AMR/install/turtlebot3_gazebo/include//turtlebot3_gazebo/turtlebot3_drive.hpp
[18.187s] -- Installing: /home/doozy/ForkLift_AMR/install/turtlebot3_gazebo/share/ament_index/resource_index/package_run_dependencies/turtlebot3_gazebo
[18.187s] -- Installing: /home/doozy/ForkLift_AMR/install/turtlebot3_gazebo/share/ament_index/resource_index/parent_prefix_path/turtlebot3_gazebo
[18.188s] -- Installing: /home/doozy/ForkLift_AMR/install/turtlebot3_gazebo/share/turtlebot3_gazebo/environment/ament_prefix_path.sh
[18.188s] -- Installing: /home/doozy/ForkLift_AMR/install/turtlebot3_gazebo/share/turtlebot3_gazebo/environment/ament_prefix_path.dsv
[18.188s] -- Installing: /home/doozy/ForkLift_AMR/install/turtlebot3_gazebo/share/turtlebot3_gazebo/environment/path.sh
[18.188s] -- Installing: /home/doozy/ForkLift_AMR/install/turtlebot3_gazebo/share/turtlebot3_gazebo/environment/path.dsv
[18.188s] -- Installing: /home/doozy/ForkLift_AMR/install/turtlebot3_gazebo/share/turtlebot3_gazebo/local_setup.bash
[18.188s] -- Installing: /home/doozy/ForkLift_AMR/install/turtlebot3_gazebo/share/turtlebot3_gazebo/local_setup.sh
[18.188s] -- Installing: /home/doozy/ForkLift_AMR/install/turtlebot3_gazebo/share/turtlebot3_gazebo/local_setup.zsh
[18.188s] -- Installing: /home/doozy/ForkLift_AMR/install/turtlebot3_gazebo/share/turtlebot3_gazebo/local_setup.dsv
[18.188s] -- Installing: /home/doozy/ForkLift_AMR/install/turtlebot3_gazebo/share/turtlebot3_gazebo/package.dsv
[18.188s] -- Installing: /home/doozy/ForkLift_AMR/install/turtlebot3_gazebo/share/ament_index/resource_index/packages/turtlebot3_gazebo
[18.188s] -- Installing: /home/doozy/ForkLift_AMR/install/turtlebot3_gazebo/share/turtlebot3_gazebo/cmake/ament_cmake_export_include_directories-extras.cmake
[18.188s] -- Installing: /home/doozy/ForkLift_AMR/install/turtlebot3_gazebo/share/turtlebot3_gazebo/cmake/ament_cmake_export_dependencies-extras.cmake
[18.189s] -- Installing: /home/doozy/ForkLift_AMR/install/turtlebot3_gazebo/share/turtlebot3_gazebo/cmake/turtlebot3_gazeboConfig.cmake
[18.189s] -- Installing: /home/doozy/ForkLift_AMR/install/turtlebot3_gazebo/share/turtlebot3_gazebo/cmake/turtlebot3_gazeboConfig-version.cmake
[18.189s] -- Installing: /home/doozy/ForkLift_AMR/install/turtlebot3_gazebo/share/turtlebot3_gazebo/package.xml
[18.190s] Invoked command in '/home/doozy/ForkLift_AMR/build/turtlebot3_gazebo' returned '0': CMAKE_PREFIX_PATH=${CMAKE_PREFIX_PATH}:/home/doozy/ForkLift_AMR/install/turtlebot3_teleop:/home/doozy/ForkLift_AMR/install/turtlebot3_example:/home/doozy/ForkLift_AMR/install/doozy_forklift:/home/doozy/turtlebot3_ws/install/turtlebot3_teleop:/home/doozy/turtlebot3_ws/install/turtlebot3_example:/home/doozy/turtlebot3_ws/install/autonomous_tb3:/home/doozy/doozy_ws/install/task_py:/home/doozy/ros2_ws/install/hotel_package:/home/doozy/ros2_ws/install/deffy:/home/doozy/do_ws/install/task_py:/home/doozy/neuronbot2_ros2_ws/install/neuronbot2_led:/opt/ros/humble /usr/bin/cmake --install /home/doozy/ForkLift_AMR/build/turtlebot3_gazebo
