[0.188s] Invoking command in '/home/doozy/ForkLift_AMR/build/forklift_interfaces': CMAKE_PREFIX_PATH=${CMAKE_PREFIX_PATH}:/home/doozy/ForkLift_AMR/install/doozy_forklift:/home/doozy/doozy_ws/install/task_py:/home/doozy/doozy_robotics/doozy_ws_2/install/pallet_docker_02:/home/doozy/doozy_robotics/doozy_ws_2/install/2_t_dolly_logistics_driver:/home/doozy/ros2_ws/install/hotel_package:/home/doozy/ros2_ws/install/deffy:/home/doozy/do_ws/install/task_py:/home/doozy/neuronbot2_ros2_ws/install/neuronbot2_led:/opt/ros/humble /usr/bin/cmake --build /home/doozy/ForkLift_AMR/build/forklift_interfaces -- -j16 -l16
[0.228s] [  3%] Built target forklift_interfaces__cpp
[0.228s] [ 12%] Built target forklift_interfaces__rosidl_generator_c
[0.236s] [ 12%] Built target ament_cmake_python_copy_forklift_interfaces
[0.246s] [ 22%] Built target forklift_interfaces__rosidl_typesupport_cpp
[0.246s] [ 35%] Built target forklift_interfaces__rosidl_typesupport_introspection_cpp
[0.246s] [ 41%] Built target forklift_interfaces__rosidl_typesupport_fastrtps_cpp
[0.254s] [ 70%] Built target forklift_interfaces__rosidl_typesupport_introspection_c
[0.255s] [ 70%] Built target forklift_interfaces__rosidl_typesupport_c
[0.255s] [ 70%] Built target forklift_interfaces__rosidl_typesupport_fastrtps_c
[0.270s] [ 70%] Built target forklift_interfaces
[0.286s] [ 74%] Built target forklift_interfaces__py
[0.303s] [ 80%] Built target forklift_interfaces__rosidl_generator_py
[0.320s] [100%] Built target forklift_interfaces__rosidl_typesupport_introspection_c__pyext
[0.320s] [100%] Built target forklift_interfaces__rosidl_typesupport_fastrtps_c__pyext
[0.320s] [100%] Built target forklift_interfaces__rosidl_typesupport_c__pyext
[0.439s] running egg_info
[0.459s] writing forklift_interfaces.egg-info/PKG-INFO
[0.459s] writing dependency_links to forklift_interfaces.egg-info/dependency_links.txt
[0.459s] writing top-level names to forklift_interfaces.egg-info/top_level.txt
[0.514s] reading manifest file 'forklift_interfaces.egg-info/SOURCES.txt'
[0.514s] writing manifest file 'forklift_interfaces.egg-info/SOURCES.txt'
[0.533s] [100%] Built target ament_cmake_python_build_forklift_interfaces_egg
[0.541s] Invoked command in '/home/doozy/ForkLift_AMR/build/forklift_interfaces' returned '0': CMAKE_PREFIX_PATH=${CMAKE_PREFIX_PATH}:/home/doozy/ForkLift_AMR/install/doozy_forklift:/home/doozy/doozy_ws/install/task_py:/home/doozy/doozy_robotics/doozy_ws_2/install/pallet_docker_02:/home/doozy/doozy_robotics/doozy_ws_2/install/2_t_dolly_logistics_driver:/home/doozy/ros2_ws/install/hotel_package:/home/doozy/ros2_ws/install/deffy:/home/doozy/do_ws/install/task_py:/home/doozy/neuronbot2_ros2_ws/install/neuronbot2_led:/opt/ros/humble /usr/bin/cmake --build /home/doozy/ForkLift_AMR/build/forklift_interfaces -- -j16 -l16
[0.604s] Invoking command in '/home/doozy/ForkLift_AMR/build/forklift_interfaces': CMAKE_PREFIX_PATH=${CMAKE_PREFIX_PATH}:/home/doozy/ForkLift_AMR/install/doozy_forklift:/home/doozy/doozy_ws/install/task_py:/home/doozy/doozy_robotics/doozy_ws_2/install/pallet_docker_02:/home/doozy/doozy_robotics/doozy_ws_2/install/2_t_dolly_logistics_driver:/home/doozy/ros2_ws/install/hotel_package:/home/doozy/ros2_ws/install/deffy:/home/doozy/do_ws/install/task_py:/home/doozy/neuronbot2_ros2_ws/install/neuronbot2_led:/opt/ros/humble /usr/bin/cmake --install /home/doozy/ForkLift_AMR/build/forklift_interfaces
[0.610s] -- Install configuration: ""
[0.611s] -- Up-to-date: /home/doozy/ForkLift_AMR/install/forklift_interfaces/share/ament_index/resource_index/rosidl_interfaces/forklift_interfaces
[0.611s] -- Up-to-date: /home/doozy/ForkLift_AMR/install/forklift_interfaces/include/forklift_interfaces/forklift_interfaces
[0.611s] -- Up-to-date: /home/doozy/ForkLift_AMR/install/forklift_interfaces/include/forklift_interfaces/forklift_interfaces/msg
[0.611s] -- Up-to-date: /home/doozy/ForkLift_AMR/install/forklift_interfaces/include/forklift_interfaces/forklift_interfaces/msg/rosidl_generator_c__visibility_control.h
[0.611s] -- Up-to-date: /home/doozy/ForkLift_AMR/install/forklift_interfaces/include/forklift_interfaces/forklift_interfaces/srv
[0.611s] -- Up-to-date: /home/doozy/ForkLift_AMR/install/forklift_interfaces/include/forklift_interfaces/forklift_interfaces/srv/detail
[0.611s] -- Up-to-date: /home/doozy/ForkLift_AMR/install/forklift_interfaces/include/forklift_interfaces/forklift_interfaces/srv/detail/fork_lift_dock__functions.c
[0.611s] -- Up-to-date: /home/doozy/ForkLift_AMR/install/forklift_interfaces/include/forklift_interfaces/forklift_interfaces/srv/detail/fork_lift_dock__functions.h
[0.612s] -- Up-to-date: /home/doozy/ForkLift_AMR/install/forklift_interfaces/include/forklift_interfaces/forklift_interfaces/srv/detail/fork_lift_dock__struct.h
[0.612s] -- Up-to-date: /home/doozy/ForkLift_AMR/install/forklift_interfaces/include/forklift_interfaces/forklift_interfaces/srv/detail/fork_lift_dock__type_support.h
[0.612s] -- Up-to-date: /home/doozy/ForkLift_AMR/install/forklift_interfaces/include/forklift_interfaces/forklift_interfaces/srv/fork_lift_dock.h
[0.612s] -- Up-to-date: /home/doozy/ForkLift_AMR/install/forklift_interfaces/share/forklift_interfaces/environment/library_path.sh
[0.612s] -- Up-to-date: /home/doozy/ForkLift_AMR/install/forklift_interfaces/share/forklift_interfaces/environment/library_path.dsv
[0.612s] -- Up-to-date: /home/doozy/ForkLift_AMR/install/forklift_interfaces/lib/libforklift_interfaces__rosidl_generator_c.so
[0.612s] -- Up-to-date: /home/doozy/ForkLift_AMR/install/forklift_interfaces/include/forklift_interfaces/forklift_interfaces
[0.612s] -- Up-to-date: /home/doozy/ForkLift_AMR/install/forklift_interfaces/include/forklift_interfaces/forklift_interfaces/msg
[0.613s] -- Up-to-date: /home/doozy/ForkLift_AMR/install/forklift_interfaces/include/forklift_interfaces/forklift_interfaces/msg/rosidl_typesupport_fastrtps_c__visibility_control.h
[0.613s] -- Up-to-date: /home/doozy/ForkLift_AMR/install/forklift_interfaces/include/forklift_interfaces/forklift_interfaces/srv
[0.613s] -- Up-to-date: /home/doozy/ForkLift_AMR/install/forklift_interfaces/include/forklift_interfaces/forklift_interfaces/srv/detail
[0.613s] -- Up-to-date: /home/doozy/ForkLift_AMR/install/forklift_interfaces/include/forklift_interfaces/forklift_interfaces/srv/detail/fork_lift_dock__rosidl_typesupport_fastrtps_c.h
[0.613s] -- Up-to-date: /home/doozy/ForkLift_AMR/install/forklift_interfaces/lib/libforklift_interfaces__rosidl_typesupport_fastrtps_c.so
[0.613s] -- Up-to-date: /home/doozy/ForkLift_AMR/install/forklift_interfaces/include/forklift_interfaces/forklift_interfaces
[0.614s] -- Up-to-date: /home/doozy/ForkLift_AMR/install/forklift_interfaces/include/forklift_interfaces/forklift_interfaces/srv
[0.614s] -- Up-to-date: /home/doozy/ForkLift_AMR/install/forklift_interfaces/include/forklift_interfaces/forklift_interfaces/srv/detail
[0.614s] -- Up-to-date: /home/doozy/ForkLift_AMR/install/forklift_interfaces/include/forklift_interfaces/forklift_interfaces/srv/detail/fork_lift_dock__struct.hpp
[0.614s] -- Up-to-date: /home/doozy/ForkLift_AMR/install/forklift_interfaces/include/forklift_interfaces/forklift_interfaces/srv/detail/fork_lift_dock__builder.hpp
[0.614s] -- Up-to-date: /home/doozy/ForkLift_AMR/install/forklift_interfaces/include/forklift_interfaces/forklift_interfaces/srv/detail/fork_lift_dock__traits.hpp
[0.614s] -- Up-to-date: /home/doozy/ForkLift_AMR/install/forklift_interfaces/include/forklift_interfaces/forklift_interfaces/srv/fork_lift_dock.hpp
[0.614s] -- Up-to-date: /home/doozy/ForkLift_AMR/install/forklift_interfaces/include/forklift_interfaces/forklift_interfaces
[0.614s] -- Up-to-date: /home/doozy/ForkLift_AMR/install/forklift_interfaces/include/forklift_interfaces/forklift_interfaces/msg
[0.614s] -- Up-to-date: /home/doozy/ForkLift_AMR/install/forklift_interfaces/include/forklift_interfaces/forklift_interfaces/msg/rosidl_typesupport_fastrtps_cpp__visibility_control.h
[0.614s] -- Up-to-date: /home/doozy/ForkLift_AMR/install/forklift_interfaces/include/forklift_interfaces/forklift_interfaces/srv
[0.615s] -- Up-to-date: /home/doozy/ForkLift_AMR/install/forklift_interfaces/include/forklift_interfaces/forklift_interfaces/srv/detail
[0.615s] -- Up-to-date: /home/doozy/ForkLift_AMR/install/forklift_interfaces/include/forklift_interfaces/forklift_interfaces/srv/detail/dds_fastrtps
[0.615s] -- Up-to-date: /home/doozy/ForkLift_AMR/install/forklift_interfaces/include/forklift_interfaces/forklift_interfaces/srv/detail/fork_lift_dock__rosidl_typesupport_fastrtps_cpp.hpp
[0.615s] -- Up-to-date: /home/doozy/ForkLift_AMR/install/forklift_interfaces/lib/libforklift_interfaces__rosidl_typesupport_fastrtps_cpp.so
[0.615s] -- Up-to-date: /home/doozy/ForkLift_AMR/install/forklift_interfaces/include/forklift_interfaces/forklift_interfaces
[0.615s] -- Up-to-date: /home/doozy/ForkLift_AMR/install/forklift_interfaces/include/forklift_interfaces/forklift_interfaces/msg
[0.615s] -- Up-to-date: /home/doozy/ForkLift_AMR/install/forklift_interfaces/include/forklift_interfaces/forklift_interfaces/msg/rosidl_typesupport_introspection_c__visibility_control.h
[0.615s] -- Up-to-date: /home/doozy/ForkLift_AMR/install/forklift_interfaces/include/forklift_interfaces/forklift_interfaces/srv
[0.615s] -- Up-to-date: /home/doozy/ForkLift_AMR/install/forklift_interfaces/include/forklift_interfaces/forklift_interfaces/srv/detail
[0.615s] -- Up-to-date: /home/doozy/ForkLift_AMR/install/forklift_interfaces/include/forklift_interfaces/forklift_interfaces/srv/detail/fork_lift_dock__type_support.c
[0.615s] -- Up-to-date: /home/doozy/ForkLift_AMR/install/forklift_interfaces/include/forklift_interfaces/forklift_interfaces/srv/detail/fork_lift_dock__rosidl_typesupport_introspection_c.h
[0.615s] -- Up-to-date: /home/doozy/ForkLift_AMR/install/forklift_interfaces/lib/libforklift_interfaces__rosidl_typesupport_introspection_c.so
[0.616s] -- Up-to-date: /home/doozy/ForkLift_AMR/install/forklift_interfaces/lib/libforklift_interfaces__rosidl_typesupport_c.so
[0.616s] -- Up-to-date: /home/doozy/ForkLift_AMR/install/forklift_interfaces/include/forklift_interfaces/forklift_interfaces
[0.616s] -- Up-to-date: /home/doozy/ForkLift_AMR/install/forklift_interfaces/include/forklift_interfaces/forklift_interfaces/srv
[0.616s] -- Up-to-date: /home/doozy/ForkLift_AMR/install/forklift_interfaces/include/forklift_interfaces/forklift_interfaces/srv/detail
[0.616s] -- Up-to-date: /home/doozy/ForkLift_AMR/install/forklift_interfaces/include/forklift_interfaces/forklift_interfaces/srv/detail/fork_lift_dock__type_support.cpp
[0.616s] -- Up-to-date: /home/doozy/ForkLift_AMR/install/forklift_interfaces/include/forklift_interfaces/forklift_interfaces/srv/detail/fork_lift_dock__rosidl_typesupport_introspection_cpp.hpp
[0.616s] -- Up-to-date: /home/doozy/ForkLift_AMR/install/forklift_interfaces/lib/libforklift_interfaces__rosidl_typesupport_introspection_cpp.so
[0.616s] -- Up-to-date: /home/doozy/ForkLift_AMR/install/forklift_interfaces/lib/libforklift_interfaces__rosidl_typesupport_cpp.so
[0.616s] -- Up-to-date: /home/doozy/ForkLift_AMR/install/forklift_interfaces/share/forklift_interfaces/environment/pythonpath.sh
[0.616s] -- Up-to-date: /home/doozy/ForkLift_AMR/install/forklift_interfaces/share/forklift_interfaces/environment/pythonpath.dsv
[0.616s] -- Up-to-date: /home/doozy/ForkLift_AMR/install/forklift_interfaces/local/lib/python3.10/dist-packages/forklift_interfaces-0.0.0-py3.10.egg-info
[0.617s] -- Installing: /home/doozy/ForkLift_AMR/install/forklift_interfaces/local/lib/python3.10/dist-packages/forklift_interfaces-0.0.0-py3.10.egg-info/PKG-INFO
[0.617s] -- Installing: /home/doozy/ForkLift_AMR/install/forklift_interfaces/local/lib/python3.10/dist-packages/forklift_interfaces-0.0.0-py3.10.egg-info/top_level.txt
[0.617s] -- Installing: /home/doozy/ForkLift_AMR/install/forklift_interfaces/local/lib/python3.10/dist-packages/forklift_interfaces-0.0.0-py3.10.egg-info/dependency_links.txt
[0.617s] -- Installing: /home/doozy/ForkLift_AMR/install/forklift_interfaces/local/lib/python3.10/dist-packages/forklift_interfaces-0.0.0-py3.10.egg-info/SOURCES.txt
[0.617s] -- Up-to-date: /home/doozy/ForkLift_AMR/install/forklift_interfaces/local/lib/python3.10/dist-packages/forklift_interfaces
[0.617s] -- Up-to-date: /home/doozy/ForkLift_AMR/install/forklift_interfaces/local/lib/python3.10/dist-packages/forklift_interfaces/forklift_interfaces_s__rosidl_typesupport_c.cpython-310-x86_64-linux-gnu.so
[0.617s] -- Up-to-date: /home/doozy/ForkLift_AMR/install/forklift_interfaces/local/lib/python3.10/dist-packages/forklift_interfaces/_forklift_interfaces_s.ep.rosidl_typesupport_c.c
[0.617s] -- Up-to-date: /home/doozy/ForkLift_AMR/install/forklift_interfaces/local/lib/python3.10/dist-packages/forklift_interfaces/forklift_interfaces_s__rosidl_typesupport_introspection_c.cpython-310-x86_64-linux-gnu.so
[0.617s] -- Up-to-date: /home/doozy/ForkLift_AMR/install/forklift_interfaces/local/lib/python3.10/dist-packages/forklift_interfaces/srv
[0.617s] -- Up-to-date: /home/doozy/ForkLift_AMR/install/forklift_interfaces/local/lib/python3.10/dist-packages/forklift_interfaces/srv/_fork_lift_dock_s.c
[0.617s] -- Up-to-date: /home/doozy/ForkLift_AMR/install/forklift_interfaces/local/lib/python3.10/dist-packages/forklift_interfaces/srv/__init__.py
[0.618s] -- Up-to-date: /home/doozy/ForkLift_AMR/install/forklift_interfaces/local/lib/python3.10/dist-packages/forklift_interfaces/srv/_fork_lift_dock.py
[0.618s] -- Up-to-date: /home/doozy/ForkLift_AMR/install/forklift_interfaces/local/lib/python3.10/dist-packages/forklift_interfaces/__init__.py
[0.618s] -- Up-to-date: /home/doozy/ForkLift_AMR/install/forklift_interfaces/local/lib/python3.10/dist-packages/forklift_interfaces/_forklift_interfaces_s.ep.rosidl_typesupport_introspection_c.c
[0.618s] -- Up-to-date: /home/doozy/ForkLift_AMR/install/forklift_interfaces/local/lib/python3.10/dist-packages/forklift_interfaces/libforklift_interfaces__rosidl_generator_py.so
[0.618s] -- Up-to-date: /home/doozy/ForkLift_AMR/install/forklift_interfaces/local/lib/python3.10/dist-packages/forklift_interfaces/_forklift_interfaces_s.ep.rosidl_typesupport_fastrtps_c.c
[0.618s] -- Up-to-date: /home/doozy/ForkLift_AMR/install/forklift_interfaces/local/lib/python3.10/dist-packages/forklift_interfaces/forklift_interfaces_s__rosidl_typesupport_fastrtps_c.cpython-310-x86_64-linux-gnu.so
[0.644s] Listing '/home/doozy/ForkLift_AMR/install/forklift_interfaces/local/lib/python3.10/dist-packages/forklift_interfaces'...
[0.644s] Listing '/home/doozy/ForkLift_AMR/install/forklift_interfaces/local/lib/python3.10/dist-packages/forklift_interfaces/srv'...
[0.647s] -- Up-to-date: /home/doozy/ForkLift_AMR/install/forklift_interfaces/local/lib/python3.10/dist-packages/forklift_interfaces/forklift_interfaces_s__rosidl_typesupport_fastrtps_c.cpython-310-x86_64-linux-gnu.so
[0.647s] -- Up-to-date: /home/doozy/ForkLift_AMR/install/forklift_interfaces/local/lib/python3.10/dist-packages/forklift_interfaces/forklift_interfaces_s__rosidl_typesupport_introspection_c.cpython-310-x86_64-linux-gnu.so
[0.647s] -- Up-to-date: /home/doozy/ForkLift_AMR/install/forklift_interfaces/local/lib/python3.10/dist-packages/forklift_interfaces/forklift_interfaces_s__rosidl_typesupport_c.cpython-310-x86_64-linux-gnu.so
[0.647s] -- Up-to-date: /home/doozy/ForkLift_AMR/install/forklift_interfaces/lib/libforklift_interfaces__rosidl_generator_py.so
[0.647s] -- Up-to-date: /home/doozy/ForkLift_AMR/install/forklift_interfaces/share/forklift_interfaces/srv/ForkLiftDock.idl
[0.648s] -- Up-to-date: /home/doozy/ForkLift_AMR/install/forklift_interfaces/share/forklift_interfaces/srv/ForkLiftDock.srv
[0.648s] -- Up-to-date: /home/doozy/ForkLift_AMR/install/forklift_interfaces/share/forklift_interfaces/srv/ForkLiftDock_Request.msg
[0.648s] -- Up-to-date: /home/doozy/ForkLift_AMR/install/forklift_interfaces/share/forklift_interfaces/srv/ForkLiftDock_Response.msg
[0.648s] -- Up-to-date: /home/doozy/ForkLift_AMR/install/forklift_interfaces/share/ament_index/resource_index/package_run_dependencies/forklift_interfaces
[0.648s] -- Up-to-date: /home/doozy/ForkLift_AMR/install/forklift_interfaces/share/ament_index/resource_index/parent_prefix_path/forklift_interfaces
[0.648s] -- Up-to-date: /home/doozy/ForkLift_AMR/install/forklift_interfaces/share/forklift_interfaces/environment/ament_prefix_path.sh
[0.649s] -- Up-to-date: /home/doozy/ForkLift_AMR/install/forklift_interfaces/share/forklift_interfaces/environment/ament_prefix_path.dsv
[0.649s] -- Up-to-date: /home/doozy/ForkLift_AMR/install/forklift_interfaces/share/forklift_interfaces/environment/path.sh
[0.649s] -- Up-to-date: /home/doozy/ForkLift_AMR/install/forklift_interfaces/share/forklift_interfaces/environment/path.dsv
[0.649s] -- Up-to-date: /home/doozy/ForkLift_AMR/install/forklift_interfaces/share/forklift_interfaces/local_setup.bash
[0.649s] -- Up-to-date: /home/doozy/ForkLift_AMR/install/forklift_interfaces/share/forklift_interfaces/local_setup.sh
[0.649s] -- Up-to-date: /home/doozy/ForkLift_AMR/install/forklift_interfaces/share/forklift_interfaces/local_setup.zsh
[0.649s] -- Up-to-date: /home/doozy/ForkLift_AMR/install/forklift_interfaces/share/forklift_interfaces/local_setup.dsv
[0.649s] -- Installing: /home/doozy/ForkLift_AMR/install/forklift_interfaces/share/forklift_interfaces/package.dsv
[0.649s] -- Up-to-date: /home/doozy/ForkLift_AMR/install/forklift_interfaces/share/ament_index/resource_index/packages/forklift_interfaces
[0.650s] -- Up-to-date: /home/doozy/ForkLift_AMR/install/forklift_interfaces/share/forklift_interfaces/cmake/export_forklift_interfaces__rosidl_generator_cExport.cmake
[0.650s] -- Up-to-date: /home/doozy/ForkLift_AMR/install/forklift_interfaces/share/forklift_interfaces/cmake/export_forklift_interfaces__rosidl_generator_cExport-noconfig.cmake
[0.650s] -- Up-to-date: /home/doozy/ForkLift_AMR/install/forklift_interfaces/share/forklift_interfaces/cmake/export_forklift_interfaces__rosidl_typesupport_fastrtps_cExport.cmake
[0.650s] -- Up-to-date: /home/doozy/ForkLift_AMR/install/forklift_interfaces/share/forklift_interfaces/cmake/export_forklift_interfaces__rosidl_typesupport_fastrtps_cExport-noconfig.cmake
[0.650s] -- Up-to-date: /home/doozy/ForkLift_AMR/install/forklift_interfaces/share/forklift_interfaces/cmake/export_forklift_interfaces__rosidl_generator_cppExport.cmake
[0.650s] -- Up-to-date: /home/doozy/ForkLift_AMR/install/forklift_interfaces/share/forklift_interfaces/cmake/export_forklift_interfaces__rosidl_typesupport_fastrtps_cppExport.cmake
[0.650s] -- Up-to-date: /home/doozy/ForkLift_AMR/install/forklift_interfaces/share/forklift_interfaces/cmake/export_forklift_interfaces__rosidl_typesupport_fastrtps_cppExport-noconfig.cmake
[0.651s] -- Up-to-date: /home/doozy/ForkLift_AMR/install/forklift_interfaces/share/forklift_interfaces/cmake/forklift_interfaces__rosidl_typesupport_introspection_cExport.cmake
[0.651s] -- Up-to-date: /home/doozy/ForkLift_AMR/install/forklift_interfaces/share/forklift_interfaces/cmake/forklift_interfaces__rosidl_typesupport_introspection_cExport-noconfig.cmake
[0.652s] -- Up-to-date: /home/doozy/ForkLift_AMR/install/forklift_interfaces/share/forklift_interfaces/cmake/forklift_interfaces__rosidl_typesupport_cExport.cmake
[0.652s] -- Up-to-date: /home/doozy/ForkLift_AMR/install/forklift_interfaces/share/forklift_interfaces/cmake/forklift_interfaces__rosidl_typesupport_cExport-noconfig.cmake
[0.652s] -- Up-to-date: /home/doozy/ForkLift_AMR/install/forklift_interfaces/share/forklift_interfaces/cmake/forklift_interfaces__rosidl_typesupport_introspection_cppExport.cmake
[0.652s] -- Up-to-date: /home/doozy/ForkLift_AMR/install/forklift_interfaces/share/forklift_interfaces/cmake/forklift_interfaces__rosidl_typesupport_introspection_cppExport-noconfig.cmake
[0.653s] -- Up-to-date: /home/doozy/ForkLift_AMR/install/forklift_interfaces/share/forklift_interfaces/cmake/forklift_interfaces__rosidl_typesupport_cppExport.cmake
[0.653s] -- Up-to-date: /home/doozy/ForkLift_AMR/install/forklift_interfaces/share/forklift_interfaces/cmake/forklift_interfaces__rosidl_typesupport_cppExport-noconfig.cmake
[0.653s] -- Up-to-date: /home/doozy/ForkLift_AMR/install/forklift_interfaces/share/forklift_interfaces/cmake/export_forklift_interfaces__rosidl_generator_pyExport.cmake
[0.653s] -- Up-to-date: /home/doozy/ForkLift_AMR/install/forklift_interfaces/share/forklift_interfaces/cmake/export_forklift_interfaces__rosidl_generator_pyExport-noconfig.cmake
[0.654s] -- Up-to-date: /home/doozy/ForkLift_AMR/install/forklift_interfaces/share/forklift_interfaces/cmake/rosidl_cmake-extras.cmake
[0.654s] -- Up-to-date: /home/doozy/ForkLift_AMR/install/forklift_interfaces/share/forklift_interfaces/cmake/ament_cmake_export_include_directories-extras.cmake
[0.654s] -- Up-to-date: /home/doozy/ForkLift_AMR/install/forklift_interfaces/share/forklift_interfaces/cmake/ament_cmake_export_libraries-extras.cmake
[0.655s] -- Up-to-date: /home/doozy/ForkLift_AMR/install/forklift_interfaces/share/forklift_interfaces/cmake/ament_cmake_export_targets-extras.cmake
[0.655s] -- Up-to-date: /home/doozy/ForkLift_AMR/install/forklift_interfaces/share/forklift_interfaces/cmake/rosidl_cmake_export_typesupport_targets-extras.cmake
[0.655s] -- Up-to-date: /home/doozy/ForkLift_AMR/install/forklift_interfaces/share/forklift_interfaces/cmake/ament_cmake_export_dependencies-extras.cmake
[0.655s] -- Up-to-date: /home/doozy/ForkLift_AMR/install/forklift_interfaces/share/forklift_interfaces/cmake/rosidl_cmake_export_typesupport_libraries-extras.cmake
[0.655s] -- Up-to-date: /home/doozy/ForkLift_AMR/install/forklift_interfaces/share/forklift_interfaces/cmake/forklift_interfacesConfig.cmake
[0.656s] -- Up-to-date: /home/doozy/ForkLift_AMR/install/forklift_interfaces/share/forklift_interfaces/cmake/forklift_interfacesConfig-version.cmake
[0.656s] -- Up-to-date: /home/doozy/ForkLift_AMR/install/forklift_interfaces/share/forklift_interfaces/package.xml
[0.656s] Invoked command in '/home/doozy/ForkLift_AMR/build/forklift_interfaces' returned '0': CMAKE_PREFIX_PATH=${CMAKE_PREFIX_PATH}:/home/doozy/ForkLift_AMR/install/doozy_forklift:/home/doozy/doozy_ws/install/task_py:/home/doozy/doozy_robotics/doozy_ws_2/install/pallet_docker_02:/home/doozy/doozy_robotics/doozy_ws_2/install/2_t_dolly_logistics_driver:/home/doozy/ros2_ws/install/hotel_package:/home/doozy/ros2_ws/install/deffy:/home/doozy/do_ws/install/task_py:/home/doozy/neuronbot2_ros2_ws/install/neuronbot2_led:/opt/ros/humble /usr/bin/cmake --install /home/doozy/ForkLift_AMR/build/forklift_interfaces
