[0.592s] Invoking command in '/home/avinaash/ForkLift_AMR/src/doozy_forklift': PYTHONPATH=/home/avinaash/ForkLift_AMR/build/doozy_forklift/prefix_override:/home/avinaash/ForkLift_AMR/install/doozy_forklift/lib/python3.8/site-packages:${PYTHONPATH} /usr/bin/python3 -W ignore:setup.py install is deprecated setup.py egg_info --egg-base ../../build/doozy_forklift build --build-base /home/avinaash/ForkLift_AMR/build/doozy_forklift/build install --record /home/avinaash/ForkLift_AMR/build/doozy_forklift/install.log --single-version-externally-managed install_data
[0.759s] running egg_info
[0.759s] writing ../../build/doozy_forklift/doozy_forklift.egg-info/PKG-INFO
[0.759s] writing dependency_links to ../../build/doozy_forklift/doozy_forklift.egg-info/dependency_links.txt
[0.760s] writing entry points to ../../build/doozy_forklift/doozy_forklift.egg-info/entry_points.txt
[0.760s] writing requirements to ../../build/doozy_forklift/doozy_forklift.egg-info/requires.txt
[0.760s] writing top-level names to ../../build/doozy_forklift/doozy_forklift.egg-info/top_level.txt
[0.784s] reading manifest file '../../build/doozy_forklift/doozy_forklift.egg-info/SOURCES.txt'
[0.785s] writing manifest file '../../build/doozy_forklift/doozy_forklift.egg-info/SOURCES.txt'
[0.785s] running build
[0.785s] running build_py
[0.785s] copying doozy_forklift/dock_with_pallet_10.py -> /home/avinaash/ForkLift_AMR/build/doozy_forklift/build/lib/doozy_forklift
[0.786s] running install
[0.786s] running install_lib
[0.787s] copying /home/avinaash/ForkLift_AMR/build/doozy_forklift/build/lib/doozy_forklift/dock_with_pallet_10.py -> /home/avinaash/ForkLift_AMR/install/doozy_forklift/lib/python3.8/site-packages/doozy_forklift
[0.788s] byte-compiling /home/avinaash/ForkLift_AMR/install/doozy_forklift/lib/python3.8/site-packages/doozy_forklift/dock_with_pallet_10.py to dock_with_pallet_10.cpython-38.pyc
[0.791s] running install_data
[0.791s] running install_egg_info
[0.793s] removing '/home/avinaash/ForkLift_AMR/install/doozy_forklift/lib/python3.8/site-packages/doozy_forklift-0.0.0-py3.8.egg-info' (and everything under it)
[0.793s] Copying ../../build/doozy_forklift/doozy_forklift.egg-info to /home/avinaash/ForkLift_AMR/install/doozy_forklift/lib/python3.8/site-packages/doozy_forklift-0.0.0-py3.8.egg-info
[0.793s] running install_scripts
[0.807s] Installing Client_01 script to /home/avinaash/ForkLift_AMR/install/doozy_forklift/lib/doozy_forklift
[0.808s] Installing Client_02 script to /home/avinaash/ForkLift_AMR/install/doozy_forklift/lib/doozy_forklift
[0.808s] Installing Client_03 script to /home/avinaash/ForkLift_AMR/install/doozy_forklift/lib/doozy_forklift
[0.808s] Installing Detect_Pallet_01 script to /home/avinaash/ForkLift_AMR/install/doozy_forklift/lib/doozy_forklift
[0.808s] Installing Dock_tree script to /home/avinaash/ForkLift_AMR/install/doozy_forklift/lib/doozy_forklift
[0.808s] Installing Dock_with_Pallet_01 script to /home/avinaash/ForkLift_AMR/install/doozy_forklift/lib/doozy_forklift
[0.809s] Installing Dock_with_Pallet_02 script to /home/avinaash/ForkLift_AMR/install/doozy_forklift/lib/doozy_forklift
[0.809s] Installing Dock_with_Pallet_03 script to /home/avinaash/ForkLift_AMR/install/doozy_forklift/lib/doozy_forklift
[0.809s] Installing Dock_with_Pallet_04 script to /home/avinaash/ForkLift_AMR/install/doozy_forklift/lib/doozy_forklift
[0.809s] Installing Dock_with_Pallet_05 script to /home/avinaash/ForkLift_AMR/install/doozy_forklift/lib/doozy_forklift
[0.809s] Installing Dock_with_Pallet_06 script to /home/avinaash/ForkLift_AMR/install/doozy_forklift/lib/doozy_forklift
[0.809s] Installing Dock_with_Pallet_07 script to /home/avinaash/ForkLift_AMR/install/doozy_forklift/lib/doozy_forklift
[0.809s] Installing Dock_with_Pallet_08 script to /home/avinaash/ForkLift_AMR/install/doozy_forklift/lib/doozy_forklift
[0.809s] Installing Dock_with_Pallet_09 script to /home/avinaash/ForkLift_AMR/install/doozy_forklift/lib/doozy_forklift
[0.809s] Installing Dock_with_Pallet_10 script to /home/avinaash/ForkLift_AMR/install/doozy_forklift/lib/doozy_forklift
[0.809s] Installing Publish_TF script to /home/avinaash/ForkLift_AMR/install/doozy_forklift/lib/doozy_forklift
[0.810s] Installing Publish_TF_2 script to /home/avinaash/ForkLift_AMR/install/doozy_forklift/lib/doozy_forklift
[0.810s] writing list of installed files to '/home/avinaash/ForkLift_AMR/build/doozy_forklift/install.log'
[0.834s] Invoked command in '/home/avinaash/ForkLift_AMR/src/doozy_forklift' returned '0': PYTHONPATH=/home/avinaash/ForkLift_AMR/build/doozy_forklift/prefix_override:/home/avinaash/ForkLift_AMR/install/doozy_forklift/lib/python3.8/site-packages:${PYTHONPATH} /usr/bin/python3 -W ignore:setup.py install is deprecated setup.py egg_info --egg-base ../../build/doozy_forklift build --build-base /home/avinaash/ForkLift_AMR/build/doozy_forklift/build install --record /home/avinaash/ForkLift_AMR/build/doozy_forklift/install.log --single-version-externally-managed install_data
