[0.139s] DEBUG:colcon:Command line arguments: ['/home/avinaash/.local/bin/colcon', 'build']
[0.140s] DEBUG:colcon:Parsed command line arguments: Namespace(allow_overriding=[], ament_cmake_args=None, base_paths=['.'], build_base='build', catkin_cmake_args=None, catkin_skip_building_tests=False, cmake_args=None, cmake_clean_cache=False, cmake_clean_first=False, cmake_force_configure=False, cmake_target=None, cmake_target_skip_unavailable=False, continue_on_error=False, event_handlers=None, executor='parallel', ignore_user_meta=False, install_base='install', log_base=None, log_level=None, main=<bound method BuildVerb.main of <colcon_core.verb.build.BuildVerb object at 0x7fe3616f6370>>, merge_install=False, metas=['./colcon.meta'], packages_above=None, packages_above_and_dependencies=None, packages_above_depth=None, packages_end=None, packages_ignore=None, packages_ignore_regex=None, packages_select=None, packages_select_build_failed=False, packages_select_by_dep=None, packages_select_regex=None, packages_select_test_failures=False, packages_skip=None, packages_skip_build_finished=False, packages_skip_by_dep=None, packages_skip_regex=None, packages_skip_test_passed=False, packages_skip_up_to=None, packages_start=None, packages_up_to=None, packages_up_to_regex=None, parallel_workers=16, paths=None, symlink_install=False, test_result_base=None, verb_extension=<colcon_core.verb.build.BuildVerb object at 0x7fe3616f6370>, verb_name='build', verb_parser=<colcon_defaults.argument_parser.defaults.DefaultArgumentsDecorator object at 0x7fe3616f6850>)
[0.238s] Level 1:colcon.colcon_core.package_discovery:discover_packages(colcon_meta) check parameters
[0.238s] Level 1:colcon.colcon_core.package_discovery:discover_packages(recursive) check parameters
[0.239s] Level 1:colcon.colcon_core.package_discovery:discover_packages(ignore) check parameters
[0.239s] Level 1:colcon.colcon_core.package_discovery:discover_packages(path) check parameters
[0.239s] Level 1:colcon.colcon_core.package_discovery:discover_packages(colcon_meta) discover
[0.239s] Level 1:colcon.colcon_core.package_discovery:discover_packages(recursive) discover
[0.239s] INFO:colcon.colcon_core.package_discovery:Crawling recursively for packages in '/home/avinaash/ForkLift_AMR'
[0.239s] Level 1:colcon.colcon_core.package_identification:_identify(.) by extensions ['ignore', 'ignore_ament_install']
[0.239s] Level 1:colcon.colcon_core.package_identification:_identify(.) by extension 'ignore'
[0.239s] Level 1:colcon.colcon_core.package_identification:_identify(.) by extension 'ignore_ament_install'
[0.239s] Level 1:colcon.colcon_core.package_identification:_identify(.) by extensions ['colcon_pkg']
[0.239s] Level 1:colcon.colcon_core.package_identification:_identify(.) by extension 'colcon_pkg'
[0.239s] Level 1:colcon.colcon_core.package_identification:_identify(.) by extensions ['colcon_meta']
[0.239s] Level 1:colcon.colcon_core.package_identification:_identify(.) by extension 'colcon_meta'
[0.239s] Level 1:colcon.colcon_core.package_identification:_identify(.) by extensions ['ros']
[0.239s] Level 1:colcon.colcon_core.package_identification:_identify(.) by extension 'ros'
[0.246s] Level 1:colcon.colcon_core.package_identification:_identify(.) by extensions ['cmake', 'python']
[0.246s] Level 1:colcon.colcon_core.package_identification:_identify(.) by extension 'cmake'
[0.246s] Level 1:colcon.colcon_core.package_identification:_identify(.) by extension 'python'
[0.246s] Level 1:colcon.colcon_core.package_identification:_identify(.) by extensions ['python_setup_py']
[0.246s] Level 1:colcon.colcon_core.package_identification:_identify(.) by extension 'python_setup_py'
[0.246s] Level 1:colcon.colcon_core.package_identification:_identify(build) by extensions ['ignore', 'ignore_ament_install']
[0.246s] Level 1:colcon.colcon_core.package_identification:_identify(build) by extension 'ignore'
[0.246s] Level 1:colcon.colcon_core.package_identification:_identify(build) ignored
[0.246s] Level 1:colcon.colcon_core.package_identification:_identify(install) by extensions ['ignore', 'ignore_ament_install']
[0.247s] Level 1:colcon.colcon_core.package_identification:_identify(install) by extension 'ignore'
[0.247s] Level 1:colcon.colcon_core.package_identification:_identify(install) ignored
[0.247s] Level 1:colcon.colcon_core.package_identification:_identify(log) by extensions ['ignore', 'ignore_ament_install']
[0.247s] Level 1:colcon.colcon_core.package_identification:_identify(log) by extension 'ignore'
[0.247s] Level 1:colcon.colcon_core.package_identification:_identify(log) ignored
[0.247s] Level 1:colcon.colcon_core.package_identification:_identify(map) by extensions ['ignore', 'ignore_ament_install']
[0.247s] Level 1:colcon.colcon_core.package_identification:_identify(map) by extension 'ignore'
[0.247s] Level 1:colcon.colcon_core.package_identification:_identify(map) by extension 'ignore_ament_install'
[0.247s] Level 1:colcon.colcon_core.package_identification:_identify(map) by extensions ['colcon_pkg']
[0.247s] Level 1:colcon.colcon_core.package_identification:_identify(map) by extension 'colcon_pkg'
[0.247s] Level 1:colcon.colcon_core.package_identification:_identify(map) by extensions ['colcon_meta']
[0.247s] Level 1:colcon.colcon_core.package_identification:_identify(map) by extension 'colcon_meta'
[0.247s] Level 1:colcon.colcon_core.package_identification:_identify(map) by extensions ['ros']
[0.247s] Level 1:colcon.colcon_core.package_identification:_identify(map) by extension 'ros'
[0.247s] Level 1:colcon.colcon_core.package_identification:_identify(map) by extensions ['cmake', 'python']
[0.247s] Level 1:colcon.colcon_core.package_identification:_identify(map) by extension 'cmake'
[0.247s] Level 1:colcon.colcon_core.package_identification:_identify(map) by extension 'python'
[0.248s] Level 1:colcon.colcon_core.package_identification:_identify(map) by extensions ['python_setup_py']
[0.248s] Level 1:colcon.colcon_core.package_identification:_identify(map) by extension 'python_setup_py'
[0.248s] Level 1:colcon.colcon_core.package_identification:_identify(rviz) by extensions ['ignore', 'ignore_ament_install']
[0.248s] Level 1:colcon.colcon_core.package_identification:_identify(rviz) by extension 'ignore'
[0.248s] Level 1:colcon.colcon_core.package_identification:_identify(rviz) by extension 'ignore_ament_install'
[0.248s] Level 1:colcon.colcon_core.package_identification:_identify(rviz) by extensions ['colcon_pkg']
[0.248s] Level 1:colcon.colcon_core.package_identification:_identify(rviz) by extension 'colcon_pkg'
[0.248s] Level 1:colcon.colcon_core.package_identification:_identify(rviz) by extensions ['colcon_meta']
[0.248s] Level 1:colcon.colcon_core.package_identification:_identify(rviz) by extension 'colcon_meta'
[0.248s] Level 1:colcon.colcon_core.package_identification:_identify(rviz) by extensions ['ros']
[0.248s] Level 1:colcon.colcon_core.package_identification:_identify(rviz) by extension 'ros'
[0.248s] Level 1:colcon.colcon_core.package_identification:_identify(rviz) by extensions ['cmake', 'python']
[0.248s] Level 1:colcon.colcon_core.package_identification:_identify(rviz) by extension 'cmake'
[0.248s] Level 1:colcon.colcon_core.package_identification:_identify(rviz) by extension 'python'
[0.248s] Level 1:colcon.colcon_core.package_identification:_identify(rviz) by extensions ['python_setup_py']
[0.248s] Level 1:colcon.colcon_core.package_identification:_identify(rviz) by extension 'python_setup_py'
[0.248s] Level 1:colcon.colcon_core.package_identification:_identify(src) by extensions ['ignore', 'ignore_ament_install']
[0.248s] Level 1:colcon.colcon_core.package_identification:_identify(src) by extension 'ignore'
[0.248s] Level 1:colcon.colcon_core.package_identification:_identify(src) by extension 'ignore_ament_install'
[0.248s] Level 1:colcon.colcon_core.package_identification:_identify(src) by extensions ['colcon_pkg']
[0.248s] Level 1:colcon.colcon_core.package_identification:_identify(src) by extension 'colcon_pkg'
[0.248s] Level 1:colcon.colcon_core.package_identification:_identify(src) by extensions ['colcon_meta']
[0.248s] Level 1:colcon.colcon_core.package_identification:_identify(src) by extension 'colcon_meta'
[0.248s] Level 1:colcon.colcon_core.package_identification:_identify(src) by extensions ['ros']
[0.248s] Level 1:colcon.colcon_core.package_identification:_identify(src) by extension 'ros'
[0.248s] Level 1:colcon.colcon_core.package_identification:_identify(src) by extensions ['cmake', 'python']
[0.248s] Level 1:colcon.colcon_core.package_identification:_identify(src) by extension 'cmake'
[0.248s] Level 1:colcon.colcon_core.package_identification:_identify(src) by extension 'python'
[0.248s] Level 1:colcon.colcon_core.package_identification:_identify(src) by extensions ['python_setup_py']
[0.248s] Level 1:colcon.colcon_core.package_identification:_identify(src) by extension 'python_setup_py'
[0.248s] Level 1:colcon.colcon_core.package_identification:_identify(src/doozy_forklift) by extensions ['ignore', 'ignore_ament_install']
[0.249s] Level 1:colcon.colcon_core.package_identification:_identify(src/doozy_forklift) by extension 'ignore'
[0.249s] Level 1:colcon.colcon_core.package_identification:_identify(src/doozy_forklift) by extension 'ignore_ament_install'
[0.249s] Level 1:colcon.colcon_core.package_identification:_identify(src/doozy_forklift) by extensions ['colcon_pkg']
[0.249s] Level 1:colcon.colcon_core.package_identification:_identify(src/doozy_forklift) by extension 'colcon_pkg'
[0.249s] Level 1:colcon.colcon_core.package_identification:_identify(src/doozy_forklift) by extensions ['colcon_meta']
[0.249s] Level 1:colcon.colcon_core.package_identification:_identify(src/doozy_forklift) by extension 'colcon_meta'
[0.249s] Level 1:colcon.colcon_core.package_identification:_identify(src/doozy_forklift) by extensions ['ros']
[0.249s] Level 1:colcon.colcon_core.package_identification:_identify(src/doozy_forklift) by extension 'ros'
[0.250s] DEBUG:colcon.colcon_core.package_identification:Package 'src/doozy_forklift' with type 'ros.ament_python' and name 'doozy_forklift'
[0.250s] Level 1:colcon.colcon_core.package_identification:_identify(src/executive_smach) by extensions ['ignore', 'ignore_ament_install']
[0.251s] Level 1:colcon.colcon_core.package_identification:_identify(src/executive_smach) by extension 'ignore'
[0.251s] Level 1:colcon.colcon_core.package_identification:_identify(src/executive_smach) by extension 'ignore_ament_install'
[0.251s] Level 1:colcon.colcon_core.package_identification:_identify(src/executive_smach) by extensions ['colcon_pkg']
[0.251s] Level 1:colcon.colcon_core.package_identification:_identify(src/executive_smach) by extension 'colcon_pkg'
[0.251s] Level 1:colcon.colcon_core.package_identification:_identify(src/executive_smach) by extensions ['colcon_meta']
[0.251s] Level 1:colcon.colcon_core.package_identification:_identify(src/executive_smach) by extension 'colcon_meta'
[0.251s] Level 1:colcon.colcon_core.package_identification:_identify(src/executive_smach) by extensions ['ros']
[0.251s] Level 1:colcon.colcon_core.package_identification:_identify(src/executive_smach) by extension 'ros'
[0.251s] Level 1:colcon.colcon_core.package_identification:_identify(src/executive_smach) by extensions ['cmake', 'python']
[0.251s] Level 1:colcon.colcon_core.package_identification:_identify(src/executive_smach) by extension 'cmake'
[0.251s] Level 1:colcon.colcon_core.package_identification:_identify(src/executive_smach) by extension 'python'
[0.251s] Level 1:colcon.colcon_core.package_identification:_identify(src/executive_smach) by extensions ['python_setup_py']
[0.251s] Level 1:colcon.colcon_core.package_identification:_identify(src/executive_smach) by extension 'python_setup_py'
[0.251s] Level 1:colcon.colcon_core.package_identification:_identify(src/executive_smach/executive_smach) by extensions ['ignore', 'ignore_ament_install']
[0.251s] Level 1:colcon.colcon_core.package_identification:_identify(src/executive_smach/executive_smach) by extension 'ignore'
[0.251s] Level 1:colcon.colcon_core.package_identification:_identify(src/executive_smach/executive_smach) by extension 'ignore_ament_install'
[0.251s] Level 1:colcon.colcon_core.package_identification:_identify(src/executive_smach/executive_smach) by extensions ['colcon_pkg']
[0.251s] Level 1:colcon.colcon_core.package_identification:_identify(src/executive_smach/executive_smach) by extension 'colcon_pkg'
[0.251s] Level 1:colcon.colcon_core.package_identification:_identify(src/executive_smach/executive_smach) by extensions ['colcon_meta']
[0.251s] Level 1:colcon.colcon_core.package_identification:_identify(src/executive_smach/executive_smach) by extension 'colcon_meta'
[0.251s] Level 1:colcon.colcon_core.package_identification:_identify(src/executive_smach/executive_smach) by extensions ['ros']
[0.251s] Level 1:colcon.colcon_core.package_identification:_identify(src/executive_smach/executive_smach) by extension 'ros'
[0.252s] DEBUG:colcon.colcon_core.package_identification:Package 'src/executive_smach/executive_smach' with type 'ros.ament_cmake' and name 'executive_smach'
[0.252s] Level 1:colcon.colcon_core.package_identification:_identify(src/executive_smach/smach) by extensions ['ignore', 'ignore_ament_install']
[0.252s] Level 1:colcon.colcon_core.package_identification:_identify(src/executive_smach/smach) by extension 'ignore'
[0.252s] Level 1:colcon.colcon_core.package_identification:_identify(src/executive_smach/smach) by extension 'ignore_ament_install'
[0.252s] Level 1:colcon.colcon_core.package_identification:_identify(src/executive_smach/smach) by extensions ['colcon_pkg']
[0.252s] Level 1:colcon.colcon_core.package_identification:_identify(src/executive_smach/smach) by extension 'colcon_pkg'
[0.252s] Level 1:colcon.colcon_core.package_identification:_identify(src/executive_smach/smach) by extensions ['colcon_meta']
[0.252s] Level 1:colcon.colcon_core.package_identification:_identify(src/executive_smach/smach) by extension 'colcon_meta'
[0.252s] Level 1:colcon.colcon_core.package_identification:_identify(src/executive_smach/smach) by extensions ['ros']
[0.252s] Level 1:colcon.colcon_core.package_identification:_identify(src/executive_smach/smach) by extension 'ros'
[0.252s] DEBUG:colcon.colcon_core.package_identification:Package 'src/executive_smach/smach' with type 'ros.ament_python' and name 'smach'
[0.252s] Level 1:colcon.colcon_core.package_identification:_identify(src/executive_smach/smach_msgs) by extensions ['ignore', 'ignore_ament_install']
[0.252s] Level 1:colcon.colcon_core.package_identification:_identify(src/executive_smach/smach_msgs) by extension 'ignore'
[0.252s] Level 1:colcon.colcon_core.package_identification:_identify(src/executive_smach/smach_msgs) by extension 'ignore_ament_install'
[0.252s] Level 1:colcon.colcon_core.package_identification:_identify(src/executive_smach/smach_msgs) by extensions ['colcon_pkg']
[0.252s] Level 1:colcon.colcon_core.package_identification:_identify(src/executive_smach/smach_msgs) by extension 'colcon_pkg'
[0.252s] Level 1:colcon.colcon_core.package_identification:_identify(src/executive_smach/smach_msgs) by extensions ['colcon_meta']
[0.252s] Level 1:colcon.colcon_core.package_identification:_identify(src/executive_smach/smach_msgs) by extension 'colcon_meta'
[0.252s] Level 1:colcon.colcon_core.package_identification:_identify(src/executive_smach/smach_msgs) by extensions ['ros']
[0.252s] Level 1:colcon.colcon_core.package_identification:_identify(src/executive_smach/smach_msgs) by extension 'ros'
[0.253s] DEBUG:colcon.colcon_core.package_identification:Package 'src/executive_smach/smach_msgs' with type 'ros.ament_cmake' and name 'smach_msgs'
[0.253s] Level 1:colcon.colcon_core.package_identification:_identify(src/executive_smach/smach_ros) by extensions ['ignore', 'ignore_ament_install']
[0.253s] Level 1:colcon.colcon_core.package_identification:_identify(src/executive_smach/smach_ros) by extension 'ignore'
[0.253s] Level 1:colcon.colcon_core.package_identification:_identify(src/executive_smach/smach_ros) by extension 'ignore_ament_install'
[0.253s] Level 1:colcon.colcon_core.package_identification:_identify(src/executive_smach/smach_ros) by extensions ['colcon_pkg']
[0.253s] Level 1:colcon.colcon_core.package_identification:_identify(src/executive_smach/smach_ros) by extension 'colcon_pkg'
[0.253s] Level 1:colcon.colcon_core.package_identification:_identify(src/executive_smach/smach_ros) by extensions ['colcon_meta']
[0.253s] Level 1:colcon.colcon_core.package_identification:_identify(src/executive_smach/smach_ros) by extension 'colcon_meta'
[0.253s] Level 1:colcon.colcon_core.package_identification:_identify(src/executive_smach/smach_ros) by extensions ['ros']
[0.253s] Level 1:colcon.colcon_core.package_identification:_identify(src/executive_smach/smach_ros) by extension 'ros'
[0.254s] DEBUG:colcon.colcon_core.package_identification:Package 'src/executive_smach/smach_ros' with type 'ros.ament_python' and name 'smach_ros'
[0.254s] Level 1:colcon.colcon_core.package_identification:_identify(src/test_scripts) by extensions ['ignore', 'ignore_ament_install']
[0.254s] Level 1:colcon.colcon_core.package_identification:_identify(src/test_scripts) by extension 'ignore'
[0.254s] Level 1:colcon.colcon_core.package_identification:_identify(src/test_scripts) by extension 'ignore_ament_install'
[0.254s] Level 1:colcon.colcon_core.package_identification:_identify(src/test_scripts) by extensions ['colcon_pkg']
[0.254s] Level 1:colcon.colcon_core.package_identification:_identify(src/test_scripts) by extension 'colcon_pkg'
[0.254s] Level 1:colcon.colcon_core.package_identification:_identify(src/test_scripts) by extensions ['colcon_meta']
[0.254s] Level 1:colcon.colcon_core.package_identification:_identify(src/test_scripts) by extension 'colcon_meta'
[0.254s] Level 1:colcon.colcon_core.package_identification:_identify(src/test_scripts) by extensions ['ros']
[0.254s] Level 1:colcon.colcon_core.package_identification:_identify(src/test_scripts) by extension 'ros'
[0.254s] Level 1:colcon.colcon_core.package_identification:_identify(src/test_scripts) by extensions ['cmake', 'python']
[0.254s] Level 1:colcon.colcon_core.package_identification:_identify(src/test_scripts) by extension 'cmake'
[0.254s] Level 1:colcon.colcon_core.package_identification:_identify(src/test_scripts) by extension 'python'
[0.254s] Level 1:colcon.colcon_core.package_identification:_identify(src/test_scripts) by extensions ['python_setup_py']
[0.254s] Level 1:colcon.colcon_core.package_identification:_identify(src/test_scripts) by extension 'python_setup_py'
[0.254s] Level 1:colcon.colcon_core.package_identification:_identify(world) by extensions ['ignore', 'ignore_ament_install']
[0.254s] Level 1:colcon.colcon_core.package_identification:_identify(world) by extension 'ignore'
[0.254s] Level 1:colcon.colcon_core.package_identification:_identify(world) by extension 'ignore_ament_install'
[0.254s] Level 1:colcon.colcon_core.package_identification:_identify(world) by extensions ['colcon_pkg']
[0.254s] Level 1:colcon.colcon_core.package_identification:_identify(world) by extension 'colcon_pkg'
[0.254s] Level 1:colcon.colcon_core.package_identification:_identify(world) by extensions ['colcon_meta']
[0.254s] Level 1:colcon.colcon_core.package_identification:_identify(world) by extension 'colcon_meta'
[0.254s] Level 1:colcon.colcon_core.package_identification:_identify(world) by extensions ['ros']
[0.254s] Level 1:colcon.colcon_core.package_identification:_identify(world) by extension 'ros'
[0.255s] Level 1:colcon.colcon_core.package_identification:_identify(world) by extensions ['cmake', 'python']
[0.255s] Level 1:colcon.colcon_core.package_identification:_identify(world) by extension 'cmake'
[0.255s] Level 1:colcon.colcon_core.package_identification:_identify(world) by extension 'python'
[0.255s] Level 1:colcon.colcon_core.package_identification:_identify(world) by extensions ['python_setup_py']
[0.255s] Level 1:colcon.colcon_core.package_identification:_identify(world) by extension 'python_setup_py'
[0.255s] Level 1:colcon.colcon_core.package_discovery:discover_packages(recursive) using defaults
[0.255s] Level 1:colcon.colcon_core.package_discovery:discover_packages(ignore) discover
[0.255s] Level 1:colcon.colcon_core.package_discovery:discover_packages(ignore) using defaults
[0.255s] Level 1:colcon.colcon_core.package_discovery:discover_packages(path) discover
[0.255s] Level 1:colcon.colcon_core.package_discovery:discover_packages(path) using defaults
[0.267s] Level 1:colcon.colcon_core.package_discovery:discover_packages(prefix_path) check parameters
[0.267s] Level 1:colcon.colcon_core.package_discovery:discover_packages(prefix_path) discover
[0.268s] DEBUG:colcon.colcon_installed_package_information.package_discovery:Found 4 installed packages in /home/avinaash/ForkLift_AMR/install
[0.269s] DEBUG:colcon.colcon_installed_package_information.package_discovery:Found 392 installed packages in /opt/ros/galactic
[0.271s] Level 1:colcon.colcon_core.package_discovery:discover_packages(prefix_path) using defaults
[0.337s] Level 5:colcon.colcon_core.verb:set package 'doozy_forklift' build argument 'cmake_args' from command line to 'None'
[0.337s] Level 5:colcon.colcon_core.verb:set package 'doozy_forklift' build argument 'cmake_target' from command line to 'None'
[0.337s] Level 5:colcon.colcon_core.verb:set package 'doozy_forklift' build argument 'cmake_target_skip_unavailable' from command line to 'False'
[0.337s] Level 5:colcon.colcon_core.verb:set package 'doozy_forklift' build argument 'cmake_clean_cache' from command line to 'False'
[0.337s] Level 5:colcon.colcon_core.verb:set package 'doozy_forklift' build argument 'cmake_clean_first' from command line to 'False'
[0.337s] Level 5:colcon.colcon_core.verb:set package 'doozy_forklift' build argument 'cmake_force_configure' from command line to 'False'
[0.337s] Level 5:colcon.colcon_core.verb:set package 'doozy_forklift' build argument 'ament_cmake_args' from command line to 'None'
[0.337s] Level 5:colcon.colcon_core.verb:set package 'doozy_forklift' build argument 'catkin_cmake_args' from command line to 'None'
[0.337s] Level 5:colcon.colcon_core.verb:set package 'doozy_forklift' build argument 'catkin_skip_building_tests' from command line to 'False'
[0.337s] DEBUG:colcon.colcon_core.verb:Building package 'doozy_forklift' with the following arguments: {'ament_cmake_args': None, 'build_base': '/home/avinaash/ForkLift_AMR/build/doozy_forklift', 'catkin_cmake_args': None, 'catkin_skip_building_tests': False, 'cmake_args': None, 'cmake_clean_cache': False, 'cmake_clean_first': False, 'cmake_force_configure': False, 'cmake_target': None, 'cmake_target_skip_unavailable': False, 'install_base': '/home/avinaash/ForkLift_AMR/install/doozy_forklift', 'merge_install': False, 'path': '/home/avinaash/ForkLift_AMR/src/doozy_forklift', 'symlink_install': False, 'test_result_base': None}
[0.337s] Level 5:colcon.colcon_core.verb:set package 'smach' build argument 'cmake_args' from command line to 'None'
[0.337s] Level 5:colcon.colcon_core.verb:set package 'smach' build argument 'cmake_target' from command line to 'None'
[0.337s] Level 5:colcon.colcon_core.verb:set package 'smach' build argument 'cmake_target_skip_unavailable' from command line to 'False'
[0.337s] Level 5:colcon.colcon_core.verb:set package 'smach' build argument 'cmake_clean_cache' from command line to 'False'
[0.337s] Level 5:colcon.colcon_core.verb:set package 'smach' build argument 'cmake_clean_first' from command line to 'False'
[0.337s] Level 5:colcon.colcon_core.verb:set package 'smach' build argument 'cmake_force_configure' from command line to 'False'
[0.337s] Level 5:colcon.colcon_core.verb:set package 'smach' build argument 'ament_cmake_args' from command line to 'None'
[0.337s] Level 5:colcon.colcon_core.verb:set package 'smach' build argument 'catkin_cmake_args' from command line to 'None'
[0.337s] Level 5:colcon.colcon_core.verb:set package 'smach' build argument 'catkin_skip_building_tests' from command line to 'False'
[0.337s] DEBUG:colcon.colcon_core.verb:Building package 'smach' with the following arguments: {'ament_cmake_args': None, 'build_base': '/home/avinaash/ForkLift_AMR/build/smach', 'catkin_cmake_args': None, 'catkin_skip_building_tests': False, 'cmake_args': None, 'cmake_clean_cache': False, 'cmake_clean_first': False, 'cmake_force_configure': False, 'cmake_target': None, 'cmake_target_skip_unavailable': False, 'install_base': '/home/avinaash/ForkLift_AMR/install/smach', 'merge_install': False, 'path': '/home/avinaash/ForkLift_AMR/src/executive_smach/smach', 'symlink_install': False, 'test_result_base': None}
[0.337s] Level 5:colcon.colcon_core.verb:set package 'smach_msgs' build argument 'cmake_args' from command line to 'None'
[0.337s] Level 5:colcon.colcon_core.verb:set package 'smach_msgs' build argument 'cmake_target' from command line to 'None'
[0.337s] Level 5:colcon.colcon_core.verb:set package 'smach_msgs' build argument 'cmake_target_skip_unavailable' from command line to 'False'
[0.338s] Level 5:colcon.colcon_core.verb:set package 'smach_msgs' build argument 'cmake_clean_cache' from command line to 'False'
[0.338s] Level 5:colcon.colcon_core.verb:set package 'smach_msgs' build argument 'cmake_clean_first' from command line to 'False'
[0.338s] Level 5:colcon.colcon_core.verb:set package 'smach_msgs' build argument 'cmake_force_configure' from command line to 'False'
[0.338s] Level 5:colcon.colcon_core.verb:set package 'smach_msgs' build argument 'ament_cmake_args' from command line to 'None'
[0.338s] Level 5:colcon.colcon_core.verb:set package 'smach_msgs' build argument 'catkin_cmake_args' from command line to 'None'
[0.338s] Level 5:colcon.colcon_core.verb:set package 'smach_msgs' build argument 'catkin_skip_building_tests' from command line to 'False'
[0.338s] DEBUG:colcon.colcon_core.verb:Building package 'smach_msgs' with the following arguments: {'ament_cmake_args': None, 'build_base': '/home/avinaash/ForkLift_AMR/build/smach_msgs', 'catkin_cmake_args': None, 'catkin_skip_building_tests': False, 'cmake_args': None, 'cmake_clean_cache': False, 'cmake_clean_first': False, 'cmake_force_configure': False, 'cmake_target': None, 'cmake_target_skip_unavailable': False, 'install_base': '/home/avinaash/ForkLift_AMR/install/smach_msgs', 'merge_install': False, 'path': '/home/avinaash/ForkLift_AMR/src/executive_smach/smach_msgs', 'symlink_install': False, 'test_result_base': None}
[0.338s] Level 5:colcon.colcon_core.verb:set package 'smach_ros' build argument 'cmake_args' from command line to 'None'
[0.338s] Level 5:colcon.colcon_core.verb:set package 'smach_ros' build argument 'cmake_target' from command line to 'None'
[0.338s] Level 5:colcon.colcon_core.verb:set package 'smach_ros' build argument 'cmake_target_skip_unavailable' from command line to 'False'
[0.338s] Level 5:colcon.colcon_core.verb:set package 'smach_ros' build argument 'cmake_clean_cache' from command line to 'False'
[0.338s] Level 5:colcon.colcon_core.verb:set package 'smach_ros' build argument 'cmake_clean_first' from command line to 'False'
[0.338s] Level 5:colcon.colcon_core.verb:set package 'smach_ros' build argument 'cmake_force_configure' from command line to 'False'
[0.338s] Level 5:colcon.colcon_core.verb:set package 'smach_ros' build argument 'ament_cmake_args' from command line to 'None'
[0.338s] Level 5:colcon.colcon_core.verb:set package 'smach_ros' build argument 'catkin_cmake_args' from command line to 'None'
[0.338s] Level 5:colcon.colcon_core.verb:set package 'smach_ros' build argument 'catkin_skip_building_tests' from command line to 'False'
[0.338s] DEBUG:colcon.colcon_core.verb:Building package 'smach_ros' with the following arguments: {'ament_cmake_args': None, 'build_base': '/home/avinaash/ForkLift_AMR/build/smach_ros', 'catkin_cmake_args': None, 'catkin_skip_building_tests': False, 'cmake_args': None, 'cmake_clean_cache': False, 'cmake_clean_first': False, 'cmake_force_configure': False, 'cmake_target': None, 'cmake_target_skip_unavailable': False, 'install_base': '/home/avinaash/ForkLift_AMR/install/smach_ros', 'merge_install': False, 'path': '/home/avinaash/ForkLift_AMR/src/executive_smach/smach_ros', 'symlink_install': False, 'test_result_base': None}
[0.338s] Level 5:colcon.colcon_core.verb:set package 'executive_smach' build argument 'cmake_args' from command line to 'None'
[0.338s] Level 5:colcon.colcon_core.verb:set package 'executive_smach' build argument 'cmake_target' from command line to 'None'
[0.338s] Level 5:colcon.colcon_core.verb:set package 'executive_smach' build argument 'cmake_target_skip_unavailable' from command line to 'False'
[0.338s] Level 5:colcon.colcon_core.verb:set package 'executive_smach' build argument 'cmake_clean_cache' from command line to 'False'
[0.338s] Level 5:colcon.colcon_core.verb:set package 'executive_smach' build argument 'cmake_clean_first' from command line to 'False'
[0.338s] Level 5:colcon.colcon_core.verb:set package 'executive_smach' build argument 'cmake_force_configure' from command line to 'False'
[0.338s] Level 5:colcon.colcon_core.verb:set package 'executive_smach' build argument 'ament_cmake_args' from command line to 'None'
[0.338s] Level 5:colcon.colcon_core.verb:set package 'executive_smach' build argument 'catkin_cmake_args' from command line to 'None'
[0.338s] Level 5:colcon.colcon_core.verb:set package 'executive_smach' build argument 'catkin_skip_building_tests' from command line to 'False'
[0.338s] DEBUG:colcon.colcon_core.verb:Building package 'executive_smach' with the following arguments: {'ament_cmake_args': None, 'build_base': '/home/avinaash/ForkLift_AMR/build/executive_smach', 'catkin_cmake_args': None, 'catkin_skip_building_tests': False, 'cmake_args': None, 'cmake_clean_cache': False, 'cmake_clean_first': False, 'cmake_force_configure': False, 'cmake_target': None, 'cmake_target_skip_unavailable': False, 'install_base': '/home/avinaash/ForkLift_AMR/install/executive_smach', 'merge_install': False, 'path': '/home/avinaash/ForkLift_AMR/src/executive_smach/executive_smach', 'symlink_install': False, 'test_result_base': None}
[0.338s] INFO:colcon.colcon_core.executor:Executing jobs using 'parallel' executor
[0.339s] DEBUG:colcon.colcon_parallel_executor.executor.parallel:run_until_complete
[0.339s] INFO:colcon.colcon_ros.task.ament_python.build:Building ROS package in '/home/avinaash/ForkLift_AMR/src/executive_smach/smach' with build type 'ament_python'
[0.340s] Level 1:colcon.colcon_core.shell:create_environment_hook('smach', 'ament_prefix_path')
[0.341s] INFO:colcon.colcon_core.plugin_system:Skipping extension 'colcon_core.shell.bat': Not used on non-Windows systems
[0.341s] INFO:colcon.colcon_core.shell:Creating environment hook '/home/avinaash/ForkLift_AMR/install/smach/share/smach/hook/ament_prefix_path.ps1'
[0.342s] INFO:colcon.colcon_core.shell:Creating environment descriptor '/home/avinaash/ForkLift_AMR/install/smach/share/smach/hook/ament_prefix_path.dsv'
[0.342s] INFO:colcon.colcon_core.shell:Creating environment hook '/home/avinaash/ForkLift_AMR/install/smach/share/smach/hook/ament_prefix_path.sh'
[0.342s] INFO:colcon.colcon_core.shell:Skip shell extension 'powershell' for command environment: Not usable outside of PowerShell
[0.342s] DEBUG:colcon.colcon_core.shell:Skip shell extension 'dsv' for command environment
[0.346s] INFO:colcon.colcon_ros.task.ament_cmake.build:Building ROS package in '/home/avinaash/ForkLift_AMR/src/executive_smach/smach_msgs' with build type 'ament_cmake'
[0.346s] INFO:colcon.colcon_cmake.task.cmake.build:Building CMake package in '/home/avinaash/ForkLift_AMR/src/executive_smach/smach_msgs'
[0.346s] INFO:colcon.colcon_core.shell:Skip shell extension 'powershell' for command environment: Not usable outside of PowerShell
[0.346s] DEBUG:colcon.colcon_core.shell:Skip shell extension 'dsv' for command environment
[0.350s] INFO:colcon.colcon_ros.task.ament_python.build:Building ROS package in '/home/avinaash/ForkLift_AMR/src/doozy_forklift' with build type 'ament_python'
[0.350s] Level 1:colcon.colcon_core.shell:create_environment_hook('doozy_forklift', 'ament_prefix_path')
[0.351s] INFO:colcon.colcon_core.shell:Creating environment hook '/home/avinaash/ForkLift_AMR/install/doozy_forklift/share/doozy_forklift/hook/ament_prefix_path.ps1'
[0.351s] INFO:colcon.colcon_core.shell:Creating environment descriptor '/home/avinaash/ForkLift_AMR/install/doozy_forklift/share/doozy_forklift/hook/ament_prefix_path.dsv'
[0.351s] INFO:colcon.colcon_core.shell:Creating environment hook '/home/avinaash/ForkLift_AMR/install/doozy_forklift/share/doozy_forklift/hook/ament_prefix_path.sh'
[0.352s] INFO:colcon.colcon_core.shell:Skip shell extension 'powershell' for command environment: Not usable outside of PowerShell
[0.352s] DEBUG:colcon.colcon_core.shell:Skip shell extension 'dsv' for command environment
[0.519s] INFO:colcon.colcon_core.task.python.build:Building Python package in '/home/avinaash/ForkLift_AMR/src/executive_smach/smach'
[0.520s] INFO:colcon.colcon_core.shell:Skip shell extension 'powershell' for command environment: Not usable outside of PowerShell
[0.520s] DEBUG:colcon.colcon_core.shell:Skip shell extension 'dsv' for command environment
[0.531s] DEBUG:colcon.colcon_core.event_handler.log_command:Invoking command in '/home/avinaash/ForkLift_AMR/build/smach_msgs': CMAKE_PREFIX_PATH=${CMAKE_PREFIX_PATH}:/home/avinaash/ForkLift_AMR/install/doozy_forklift:/opt/ros/galactic /usr/bin/cmake /home/avinaash/ForkLift_AMR/src/executive_smach/smach_msgs -DCMAKE_INSTALL_PREFIX=/home/avinaash/ForkLift_AMR/install/smach_msgs
[0.692s] INFO:colcon.colcon_core.task.python.build:Building Python package in '/home/avinaash/ForkLift_AMR/src/doozy_forklift'
[0.693s] INFO:colcon.colcon_core.shell:Skip shell extension 'powershell' for command environment: Not usable outside of PowerShell
[0.693s] DEBUG:colcon.colcon_core.shell:Skip shell extension 'dsv' for command environment
[0.705s] DEBUG:colcon.colcon_core.event_handler.log_command:Invoked command in '/home/avinaash/ForkLift_AMR/build/smach_msgs' returned '1': CMAKE_PREFIX_PATH=${CMAKE_PREFIX_PATH}:/home/avinaash/ForkLift_AMR/install/doozy_forklift:/opt/ros/galactic /usr/bin/cmake /home/avinaash/ForkLift_AMR/src/executive_smach/smach_msgs -DCMAKE_INSTALL_PREFIX=/home/avinaash/ForkLift_AMR/install/smach_msgs
[0.714s] Level 1:colcon.colcon_core.environment:create_environment_scripts_only(smach_msgs)
[0.718s] Level 1:colcon.colcon_core.environment:checking '/home/avinaash/ForkLift_AMR/install/smach_msgs' for CMake module files
[0.718s] Level 1:colcon.colcon_core.environment:checking '/home/avinaash/ForkLift_AMR/install/smach_msgs' for CMake config files
[0.719s] Level 1:colcon.colcon_core.environment:checking '/home/avinaash/ForkLift_AMR/install/smach_msgs/bin'
[0.719s] Level 1:colcon.colcon_core.environment:checking '/home/avinaash/ForkLift_AMR/install/smach_msgs/lib/pkgconfig/smach_msgs.pc'
[0.719s] Level 1:colcon.colcon_core.environment:checking '/home/avinaash/ForkLift_AMR/install/smach_msgs/lib/python3.8/site-packages'
[0.719s] Level 1:colcon.colcon_core.environment:checking '/home/avinaash/ForkLift_AMR/install/smach_msgs/bin'
[0.720s] INFO:colcon.colcon_core.shell:Creating package script '/home/avinaash/ForkLift_AMR/install/smach_msgs/share/smach_msgs/package.ps1'
[0.721s] INFO:colcon.colcon_core.shell:Creating package descriptor '/home/avinaash/ForkLift_AMR/install/smach_msgs/share/smach_msgs/package.dsv'
[0.721s] INFO:colcon.colcon_core.shell:Creating package script '/home/avinaash/ForkLift_AMR/install/smach_msgs/share/smach_msgs/package.sh'
[0.722s] INFO:colcon.colcon_core.shell:Creating package script '/home/avinaash/ForkLift_AMR/install/smach_msgs/share/smach_msgs/package.bash'
[0.723s] INFO:colcon.colcon_core.shell:Creating package script '/home/avinaash/ForkLift_AMR/install/smach_msgs/share/smach_msgs/package.zsh'
[0.724s] Level 1:colcon.colcon_core.environment:create_file_with_runtime_dependencies(/home/avinaash/ForkLift_AMR/install/smach_msgs/share/colcon-core/packages/smach_msgs)
[1.086s] DEBUG:colcon.colcon_parallel_executor.executor.parallel:closing loop
[1.086s] DEBUG:colcon.colcon_parallel_executor.executor.parallel:loop closed
[1.086s] DEBUG:colcon.colcon_parallel_executor.executor.parallel:run_until_complete finished with '1'
[1.086s] DEBUG:colcon.colcon_core.event_reactor:joining thread
[1.095s] INFO:colcon.colcon_core.plugin_system:Skipping extension 'colcon_notification.desktop_notification.terminal_notifier': Not used on non-Darwin systems
[1.095s] INFO:colcon.colcon_core.plugin_system:Skipping extension 'colcon_notification.desktop_notification.win32': Not used on non-Windows systems
[1.096s] INFO:colcon.colcon_notification.desktop_notification:Sending desktop notification using 'notify2'
[1.111s] DEBUG:colcon.colcon_core.event_reactor:joined thread
[1.112s] INFO:colcon.colcon_core.shell:Creating prefix script '/home/avinaash/ForkLift_AMR/install/local_setup.ps1'
[1.113s] INFO:colcon.colcon_core.shell:Creating prefix util module '/home/avinaash/ForkLift_AMR/install/_local_setup_util_ps1.py'
[1.115s] INFO:colcon.colcon_core.shell:Creating prefix chain script '/home/avinaash/ForkLift_AMR/install/setup.ps1'
[1.116s] INFO:colcon.colcon_core.shell:Creating prefix script '/home/avinaash/ForkLift_AMR/install/local_setup.sh'
[1.117s] INFO:colcon.colcon_core.shell:Creating prefix util module '/home/avinaash/ForkLift_AMR/install/_local_setup_util_sh.py'
[1.118s] INFO:colcon.colcon_core.shell:Creating prefix chain script '/home/avinaash/ForkLift_AMR/install/setup.sh'
[1.119s] INFO:colcon.colcon_core.shell:Creating prefix script '/home/avinaash/ForkLift_AMR/install/local_setup.bash'
[1.120s] INFO:colcon.colcon_core.shell:Creating prefix chain script '/home/avinaash/ForkLift_AMR/install/setup.bash'
[1.121s] INFO:colcon.colcon_core.shell:Creating prefix script '/home/avinaash/ForkLift_AMR/install/local_setup.zsh'
[1.122s] INFO:colcon.colcon_core.shell:Creating prefix chain script '/home/avinaash/ForkLift_AMR/install/setup.zsh'
