[0.728s] Invoking command in '/home/doozy/ForkLift_AMR/build/forklift_interfaces': CMAKE_PREFIX_PATH=${CMAKE_PREFIX_PATH}:/home/doozy/ForkLift_AMR/install/doozy_forklift:/home/doozy/turtlebot3_ws/install/turtlebot3_teleop:/home/doozy/turtlebot3_ws/install/turtlebot3_example:/home/doozy/turtlebot3_ws/install/autonomous_tb3:/home/doozy/doozy_ws/install/task_py:/home/doozy/doozy_robotics/doozy_ws_2/install/pallet_docker_02:/home/doozy/doozy_robotics/doozy_ws_2/install/2_t_dolly_logistics_driver:/home/doozy/ros2_ws/install/hotel_package:/home/doozy/ros2_ws/install/deffy:/home/doozy/do_ws/install/task_py:/home/doozy/neuronbot2_ros2_ws/install/neuronbot2_led:/opt/ros/humble /usr/bin/cmake /home/doozy/ForkLift_AMR/src/forklift_interfaces -DCMAKE_INSTALL_PREFIX=/home/doozy/ForkLift_AMR/install/forklift_interfaces
[0.788s] -- The C compiler identification is GNU 11.4.0
[0.840s] -- The CXX compiler identification is GNU 11.4.0
[0.849s] -- Detecting C compiler ABI info
[0.923s] -- Detecting C compiler ABI info - done
[0.936s] -- Check for working C compiler: /usr/bin/cc - skipped
[0.936s] -- Detecting C compile features
[0.937s] -- Detecting C compile features - done
[0.941s] -- Detecting CXX compiler ABI info
[1.014s] -- Detecting CXX compiler ABI info - done
[1.021s] -- Check for working CXX compiler: /usr/bin/c++ - skipped
[1.022s] -- Detecting CXX compile features
[1.022s] -- Detecting CXX compile features - done
[1.028s] -- Found ament_cmake: 1.3.8 (/opt/ros/humble/share/ament_cmake/cmake)
[1.405s] -- Found Python3: /usr/bin/python3 (found version "3.10.12") found components: Interpreter 
[1.564s] -- Found rclpy: 3.3.12 (/opt/ros/humble/share/rclpy/cmake)
[1.572s] -- Found rclcpp: 16.0.8 (/opt/ros/humble/share/rclcpp/cmake)
[1.668s] -- Found rosidl_generator_c: 3.1.5 (/opt/ros/humble/share/rosidl_generator_c/cmake)
[1.680s] -- Found rosidl_adapter: 3.1.5 (/opt/ros/humble/share/rosidl_adapter/cmake)
[1.698s] -- Found rosidl_generator_cpp: 3.1.5 (/opt/ros/humble/share/rosidl_generator_cpp/cmake)
[1.721s] -- Using all available rosidl_typesupport_c: rosidl_typesupport_fastrtps_c;rosidl_typesupport_introspection_c
[1.765s] -- Using all available rosidl_typesupport_cpp: rosidl_typesupport_fastrtps_cpp;rosidl_typesupport_introspection_cpp
[1.947s] -- Found rmw_implementation_cmake: 6.1.1 (/opt/ros/humble/share/rmw_implementation_cmake/cmake)
[1.962s] -- Found rmw_fastrtps_cpp: 6.2.6 (/opt/ros/humble/share/rmw_fastrtps_cpp/cmake)
[2.142s] -- Found OpenSSL: /usr/lib/x86_64-linux-gnu/libcrypto.so (found version "3.0.2")  
[2.187s] -- Found FastRTPS: /opt/ros/humble/include  
[2.257s] -- Using RMW implementation 'rmw_fastrtps_cpp' as default
[2.292s] -- Looking for pthread.h
[2.363s] -- Looking for pthread.h - found
[2.363s] -- Performing Test CMAKE_HAVE_LIBC_PTHREAD
[2.431s] -- Performing Test CMAKE_HAVE_LIBC_PTHREAD - Success
[2.432s] -- Found Threads: TRUE  
[2.612s] -- Found geometry_msgs: 4.2.3 (/opt/ros/humble/share/geometry_msgs/cmake)
[2.658s] -- Found example_interfaces: 0.9.3 (/opt/ros/humble/share/example_interfaces/cmake)
[2.839s] -- Found rosidl_default_generators: 1.2.0 (/opt/ros/humble/share/rosidl_default_generators/cmake)
[3.349s] -- Found ament_cmake_ros: 0.10.0 (/opt/ros/humble/share/ament_cmake_ros/cmake)
[3.839s] -- Using all available rosidl_typesupport_c: rosidl_typesupport_fastrtps_c;rosidl_typesupport_introspection_c
[3.978s] -- Using all available rosidl_typesupport_cpp: rosidl_typesupport_fastrtps_cpp;rosidl_typesupport_introspection_cpp
[4.009s] -- Found PythonInterp: /usr/bin/python3 (found suitable version "3.10.12", minimum required is "3.6") 
[4.015s] -- Found python_cmake_module: 0.10.0 (/opt/ros/humble/share/python_cmake_module/cmake)
[4.054s] -- Found PythonLibs: /usr/lib/x86_64-linux-gnu/libpython3.10.so (found suitable version "3.10.12", minimum required is "3.5") 
[4.054s] -- Using PYTHON_EXECUTABLE: /usr/bin/python3
[4.054s] -- Using PYTHON_INCLUDE_DIRS: /usr/include/python3.10
[4.054s] -- Using PYTHON_LIBRARIES: /usr/lib/x86_64-linux-gnu/libpython3.10.so
[4.080s] -- Found PythonExtra: .so  
[4.153s] -- Found ament_lint_auto: 0.12.10 (/opt/ros/humble/share/ament_lint_auto/cmake)
[4.218s] -- Added test 'copyright' to check source files copyright and LICENSE
[4.221s] -- Added test 'lint_cmake' to check CMake code style
[4.223s] -- Added test 'xmllint' to check XML markup files
[4.227s] -- Configuring done
[4.262s] -- Generating done
[4.266s] -- Build files have been written to: /home/doozy/ForkLift_AMR/build/forklift_interfaces
[4.284s] Invoked command in '/home/doozy/ForkLift_AMR/build/forklift_interfaces' returned '0': CMAKE_PREFIX_PATH=${CMAKE_PREFIX_PATH}:/home/doozy/ForkLift_AMR/install/doozy_forklift:/home/doozy/turtlebot3_ws/install/turtlebot3_teleop:/home/doozy/turtlebot3_ws/install/turtlebot3_example:/home/doozy/turtlebot3_ws/install/autonomous_tb3:/home/doozy/doozy_ws/install/task_py:/home/doozy/doozy_robotics/doozy_ws_2/install/pallet_docker_02:/home/doozy/doozy_robotics/doozy_ws_2/install/2_t_dolly_logistics_driver:/home/doozy/ros2_ws/install/hotel_package:/home/doozy/ros2_ws/install/deffy:/home/doozy/do_ws/install/task_py:/home/doozy/neuronbot2_ros2_ws/install/neuronbot2_led:/opt/ros/humble /usr/bin/cmake /home/doozy/ForkLift_AMR/src/forklift_interfaces -DCMAKE_INSTALL_PREFIX=/home/doozy/ForkLift_AMR/install/forklift_interfaces
[4.284s] Invoking command in '/home/doozy/ForkLift_AMR/build/forklift_interfaces': CMAKE_PREFIX_PATH=${CMAKE_PREFIX_PATH}:/home/doozy/ForkLift_AMR/install/doozy_forklift:/home/doozy/turtlebot3_ws/install/turtlebot3_teleop:/home/doozy/turtlebot3_ws/install/turtlebot3_example:/home/doozy/turtlebot3_ws/install/autonomous_tb3:/home/doozy/doozy_ws/install/task_py:/home/doozy/doozy_robotics/doozy_ws_2/install/pallet_docker_02:/home/doozy/doozy_robotics/doozy_ws_2/install/2_t_dolly_logistics_driver:/home/doozy/ros2_ws/install/hotel_package:/home/doozy/ros2_ws/install/deffy:/home/doozy/do_ws/install/task_py:/home/doozy/neuronbot2_ros2_ws/install/neuronbot2_led:/opt/ros/humble /usr/bin/cmake --build /home/doozy/ForkLift_AMR/build/forklift_interfaces -- -j16 -l16
[4.328s] [  3%] [34m[1mGenerating C code for ROS interfaces[0m
[4.355s] [  6%] [34m[1mGenerating C++ code for ROS interfaces[0m
[4.367s] [  6%] Built target ament_cmake_python_copy_forklift_interfaces
[4.803s] running egg_info
[4.805s] creating forklift_interfaces.egg-info
[4.840s] writing forklift_interfaces.egg-info/PKG-INFO
[4.841s] writing dependency_links to forklift_interfaces.egg-info/dependency_links.txt
[4.842s] writing top-level names to forklift_interfaces.egg-info/top_level.txt
[4.844s] writing manifest file 'forklift_interfaces.egg-info/SOURCES.txt'
[4.954s] [  6%] Built target forklift_interfaces__cpp
[4.961s] [  9%] [32mBuilding C object CMakeFiles/forklift_interfaces__rosidl_generator_c.dir/rosidl_generator_c/forklift_interfaces/srv/detail/fork_lift_dock__functions.c.o[0m
[4.970s] reading manifest file 'forklift_interfaces.egg-info/SOURCES.txt'
[4.971s] writing manifest file 'forklift_interfaces.egg-info/SOURCES.txt'
[4.979s] [ 12%] [34m[1mGenerating C++ type support dispatch for ROS interfaces[0m
[5.014s] [ 16%] [34m[1mGenerating C++ introspection for ROS interfaces[0m
[5.016s] [ 19%] [34m[1mGenerating C++ type support for eProsima Fast-RTPS[0m
[5.031s] [ 19%] Built target ament_cmake_python_build_forklift_interfaces_egg
[5.205s] [ 22%] [32m[1mLinking C shared library libforklift_interfaces__rosidl_generator_c.so[0m
[5.375s] [ 22%] Built target forklift_interfaces__rosidl_generator_c
[5.443s] [ 29%] [34m[1mGenerating C type support for eProsima Fast-RTPS[0m
[5.443s] [ 29%] [34m[1mGenerating C introspection for ROS interfaces[0m
[5.466s] [ 32%] [34m[1mGenerating C type support dispatch for ROS interfaces[0m
[5.674s] [ 35%] [32mBuilding CXX object CMakeFiles/forklift_interfaces__rosidl_typesupport_fastrtps_cpp.dir/rosidl_typesupport_fastrtps_cpp/forklift_interfaces/srv/detail/dds_fastrtps/fork_lift_dock__type_support.cpp.o[0m
[5.743s] [ 38%] [32mBuilding CXX object CMakeFiles/forklift_interfaces__rosidl_typesupport_cpp.dir/rosidl_typesupport_cpp/forklift_interfaces/srv/fork_lift_dock__type_support.cpp.o[0m
[5.755s] [ 41%] [32mBuilding CXX object CMakeFiles/forklift_interfaces__rosidl_typesupport_introspection_cpp.dir/rosidl_typesupport_introspection_cpp/forklift_interfaces/srv/detail/fork_lift_dock__type_support.cpp.o[0m
[6.164s] [ 45%] [32mBuilding CXX object CMakeFiles/forklift_interfaces__rosidl_typesupport_c.dir/rosidl_typesupport_c/forklift_interfaces/srv/fork_lift_dock__type_support.cpp.o[0m
[6.246s] [ 48%] [32mBuilding CXX object CMakeFiles/forklift_interfaces__rosidl_typesupport_fastrtps_c.dir/rosidl_typesupport_fastrtps_c/forklift_interfaces/srv/detail/fork_lift_dock__type_support_c.cpp.o[0m
[6.268s] [ 51%] [32mBuilding C object CMakeFiles/forklift_interfaces__rosidl_typesupport_introspection_c.dir/rosidl_typesupport_introspection_c/forklift_interfaces/srv/detail/fork_lift_dock__type_support.c.o[0m
[6.347s] [ 54%] [32m[1mLinking CXX shared library libforklift_interfaces__rosidl_typesupport_c.so[0m
[6.348s] [ 58%] [32m[1mLinking CXX shared library libforklift_interfaces__rosidl_typesupport_cpp.so[0m
[6.380s] [ 61%] [32m[1mLinking CXX shared library libforklift_interfaces__rosidl_typesupport_introspection_cpp.so[0m
[6.422s] [ 64%] [32m[1mLinking C shared library libforklift_interfaces__rosidl_typesupport_introspection_c.so[0m
[6.543s] [ 64%] Built target forklift_interfaces__rosidl_typesupport_c
[6.553s] [ 64%] Built target forklift_interfaces__rosidl_typesupport_cpp
[6.574s] [ 64%] Built target forklift_interfaces__rosidl_typesupport_introspection_cpp
[6.593s] [ 64%] Built target forklift_interfaces__rosidl_typesupport_introspection_c
[6.642s] [ 67%] [32m[1mLinking CXX shared library libforklift_interfaces__rosidl_typesupport_fastrtps_cpp.so[0m
[6.886s] [ 70%] [32m[1mLinking CXX shared library libforklift_interfaces__rosidl_typesupport_fastrtps_c.so[0m
[6.900s] [ 70%] Built target forklift_interfaces__rosidl_typesupport_fastrtps_cpp
[7.077s] [ 70%] Built target forklift_interfaces__rosidl_typesupport_fastrtps_c
[7.180s] [ 70%] Built target forklift_interfaces
[7.303s] [ 74%] [34m[1mGenerating Python code for ROS interfaces[0m
[8.063s] [ 74%] Built target forklift_interfaces__py
[8.114s] [ 77%] [32mBuilding C object CMakeFiles/forklift_interfaces__rosidl_generator_py.dir/rosidl_generator_py/forklift_interfaces/srv/_fork_lift_dock_s.c.o[0m
[8.348s] [ 80%] [32m[1mLinking C shared library rosidl_generator_py/forklift_interfaces/libforklift_interfaces__rosidl_generator_py.so[0m
[8.405s] [ 80%] Built target forklift_interfaces__rosidl_generator_py
[8.465s] [ 83%] [32mBuilding C object CMakeFiles/forklift_interfaces__rosidl_typesupport_c__pyext.dir/rosidl_generator_py/forklift_interfaces/_forklift_interfaces_s.ep.rosidl_typesupport_c.c.o[0m
[8.475s] [ 90%] [32mBuilding C object CMakeFiles/forklift_interfaces__rosidl_typesupport_introspection_c__pyext.dir/rosidl_generator_py/forklift_interfaces/_forklift_interfaces_s.ep.rosidl_typesupport_introspection_c.c.o[0m
[8.477s] [ 90%] [32mBuilding C object CMakeFiles/forklift_interfaces__rosidl_typesupport_fastrtps_c__pyext.dir/rosidl_generator_py/forklift_interfaces/_forklift_interfaces_s.ep.rosidl_typesupport_fastrtps_c.c.o[0m
[8.609s] [ 93%] [32m[1mLinking C shared library rosidl_generator_py/forklift_interfaces/forklift_interfaces_s__rosidl_typesupport_introspection_c.cpython-310-x86_64-linux-gnu.so[0m
[8.655s] [ 96%] [32m[1mLinking C shared library rosidl_generator_py/forklift_interfaces/forklift_interfaces_s__rosidl_typesupport_c.cpython-310-x86_64-linux-gnu.so[0m
[8.656s] [ 96%] Built target forklift_interfaces__rosidl_typesupport_introspection_c__pyext
[8.700s] [100%] [32m[1mLinking C shared library rosidl_generator_py/forklift_interfaces/forklift_interfaces_s__rosidl_typesupport_fastrtps_c.cpython-310-x86_64-linux-gnu.so[0m
[8.700s] [100%] Built target forklift_interfaces__rosidl_typesupport_c__pyext
[8.744s] [100%] Built target forklift_interfaces__rosidl_typesupport_fastrtps_c__pyext
[8.760s] Invoked command in '/home/doozy/ForkLift_AMR/build/forklift_interfaces' returned '0': CMAKE_PREFIX_PATH=${CMAKE_PREFIX_PATH}:/home/doozy/ForkLift_AMR/install/doozy_forklift:/home/doozy/turtlebot3_ws/install/turtlebot3_teleop:/home/doozy/turtlebot3_ws/install/turtlebot3_example:/home/doozy/turtlebot3_ws/install/autonomous_tb3:/home/doozy/doozy_ws/install/task_py:/home/doozy/doozy_robotics/doozy_ws_2/install/pallet_docker_02:/home/doozy/doozy_robotics/doozy_ws_2/install/2_t_dolly_logistics_driver:/home/doozy/ros2_ws/install/hotel_package:/home/doozy/ros2_ws/install/deffy:/home/doozy/do_ws/install/task_py:/home/doozy/neuronbot2_ros2_ws/install/neuronbot2_led:/opt/ros/humble /usr/bin/cmake --build /home/doozy/ForkLift_AMR/build/forklift_interfaces -- -j16 -l16
[8.847s] Invoking command in '/home/doozy/ForkLift_AMR/build/forklift_interfaces': CMAKE_PREFIX_PATH=${CMAKE_PREFIX_PATH}:/home/doozy/ForkLift_AMR/install/doozy_forklift:/home/doozy/turtlebot3_ws/install/turtlebot3_teleop:/home/doozy/turtlebot3_ws/install/turtlebot3_example:/home/doozy/turtlebot3_ws/install/autonomous_tb3:/home/doozy/doozy_ws/install/task_py:/home/doozy/doozy_robotics/doozy_ws_2/install/pallet_docker_02:/home/doozy/doozy_robotics/doozy_ws_2/install/2_t_dolly_logistics_driver:/home/doozy/ros2_ws/install/hotel_package:/home/doozy/ros2_ws/install/deffy:/home/doozy/do_ws/install/task_py:/home/doozy/neuronbot2_ros2_ws/install/neuronbot2_led:/opt/ros/humble /usr/bin/cmake --install /home/doozy/ForkLift_AMR/build/forklift_interfaces
[8.859s] -- Install configuration: ""
[8.859s] -- Installing: /home/doozy/ForkLift_AMR/install/forklift_interfaces/share/ament_index/resource_index/rosidl_interfaces/forklift_interfaces
[8.861s] -- Installing: /home/doozy/ForkLift_AMR/install/forklift_interfaces/include/forklift_interfaces/forklift_interfaces
[8.862s] -- Installing: /home/doozy/ForkLift_AMR/install/forklift_interfaces/include/forklift_interfaces/forklift_interfaces/msg
[8.863s] -- Installing: /home/doozy/ForkLift_AMR/install/forklift_interfaces/include/forklift_interfaces/forklift_interfaces/msg/rosidl_generator_c__visibility_control.h
[8.865s] -- Installing: /home/doozy/ForkLift_AMR/install/forklift_interfaces/include/forklift_interfaces/forklift_interfaces/srv
[8.865s] -- Installing: /home/doozy/ForkLift_AMR/install/forklift_interfaces/include/forklift_interfaces/forklift_interfaces/srv/detail
[8.866s] -- Installing: /home/doozy/ForkLift_AMR/install/forklift_interfaces/include/forklift_interfaces/forklift_interfaces/srv/detail/fork_lift_dock__functions.c
[8.870s] -- Installing: /home/doozy/ForkLift_AMR/install/forklift_interfaces/include/forklift_interfaces/forklift_interfaces/srv/detail/fork_lift_dock__functions.h
[8.872s] -- Installing: /home/doozy/ForkLift_AMR/install/forklift_interfaces/include/forklift_interfaces/forklift_interfaces/srv/detail/fork_lift_dock__struct.h
[8.872s] -- Installing: /home/doozy/ForkLift_AMR/install/forklift_interfaces/include/forklift_interfaces/forklift_interfaces/srv/detail/fork_lift_dock__type_support.h
[8.872s] -- Installing: /home/doozy/ForkLift_AMR/install/forklift_interfaces/include/forklift_interfaces/forklift_interfaces/srv/fork_lift_dock.h
[8.873s] -- Installing: /home/doozy/ForkLift_AMR/install/forklift_interfaces/share/forklift_interfaces/environment/library_path.sh
[8.873s] -- Installing: /home/doozy/ForkLift_AMR/install/forklift_interfaces/share/forklift_interfaces/environment/library_path.dsv
[8.873s] -- Installing: /home/doozy/ForkLift_AMR/install/forklift_interfaces/lib/libforklift_interfaces__rosidl_generator_c.so
[8.873s] -- Set runtime path of "/home/doozy/ForkLift_AMR/install/forklift_interfaces/lib/libforklift_interfaces__rosidl_generator_c.so" to ""
[8.873s] -- Up-to-date: /home/doozy/ForkLift_AMR/install/forklift_interfaces/include/forklift_interfaces/forklift_interfaces
[8.874s] -- Up-to-date: /home/doozy/ForkLift_AMR/install/forklift_interfaces/include/forklift_interfaces/forklift_interfaces/msg
[8.874s] -- Installing: /home/doozy/ForkLift_AMR/install/forklift_interfaces/include/forklift_interfaces/forklift_interfaces/msg/rosidl_typesupport_fastrtps_c__visibility_control.h
[8.874s] -- Up-to-date: /home/doozy/ForkLift_AMR/install/forklift_interfaces/include/forklift_interfaces/forklift_interfaces/srv
[8.874s] -- Up-to-date: /home/doozy/ForkLift_AMR/install/forklift_interfaces/include/forklift_interfaces/forklift_interfaces/srv/detail
[8.874s] -- Installing: /home/doozy/ForkLift_AMR/install/forklift_interfaces/include/forklift_interfaces/forklift_interfaces/srv/detail/fork_lift_dock__rosidl_typesupport_fastrtps_c.h
[8.874s] -- Installing: /home/doozy/ForkLift_AMR/install/forklift_interfaces/lib/libforklift_interfaces__rosidl_typesupport_fastrtps_c.so
[8.874s] -- Set runtime path of "/home/doozy/ForkLift_AMR/install/forklift_interfaces/lib/libforklift_interfaces__rosidl_typesupport_fastrtps_c.so" to ""
[8.875s] -- Up-to-date: /home/doozy/ForkLift_AMR/install/forklift_interfaces/include/forklift_interfaces/forklift_interfaces
[8.875s] -- Up-to-date: /home/doozy/ForkLift_AMR/install/forklift_interfaces/include/forklift_interfaces/forklift_interfaces/srv
[8.875s] -- Up-to-date: /home/doozy/ForkLift_AMR/install/forklift_interfaces/include/forklift_interfaces/forklift_interfaces/srv/detail
[8.875s] -- Installing: /home/doozy/ForkLift_AMR/install/forklift_interfaces/include/forklift_interfaces/forklift_interfaces/srv/detail/fork_lift_dock__struct.hpp
[8.875s] -- Installing: /home/doozy/ForkLift_AMR/install/forklift_interfaces/include/forklift_interfaces/forklift_interfaces/srv/detail/fork_lift_dock__builder.hpp
[8.875s] -- Installing: /home/doozy/ForkLift_AMR/install/forklift_interfaces/include/forklift_interfaces/forklift_interfaces/srv/detail/fork_lift_dock__traits.hpp
[8.875s] -- Installing: /home/doozy/ForkLift_AMR/install/forklift_interfaces/include/forklift_interfaces/forklift_interfaces/srv/fork_lift_dock.hpp
[8.875s] -- Up-to-date: /home/doozy/ForkLift_AMR/install/forklift_interfaces/include/forklift_interfaces/forklift_interfaces
[8.875s] -- Up-to-date: /home/doozy/ForkLift_AMR/install/forklift_interfaces/include/forklift_interfaces/forklift_interfaces/msg
[8.875s] -- Installing: /home/doozy/ForkLift_AMR/install/forklift_interfaces/include/forklift_interfaces/forklift_interfaces/msg/rosidl_typesupport_fastrtps_cpp__visibility_control.h
[8.875s] -- Up-to-date: /home/doozy/ForkLift_AMR/install/forklift_interfaces/include/forklift_interfaces/forklift_interfaces/srv
[8.876s] -- Up-to-date: /home/doozy/ForkLift_AMR/install/forklift_interfaces/include/forklift_interfaces/forklift_interfaces/srv/detail
[8.876s] -- Installing: /home/doozy/ForkLift_AMR/install/forklift_interfaces/include/forklift_interfaces/forklift_interfaces/srv/detail/dds_fastrtps
[8.876s] -- Installing: /home/doozy/ForkLift_AMR/install/forklift_interfaces/include/forklift_interfaces/forklift_interfaces/srv/detail/fork_lift_dock__rosidl_typesupport_fastrtps_cpp.hpp
[8.876s] -- Installing: /home/doozy/ForkLift_AMR/install/forklift_interfaces/lib/libforklift_interfaces__rosidl_typesupport_fastrtps_cpp.so
[8.876s] -- Set runtime path of "/home/doozy/ForkLift_AMR/install/forklift_interfaces/lib/libforklift_interfaces__rosidl_typesupport_fastrtps_cpp.so" to ""
[8.876s] -- Up-to-date: /home/doozy/ForkLift_AMR/install/forklift_interfaces/include/forklift_interfaces/forklift_interfaces
[8.876s] -- Up-to-date: /home/doozy/ForkLift_AMR/install/forklift_interfaces/include/forklift_interfaces/forklift_interfaces/msg
[8.877s] -- Installing: /home/doozy/ForkLift_AMR/install/forklift_interfaces/include/forklift_interfaces/forklift_interfaces/msg/rosidl_typesupport_introspection_c__visibility_control.h
[8.877s] -- Up-to-date: /home/doozy/ForkLift_AMR/install/forklift_interfaces/include/forklift_interfaces/forklift_interfaces/srv
[8.877s] -- Up-to-date: /home/doozy/ForkLift_AMR/install/forklift_interfaces/include/forklift_interfaces/forklift_interfaces/srv/detail
[8.877s] -- Installing: /home/doozy/ForkLift_AMR/install/forklift_interfaces/include/forklift_interfaces/forklift_interfaces/srv/detail/fork_lift_dock__type_support.c
[8.877s] -- Installing: /home/doozy/ForkLift_AMR/install/forklift_interfaces/include/forklift_interfaces/forklift_interfaces/srv/detail/fork_lift_dock__rosidl_typesupport_introspection_c.h
[8.877s] -- Installing: /home/doozy/ForkLift_AMR/install/forklift_interfaces/lib/libforklift_interfaces__rosidl_typesupport_introspection_c.so
[8.877s] -- Set runtime path of "/home/doozy/ForkLift_AMR/install/forklift_interfaces/lib/libforklift_interfaces__rosidl_typesupport_introspection_c.so" to ""
[8.877s] -- Installing: /home/doozy/ForkLift_AMR/install/forklift_interfaces/lib/libforklift_interfaces__rosidl_typesupport_c.so
[8.878s] -- Set runtime path of "/home/doozy/ForkLift_AMR/install/forklift_interfaces/lib/libforklift_interfaces__rosidl_typesupport_c.so" to ""
[8.878s] -- Up-to-date: /home/doozy/ForkLift_AMR/install/forklift_interfaces/include/forklift_interfaces/forklift_interfaces
[8.878s] -- Up-to-date: /home/doozy/ForkLift_AMR/install/forklift_interfaces/include/forklift_interfaces/forklift_interfaces/srv
[8.878s] -- Up-to-date: /home/doozy/ForkLift_AMR/install/forklift_interfaces/include/forklift_interfaces/forklift_interfaces/srv/detail
[8.878s] -- Installing: /home/doozy/ForkLift_AMR/install/forklift_interfaces/include/forklift_interfaces/forklift_interfaces/srv/detail/fork_lift_dock__type_support.cpp
[8.878s] -- Installing: /home/doozy/ForkLift_AMR/install/forklift_interfaces/include/forklift_interfaces/forklift_interfaces/srv/detail/fork_lift_dock__rosidl_typesupport_introspection_cpp.hpp
[8.878s] -- Installing: /home/doozy/ForkLift_AMR/install/forklift_interfaces/lib/libforklift_interfaces__rosidl_typesupport_introspection_cpp.so
[8.879s] -- Set runtime path of "/home/doozy/ForkLift_AMR/install/forklift_interfaces/lib/libforklift_interfaces__rosidl_typesupport_introspection_cpp.so" to ""
[8.879s] -- Installing: /home/doozy/ForkLift_AMR/install/forklift_interfaces/lib/libforklift_interfaces__rosidl_typesupport_cpp.so
[8.880s] -- Set runtime path of "/home/doozy/ForkLift_AMR/install/forklift_interfaces/lib/libforklift_interfaces__rosidl_typesupport_cpp.so" to ""
[8.880s] -- Installing: /home/doozy/ForkLift_AMR/install/forklift_interfaces/share/forklift_interfaces/environment/pythonpath.sh
[8.880s] -- Installing: /home/doozy/ForkLift_AMR/install/forklift_interfaces/share/forklift_interfaces/environment/pythonpath.dsv
[8.880s] -- Installing: /home/doozy/ForkLift_AMR/install/forklift_interfaces/local/lib/python3.10/dist-packages/forklift_interfaces-0.0.0-py3.10.egg-info
[8.880s] -- Installing: /home/doozy/ForkLift_AMR/install/forklift_interfaces/local/lib/python3.10/dist-packages/forklift_interfaces-0.0.0-py3.10.egg-info/PKG-INFO
[8.880s] -- Installing: /home/doozy/ForkLift_AMR/install/forklift_interfaces/local/lib/python3.10/dist-packages/forklift_interfaces-0.0.0-py3.10.egg-info/top_level.txt
[8.880s] -- Installing: /home/doozy/ForkLift_AMR/install/forklift_interfaces/local/lib/python3.10/dist-packages/forklift_interfaces-0.0.0-py3.10.egg-info/dependency_links.txt
[8.881s] -- Installing: /home/doozy/ForkLift_AMR/install/forklift_interfaces/local/lib/python3.10/dist-packages/forklift_interfaces-0.0.0-py3.10.egg-info/SOURCES.txt
[8.881s] -- Installing: /home/doozy/ForkLift_AMR/install/forklift_interfaces/local/lib/python3.10/dist-packages/forklift_interfaces
[8.881s] -- Installing: /home/doozy/ForkLift_AMR/install/forklift_interfaces/local/lib/python3.10/dist-packages/forklift_interfaces/forklift_interfaces_s__rosidl_typesupport_c.cpython-310-x86_64-linux-gnu.so
[8.881s] -- Installing: /home/doozy/ForkLift_AMR/install/forklift_interfaces/local/lib/python3.10/dist-packages/forklift_interfaces/_forklift_interfaces_s.ep.rosidl_typesupport_c.c
[8.881s] -- Installing: /home/doozy/ForkLift_AMR/install/forklift_interfaces/local/lib/python3.10/dist-packages/forklift_interfaces/forklift_interfaces_s__rosidl_typesupport_introspection_c.cpython-310-x86_64-linux-gnu.so
[8.881s] -- Installing: /home/doozy/ForkLift_AMR/install/forklift_interfaces/local/lib/python3.10/dist-packages/forklift_interfaces/srv
[8.881s] -- Installing: /home/doozy/ForkLift_AMR/install/forklift_interfaces/local/lib/python3.10/dist-packages/forklift_interfaces/srv/_fork_lift_dock_s.c
[8.881s] -- Installing: /home/doozy/ForkLift_AMR/install/forklift_interfaces/local/lib/python3.10/dist-packages/forklift_interfaces/srv/__init__.py
[8.881s] -- Installing: /home/doozy/ForkLift_AMR/install/forklift_interfaces/local/lib/python3.10/dist-packages/forklift_interfaces/srv/_fork_lift_dock.py
[8.882s] -- Installing: /home/doozy/ForkLift_AMR/install/forklift_interfaces/local/lib/python3.10/dist-packages/forklift_interfaces/__init__.py
[8.882s] -- Installing: /home/doozy/ForkLift_AMR/install/forklift_interfaces/local/lib/python3.10/dist-packages/forklift_interfaces/_forklift_interfaces_s.ep.rosidl_typesupport_introspection_c.c
[8.882s] -- Installing: /home/doozy/ForkLift_AMR/install/forklift_interfaces/local/lib/python3.10/dist-packages/forklift_interfaces/libforklift_interfaces__rosidl_generator_py.so
[8.882s] -- Installing: /home/doozy/ForkLift_AMR/install/forklift_interfaces/local/lib/python3.10/dist-packages/forklift_interfaces/_forklift_interfaces_s.ep.rosidl_typesupport_fastrtps_c.c
[8.882s] -- Installing: /home/doozy/ForkLift_AMR/install/forklift_interfaces/local/lib/python3.10/dist-packages/forklift_interfaces/forklift_interfaces_s__rosidl_typesupport_fastrtps_c.cpython-310-x86_64-linux-gnu.so
[8.935s] Listing '/home/doozy/ForkLift_AMR/install/forklift_interfaces/local/lib/python3.10/dist-packages/forklift_interfaces'...
[8.935s] Compiling '/home/doozy/ForkLift_AMR/install/forklift_interfaces/local/lib/python3.10/dist-packages/forklift_interfaces/__init__.py'...
[8.935s] Listing '/home/doozy/ForkLift_AMR/install/forklift_interfaces/local/lib/python3.10/dist-packages/forklift_interfaces/srv'...
[8.935s] Compiling '/home/doozy/ForkLift_AMR/install/forklift_interfaces/local/lib/python3.10/dist-packages/forklift_interfaces/srv/__init__.py'...
[8.935s] Compiling '/home/doozy/ForkLift_AMR/install/forklift_interfaces/local/lib/python3.10/dist-packages/forklift_interfaces/srv/_fork_lift_dock.py'...
[8.941s] -- Installing: /home/doozy/ForkLift_AMR/install/forklift_interfaces/local/lib/python3.10/dist-packages/forklift_interfaces/forklift_interfaces_s__rosidl_typesupport_fastrtps_c.cpython-310-x86_64-linux-gnu.so
[8.941s] -- Set runtime path of "/home/doozy/ForkLift_AMR/install/forklift_interfaces/local/lib/python3.10/dist-packages/forklift_interfaces/forklift_interfaces_s__rosidl_typesupport_fastrtps_c.cpython-310-x86_64-linux-gnu.so" to ""
[8.941s] -- Installing: /home/doozy/ForkLift_AMR/install/forklift_interfaces/local/lib/python3.10/dist-packages/forklift_interfaces/forklift_interfaces_s__rosidl_typesupport_introspection_c.cpython-310-x86_64-linux-gnu.so
[8.941s] -- Set runtime path of "/home/doozy/ForkLift_AMR/install/forklift_interfaces/local/lib/python3.10/dist-packages/forklift_interfaces/forklift_interfaces_s__rosidl_typesupport_introspection_c.cpython-310-x86_64-linux-gnu.so" to ""
[8.941s] -- Installing: /home/doozy/ForkLift_AMR/install/forklift_interfaces/local/lib/python3.10/dist-packages/forklift_interfaces/forklift_interfaces_s__rosidl_typesupport_c.cpython-310-x86_64-linux-gnu.so
[8.942s] -- Set runtime path of "/home/doozy/ForkLift_AMR/install/forklift_interfaces/local/lib/python3.10/dist-packages/forklift_interfaces/forklift_interfaces_s__rosidl_typesupport_c.cpython-310-x86_64-linux-gnu.so" to ""
[8.942s] -- Installing: /home/doozy/ForkLift_AMR/install/forklift_interfaces/lib/libforklift_interfaces__rosidl_generator_py.so
[8.942s] -- Set runtime path of "/home/doozy/ForkLift_AMR/install/forklift_interfaces/lib/libforklift_interfaces__rosidl_generator_py.so" to ""
[8.942s] -- Installing: /home/doozy/ForkLift_AMR/install/forklift_interfaces/share/forklift_interfaces/srv/ForkLiftDock.idl
[8.943s] -- Installing: /home/doozy/ForkLift_AMR/install/forklift_interfaces/share/forklift_interfaces/srv/ForkLiftDock.srv
[8.943s] -- Installing: /home/doozy/ForkLift_AMR/install/forklift_interfaces/share/forklift_interfaces/srv/ForkLiftDock_Request.msg
[8.943s] -- Installing: /home/doozy/ForkLift_AMR/install/forklift_interfaces/share/forklift_interfaces/srv/ForkLiftDock_Response.msg
[8.943s] -- Installing: /home/doozy/ForkLift_AMR/install/forklift_interfaces/share/ament_index/resource_index/package_run_dependencies/forklift_interfaces
[8.943s] -- Installing: /home/doozy/ForkLift_AMR/install/forklift_interfaces/share/ament_index/resource_index/parent_prefix_path/forklift_interfaces
[8.944s] -- Installing: /home/doozy/ForkLift_AMR/install/forklift_interfaces/share/forklift_interfaces/environment/ament_prefix_path.sh
[8.944s] -- Installing: /home/doozy/ForkLift_AMR/install/forklift_interfaces/share/forklift_interfaces/environment/ament_prefix_path.dsv
[8.944s] -- Installing: /home/doozy/ForkLift_AMR/install/forklift_interfaces/share/forklift_interfaces/environment/path.sh
[8.944s] -- Installing: /home/doozy/ForkLift_AMR/install/forklift_interfaces/share/forklift_interfaces/environment/path.dsv
[8.944s] -- Installing: /home/doozy/ForkLift_AMR/install/forklift_interfaces/share/forklift_interfaces/local_setup.bash
[8.945s] -- Installing: /home/doozy/ForkLift_AMR/install/forklift_interfaces/share/forklift_interfaces/local_setup.sh
[8.945s] -- Installing: /home/doozy/ForkLift_AMR/install/forklift_interfaces/share/forklift_interfaces/local_setup.zsh
[8.945s] -- Installing: /home/doozy/ForkLift_AMR/install/forklift_interfaces/share/forklift_interfaces/local_setup.dsv
[8.945s] -- Installing: /home/doozy/ForkLift_AMR/install/forklift_interfaces/share/forklift_interfaces/package.dsv
[8.946s] -- Installing: /home/doozy/ForkLift_AMR/install/forklift_interfaces/share/ament_index/resource_index/packages/forklift_interfaces
[8.946s] -- Installing: /home/doozy/ForkLift_AMR/install/forklift_interfaces/share/forklift_interfaces/cmake/export_forklift_interfaces__rosidl_generator_cExport.cmake
[8.946s] -- Installing: /home/doozy/ForkLift_AMR/install/forklift_interfaces/share/forklift_interfaces/cmake/export_forklift_interfaces__rosidl_generator_cExport-noconfig.cmake
[8.946s] -- Installing: /home/doozy/ForkLift_AMR/install/forklift_interfaces/share/forklift_interfaces/cmake/export_forklift_interfaces__rosidl_typesupport_fastrtps_cExport.cmake
[8.946s] -- Installing: /home/doozy/ForkLift_AMR/install/forklift_interfaces/share/forklift_interfaces/cmake/export_forklift_interfaces__rosidl_typesupport_fastrtps_cExport-noconfig.cmake
[8.946s] -- Installing: /home/doozy/ForkLift_AMR/install/forklift_interfaces/share/forklift_interfaces/cmake/export_forklift_interfaces__rosidl_generator_cppExport.cmake
[8.947s] -- Installing: /home/doozy/ForkLift_AMR/install/forklift_interfaces/share/forklift_interfaces/cmake/export_forklift_interfaces__rosidl_typesupport_fastrtps_cppExport.cmake
[8.947s] -- Installing: /home/doozy/ForkLift_AMR/install/forklift_interfaces/share/forklift_interfaces/cmake/export_forklift_interfaces__rosidl_typesupport_fastrtps_cppExport-noconfig.cmake
[8.947s] -- Installing: /home/doozy/ForkLift_AMR/install/forklift_interfaces/share/forklift_interfaces/cmake/forklift_interfaces__rosidl_typesupport_introspection_cExport.cmake
[8.947s] -- Installing: /home/doozy/ForkLift_AMR/install/forklift_interfaces/share/forklift_interfaces/cmake/forklift_interfaces__rosidl_typesupport_introspection_cExport-noconfig.cmake
[8.948s] -- Installing: /home/doozy/ForkLift_AMR/install/forklift_interfaces/share/forklift_interfaces/cmake/forklift_interfaces__rosidl_typesupport_cExport.cmake
[8.948s] -- Installing: /home/doozy/ForkLift_AMR/install/forklift_interfaces/share/forklift_interfaces/cmake/forklift_interfaces__rosidl_typesupport_cExport-noconfig.cmake
[8.948s] -- Installing: /home/doozy/ForkLift_AMR/install/forklift_interfaces/share/forklift_interfaces/cmake/forklift_interfaces__rosidl_typesupport_introspection_cppExport.cmake
[8.948s] -- Installing: /home/doozy/ForkLift_AMR/install/forklift_interfaces/share/forklift_interfaces/cmake/forklift_interfaces__rosidl_typesupport_introspection_cppExport-noconfig.cmake
[8.949s] -- Installing: /home/doozy/ForkLift_AMR/install/forklift_interfaces/share/forklift_interfaces/cmake/forklift_interfaces__rosidl_typesupport_cppExport.cmake
[8.949s] -- Installing: /home/doozy/ForkLift_AMR/install/forklift_interfaces/share/forklift_interfaces/cmake/forklift_interfaces__rosidl_typesupport_cppExport-noconfig.cmake
[8.949s] -- Installing: /home/doozy/ForkLift_AMR/install/forklift_interfaces/share/forklift_interfaces/cmake/export_forklift_interfaces__rosidl_generator_pyExport.cmake
[8.949s] -- Installing: /home/doozy/ForkLift_AMR/install/forklift_interfaces/share/forklift_interfaces/cmake/export_forklift_interfaces__rosidl_generator_pyExport-noconfig.cmake
[8.950s] -- Installing: /home/doozy/ForkLift_AMR/install/forklift_interfaces/share/forklift_interfaces/cmake/rosidl_cmake-extras.cmake
[8.950s] -- Installing: /home/doozy/ForkLift_AMR/install/forklift_interfaces/share/forklift_interfaces/cmake/ament_cmake_export_include_directories-extras.cmake
[8.950s] -- Installing: /home/doozy/ForkLift_AMR/install/forklift_interfaces/share/forklift_interfaces/cmake/ament_cmake_export_libraries-extras.cmake
[8.950s] -- Installing: /home/doozy/ForkLift_AMR/install/forklift_interfaces/share/forklift_interfaces/cmake/ament_cmake_export_targets-extras.cmake
[8.950s] -- Installing: /home/doozy/ForkLift_AMR/install/forklift_interfaces/share/forklift_interfaces/cmake/rosidl_cmake_export_typesupport_targets-extras.cmake
[8.951s] -- Installing: /home/doozy/ForkLift_AMR/install/forklift_interfaces/share/forklift_interfaces/cmake/ament_cmake_export_dependencies-extras.cmake
[8.951s] -- Installing: /home/doozy/ForkLift_AMR/install/forklift_interfaces/share/forklift_interfaces/cmake/rosidl_cmake_export_typesupport_libraries-extras.cmake
[8.951s] -- Installing: /home/doozy/ForkLift_AMR/install/forklift_interfaces/share/forklift_interfaces/cmake/forklift_interfacesConfig.cmake
[8.951s] -- Installing: /home/doozy/ForkLift_AMR/install/forklift_interfaces/share/forklift_interfaces/cmake/forklift_interfacesConfig-version.cmake
[8.951s] -- Installing: /home/doozy/ForkLift_AMR/install/forklift_interfaces/share/forklift_interfaces/package.xml
[8.955s] Invoked command in '/home/doozy/ForkLift_AMR/build/forklift_interfaces' returned '0': CMAKE_PREFIX_PATH=${CMAKE_PREFIX_PATH}:/home/doozy/ForkLift_AMR/install/doozy_forklift:/home/doozy/turtlebot3_ws/install/turtlebot3_teleop:/home/doozy/turtlebot3_ws/install/turtlebot3_example:/home/doozy/turtlebot3_ws/install/autonomous_tb3:/home/doozy/doozy_ws/install/task_py:/home/doozy/doozy_robotics/doozy_ws_2/install/pallet_docker_02:/home/doozy/doozy_robotics/doozy_ws_2/install/2_t_dolly_logistics_driver:/home/doozy/ros2_ws/install/hotel_package:/home/doozy/ros2_ws/install/deffy:/home/doozy/do_ws/install/task_py:/home/doozy/neuronbot2_ros2_ws/install/neuronbot2_led:/opt/ros/humble /usr/bin/cmake --install /home/doozy/ForkLift_AMR/build/forklift_interfaces
