[0.431s] DEBUG:colcon:Command line arguments: ['/home/avinaash/.local/bin/colcon', 'build']
[0.431s] DEBUG:colcon:Parsed command line arguments: Namespace(allow_overriding=[], ament_cmake_args=None, base_paths=['.'], build_base='build', catkin_cmake_args=None, catkin_skip_building_tests=False, cmake_args=None, cmake_clean_cache=False, cmake_clean_first=False, cmake_force_configure=False, cmake_target=None, cmake_target_skip_unavailable=False, continue_on_error=False, event_handlers=None, executor='parallel', ignore_user_meta=False, install_base='install', log_base=None, log_level=None, main=<bound method BuildVerb.main of <colcon_core.verb.build.BuildVerb object at 0x7fd2e61a2dc0>>, merge_install=False, metas=['./colcon.meta'], packages_above=None, packages_above_and_dependencies=None, packages_above_depth=None, packages_end=None, packages_ignore=None, packages_ignore_regex=None, packages_select=None, packages_select_build_failed=False, packages_select_by_dep=None, packages_select_regex=None, packages_select_test_failures=False, packages_skip=None, packages_skip_build_finished=False, packages_skip_by_dep=None, packages_skip_regex=None, packages_skip_test_passed=False, packages_skip_up_to=None, packages_start=None, packages_up_to=None, packages_up_to_regex=None, parallel_workers=16, paths=None, symlink_install=False, test_result_base=None, verb_extension=<colcon_core.verb.build.BuildVerb object at 0x7fd2e61a2dc0>, verb_name='build', verb_parser=<colcon_defaults.argument_parser.defaults.DefaultArgumentsDecorator object at 0x7fd2e6133370>)
[0.555s] Level 1:colcon.colcon_core.package_discovery:discover_packages(colcon_meta) check parameters
[0.556s] Level 1:colcon.colcon_core.package_discovery:discover_packages(recursive) check parameters
[0.556s] Level 1:colcon.colcon_core.package_discovery:discover_packages(ignore) check parameters
[0.556s] Level 1:colcon.colcon_core.package_discovery:discover_packages(path) check parameters
[0.556s] Level 1:colcon.colcon_core.package_discovery:discover_packages(colcon_meta) discover
[0.556s] Level 1:colcon.colcon_core.package_discovery:discover_packages(recursive) discover
[0.556s] INFO:colcon.colcon_core.package_discovery:Crawling recursively for packages in '/home/avinaash/ForkLift_AMR'
[0.556s] Level 1:colcon.colcon_core.package_identification:_identify(.) by extensions ['ignore', 'ignore_ament_install']
[0.556s] Level 1:colcon.colcon_core.package_identification:_identify(.) by extension 'ignore'
[0.556s] Level 1:colcon.colcon_core.package_identification:_identify(.) by extension 'ignore_ament_install'
[0.556s] Level 1:colcon.colcon_core.package_identification:_identify(.) by extensions ['colcon_pkg']
[0.556s] Level 1:colcon.colcon_core.package_identification:_identify(.) by extension 'colcon_pkg'
[0.556s] Level 1:colcon.colcon_core.package_identification:_identify(.) by extensions ['colcon_meta']
[0.556s] Level 1:colcon.colcon_core.package_identification:_identify(.) by extension 'colcon_meta'
[0.556s] Level 1:colcon.colcon_core.package_identification:_identify(.) by extensions ['ros']
[0.556s] Level 1:colcon.colcon_core.package_identification:_identify(.) by extension 'ros'
[0.564s] Level 1:colcon.colcon_core.package_identification:_identify(.) by extensions ['cmake', 'python']
[0.564s] Level 1:colcon.colcon_core.package_identification:_identify(.) by extension 'cmake'
[0.564s] Level 1:colcon.colcon_core.package_identification:_identify(.) by extension 'python'
[0.564s] Level 1:colcon.colcon_core.package_identification:_identify(.) by extensions ['python_setup_py']
[0.565s] Level 1:colcon.colcon_core.package_identification:_identify(.) by extension 'python_setup_py'
[0.565s] Level 1:colcon.colcon_core.package_identification:_identify(build) by extensions ['ignore', 'ignore_ament_install']
[0.565s] Level 1:colcon.colcon_core.package_identification:_identify(build) by extension 'ignore'
[0.565s] Level 1:colcon.colcon_core.package_identification:_identify(build) ignored
[0.565s] Level 1:colcon.colcon_core.package_identification:_identify(install) by extensions ['ignore', 'ignore_ament_install']
[0.565s] Level 1:colcon.colcon_core.package_identification:_identify(install) by extension 'ignore'
[0.565s] Level 1:colcon.colcon_core.package_identification:_identify(install) ignored
[0.565s] Level 1:colcon.colcon_core.package_identification:_identify(log) by extensions ['ignore', 'ignore_ament_install']
[0.565s] Level 1:colcon.colcon_core.package_identification:_identify(log) by extension 'ignore'
[0.565s] Level 1:colcon.colcon_core.package_identification:_identify(log) ignored
[0.565s] Level 1:colcon.colcon_core.package_identification:_identify(rviz) by extensions ['ignore', 'ignore_ament_install']
[0.565s] Level 1:colcon.colcon_core.package_identification:_identify(rviz) by extension 'ignore'
[0.565s] Level 1:colcon.colcon_core.package_identification:_identify(rviz) by extension 'ignore_ament_install'
[0.565s] Level 1:colcon.colcon_core.package_identification:_identify(rviz) by extensions ['colcon_pkg']
[0.565s] Level 1:colcon.colcon_core.package_identification:_identify(rviz) by extension 'colcon_pkg'
[0.565s] Level 1:colcon.colcon_core.package_identification:_identify(rviz) by extensions ['colcon_meta']
[0.565s] Level 1:colcon.colcon_core.package_identification:_identify(rviz) by extension 'colcon_meta'
[0.565s] Level 1:colcon.colcon_core.package_identification:_identify(rviz) by extensions ['ros']
[0.565s] Level 1:colcon.colcon_core.package_identification:_identify(rviz) by extension 'ros'
[0.565s] Level 1:colcon.colcon_core.package_identification:_identify(rviz) by extensions ['cmake', 'python']
[0.565s] Level 1:colcon.colcon_core.package_identification:_identify(rviz) by extension 'cmake'
[0.565s] Level 1:colcon.colcon_core.package_identification:_identify(rviz) by extension 'python'
[0.565s] Level 1:colcon.colcon_core.package_identification:_identify(rviz) by extensions ['python_setup_py']
[0.565s] Level 1:colcon.colcon_core.package_identification:_identify(rviz) by extension 'python_setup_py'
[0.565s] Level 1:colcon.colcon_core.package_identification:_identify(src) by extensions ['ignore', 'ignore_ament_install']
[0.565s] Level 1:colcon.colcon_core.package_identification:_identify(src) by extension 'ignore'
[0.565s] Level 1:colcon.colcon_core.package_identification:_identify(src) by extension 'ignore_ament_install'
[0.565s] Level 1:colcon.colcon_core.package_identification:_identify(src) by extensions ['colcon_pkg']
[0.566s] Level 1:colcon.colcon_core.package_identification:_identify(src) by extension 'colcon_pkg'
[0.566s] Level 1:colcon.colcon_core.package_identification:_identify(src) by extensions ['colcon_meta']
[0.566s] Level 1:colcon.colcon_core.package_identification:_identify(src) by extension 'colcon_meta'
[0.566s] Level 1:colcon.colcon_core.package_identification:_identify(src) by extensions ['ros']
[0.566s] Level 1:colcon.colcon_core.package_identification:_identify(src) by extension 'ros'
[0.566s] Level 1:colcon.colcon_core.package_identification:_identify(src) by extensions ['cmake', 'python']
[0.566s] Level 1:colcon.colcon_core.package_identification:_identify(src) by extension 'cmake'
[0.566s] Level 1:colcon.colcon_core.package_identification:_identify(src) by extension 'python'
[0.566s] Level 1:colcon.colcon_core.package_identification:_identify(src) by extensions ['python_setup_py']
[0.566s] Level 1:colcon.colcon_core.package_identification:_identify(src) by extension 'python_setup_py'
[0.566s] Level 1:colcon.colcon_core.package_identification:_identify(src/doozy_forklift) by extensions ['ignore', 'ignore_ament_install']
[0.566s] Level 1:colcon.colcon_core.package_identification:_identify(src/doozy_forklift) by extension 'ignore'
[0.566s] Level 1:colcon.colcon_core.package_identification:_identify(src/doozy_forklift) by extension 'ignore_ament_install'
[0.566s] Level 1:colcon.colcon_core.package_identification:_identify(src/doozy_forklift) by extensions ['colcon_pkg']
[0.566s] Level 1:colcon.colcon_core.package_identification:_identify(src/doozy_forklift) by extension 'colcon_pkg'
[0.566s] Level 1:colcon.colcon_core.package_identification:_identify(src/doozy_forklift) by extensions ['colcon_meta']
[0.566s] Level 1:colcon.colcon_core.package_identification:_identify(src/doozy_forklift) by extension 'colcon_meta'
[0.566s] Level 1:colcon.colcon_core.package_identification:_identify(src/doozy_forklift) by extensions ['ros']
[0.566s] Level 1:colcon.colcon_core.package_identification:_identify(src/doozy_forklift) by extension 'ros'
[0.568s] DEBUG:colcon.colcon_core.package_identification:Package 'src/doozy_forklift' with type 'ros.ament_python' and name 'doozy_forklift'
[0.568s] Level 1:colcon.colcon_core.package_identification:_identify(src/forklift_interfaces) by extensions ['ignore', 'ignore_ament_install']
[0.568s] Level 1:colcon.colcon_core.package_identification:_identify(src/forklift_interfaces) by extension 'ignore'
[0.568s] Level 1:colcon.colcon_core.package_identification:_identify(src/forklift_interfaces) by extension 'ignore_ament_install'
[0.568s] Level 1:colcon.colcon_core.package_identification:_identify(src/forklift_interfaces) by extensions ['colcon_pkg']
[0.569s] Level 1:colcon.colcon_core.package_identification:_identify(src/forklift_interfaces) by extension 'colcon_pkg'
[0.569s] Level 1:colcon.colcon_core.package_identification:_identify(src/forklift_interfaces) by extensions ['colcon_meta']
[0.569s] Level 1:colcon.colcon_core.package_identification:_identify(src/forklift_interfaces) by extension 'colcon_meta'
[0.569s] Level 1:colcon.colcon_core.package_identification:_identify(src/forklift_interfaces) by extensions ['ros']
[0.569s] Level 1:colcon.colcon_core.package_identification:_identify(src/forklift_interfaces) by extension 'ros'
[0.569s] DEBUG:colcon.colcon_core.package_identification:Package 'src/forklift_interfaces' with type 'ros.ament_cmake' and name 'forklift_interfaces'
[0.569s] Level 1:colcon.colcon_core.package_identification:_identify(src/turtlebot3) by extensions ['ignore', 'ignore_ament_install']
[0.569s] Level 1:colcon.colcon_core.package_identification:_identify(src/turtlebot3) by extension 'ignore'
[0.569s] Level 1:colcon.colcon_core.package_identification:_identify(src/turtlebot3) by extension 'ignore_ament_install'
[0.569s] Level 1:colcon.colcon_core.package_identification:_identify(src/turtlebot3) by extensions ['colcon_pkg']
[0.569s] Level 1:colcon.colcon_core.package_identification:_identify(src/turtlebot3) by extension 'colcon_pkg'
[0.569s] Level 1:colcon.colcon_core.package_identification:_identify(src/turtlebot3) by extensions ['colcon_meta']
[0.569s] Level 1:colcon.colcon_core.package_identification:_identify(src/turtlebot3) by extension 'colcon_meta'
[0.569s] Level 1:colcon.colcon_core.package_identification:_identify(src/turtlebot3) by extensions ['ros']
[0.569s] Level 1:colcon.colcon_core.package_identification:_identify(src/turtlebot3) by extension 'ros'
[0.569s] Level 1:colcon.colcon_core.package_identification:_identify(src/turtlebot3) by extensions ['cmake', 'python']
[0.569s] Level 1:colcon.colcon_core.package_identification:_identify(src/turtlebot3) by extension 'cmake'
[0.569s] Level 1:colcon.colcon_core.package_identification:_identify(src/turtlebot3) by extension 'python'
[0.569s] Level 1:colcon.colcon_core.package_identification:_identify(src/turtlebot3) by extensions ['python_setup_py']
[0.569s] Level 1:colcon.colcon_core.package_identification:_identify(src/turtlebot3) by extension 'python_setup_py'
[0.570s] Level 1:colcon.colcon_core.package_identification:_identify(src/turtlebot3_simulations) by extensions ['ignore', 'ignore_ament_install']
[0.570s] Level 1:colcon.colcon_core.package_identification:_identify(src/turtlebot3_simulations) by extension 'ignore'
[0.570s] Level 1:colcon.colcon_core.package_identification:_identify(src/turtlebot3_simulations) by extension 'ignore_ament_install'
[0.570s] Level 1:colcon.colcon_core.package_identification:_identify(src/turtlebot3_simulations) by extensions ['colcon_pkg']
[0.570s] Level 1:colcon.colcon_core.package_identification:_identify(src/turtlebot3_simulations) by extension 'colcon_pkg'
[0.570s] Level 1:colcon.colcon_core.package_identification:_identify(src/turtlebot3_simulations) by extensions ['colcon_meta']
[0.570s] Level 1:colcon.colcon_core.package_identification:_identify(src/turtlebot3_simulations) by extension 'colcon_meta'
[0.570s] Level 1:colcon.colcon_core.package_identification:_identify(src/turtlebot3_simulations) by extensions ['ros']
[0.570s] Level 1:colcon.colcon_core.package_identification:_identify(src/turtlebot3_simulations) by extension 'ros'
[0.570s] Level 1:colcon.colcon_core.package_identification:_identify(src/turtlebot3_simulations) by extensions ['cmake', 'python']
[0.570s] Level 1:colcon.colcon_core.package_identification:_identify(src/turtlebot3_simulations) by extension 'cmake'
[0.570s] Level 1:colcon.colcon_core.package_identification:_identify(src/turtlebot3_simulations) by extension 'python'
[0.570s] Level 1:colcon.colcon_core.package_identification:_identify(src/turtlebot3_simulations) by extensions ['python_setup_py']
[0.570s] Level 1:colcon.colcon_core.package_identification:_identify(src/turtlebot3_simulations) by extension 'python_setup_py'
[0.570s] Level 1:colcon.colcon_core.package_discovery:discover_packages(recursive) using defaults
[0.570s] Level 1:colcon.colcon_core.package_discovery:discover_packages(ignore) discover
[0.570s] Level 1:colcon.colcon_core.package_discovery:discover_packages(ignore) using defaults
[0.570s] Level 1:colcon.colcon_core.package_discovery:discover_packages(path) discover
[0.570s] Level 1:colcon.colcon_core.package_discovery:discover_packages(path) using defaults
[0.588s] Level 1:colcon.colcon_core.package_discovery:discover_packages(prefix_path) check parameters
[0.588s] Level 1:colcon.colcon_core.package_discovery:discover_packages(prefix_path) discover
[0.589s] WARNING:colcon.colcon_ros.prefix_path.ament:The path '/home/avinaash/ForkLift_AMR/install/forklift_interfaces' in the environment variable AMENT_PREFIX_PATH doesn't exist
[0.589s] WARNING:colcon.colcon_ros.prefix_path.ament:The path '/home/avinaash/ForkLift_AMR/install/doozy_forklift' in the environment variable AMENT_PREFIX_PATH doesn't exist
[0.589s] WARNING:colcon.colcon_ros.prefix_path.catkin:The path '/home/avinaash/ForkLift_AMR/install/forklift_interfaces' in the environment variable CMAKE_PREFIX_PATH doesn't exist
[0.590s] DEBUG:colcon.colcon_installed_package_information.package_discovery:Found 0 installed packages in /home/avinaash/ForkLift_AMR/install
[0.591s] DEBUG:colcon.colcon_installed_package_information.package_discovery:Found 388 installed packages in /opt/ros/galactic
[0.592s] Level 1:colcon.colcon_core.package_discovery:discover_packages(prefix_path) using defaults
[0.678s] Level 5:colcon.colcon_core.verb:set package 'doozy_forklift' build argument 'cmake_args' from command line to 'None'
[0.678s] Level 5:colcon.colcon_core.verb:set package 'doozy_forklift' build argument 'cmake_target' from command line to 'None'
[0.679s] Level 5:colcon.colcon_core.verb:set package 'doozy_forklift' build argument 'cmake_target_skip_unavailable' from command line to 'False'
[0.679s] Level 5:colcon.colcon_core.verb:set package 'doozy_forklift' build argument 'cmake_clean_cache' from command line to 'False'
[0.679s] Level 5:colcon.colcon_core.verb:set package 'doozy_forklift' build argument 'cmake_clean_first' from command line to 'False'
[0.679s] Level 5:colcon.colcon_core.verb:set package 'doozy_forklift' build argument 'cmake_force_configure' from command line to 'False'
[0.679s] Level 5:colcon.colcon_core.verb:set package 'doozy_forklift' build argument 'ament_cmake_args' from command line to 'None'
[0.679s] Level 5:colcon.colcon_core.verb:set package 'doozy_forklift' build argument 'catkin_cmake_args' from command line to 'None'
[0.679s] Level 5:colcon.colcon_core.verb:set package 'doozy_forklift' build argument 'catkin_skip_building_tests' from command line to 'False'
[0.679s] DEBUG:colcon.colcon_core.verb:Building package 'doozy_forklift' with the following arguments: {'ament_cmake_args': None, 'build_base': '/home/avinaash/ForkLift_AMR/build/doozy_forklift', 'catkin_cmake_args': None, 'catkin_skip_building_tests': False, 'cmake_args': None, 'cmake_clean_cache': False, 'cmake_clean_first': False, 'cmake_force_configure': False, 'cmake_target': None, 'cmake_target_skip_unavailable': False, 'install_base': '/home/avinaash/ForkLift_AMR/install/doozy_forklift', 'merge_install': False, 'path': '/home/avinaash/ForkLift_AMR/src/doozy_forklift', 'symlink_install': False, 'test_result_base': None}
[0.679s] Level 5:colcon.colcon_core.verb:set package 'forklift_interfaces' build argument 'cmake_args' from command line to 'None'
[0.679s] Level 5:colcon.colcon_core.verb:set package 'forklift_interfaces' build argument 'cmake_target' from command line to 'None'
[0.679s] Level 5:colcon.colcon_core.verb:set package 'forklift_interfaces' build argument 'cmake_target_skip_unavailable' from command line to 'False'
[0.679s] Level 5:colcon.colcon_core.verb:set package 'forklift_interfaces' build argument 'cmake_clean_cache' from command line to 'False'
[0.679s] Level 5:colcon.colcon_core.verb:set package 'forklift_interfaces' build argument 'cmake_clean_first' from command line to 'False'
[0.679s] Level 5:colcon.colcon_core.verb:set package 'forklift_interfaces' build argument 'cmake_force_configure' from command line to 'False'
[0.679s] Level 5:colcon.colcon_core.verb:set package 'forklift_interfaces' build argument 'ament_cmake_args' from command line to 'None'
[0.679s] Level 5:colcon.colcon_core.verb:set package 'forklift_interfaces' build argument 'catkin_cmake_args' from command line to 'None'
[0.679s] Level 5:colcon.colcon_core.verb:set package 'forklift_interfaces' build argument 'catkin_skip_building_tests' from command line to 'False'
[0.679s] DEBUG:colcon.colcon_core.verb:Building package 'forklift_interfaces' with the following arguments: {'ament_cmake_args': None, 'build_base': '/home/avinaash/ForkLift_AMR/build/forklift_interfaces', 'catkin_cmake_args': None, 'catkin_skip_building_tests': False, 'cmake_args': None, 'cmake_clean_cache': False, 'cmake_clean_first': False, 'cmake_force_configure': False, 'cmake_target': None, 'cmake_target_skip_unavailable': False, 'install_base': '/home/avinaash/ForkLift_AMR/install/forklift_interfaces', 'merge_install': False, 'path': '/home/avinaash/ForkLift_AMR/src/forklift_interfaces', 'symlink_install': False, 'test_result_base': None}
[0.679s] INFO:colcon.colcon_core.executor:Executing jobs using 'parallel' executor
[0.680s] DEBUG:colcon.colcon_parallel_executor.executor.parallel:run_until_complete
[0.680s] INFO:colcon.colcon_ros.task.ament_python.build:Building ROS package in '/home/avinaash/ForkLift_AMR/src/doozy_forklift' with build type 'ament_python'
[0.680s] Level 1:colcon.colcon_core.shell:create_environment_hook('doozy_forklift', 'ament_prefix_path')
[0.684s] INFO:colcon.colcon_core.plugin_system:Skipping extension 'colcon_core.shell.bat': Not used on non-Windows systems
[0.684s] INFO:colcon.colcon_core.shell:Creating environment hook '/home/avinaash/ForkLift_AMR/install/doozy_forklift/share/doozy_forklift/hook/ament_prefix_path.ps1'
[0.685s] INFO:colcon.colcon_core.shell:Creating environment descriptor '/home/avinaash/ForkLift_AMR/install/doozy_forklift/share/doozy_forklift/hook/ament_prefix_path.dsv'
[0.686s] INFO:colcon.colcon_core.shell:Creating environment hook '/home/avinaash/ForkLift_AMR/install/doozy_forklift/share/doozy_forklift/hook/ament_prefix_path.sh'
[0.686s] INFO:colcon.colcon_core.shell:Skip shell extension 'powershell' for command environment: Not usable outside of PowerShell
[0.686s] DEBUG:colcon.colcon_core.shell:Skip shell extension 'dsv' for command environment
[0.690s] INFO:colcon.colcon_ros.task.ament_cmake.build:Building ROS package in '/home/avinaash/ForkLift_AMR/src/forklift_interfaces' with build type 'ament_cmake'
[0.690s] INFO:colcon.colcon_cmake.task.cmake.build:Building CMake package in '/home/avinaash/ForkLift_AMR/src/forklift_interfaces'
[0.691s] INFO:colcon.colcon_core.shell:Skip shell extension 'powershell' for command environment: Not usable outside of PowerShell
[0.691s] DEBUG:colcon.colcon_core.shell:Skip shell extension 'dsv' for command environment
[0.856s] INFO:colcon.colcon_core.task.python.build:Building Python package in '/home/avinaash/ForkLift_AMR/src/doozy_forklift'
[0.857s] INFO:colcon.colcon_core.shell:Skip shell extension 'powershell' for command environment: Not usable outside of PowerShell
[0.857s] DEBUG:colcon.colcon_core.shell:Skip shell extension 'dsv' for command environment
[0.867s] DEBUG:colcon.colcon_core.event_handler.log_command:Invoking command in '/home/avinaash/ForkLift_AMR/build/forklift_interfaces': CMAKE_PREFIX_PATH=${CMAKE_PREFIX_PATH}:/home/avinaash/ForkLift_AMR/install/doozy_forklift:/opt/ros/galactic /usr/bin/cmake /home/avinaash/ForkLift_AMR/src/forklift_interfaces -DCMAKE_INSTALL_PREFIX=/home/avinaash/ForkLift_AMR/install/forklift_interfaces
[1.363s] DEBUG:colcon.colcon_core.event_handler.log_command:Invoking command in '/home/avinaash/ForkLift_AMR/src/doozy_forklift': PYTHONPATH=/home/avinaash/ForkLift_AMR/build/doozy_forklift/prefix_override:/home/avinaash/ForkLift_AMR/install/doozy_forklift/lib/python3.8/site-packages:${PYTHONPATH} /usr/bin/python3 -W ignore:setup.py install is deprecated setup.py egg_info --egg-base ../../build/doozy_forklift build --build-base /home/avinaash/ForkLift_AMR/build/doozy_forklift/build install --record /home/avinaash/ForkLift_AMR/build/doozy_forklift/install.log --single-version-externally-managed install_data
[1.582s] DEBUG:colcon.colcon_core.event_handler.log_command:Invoked command in '/home/avinaash/ForkLift_AMR/src/doozy_forklift' returned '0': PYTHONPATH=/home/avinaash/ForkLift_AMR/build/doozy_forklift/prefix_override:/home/avinaash/ForkLift_AMR/install/doozy_forklift/lib/python3.8/site-packages:${PYTHONPATH} /usr/bin/python3 -W ignore:setup.py install is deprecated setup.py egg_info --egg-base ../../build/doozy_forklift build --build-base /home/avinaash/ForkLift_AMR/build/doozy_forklift/build install --record /home/avinaash/ForkLift_AMR/build/doozy_forklift/install.log --single-version-externally-managed install_data
[1.589s] Level 1:colcon.colcon_core.environment:checking '/home/avinaash/ForkLift_AMR/install/doozy_forklift' for CMake module files
[1.589s] Level 1:colcon.colcon_core.environment:checking '/home/avinaash/ForkLift_AMR/install/doozy_forklift' for CMake config files
[1.590s] Level 1:colcon.colcon_core.environment:checking '/home/avinaash/ForkLift_AMR/install/doozy_forklift/lib'
[1.590s] Level 1:colcon.colcon_core.environment:checking '/home/avinaash/ForkLift_AMR/install/doozy_forklift/bin'
[1.590s] Level 1:colcon.colcon_core.environment:checking '/home/avinaash/ForkLift_AMR/install/doozy_forklift/lib/pkgconfig/doozy_forklift.pc'
[1.590s] Level 1:colcon.colcon_core.environment:checking '/home/avinaash/ForkLift_AMR/install/doozy_forklift/lib/python3.8/site-packages'
[1.590s] Level 1:colcon.colcon_core.shell:create_environment_hook('doozy_forklift', 'pythonpath')
[1.590s] INFO:colcon.colcon_core.shell:Creating environment hook '/home/avinaash/ForkLift_AMR/install/doozy_forklift/share/doozy_forklift/hook/pythonpath.ps1'
[1.590s] INFO:colcon.colcon_core.shell:Creating environment descriptor '/home/avinaash/ForkLift_AMR/install/doozy_forklift/share/doozy_forklift/hook/pythonpath.dsv'
[1.591s] INFO:colcon.colcon_core.shell:Creating environment hook '/home/avinaash/ForkLift_AMR/install/doozy_forklift/share/doozy_forklift/hook/pythonpath.sh'
[1.591s] Level 1:colcon.colcon_core.environment:checking '/home/avinaash/ForkLift_AMR/install/doozy_forklift/bin'
[1.591s] Level 1:colcon.colcon_core.environment:create_environment_scripts_only(doozy_forklift)
[1.591s] INFO:colcon.colcon_core.shell:Creating package script '/home/avinaash/ForkLift_AMR/install/doozy_forklift/share/doozy_forklift/package.ps1'
[1.592s] INFO:colcon.colcon_core.shell:Creating package descriptor '/home/avinaash/ForkLift_AMR/install/doozy_forklift/share/doozy_forklift/package.dsv'
[1.592s] INFO:colcon.colcon_core.shell:Creating package script '/home/avinaash/ForkLift_AMR/install/doozy_forklift/share/doozy_forklift/package.sh'
[1.593s] INFO:colcon.colcon_core.shell:Creating package script '/home/avinaash/ForkLift_AMR/install/doozy_forklift/share/doozy_forklift/package.bash'
[1.593s] INFO:colcon.colcon_core.shell:Creating package script '/home/avinaash/ForkLift_AMR/install/doozy_forklift/share/doozy_forklift/package.zsh'
[1.594s] Level 1:colcon.colcon_core.environment:create_file_with_runtime_dependencies(/home/avinaash/ForkLift_AMR/install/doozy_forklift/share/colcon-core/packages/doozy_forklift)
[2.764s] DEBUG:colcon.colcon_core.event_handler.log_command:Invoked command in '/home/avinaash/ForkLift_AMR/build/forklift_interfaces' returned '0': CMAKE_PREFIX_PATH=${CMAKE_PREFIX_PATH}:/home/avinaash/ForkLift_AMR/install/doozy_forklift:/opt/ros/galactic /usr/bin/cmake /home/avinaash/ForkLift_AMR/src/forklift_interfaces -DCMAKE_INSTALL_PREFIX=/home/avinaash/ForkLift_AMR/install/forklift_interfaces
[2.767s] DEBUG:colcon.colcon_core.event_handler.log_command:Invoking command in '/home/avinaash/ForkLift_AMR/build/forklift_interfaces': CMAKE_PREFIX_PATH=${CMAKE_PREFIX_PATH}:/home/avinaash/ForkLift_AMR/install/doozy_forklift:/opt/ros/galactic /usr/bin/cmake --build /home/avinaash/ForkLift_AMR/build/forklift_interfaces -- -j16 -l16
[4.699s] DEBUG:colcon.colcon_core.event_handler.log_command:Invoked command in '/home/avinaash/ForkLift_AMR/build/forklift_interfaces' returned '0': CMAKE_PREFIX_PATH=${CMAKE_PREFIX_PATH}:/home/avinaash/ForkLift_AMR/install/doozy_forklift:/opt/ros/galactic /usr/bin/cmake --build /home/avinaash/ForkLift_AMR/build/forklift_interfaces -- -j16 -l16
[4.753s] DEBUG:colcon.colcon_core.event_handler.log_command:Invoking command in '/home/avinaash/ForkLift_AMR/build/forklift_interfaces': CMAKE_PREFIX_PATH=${CMAKE_PREFIX_PATH}:/home/avinaash/ForkLift_AMR/install/doozy_forklift:/opt/ros/galactic /usr/bin/cmake --install /home/avinaash/ForkLift_AMR/build/forklift_interfaces
[4.803s] Level 1:colcon.colcon_core.environment:create_environment_scripts_only(forklift_interfaces)
[4.803s] Level 1:colcon.colcon_core.environment:checking '/home/avinaash/ForkLift_AMR/install/forklift_interfaces' for CMake module files
[4.804s] DEBUG:colcon.colcon_core.event_handler.log_command:Invoked command in '/home/avinaash/ForkLift_AMR/build/forklift_interfaces' returned '0': CMAKE_PREFIX_PATH=${CMAKE_PREFIX_PATH}:/home/avinaash/ForkLift_AMR/install/doozy_forklift:/opt/ros/galactic /usr/bin/cmake --install /home/avinaash/ForkLift_AMR/build/forklift_interfaces
[4.804s] Level 1:colcon.colcon_core.environment:checking '/home/avinaash/ForkLift_AMR/install/forklift_interfaces' for CMake config files
[4.804s] Level 1:colcon.colcon_core.shell:create_environment_hook('forklift_interfaces', 'cmake_prefix_path')
[4.804s] INFO:colcon.colcon_core.shell:Creating environment hook '/home/avinaash/ForkLift_AMR/install/forklift_interfaces/share/forklift_interfaces/hook/cmake_prefix_path.ps1'
[4.804s] INFO:colcon.colcon_core.shell:Creating environment descriptor '/home/avinaash/ForkLift_AMR/install/forklift_interfaces/share/forklift_interfaces/hook/cmake_prefix_path.dsv'
[4.805s] INFO:colcon.colcon_core.shell:Creating environment hook '/home/avinaash/ForkLift_AMR/install/forklift_interfaces/share/forklift_interfaces/hook/cmake_prefix_path.sh'
[4.805s] Level 1:colcon.colcon_core.environment:checking '/home/avinaash/ForkLift_AMR/install/forklift_interfaces/lib'
[4.805s] Level 1:colcon.colcon_core.shell:create_environment_hook('forklift_interfaces', 'ld_library_path_lib')
[4.805s] INFO:colcon.colcon_core.shell:Creating environment hook '/home/avinaash/ForkLift_AMR/install/forklift_interfaces/share/forklift_interfaces/hook/ld_library_path_lib.ps1'
[4.805s] INFO:colcon.colcon_core.shell:Creating environment descriptor '/home/avinaash/ForkLift_AMR/install/forklift_interfaces/share/forklift_interfaces/hook/ld_library_path_lib.dsv'
[4.805s] INFO:colcon.colcon_core.shell:Creating environment hook '/home/avinaash/ForkLift_AMR/install/forklift_interfaces/share/forklift_interfaces/hook/ld_library_path_lib.sh'
[4.806s] Level 1:colcon.colcon_core.environment:checking '/home/avinaash/ForkLift_AMR/install/forklift_interfaces/bin'
[4.806s] Level 1:colcon.colcon_core.environment:checking '/home/avinaash/ForkLift_AMR/install/forklift_interfaces/lib/pkgconfig/forklift_interfaces.pc'
[4.806s] Level 1:colcon.colcon_core.environment:checking '/home/avinaash/ForkLift_AMR/install/forklift_interfaces/lib/python3.8/site-packages'
[4.806s] Level 1:colcon.colcon_core.shell:create_environment_hook('forklift_interfaces', 'pythonpath')
[4.806s] INFO:colcon.colcon_core.shell:Creating environment hook '/home/avinaash/ForkLift_AMR/install/forklift_interfaces/share/forklift_interfaces/hook/pythonpath.ps1'
[4.806s] INFO:colcon.colcon_core.shell:Creating environment descriptor '/home/avinaash/ForkLift_AMR/install/forklift_interfaces/share/forklift_interfaces/hook/pythonpath.dsv'
[4.806s] INFO:colcon.colcon_core.shell:Creating environment hook '/home/avinaash/ForkLift_AMR/install/forklift_interfaces/share/forklift_interfaces/hook/pythonpath.sh'
[4.806s] Level 1:colcon.colcon_core.environment:checking '/home/avinaash/ForkLift_AMR/install/forklift_interfaces/bin'
[4.807s] INFO:colcon.colcon_core.shell:Creating package script '/home/avinaash/ForkLift_AMR/install/forklift_interfaces/share/forklift_interfaces/package.ps1'
[4.807s] INFO:colcon.colcon_core.shell:Creating package descriptor '/home/avinaash/ForkLift_AMR/install/forklift_interfaces/share/forklift_interfaces/package.dsv'
[4.807s] INFO:colcon.colcon_core.shell:Creating package script '/home/avinaash/ForkLift_AMR/install/forklift_interfaces/share/forklift_interfaces/package.sh'
[4.807s] INFO:colcon.colcon_core.shell:Creating package script '/home/avinaash/ForkLift_AMR/install/forklift_interfaces/share/forklift_interfaces/package.bash'
[4.808s] INFO:colcon.colcon_core.shell:Creating package script '/home/avinaash/ForkLift_AMR/install/forklift_interfaces/share/forklift_interfaces/package.zsh'
[4.808s] Level 1:colcon.colcon_core.environment:create_file_with_runtime_dependencies(/home/avinaash/ForkLift_AMR/install/forklift_interfaces/share/colcon-core/packages/forklift_interfaces)
[4.849s] Level 1:colcon.colcon_core.environment:create_environment_scripts_only(forklift_interfaces)
[4.849s] Level 1:colcon.colcon_core.environment:checking '/home/avinaash/ForkLift_AMR/install/forklift_interfaces' for CMake module files
[4.850s] Level 1:colcon.colcon_core.environment:checking '/home/avinaash/ForkLift_AMR/install/forklift_interfaces' for CMake config files
[4.851s] Level 1:colcon.colcon_core.shell:create_environment_hook('forklift_interfaces', 'cmake_prefix_path')
[4.851s] INFO:colcon.colcon_core.shell:Creating environment hook '/home/avinaash/ForkLift_AMR/install/forklift_interfaces/share/forklift_interfaces/hook/cmake_prefix_path.ps1'
[4.852s] INFO:colcon.colcon_core.shell:Creating environment descriptor '/home/avinaash/ForkLift_AMR/install/forklift_interfaces/share/forklift_interfaces/hook/cmake_prefix_path.dsv'
[4.853s] INFO:colcon.colcon_core.shell:Creating environment hook '/home/avinaash/ForkLift_AMR/install/forklift_interfaces/share/forklift_interfaces/hook/cmake_prefix_path.sh'
[4.854s] Level 1:colcon.colcon_core.environment:checking '/home/avinaash/ForkLift_AMR/install/forklift_interfaces/lib'
[4.854s] Level 1:colcon.colcon_core.shell:create_environment_hook('forklift_interfaces', 'ld_library_path_lib')
[4.854s] INFO:colcon.colcon_core.shell:Creating environment hook '/home/avinaash/ForkLift_AMR/install/forklift_interfaces/share/forklift_interfaces/hook/ld_library_path_lib.ps1'
[4.855s] INFO:colcon.colcon_core.shell:Creating environment descriptor '/home/avinaash/ForkLift_AMR/install/forklift_interfaces/share/forklift_interfaces/hook/ld_library_path_lib.dsv'
[4.855s] INFO:colcon.colcon_core.shell:Creating environment hook '/home/avinaash/ForkLift_AMR/install/forklift_interfaces/share/forklift_interfaces/hook/ld_library_path_lib.sh'
[4.856s] Level 1:colcon.colcon_core.environment:checking '/home/avinaash/ForkLift_AMR/install/forklift_interfaces/bin'
[4.856s] Level 1:colcon.colcon_core.environment:checking '/home/avinaash/ForkLift_AMR/install/forklift_interfaces/lib/pkgconfig/forklift_interfaces.pc'
[4.856s] Level 1:colcon.colcon_core.environment:checking '/home/avinaash/ForkLift_AMR/install/forklift_interfaces/lib/python3.8/site-packages'
[4.856s] Level 1:colcon.colcon_core.shell:create_environment_hook('forklift_interfaces', 'pythonpath')
[4.857s] INFO:colcon.colcon_core.shell:Creating environment hook '/home/avinaash/ForkLift_AMR/install/forklift_interfaces/share/forklift_interfaces/hook/pythonpath.ps1'
[4.857s] INFO:colcon.colcon_core.shell:Creating environment descriptor '/home/avinaash/ForkLift_AMR/install/forklift_interfaces/share/forklift_interfaces/hook/pythonpath.dsv'
[4.858s] INFO:colcon.colcon_core.shell:Creating environment hook '/home/avinaash/ForkLift_AMR/install/forklift_interfaces/share/forklift_interfaces/hook/pythonpath.sh'
[4.859s] Level 1:colcon.colcon_core.environment:checking '/home/avinaash/ForkLift_AMR/install/forklift_interfaces/bin'
[4.859s] INFO:colcon.colcon_core.shell:Creating package script '/home/avinaash/ForkLift_AMR/install/forklift_interfaces/share/forklift_interfaces/package.ps1'
[4.859s] INFO:colcon.colcon_core.shell:Creating package descriptor '/home/avinaash/ForkLift_AMR/install/forklift_interfaces/share/forklift_interfaces/package.dsv'
[4.859s] INFO:colcon.colcon_core.shell:Creating package script '/home/avinaash/ForkLift_AMR/install/forklift_interfaces/share/forklift_interfaces/package.sh'
[4.860s] INFO:colcon.colcon_core.shell:Creating package script '/home/avinaash/ForkLift_AMR/install/forklift_interfaces/share/forklift_interfaces/package.bash'
[4.860s] INFO:colcon.colcon_core.shell:Creating package script '/home/avinaash/ForkLift_AMR/install/forklift_interfaces/share/forklift_interfaces/package.zsh'
[4.860s] Level 1:colcon.colcon_core.environment:create_file_with_runtime_dependencies(/home/avinaash/ForkLift_AMR/install/forklift_interfaces/share/colcon-core/packages/forklift_interfaces)
[4.860s] DEBUG:colcon.colcon_parallel_executor.executor.parallel:closing loop
[4.861s] DEBUG:colcon.colcon_parallel_executor.executor.parallel:loop closed
[4.861s] DEBUG:colcon.colcon_parallel_executor.executor.parallel:run_until_complete finished with '0'
[4.861s] DEBUG:colcon.colcon_core.event_reactor:joining thread
[4.871s] INFO:colcon.colcon_core.plugin_system:Skipping extension 'colcon_notification.desktop_notification.terminal_notifier': Not used on non-Darwin systems
[4.871s] INFO:colcon.colcon_core.plugin_system:Skipping extension 'colcon_notification.desktop_notification.win32': Not used on non-Windows systems
[4.871s] INFO:colcon.colcon_notification.desktop_notification:Sending desktop notification using 'notify2'
[4.885s] DEBUG:colcon.colcon_core.event_reactor:joined thread
[4.885s] INFO:colcon.colcon_core.shell:Creating prefix script '/home/avinaash/ForkLift_AMR/install/local_setup.ps1'
[4.886s] INFO:colcon.colcon_core.shell:Creating prefix util module '/home/avinaash/ForkLift_AMR/install/_local_setup_util_ps1.py'
[4.887s] INFO:colcon.colcon_core.shell:Creating prefix chain script '/home/avinaash/ForkLift_AMR/install/setup.ps1'
[4.888s] INFO:colcon.colcon_core.shell:Creating prefix script '/home/avinaash/ForkLift_AMR/install/local_setup.sh'
[4.889s] INFO:colcon.colcon_core.shell:Creating prefix util module '/home/avinaash/ForkLift_AMR/install/_local_setup_util_sh.py'
[4.889s] INFO:colcon.colcon_core.shell:Creating prefix chain script '/home/avinaash/ForkLift_AMR/install/setup.sh'
[4.889s] INFO:colcon.colcon_core.shell:Creating prefix script '/home/avinaash/ForkLift_AMR/install/local_setup.bash'
[4.890s] INFO:colcon.colcon_core.shell:Creating prefix chain script '/home/avinaash/ForkLift_AMR/install/setup.bash'
[4.891s] INFO:colcon.colcon_core.shell:Creating prefix script '/home/avinaash/ForkLift_AMR/install/local_setup.zsh'
[4.891s] INFO:colcon.colcon_core.shell:Creating prefix chain script '/home/avinaash/ForkLift_AMR/install/setup.zsh'
