[0.881s] Invoking command in '/home/doozy/ForkLift_AMR/src/doozy_forklift': PYTHONPATH=/home/doozy/ForkLift_AMR/build/doozy_forklift/prefix_override:/home/doozy/ForkLift_AMR/install/doozy_forklift/lib/python3.10/site-packages:${PYTHONPATH} /usr/bin/python3 -W ignore:setup.py install is deprecated setup.py egg_info --egg-base ../../build/doozy_forklift build --build-base /home/doozy/ForkLift_AMR/build/doozy_forklift/build install --record /home/doozy/ForkLift_AMR/build/doozy_forklift/install.log --single-version-externally-managed install_data
[1.141s] running egg_info
[1.160s] writing ../../build/doozy_forklift/doozy_forklift.egg-info/PKG-INFO
[1.160s] writing dependency_links to ../../build/doozy_forklift/doozy_forklift.egg-info/dependency_links.txt
[1.160s] writing entry points to ../../build/doozy_forklift/doozy_forklift.egg-info/entry_points.txt
[1.160s] writing requirements to ../../build/doozy_forklift/doozy_forklift.egg-info/requires.txt
[1.160s] writing top-level names to ../../build/doozy_forklift/doozy_forklift.egg-info/top_level.txt
[1.209s] reading manifest file '../../build/doozy_forklift/doozy_forklift.egg-info/SOURCES.txt'
[1.210s] writing manifest file '../../build/doozy_forklift/doozy_forklift.egg-info/SOURCES.txt'
[1.210s] running build
[1.210s] running build_py
[1.210s] copying doozy_forklift/client_02.py -> /home/doozy/ForkLift_AMR/build/doozy_forklift/build/lib/doozy_forklift
[1.211s] copying doozy_forklift/client_01.py -> /home/doozy/ForkLift_AMR/build/doozy_forklift/build/lib/doozy_forklift
[1.211s] copying doozy_forklift/publish_tf_01.py -> /home/doozy/ForkLift_AMR/build/doozy_forklift/build/lib/doozy_forklift
[1.211s] copying doozy_forklift/detect_pallet_01.py -> /home/doozy/ForkLift_AMR/build/doozy_forklift/build/lib/doozy_forklift
[1.211s] copying doozy_forklift/client_03.py -> /home/doozy/ForkLift_AMR/build/doozy_forklift/build/lib/doozy_forklift
[1.211s] copying doozy_forklift/dock_with_pallet_01.py -> /home/doozy/ForkLift_AMR/build/doozy_forklift/build/lib/doozy_forklift
[1.211s] copying doozy_forklift/__init__.py -> /home/doozy/ForkLift_AMR/build/doozy_forklift/build/lib/doozy_forklift
[1.212s] running install
[1.219s] running install_lib
[1.242s] copying /home/doozy/ForkLift_AMR/build/doozy_forklift/build/lib/doozy_forklift/dock_with_pallet_01.py -> /home/doozy/ForkLift_AMR/install/doozy_forklift/lib/python3.10/site-packages/doozy_forklift
[1.243s] byte-compiling /home/doozy/ForkLift_AMR/install/doozy_forklift/lib/python3.10/site-packages/doozy_forklift/dock_with_pallet_01.py to dock_with_pallet_01.cpython-310.pyc
[1.244s] running install_data
[1.244s] copying resource/doozy_forklift -> /home/doozy/ForkLift_AMR/install/doozy_forklift/share/ament_index/resource_index/packages
[1.244s] copying package.xml -> /home/doozy/ForkLift_AMR/install/doozy_forklift/share/doozy_forklift
[1.244s] running install_egg_info
[1.265s] removing '/home/doozy/ForkLift_AMR/install/doozy_forklift/lib/python3.10/site-packages/doozy_forklift-0.0.0-py3.10.egg-info' (and everything under it)
[1.265s] Copying ../../build/doozy_forklift/doozy_forklift.egg-info to /home/doozy/ForkLift_AMR/install/doozy_forklift/lib/python3.10/site-packages/doozy_forklift-0.0.0-py3.10.egg-info
[1.265s] running install_scripts
[1.437s] Installing Client_01 script to /home/doozy/ForkLift_AMR/install/doozy_forklift/lib/doozy_forklift
[1.437s] Installing Client_02 script to /home/doozy/ForkLift_AMR/install/doozy_forklift/lib/doozy_forklift
[1.437s] Installing Client_03 script to /home/doozy/ForkLift_AMR/install/doozy_forklift/lib/doozy_forklift
[1.437s] Installing Detect_Pallet_01 script to /home/doozy/ForkLift_AMR/install/doozy_forklift/lib/doozy_forklift
[1.437s] Installing Dock_with_Pallet_01 script to /home/doozy/ForkLift_AMR/install/doozy_forklift/lib/doozy_forklift
[1.437s] Installing Publish_TF script to /home/doozy/ForkLift_AMR/install/doozy_forklift/lib/doozy_forklift
[1.438s] writing list of installed files to '/home/doozy/ForkLift_AMR/build/doozy_forklift/install.log'
[1.459s] Invoked command in '/home/doozy/ForkLift_AMR/src/doozy_forklift' returned '0': PYTHONPATH=/home/doozy/ForkLift_AMR/build/doozy_forklift/prefix_override:/home/doozy/ForkLift_AMR/install/doozy_forklift/lib/python3.10/site-packages:${PYTHONPATH} /usr/bin/python3 -W ignore:setup.py install is deprecated setup.py egg_info --egg-base ../../build/doozy_forklift build --build-base /home/doozy/ForkLift_AMR/build/doozy_forklift/build install --record /home/doozy/ForkLift_AMR/build/doozy_forklift/install.log --single-version-externally-managed install_data
