[0.068s] Invoking command in '/home/doozy/ForkLift_AMR/build/turtlebot3_node': CMAKE_PREFIX_PATH=${CMAKE_PREFIX_PATH}:/home/doozy/ForkLift_AMR/install/turtlebot3_teleop:/home/doozy/ForkLift_AMR/install/turtlebot3_example:/home/doozy/ForkLift_AMR/install/doozy_forklift:/home/doozy/turtlebot3_ws/install/turtlebot3_teleop:/home/doozy/turtlebot3_ws/install/turtlebot3_example:/home/doozy/turtlebot3_ws/install/autonomous_tb3:/home/doozy/doozy_ws/install/task_py:/home/doozy/ros2_ws/install/hotel_package:/home/doozy/ros2_ws/install/deffy:/home/doozy/do_ws/install/task_py:/home/doozy/neuronbot2_ros2_ws/install/neuronbot2_led:/opt/ros/humble /usr/bin/cmake /home/doozy/ForkLift_AMR/src/turtlebot3/turtlebot3_node -DCMAKE_INSTALL_PREFIX=/home/doozy/ForkLift_AMR/install/turtlebot3_node
[0.797s] -- The C compiler identification is GNU 11.4.0
[0.797s] -- The CXX compiler identification is GNU 11.4.0
[0.797s] -- Detecting C compiler ABI info
[0.798s] -- Detecting C compiler ABI info - done
[0.799s] -- Check for working C compiler: /usr/bin/cc - skipped
[0.799s] -- Detecting C compile features
[0.799s] -- Detecting C compile features - done
[0.799s] -- Detecting CXX compiler ABI info
[0.800s] -- Detecting CXX compiler ABI info - done
[0.800s] -- Check for working CXX compiler: /usr/bin/c++ - skipped
[0.800s] -- Detecting CXX compile features
[0.801s] -- Detecting CXX compile features - done
[0.801s] -- Found ament_cmake: 1.3.8 (/opt/ros/humble/share/ament_cmake/cmake)
[0.802s] -- Found Python3: /usr/bin/python3 (found version "3.10.12") found components: Interpreter 
[0.937s] -- Found dynamixel_sdk: 3.7.60 (/opt/ros/humble/share/dynamixel_sdk/cmake)
[0.950s] -- Found geometry_msgs: 4.2.3 (/opt/ros/humble/share/geometry_msgs/cmake)
[1.057s] -- Found rosidl_generator_c: 3.1.5 (/opt/ros/humble/share/rosidl_generator_c/cmake)
[1.075s] -- Found rosidl_adapter: 3.1.5 (/opt/ros/humble/share/rosidl_adapter/cmake)
[1.098s] -- Found rosidl_generator_cpp: 3.1.5 (/opt/ros/humble/share/rosidl_generator_cpp/cmake)
[1.126s] -- Using all available rosidl_typesupport_c: rosidl_typesupport_fastrtps_c;rosidl_typesupport_introspection_c
[1.174s] -- Using all available rosidl_typesupport_cpp: rosidl_typesupport_fastrtps_cpp;rosidl_typesupport_introspection_cpp
[1.380s] -- Found message_filters: 4.3.3 (/opt/ros/humble/share/message_filters/cmake)
[1.531s] -- Found rmw_implementation_cmake: 6.1.1 (/opt/ros/humble/share/rmw_implementation_cmake/cmake)
[1.542s] -- Found rmw_fastrtps_cpp: 6.2.6 (/opt/ros/humble/share/rmw_fastrtps_cpp/cmake)
[1.693s] -- Found OpenSSL: /usr/lib/x86_64-linux-gnu/libcrypto.so (found version "3.0.2")  
[1.741s] -- Found FastRTPS: /opt/ros/humble/include  
[1.823s] -- Using RMW implementation 'rmw_fastrtps_cpp' as default
[1.860s] -- Looking for pthread.h
[1.945s] -- Looking for pthread.h - found
[1.945s] -- Performing Test CMAKE_HAVE_LIBC_PTHREAD
[2.008s] -- Performing Test CMAKE_HAVE_LIBC_PTHREAD - Success
[2.009s] -- Found Threads: TRUE  
[2.246s] -- Found nav_msgs: 4.2.3 (/opt/ros/humble/share/nav_msgs/cmake)
[2.328s] -- Found sensor_msgs: 4.2.3 (/opt/ros/humble/share/sensor_msgs/cmake)
[2.409s] -- Found std_srvs: 4.2.3 (/opt/ros/humble/share/std_srvs/cmake)
[2.431s] -- Found tf2: 0.25.6 (/opt/ros/humble/share/tf2/cmake)
[2.451s] -- Found tf2_ros: 0.25.6 (/opt/ros/humble/share/tf2_ros/cmake)
[2.791s] -- Found turtlebot3_msgs: 2.2.3 (/home/doozy/turtlebot3_ws/install/turtlebot3_msgs/share/turtlebot3_msgs/cmake)
[2.963s] -- Configuring done
[2.981s] -- Generating done
[2.983s] -- Build files have been written to: /home/doozy/ForkLift_AMR/build/turtlebot3_node
[2.993s] Invoked command in '/home/doozy/ForkLift_AMR/build/turtlebot3_node' returned '0': CMAKE_PREFIX_PATH=${CMAKE_PREFIX_PATH}:/home/doozy/ForkLift_AMR/install/turtlebot3_teleop:/home/doozy/ForkLift_AMR/install/turtlebot3_example:/home/doozy/ForkLift_AMR/install/doozy_forklift:/home/doozy/turtlebot3_ws/install/turtlebot3_teleop:/home/doozy/turtlebot3_ws/install/turtlebot3_example:/home/doozy/turtlebot3_ws/install/autonomous_tb3:/home/doozy/doozy_ws/install/task_py:/home/doozy/ros2_ws/install/hotel_package:/home/doozy/ros2_ws/install/deffy:/home/doozy/do_ws/install/task_py:/home/doozy/neuronbot2_ros2_ws/install/neuronbot2_led:/opt/ros/humble /usr/bin/cmake /home/doozy/ForkLift_AMR/src/turtlebot3/turtlebot3_node -DCMAKE_INSTALL_PREFIX=/home/doozy/ForkLift_AMR/install/turtlebot3_node
[2.994s] Invoking command in '/home/doozy/ForkLift_AMR/build/turtlebot3_node': CMAKE_PREFIX_PATH=${CMAKE_PREFIX_PATH}:/home/doozy/ForkLift_AMR/install/turtlebot3_teleop:/home/doozy/ForkLift_AMR/install/turtlebot3_example:/home/doozy/ForkLift_AMR/install/doozy_forklift:/home/doozy/turtlebot3_ws/install/turtlebot3_teleop:/home/doozy/turtlebot3_ws/install/turtlebot3_example:/home/doozy/turtlebot3_ws/install/autonomous_tb3:/home/doozy/doozy_ws/install/task_py:/home/doozy/ros2_ws/install/hotel_package:/home/doozy/ros2_ws/install/deffy:/home/doozy/do_ws/install/task_py:/home/doozy/neuronbot2_ros2_ws/install/neuronbot2_led:/opt/ros/humble /usr/bin/cmake --build /home/doozy/ForkLift_AMR/build/turtlebot3_node -- -j16 -l16
[3.039s] [  7%] [32mBuilding CXX object CMakeFiles/turtlebot3_node_lib.dir/src/devices/motor_power.cpp.o[0m
[3.040s] [ 14%] [32mBuilding CXX object CMakeFiles/turtlebot3_node_lib.dir/src/devices/sound.cpp.o[0m
[3.040s] [ 21%] [32mBuilding CXX object CMakeFiles/turtlebot3_node_lib.dir/src/devices/reset.cpp.o[0m
[3.040s] [ 28%] [32mBuilding CXX object CMakeFiles/turtlebot3_node_lib.dir/src/diff_drive_controller.cpp.o[0m
[3.040s] [ 35%] [32mBuilding CXX object CMakeFiles/turtlebot3_node_lib.dir/src/dynamixel_sdk_wrapper.cpp.o[0m
[3.041s] [ 42%] [32mBuilding CXX object CMakeFiles/turtlebot3_node_lib.dir/src/turtlebot3.cpp.o[0m
[3.041s] [ 57%] [32mBuilding CXX object CMakeFiles/turtlebot3_node_lib.dir/src/odometry.cpp.o[0m
[3.041s] [ 57%] [32mBuilding CXX object CMakeFiles/turtlebot3_node_lib.dir/src/sensors/battery_state.cpp.o[0m
[3.041s] [ 64%] [32mBuilding CXX object CMakeFiles/turtlebot3_node_lib.dir/src/sensors/imu.cpp.o[0m
[3.042s] [ 71%] [32mBuilding CXX object CMakeFiles/turtlebot3_node_lib.dir/src/sensors/joint_state.cpp.o[0m
[3.052s] [ 78%] [32mBuilding CXX object CMakeFiles/turtlebot3_node_lib.dir/src/sensors/sensor_state.cpp.o[0m
[18.849s] [ 85%] [32m[1mLinking CXX static library libturtlebot3_node_lib.a[0m
[19.241s] [ 85%] Built target turtlebot3_node_lib
[19.256s] [ 92%] [32mBuilding CXX object CMakeFiles/turtlebot3_ros.dir/src/node_main.cpp.o[0m
[21.577s] [100%] [32m[1mLinking CXX executable turtlebot3_ros[0m
[22.608s] [100%] Built target turtlebot3_ros
[22.616s] Invoked command in '/home/doozy/ForkLift_AMR/build/turtlebot3_node' returned '0': CMAKE_PREFIX_PATH=${CMAKE_PREFIX_PATH}:/home/doozy/ForkLift_AMR/install/turtlebot3_teleop:/home/doozy/ForkLift_AMR/install/turtlebot3_example:/home/doozy/ForkLift_AMR/install/doozy_forklift:/home/doozy/turtlebot3_ws/install/turtlebot3_teleop:/home/doozy/turtlebot3_ws/install/turtlebot3_example:/home/doozy/turtlebot3_ws/install/autonomous_tb3:/home/doozy/doozy_ws/install/task_py:/home/doozy/ros2_ws/install/hotel_package:/home/doozy/ros2_ws/install/deffy:/home/doozy/do_ws/install/task_py:/home/doozy/neuronbot2_ros2_ws/install/neuronbot2_led:/opt/ros/humble /usr/bin/cmake --build /home/doozy/ForkLift_AMR/build/turtlebot3_node -- -j16 -l16
[22.659s] Invoking command in '/home/doozy/ForkLift_AMR/build/turtlebot3_node': CMAKE_PREFIX_PATH=${CMAKE_PREFIX_PATH}:/home/doozy/ForkLift_AMR/install/turtlebot3_teleop:/home/doozy/ForkLift_AMR/install/turtlebot3_example:/home/doozy/ForkLift_AMR/install/doozy_forklift:/home/doozy/turtlebot3_ws/install/turtlebot3_teleop:/home/doozy/turtlebot3_ws/install/turtlebot3_example:/home/doozy/turtlebot3_ws/install/autonomous_tb3:/home/doozy/doozy_ws/install/task_py:/home/doozy/ros2_ws/install/hotel_package:/home/doozy/ros2_ws/install/deffy:/home/doozy/do_ws/install/task_py:/home/doozy/neuronbot2_ros2_ws/install/neuronbot2_led:/opt/ros/humble /usr/bin/cmake --install /home/doozy/ForkLift_AMR/build/turtlebot3_node
[22.665s] -- Install configuration: ""
[22.665s] -- Installing: /home/doozy/ForkLift_AMR/install/turtlebot3_node/share/turtlebot3_node/param
[22.665s] -- Installing: /home/doozy/ForkLift_AMR/install/turtlebot3_node/share/turtlebot3_node/param/waffle_pi.yaml
[22.666s] -- Installing: /home/doozy/ForkLift_AMR/install/turtlebot3_node/share/turtlebot3_node/param/burger.yaml
[22.666s] -- Installing: /home/doozy/ForkLift_AMR/install/turtlebot3_node/share/turtlebot3_node/param/waffle.yaml
[22.666s] -- Installing: /home/doozy/ForkLift_AMR/install/turtlebot3_node/lib/turtlebot3_node/turtlebot3_ros
[22.673s] -- Set runtime path of "/home/doozy/ForkLift_AMR/install/turtlebot3_node/lib/turtlebot3_node/turtlebot3_ros" to ""
[22.673s] -- Installing: /home/doozy/ForkLift_AMR/install/turtlebot3_node/share/ament_index/resource_index/package_run_dependencies/turtlebot3_node
[22.673s] -- Installing: /home/doozy/ForkLift_AMR/install/turtlebot3_node/share/ament_index/resource_index/parent_prefix_path/turtlebot3_node
[22.674s] -- Installing: /home/doozy/ForkLift_AMR/install/turtlebot3_node/share/turtlebot3_node/environment/ament_prefix_path.sh
[22.674s] -- Installing: /home/doozy/ForkLift_AMR/install/turtlebot3_node/share/turtlebot3_node/environment/ament_prefix_path.dsv
[22.674s] -- Installing: /home/doozy/ForkLift_AMR/install/turtlebot3_node/share/turtlebot3_node/environment/path.sh
[22.674s] -- Installing: /home/doozy/ForkLift_AMR/install/turtlebot3_node/share/turtlebot3_node/environment/path.dsv
[22.674s] -- Installing: /home/doozy/ForkLift_AMR/install/turtlebot3_node/share/turtlebot3_node/local_setup.bash
[22.674s] -- Installing: /home/doozy/ForkLift_AMR/install/turtlebot3_node/share/turtlebot3_node/local_setup.sh
[22.674s] -- Installing: /home/doozy/ForkLift_AMR/install/turtlebot3_node/share/turtlebot3_node/local_setup.zsh
[22.674s] -- Installing: /home/doozy/ForkLift_AMR/install/turtlebot3_node/share/turtlebot3_node/local_setup.dsv
[22.674s] -- Installing: /home/doozy/ForkLift_AMR/install/turtlebot3_node/share/turtlebot3_node/package.dsv
[22.674s] -- Installing: /home/doozy/ForkLift_AMR/install/turtlebot3_node/share/ament_index/resource_index/packages/turtlebot3_node
[22.674s] -- Installing: /home/doozy/ForkLift_AMR/install/turtlebot3_node/share/turtlebot3_node/cmake/ament_cmake_export_include_directories-extras.cmake
[22.674s] -- Installing: /home/doozy/ForkLift_AMR/install/turtlebot3_node/share/turtlebot3_node/cmake/turtlebot3_nodeConfig.cmake
[22.674s] -- Installing: /home/doozy/ForkLift_AMR/install/turtlebot3_node/share/turtlebot3_node/cmake/turtlebot3_nodeConfig-version.cmake
[22.675s] -- Installing: /home/doozy/ForkLift_AMR/install/turtlebot3_node/share/turtlebot3_node/package.xml
[22.676s] Invoked command in '/home/doozy/ForkLift_AMR/build/turtlebot3_node' returned '0': CMAKE_PREFIX_PATH=${CMAKE_PREFIX_PATH}:/home/doozy/ForkLift_AMR/install/turtlebot3_teleop:/home/doozy/ForkLift_AMR/install/turtlebot3_example:/home/doozy/ForkLift_AMR/install/doozy_forklift:/home/doozy/turtlebot3_ws/install/turtlebot3_teleop:/home/doozy/turtlebot3_ws/install/turtlebot3_example:/home/doozy/turtlebot3_ws/install/autonomous_tb3:/home/doozy/doozy_ws/install/task_py:/home/doozy/ros2_ws/install/hotel_package:/home/doozy/ros2_ws/install/deffy:/home/doozy/do_ws/install/task_py:/home/doozy/neuronbot2_ros2_ws/install/neuronbot2_led:/opt/ros/humble /usr/bin/cmake --install /home/doozy/ForkLift_AMR/build/turtlebot3_node
