[0.009s] Invoking command in '/home/avinaash/ForkLift_AMR/build/turtlebot3_simulations': AMENT_PREFIX_PATH=/home/avinaash/ForkLift_AMR/install/turtlebot3_gazebo:/home/avinaash/ForkLift_AMR/install/turtlebot3_fake_node:${AMENT_PREFIX_PATH} CMAKE_PREFIX_PATH=/home/avinaash/ForkLift_AMR/install/turtlebot3_gazebo:/home/avinaash/ForkLift_AMR/install/turtlebot3_fake_node:/opt/ros/galactic /usr/bin/cmake /home/avinaash/ForkLift_AMR/src/turtlebot3_simulations/turtlebot3_simulations -DCMAKE_INSTALL_PREFIX=/home/avinaash/ForkLift_AMR/install/turtlebot3_simulations
[0.060s] -- The C compiler identification is GNU 9.4.0
[0.108s] -- The CXX compiler identification is GNU 9.4.0
[0.113s] -- Check for working C compiler: /usr/bin/cc
[0.174s] -- Check for working C compiler: /usr/bin/cc -- works
[0.175s] -- Detecting C compiler ABI info
[0.244s] -- Detecting C compiler ABI info - done
[0.255s] -- Detecting C compile features
[0.256s] -- Detecting C compile features - done
[0.257s] -- Check for working CXX compiler: /usr/bin/c++
[0.324s] -- Check for working CXX compiler: /usr/bin/c++ -- works
[0.325s] -- Detecting CXX compiler ABI info
[0.406s] -- Detecting CXX compiler ABI info - done
[0.416s] -- Detecting CXX compile features
[0.417s] -- Detecting CXX compile features - done
[0.418s] -- Found ament_cmake: 1.1.6 (/opt/ros/galactic/share/ament_cmake/cmake)
[0.438s] -- Found PythonInterp: /usr/bin/python3 (found suitable version "3.8.10", minimum required is "3") 
[0.438s] -- Using PYTHON_EXECUTABLE: /usr/bin/python3
[0.535s] -- Configuring done
[0.537s] -- Generating done
[0.538s] -- Build files have been written to: /home/avinaash/ForkLift_AMR/build/turtlebot3_simulations
[0.540s] Invoked command in '/home/avinaash/ForkLift_AMR/build/turtlebot3_simulations' returned '0': AMENT_PREFIX_PATH=/home/avinaash/ForkLift_AMR/install/turtlebot3_gazebo:/home/avinaash/ForkLift_AMR/install/turtlebot3_fake_node:${AMENT_PREFIX_PATH} CMAKE_PREFIX_PATH=/home/avinaash/ForkLift_AMR/install/turtlebot3_gazebo:/home/avinaash/ForkLift_AMR/install/turtlebot3_fake_node:/opt/ros/galactic /usr/bin/cmake /home/avinaash/ForkLift_AMR/src/turtlebot3_simulations/turtlebot3_simulations -DCMAKE_INSTALL_PREFIX=/home/avinaash/ForkLift_AMR/install/turtlebot3_simulations
[0.543s] Invoking command in '/home/avinaash/ForkLift_AMR/build/turtlebot3_simulations': AMENT_PREFIX_PATH=/home/avinaash/ForkLift_AMR/install/turtlebot3_gazebo:/home/avinaash/ForkLift_AMR/install/turtlebot3_fake_node:${AMENT_PREFIX_PATH} CMAKE_PREFIX_PATH=/home/avinaash/ForkLift_AMR/install/turtlebot3_gazebo:/home/avinaash/ForkLift_AMR/install/turtlebot3_fake_node:/opt/ros/galactic /usr/bin/cmake --build /home/avinaash/ForkLift_AMR/build/turtlebot3_simulations -- -j16 -l16
[0.577s] Invoked command in '/home/avinaash/ForkLift_AMR/build/turtlebot3_simulations' returned '0': AMENT_PREFIX_PATH=/home/avinaash/ForkLift_AMR/install/turtlebot3_gazebo:/home/avinaash/ForkLift_AMR/install/turtlebot3_fake_node:${AMENT_PREFIX_PATH} CMAKE_PREFIX_PATH=/home/avinaash/ForkLift_AMR/install/turtlebot3_gazebo:/home/avinaash/ForkLift_AMR/install/turtlebot3_fake_node:/opt/ros/galactic /usr/bin/cmake --build /home/avinaash/ForkLift_AMR/build/turtlebot3_simulations -- -j16 -l16
[0.602s] Invoking command in '/home/avinaash/ForkLift_AMR/build/turtlebot3_simulations': AMENT_PREFIX_PATH=/home/avinaash/ForkLift_AMR/install/turtlebot3_gazebo:/home/avinaash/ForkLift_AMR/install/turtlebot3_fake_node:${AMENT_PREFIX_PATH} CMAKE_PREFIX_PATH=/home/avinaash/ForkLift_AMR/install/turtlebot3_gazebo:/home/avinaash/ForkLift_AMR/install/turtlebot3_fake_node:/opt/ros/galactic /usr/bin/cmake --install /home/avinaash/ForkLift_AMR/build/turtlebot3_simulations
[0.611s] -- Install configuration: ""
[0.611s] -- Installing: /home/avinaash/ForkLift_AMR/install/turtlebot3_simulations/share/ament_index/resource_index/package_run_dependencies/turtlebot3_simulations
[0.611s] -- Installing: /home/avinaash/ForkLift_AMR/install/turtlebot3_simulations/share/ament_index/resource_index/parent_prefix_path/turtlebot3_simulations
[0.612s] -- Installing: /home/avinaash/ForkLift_AMR/install/turtlebot3_simulations/share/turtlebot3_simulations/environment/ament_prefix_path.sh
[0.612s] -- Installing: /home/avinaash/ForkLift_AMR/install/turtlebot3_simulations/share/turtlebot3_simulations/environment/ament_prefix_path.dsv
[0.612s] -- Installing: /home/avinaash/ForkLift_AMR/install/turtlebot3_simulations/share/turtlebot3_simulations/environment/path.sh
[0.612s] -- Installing: /home/avinaash/ForkLift_AMR/install/turtlebot3_simulations/share/turtlebot3_simulations/environment/path.dsv
[0.612s] -- Installing: /home/avinaash/ForkLift_AMR/install/turtlebot3_simulations/share/turtlebot3_simulations/local_setup.bash
[0.612s] -- Installing: /home/avinaash/ForkLift_AMR/install/turtlebot3_simulations/share/turtlebot3_simulations/local_setup.sh
[0.612s] -- Installing: /home/avinaash/ForkLift_AMR/install/turtlebot3_simulations/share/turtlebot3_simulations/local_setup.zsh
[0.612s] -- Installing: /home/avinaash/ForkLift_AMR/install/turtlebot3_simulations/share/turtlebot3_simulations/local_setup.dsv
[0.612s] -- Installing: /home/avinaash/ForkLift_AMR/install/turtlebot3_simulations/share/turtlebot3_simulations/package.dsv
[0.613s] -- Installing: /home/avinaash/ForkLift_AMR/install/turtlebot3_simulations/share/ament_index/resource_index/packages/turtlebot3_simulations
[0.613s] -- Installing: /home/avinaash/ForkLift_AMR/install/turtlebot3_simulations/share/turtlebot3_simulations/cmake/turtlebot3_simulationsConfig.cmake
[0.613s] -- Installing: /home/avinaash/ForkLift_AMR/install/turtlebot3_simulations/share/turtlebot3_simulations/cmake/turtlebot3_simulationsConfig-version.cmake
[0.613s] -- Installing: /home/avinaash/ForkLift_AMR/install/turtlebot3_simulations/share/turtlebot3_simulations/package.xml
[0.614s] Invoked command in '/home/avinaash/ForkLift_AMR/build/turtlebot3_simulations' returned '0': AMENT_PREFIX_PATH=/home/avinaash/ForkLift_AMR/install/turtlebot3_gazebo:/home/avinaash/ForkLift_AMR/install/turtlebot3_fake_node:${AMENT_PREFIX_PATH} CMAKE_PREFIX_PATH=/home/avinaash/ForkLift_AMR/install/turtlebot3_gazebo:/home/avinaash/ForkLift_AMR/install/turtlebot3_fake_node:/opt/ros/galactic /usr/bin/cmake --install /home/avinaash/ForkLift_AMR/build/turtlebot3_simulations
