[0.182s] Invoking command in '/home/avinaash/ForkLift_AMR/build/forklift_interfaces': CMAKE_PREFIX_PATH=/home/avinaash/TB3/install/turtlebot3:/home/avinaash/TB3/install/turtlebot3_simulations:/home/avinaash/TB3/install/turtlebot3_bringup:/home/avinaash/TB3/install/turtlebot3_node:/home/avinaash/TB3/install/turtlebot3_navigation2:/home/avinaash/TB3/install/turtlebot3_gazebo:/home/avinaash/TB3/install/turtlebot3_fake_node:/home/avinaash/TB3/install/turtlebot3_description:/home/avinaash/TB3/install/turtlebot3_cartographer:/home/avinaash/TB3/install/turtlebot3_teleop:/home/avinaash/TB3/install/turtlebot3_example:/home/avinaash/TB3/install/ros2_test_bots:/home/avinaash/SyncDroids/install/droid_navigation:/opt/ros/galactic:/home/avinaash/daimler_tugger/doozy_ws/devel:/home/avinaash/doozy_robotics/doozy_ws/devel /usr/bin/cmake /home/avinaash/ForkLift_AMR/src/forklift_interfaces -DCMAKE_INSTALL_PREFIX=/home/avinaash/ForkLift_AMR/install/forklift_interfaces
[0.322s] -- The C compiler identification is GNU 9.4.0
[0.432s] -- The CXX compiler identification is GNU 9.4.0
[0.440s] -- Check for working C compiler: /usr/bin/cc
[0.502s] -- Check for working C compiler: /usr/bin/cc -- works
[0.502s] -- Detecting C compiler ABI info
[0.565s] -- Detecting C compiler ABI info - done
[0.575s] -- Detecting C compile features
[0.576s] -- Detecting C compile features - done
[0.578s] -- Check for working CXX compiler: /usr/bin/c++
[0.645s] -- Check for working CXX compiler: /usr/bin/c++ -- works
[0.645s] -- Detecting CXX compiler ABI info
[0.718s] -- Detecting CXX compiler ABI info - done
[0.726s] -- Detecting CXX compile features
[0.726s] -- Detecting CXX compile features - done
[0.731s] -- Found ament_cmake: 1.1.6 (/opt/ros/galactic/share/ament_cmake/cmake)
[0.758s] -- Found PythonInterp: /usr/bin/python3 (found suitable version "3.8.10", minimum required is "3") 
[0.758s] -- Using PYTHON_EXECUTABLE: /usr/bin/python3
[0.833s] -- Found rclpy: 1.9.3 (/opt/ros/galactic/share/rclpy/cmake)
[0.835s] -- Found rclcpp: 9.2.2 (/opt/ros/galactic/share/rclcpp/cmake)
[0.884s] -- Using all available rosidl_typesupport_c: rosidl_typesupport_fastrtps_c;rosidl_typesupport_introspection_c
[0.891s] -- Found rosidl_adapter: 2.2.3 (/opt/ros/galactic/share/rosidl_adapter/cmake)
[0.980s] -- Found OpenSSL: /usr/lib/x86_64-linux-gnu/libcrypto.so (found version "1.1.1f")  
[1.009s] -- Found FastRTPS: /opt/ros/galactic/include  
[1.071s] -- Using all available rosidl_typesupport_cpp: rosidl_typesupport_fastrtps_cpp;rosidl_typesupport_introspection_cpp
[1.121s] -- Found rmw_implementation_cmake: 3.3.1 (/opt/ros/galactic/share/rmw_implementation_cmake/cmake)
[1.124s] -- Found rmw_cyclonedds_cpp: 0.22.6 (/opt/ros/galactic/share/rmw_cyclonedds_cpp/cmake)
[1.139s] -- Using RMW implementation 'rmw_cyclonedds_cpp' as default
[1.140s] -- Looking for pthread.h
[1.214s] -- Looking for pthread.h - found
[1.214s] -- Performing Test CMAKE_HAVE_LIBC_PTHREAD
[1.302s] -- Performing Test CMAKE_HAVE_LIBC_PTHREAD - Failed
[1.302s] -- Looking for pthread_create in pthreads
[1.371s] -- Looking for pthread_create in pthreads - not found
[1.371s] -- Looking for pthread_create in pthread
[1.445s] -- Looking for pthread_create in pthread - found
[1.447s] -- Found Threads: TRUE  
[1.557s] -- Found geometry_msgs: 2.2.4 (/opt/ros/galactic/share/geometry_msgs/cmake)
[1.581s] -- Found example_interfaces: 0.9.2 (/opt/ros/galactic/share/example_interfaces/cmake)
[1.660s] -- Found rosidl_default_generators: 1.1.1 (/opt/ros/galactic/share/rosidl_default_generators/cmake)
[1.690s] -- Found PythonInterp: /usr/bin/python3 (found version "3.8.10") 
[1.778s] -- Found ament_cmake_ros: 0.9.2 (/opt/ros/galactic/share/ament_cmake_ros/cmake)
[1.858s] -- Using all available rosidl_typesupport_c: rosidl_typesupport_fastrtps_c;rosidl_typesupport_introspection_c
[1.864s] -- Using all available rosidl_typesupport_cpp: rosidl_typesupport_fastrtps_cpp;rosidl_typesupport_introspection_cpp
[1.886s] -- Found PythonInterp: /usr/bin/python3 (found suitable version "3.8.10", minimum required is "3.5") 
[1.888s] -- Found python_cmake_module: 0.8.1 (/opt/ros/galactic/share/python_cmake_module/cmake)
[1.909s] -- Found PythonLibs: /usr/lib/x86_64-linux-gnu/libpython3.8.so (found suitable version "3.8.10", minimum required is "3.5") 
[1.909s] -- Using PYTHON_EXECUTABLE: /usr/bin/python3
[1.909s] -- Using PYTHON_INCLUDE_DIRS: /usr/include/python3.8
[1.909s] -- Using PYTHON_LIBRARIES: /usr/lib/x86_64-linux-gnu/libpython3.8.so
[1.926s] -- Found PythonExtra: .so  
[1.962s] -- Found ament_lint_auto: 0.10.7 (/opt/ros/galactic/share/ament_lint_auto/cmake)
[1.988s] -- Added test 'copyright' to check source files copyright and LICENSE
[1.990s] -- Added test 'lint_cmake' to check CMake code style
[1.991s] -- Added test 'xmllint' to check XML markup files
[1.995s] -- Configuring done
[2.014s] -- Generating done
[2.016s] -- Build files have been written to: /home/avinaash/ForkLift_AMR/build/forklift_interfaces
