running egg_info
writing ../../build/doozy_forklift/doozy_forklift.egg-info/PKG-INFO
writing dependency_links to ../../build/doozy_forklift/doozy_forklift.egg-info/dependency_links.txt
writing entry points to ../../build/doozy_forklift/doozy_forklift.egg-info/entry_points.txt
writing requirements to ../../build/doozy_forklift/doozy_forklift.egg-info/requires.txt
writing top-level names to ../../build/doozy_forklift/doozy_forklift.egg-info/top_level.txt
reading manifest file '../../build/doozy_forklift/doozy_forklift.egg-info/SOURCES.txt'
writing manifest file '../../build/doozy_forklift/doozy_forklift.egg-info/SOURCES.txt'
running build
running build_py
copying doozy_forklift/detect_pallet_01.py -> /home/avinaash/ForkLift_AMR/build/doozy_forklift/build/lib/doozy_forklift
copying doozy_forklift/dock_with_pallet_05.py -> /home/avinaash/ForkLift_AMR/build/doozy_forklift/build/lib/doozy_forklift
running install
running install_lib
creating /home/avinaash/ForkLift_AMR/install/doozy_forklift/lib/python3.8/site-packages/doozy_forklift
copying /home/avinaash/ForkLift_AMR/build/doozy_forklift/build/lib/doozy_forklift/publish_tf_02.py -> /home/avinaash/ForkLift_AMR/install/doozy_forklift/lib/python3.8/site-packages/doozy_forklift
copying /home/avinaash/ForkLift_AMR/build/doozy_forklift/build/lib/doozy_forklift/dock_with_pallet_04.py -> /home/avinaash/ForkLift_AMR/install/doozy_forklift/lib/python3.8/site-packages/doozy_forklift
copying /home/avinaash/ForkLift_AMR/build/doozy_forklift/build/lib/doozy_forklift/client_03.py -> /home/avinaash/ForkLift_AMR/install/doozy_forklift/lib/python3.8/site-packages/doozy_forklift
copying /home/avinaash/ForkLift_AMR/build/doozy_forklift/build/lib/doozy_forklift/detect_pallet_01.py -> /home/avinaash/ForkLift_AMR/install/doozy_forklift/lib/python3.8/site-packages/doozy_forklift
copying /home/avinaash/ForkLift_AMR/build/doozy_forklift/build/lib/doozy_forklift/dock_with_pallet_05.py -> /home/avinaash/ForkLift_AMR/install/doozy_forklift/lib/python3.8/site-packages/doozy_forklift
copying /home/avinaash/ForkLift_AMR/build/doozy_forklift/build/lib/doozy_forklift/__init__.py -> /home/avinaash/ForkLift_AMR/install/doozy_forklift/lib/python3.8/site-packages/doozy_forklift
copying /home/avinaash/ForkLift_AMR/build/doozy_forklift/build/lib/doozy_forklift/client_02.py -> /home/avinaash/ForkLift_AMR/install/doozy_forklift/lib/python3.8/site-packages/doozy_forklift
copying /home/avinaash/ForkLift_AMR/build/doozy_forklift/build/lib/doozy_forklift/dock_undock_01.py -> /home/avinaash/ForkLift_AMR/install/doozy_forklift/lib/python3.8/site-packages/doozy_forklift
copying /home/avinaash/ForkLift_AMR/build/doozy_forklift/build/lib/doozy_forklift/dock_with_pallet_03.py -> /home/avinaash/ForkLift_AMR/install/doozy_forklift/lib/python3.8/site-packages/doozy_forklift
copying /home/avinaash/ForkLift_AMR/build/doozy_forklift/build/lib/doozy_forklift/dock_with_pallet_02.py -> /home/avinaash/ForkLift_AMR/install/doozy_forklift/lib/python3.8/site-packages/doozy_forklift
copying /home/avinaash/ForkLift_AMR/build/doozy_forklift/build/lib/doozy_forklift/publish_tf_01.py -> /home/avinaash/ForkLift_AMR/install/doozy_forklift/lib/python3.8/site-packages/doozy_forklift
copying /home/avinaash/ForkLift_AMR/build/doozy_forklift/build/lib/doozy_forklift/dock_with_pallet_01.py -> /home/avinaash/ForkLift_AMR/install/doozy_forklift/lib/python3.8/site-packages/doozy_forklift
copying /home/avinaash/ForkLift_AMR/build/doozy_forklift/build/lib/doozy_forklift/client_01.py -> /home/avinaash/ForkLift_AMR/install/doozy_forklift/lib/python3.8/site-packages/doozy_forklift
byte-compiling /home/avinaash/ForkLift_AMR/install/doozy_forklift/lib/python3.8/site-packages/doozy_forklift/publish_tf_02.py to publish_tf_02.cpython-38.pyc
byte-compiling /home/avinaash/ForkLift_AMR/install/doozy_forklift/lib/python3.8/site-packages/doozy_forklift/dock_with_pallet_04.py to dock_with_pallet_04.cpython-38.pyc
byte-compiling /home/avinaash/ForkLift_AMR/install/doozy_forklift/lib/python3.8/site-packages/doozy_forklift/client_03.py to client_03.cpython-38.pyc
byte-compiling /home/avinaash/ForkLift_AMR/install/doozy_forklift/lib/python3.8/site-packages/doozy_forklift/detect_pallet_01.py to detect_pallet_01.cpython-38.pyc
byte-compiling /home/avinaash/ForkLift_AMR/install/doozy_forklift/lib/python3.8/site-packages/doozy_forklift/dock_with_pallet_05.py to dock_with_pallet_05.cpython-38.pyc
byte-compiling /home/avinaash/ForkLift_AMR/install/doozy_forklift/lib/python3.8/site-packages/doozy_forklift/__init__.py to __init__.cpython-38.pyc
byte-compiling /home/avinaash/ForkLift_AMR/install/doozy_forklift/lib/python3.8/site-packages/doozy_forklift/client_02.py to client_02.cpython-38.pyc
byte-compiling /home/avinaash/ForkLift_AMR/install/doozy_forklift/lib/python3.8/site-packages/doozy_forklift/dock_undock_01.py to dock_undock_01.cpython-38.pyc
byte-compiling /home/avinaash/ForkLift_AMR/install/doozy_forklift/lib/python3.8/site-packages/doozy_forklift/dock_with_pallet_03.py to dock_with_pallet_03.cpython-38.pyc
byte-compiling /home/avinaash/ForkLift_AMR/install/doozy_forklift/lib/python3.8/site-packages/doozy_forklift/dock_with_pallet_02.py to dock_with_pallet_02.cpython-38.pyc
byte-compiling /home/avinaash/ForkLift_AMR/install/doozy_forklift/lib/python3.8/site-packages/doozy_forklift/publish_tf_01.py to publish_tf_01.cpython-38.pyc
byte-compiling /home/avinaash/ForkLift_AMR/install/doozy_forklift/lib/python3.8/site-packages/doozy_forklift/dock_with_pallet_01.py to dock_with_pallet_01.cpython-38.pyc
byte-compiling /home/avinaash/ForkLift_AMR/install/doozy_forklift/lib/python3.8/site-packages/doozy_forklift/client_01.py to client_01.cpython-38.pyc
running install_data
running install_egg_info
Copying ../../build/doozy_forklift/doozy_forklift.egg-info to /home/avinaash/ForkLift_AMR/install/doozy_forklift/lib/python3.8/site-packages/doozy_forklift-0.0.0-py3.8.egg-info
running install_scripts
Installing Client_01 script to /home/avinaash/ForkLift_AMR/install/doozy_forklift/lib/doozy_forklift
Installing Client_02 script to /home/avinaash/ForkLift_AMR/install/doozy_forklift/lib/doozy_forklift
Installing Client_03 script to /home/avinaash/ForkLift_AMR/install/doozy_forklift/lib/doozy_forklift
Installing Detect_Pallet_01 script to /home/avinaash/ForkLift_AMR/install/doozy_forklift/lib/doozy_forklift
Installing Dock_with_Pallet_01 script to /home/avinaash/ForkLift_AMR/install/doozy_forklift/lib/doozy_forklift
Installing Dock_with_Pallet_02 script to /home/avinaash/ForkLift_AMR/install/doozy_forklift/lib/doozy_forklift
Installing Dock_with_Pallet_03 script to /home/avinaash/ForkLift_AMR/install/doozy_forklift/lib/doozy_forklift
Installing Dock_with_Pallet_04 script to /home/avinaash/ForkLift_AMR/install/doozy_forklift/lib/doozy_forklift
Installing Dock_with_Pallet_05 script to /home/avinaash/ForkLift_AMR/install/doozy_forklift/lib/doozy_forklift
Installing Publish_TF script to /home/avinaash/ForkLift_AMR/install/doozy_forklift/lib/doozy_forklift
Installing Publish_TF_2 script to /home/avinaash/ForkLift_AMR/install/doozy_forklift/lib/doozy_forklift
writing list of installed files to '/home/avinaash/ForkLift_AMR/build/doozy_forklift/install.log'
