[0.047s] Invoking command in '/home/avinaash/ForkLift_AMR/build/turtlebot3_cartographer': CMAKE_PREFIX_PATH=/home/avinaash/ForkLift_AMR/install/turtlebot3:/home/avinaash/ForkLift_AMR/install/turtlebot3_simulations:/home/avinaash/ForkLift_AMR/install/turtlebot3_bringup:/home/avinaash/ForkLift_AMR/install/turtlebot3_node:/home/avinaash/ForkLift_AMR/install/turtlebot3_navigation2:/home/avinaash/ForkLift_AMR/install/turtlebot3_gazebo:/home/avinaash/ForkLift_AMR/install/turtlebot3_fake_node:/home/avinaash/ForkLift_AMR/install/turtlebot3_teleop:/home/avinaash/ForkLift_AMR/install/turtlebot3_example:/home/avinaash/ForkLift_AMR/install/doozy_forklift:/opt/ros/galactic:/home/avinaash/ForkLift_AMR/install/turtlebot3_description:/home/avinaash/ForkLift_AMR/install/turtlebot3_cartographer:/home/avinaash/ForkLift_AMR/install/forklift_interfaces /usr/bin/cmake --build /home/avinaash/ForkLift_AMR/build/turtlebot3_cartographer -- -j16 -l16
[0.573s] Invoked command in '/home/avinaash/ForkLift_AMR/build/turtlebot3_cartographer' returned '0': CMAKE_PREFIX_PATH=/home/avinaash/ForkLift_AMR/install/turtlebot3:/home/avinaash/ForkLift_AMR/install/turtlebot3_simulations:/home/avinaash/ForkLift_AMR/install/turtlebot3_bringup:/home/avinaash/ForkLift_AMR/install/turtlebot3_node:/home/avinaash/ForkLift_AMR/install/turtlebot3_navigation2:/home/avinaash/ForkLift_AMR/install/turtlebot3_gazebo:/home/avinaash/ForkLift_AMR/install/turtlebot3_fake_node:/home/avinaash/ForkLift_AMR/install/turtlebot3_teleop:/home/avinaash/ForkLift_AMR/install/turtlebot3_example:/home/avinaash/ForkLift_AMR/install/doozy_forklift:/opt/ros/galactic:/home/avinaash/ForkLift_AMR/install/turtlebot3_description:/home/avinaash/ForkLift_AMR/install/turtlebot3_cartographer:/home/avinaash/ForkLift_AMR/install/forklift_interfaces /usr/bin/cmake --build /home/avinaash/ForkLift_AMR/build/turtlebot3_cartographer -- -j16 -l16
[0.606s] Invoking command in '/home/avinaash/ForkLift_AMR/build/turtlebot3_cartographer': CMAKE_PREFIX_PATH=/home/avinaash/ForkLift_AMR/install/turtlebot3:/home/avinaash/ForkLift_AMR/install/turtlebot3_simulations:/home/avinaash/ForkLift_AMR/install/turtlebot3_bringup:/home/avinaash/ForkLift_AMR/install/turtlebot3_node:/home/avinaash/ForkLift_AMR/install/turtlebot3_navigation2:/home/avinaash/ForkLift_AMR/install/turtlebot3_gazebo:/home/avinaash/ForkLift_AMR/install/turtlebot3_fake_node:/home/avinaash/ForkLift_AMR/install/turtlebot3_teleop:/home/avinaash/ForkLift_AMR/install/turtlebot3_example:/home/avinaash/ForkLift_AMR/install/doozy_forklift:/opt/ros/galactic:/home/avinaash/ForkLift_AMR/install/turtlebot3_description:/home/avinaash/ForkLift_AMR/install/turtlebot3_cartographer:/home/avinaash/ForkLift_AMR/install/forklift_interfaces /usr/bin/cmake --install /home/avinaash/ForkLift_AMR/build/turtlebot3_cartographer
[0.624s] -- Install configuration: ""
[0.624s] -- Up-to-date: /home/avinaash/ForkLift_AMR/install/turtlebot3_cartographer/share/turtlebot3_cartographer/config
[0.624s] -- Up-to-date: /home/avinaash/ForkLift_AMR/install/turtlebot3_cartographer/share/turtlebot3_cartographer/config/turtlebot3_lds_2d.lua
[0.624s] -- Up-to-date: /home/avinaash/ForkLift_AMR/install/turtlebot3_cartographer/share/turtlebot3_cartographer/launch
[0.624s] -- Up-to-date: /home/avinaash/ForkLift_AMR/install/turtlebot3_cartographer/share/turtlebot3_cartographer/launch/occupancy_grid.launch.py
[0.624s] -- Up-to-date: /home/avinaash/ForkLift_AMR/install/turtlebot3_cartographer/share/turtlebot3_cartographer/launch/cartographer.launch.py
[0.624s] -- Up-to-date: /home/avinaash/ForkLift_AMR/install/turtlebot3_cartographer/share/turtlebot3_cartographer/rviz
[0.624s] -- Up-to-date: /home/avinaash/ForkLift_AMR/install/turtlebot3_cartographer/share/turtlebot3_cartographer/rviz/tb3_cartographer.rviz
[0.625s] -- Up-to-date: /home/avinaash/ForkLift_AMR/install/turtlebot3_cartographer/share/ament_index/resource_index/package_run_dependencies/turtlebot3_cartographer
[0.625s] -- Up-to-date: /home/avinaash/ForkLift_AMR/install/turtlebot3_cartographer/share/ament_index/resource_index/parent_prefix_path/turtlebot3_cartographer
[0.625s] -- Up-to-date: /home/avinaash/ForkLift_AMR/install/turtlebot3_cartographer/share/turtlebot3_cartographer/environment/ament_prefix_path.sh
[0.625s] -- Up-to-date: /home/avinaash/ForkLift_AMR/install/turtlebot3_cartographer/share/turtlebot3_cartographer/environment/ament_prefix_path.dsv
[0.625s] -- Up-to-date: /home/avinaash/ForkLift_AMR/install/turtlebot3_cartographer/share/turtlebot3_cartographer/environment/path.sh
[0.625s] -- Up-to-date: /home/avinaash/ForkLift_AMR/install/turtlebot3_cartographer/share/turtlebot3_cartographer/environment/path.dsv
[0.625s] -- Up-to-date: /home/avinaash/ForkLift_AMR/install/turtlebot3_cartographer/share/turtlebot3_cartographer/local_setup.bash
[0.625s] -- Up-to-date: /home/avinaash/ForkLift_AMR/install/turtlebot3_cartographer/share/turtlebot3_cartographer/local_setup.sh
[0.625s] -- Up-to-date: /home/avinaash/ForkLift_AMR/install/turtlebot3_cartographer/share/turtlebot3_cartographer/local_setup.zsh
[0.626s] -- Up-to-date: /home/avinaash/ForkLift_AMR/install/turtlebot3_cartographer/share/turtlebot3_cartographer/local_setup.dsv
[0.626s] -- Installing: /home/avinaash/ForkLift_AMR/install/turtlebot3_cartographer/share/turtlebot3_cartographer/package.dsv
[0.626s] -- Up-to-date: /home/avinaash/ForkLift_AMR/install/turtlebot3_cartographer/share/ament_index/resource_index/packages/turtlebot3_cartographer
[0.626s] -- Up-to-date: /home/avinaash/ForkLift_AMR/install/turtlebot3_cartographer/share/turtlebot3_cartographer/cmake/turtlebot3_cartographerConfig.cmake
[0.627s] -- Up-to-date: /home/avinaash/ForkLift_AMR/install/turtlebot3_cartographer/share/turtlebot3_cartographer/cmake/turtlebot3_cartographerConfig-version.cmake
[0.627s] -- Up-to-date: /home/avinaash/ForkLift_AMR/install/turtlebot3_cartographer/share/turtlebot3_cartographer/package.xml
[0.627s] Invoked command in '/home/avinaash/ForkLift_AMR/build/turtlebot3_cartographer' returned '0': CMAKE_PREFIX_PATH=/home/avinaash/ForkLift_AMR/install/turtlebot3:/home/avinaash/ForkLift_AMR/install/turtlebot3_simulations:/home/avinaash/ForkLift_AMR/install/turtlebot3_bringup:/home/avinaash/ForkLift_AMR/install/turtlebot3_node:/home/avinaash/ForkLift_AMR/install/turtlebot3_navigation2:/home/avinaash/ForkLift_AMR/install/turtlebot3_gazebo:/home/avinaash/ForkLift_AMR/install/turtlebot3_fake_node:/home/avinaash/ForkLift_AMR/install/turtlebot3_teleop:/home/avinaash/ForkLift_AMR/install/turtlebot3_example:/home/avinaash/ForkLift_AMR/install/doozy_forklift:/opt/ros/galactic:/home/avinaash/ForkLift_AMR/install/turtlebot3_description:/home/avinaash/ForkLift_AMR/install/turtlebot3_cartographer:/home/avinaash/ForkLift_AMR/install/forklift_interfaces /usr/bin/cmake --install /home/avinaash/ForkLift_AMR/build/turtlebot3_cartographer
