[0.106s] DEBUG:colcon:Command line arguments: ['/usr/bin/colcon', 'build']
[0.106s] DEBUG:colcon:Parsed command line arguments: Namespace(log_base=None, log_level=None, verb_name='build', build_base='build', install_base='install', merge_install=False, symlink_install=False, test_result_base=None, continue_on_error=False, executor='parallel', parallel_workers=16, event_handlers=None, ignore_user_meta=False, metas=['./colcon.meta'], base_paths=['.'], packages_ignore=None, packages_ignore_regex=None, paths=None, packages_up_to=None, packages_up_to_regex=None, packages_above=None, packages_above_and_dependencies=None, packages_above_depth=None, packages_select_by_dep=None, packages_skip_by_dep=None, packages_skip_up_to=None, packages_select_build_failed=False, packages_skip_build_finished=False, packages_select_test_failures=False, packages_skip_test_passed=False, packages_select=None, packages_skip=None, packages_select_regex=None, packages_skip_regex=None, packages_start=None, packages_end=None, allow_overriding=[], cmake_args=None, cmake_target=None, cmake_target_skip_unavailable=False, cmake_clean_cache=False, cmake_clean_first=False, cmake_force_configure=False, ament_cmake_args=None, catkin_cmake_args=None, catkin_skip_building_tests=False, mixin_files=None, mixin=None, verb_parser=<colcon_mixin.mixin.mixin_argument.MixinArgumentDecorator object at 0x7e7df2e6e890>, verb_extension=<colcon_core.verb.build.BuildVerb object at 0x7e7df2f82f50>, main=<bound method BuildVerb.main of <colcon_core.verb.build.BuildVerb object at 0x7e7df2f82f50>>, mixin_verb=('build',))
[0.137s] Level 1:colcon.colcon_core.package_discovery:discover_packages(colcon_meta) check parameters
[0.137s] Level 1:colcon.colcon_core.package_discovery:discover_packages(recursive) check parameters
[0.137s] Level 1:colcon.colcon_core.package_discovery:discover_packages(ignore) check parameters
[0.137s] Level 1:colcon.colcon_core.package_discovery:discover_packages(path) check parameters
[0.137s] Level 1:colcon.colcon_core.package_discovery:discover_packages(colcon_meta) discover
[0.137s] Level 1:colcon.colcon_core.package_discovery:discover_packages(recursive) discover
[0.137s] INFO:colcon.colcon_core.package_discovery:Crawling recursively for packages in '/home/doozy/ForkLift_AMR'
[0.137s] Level 1:colcon.colcon_core.package_identification:_identify(.) by extensions ['ignore', 'ignore_ament_install']
[0.137s] Level 1:colcon.colcon_core.package_identification:_identify(.) by extension 'ignore'
[0.137s] Level 1:colcon.colcon_core.package_identification:_identify(.) by extension 'ignore_ament_install'
[0.137s] Level 1:colcon.colcon_core.package_identification:_identify(.) by extensions ['colcon_pkg']
[0.137s] Level 1:colcon.colcon_core.package_identification:_identify(.) by extension 'colcon_pkg'
[0.137s] Level 1:colcon.colcon_core.package_identification:_identify(.) by extensions ['colcon_meta']
[0.137s] Level 1:colcon.colcon_core.package_identification:_identify(.) by extension 'colcon_meta'
[0.137s] Level 1:colcon.colcon_core.package_identification:_identify(.) by extensions ['ros']
[0.137s] Level 1:colcon.colcon_core.package_identification:_identify(.) by extension 'ros'
[0.148s] Level 1:colcon.colcon_core.package_identification:_identify(.) by extensions ['cmake', 'python']
[0.148s] Level 1:colcon.colcon_core.package_identification:_identify(.) by extension 'cmake'
[0.148s] Level 1:colcon.colcon_core.package_identification:_identify(.) by extension 'python'
[0.148s] Level 1:colcon.colcon_core.package_identification:_identify(.) by extensions ['python_setup_py']
[0.148s] Level 1:colcon.colcon_core.package_identification:_identify(.) by extension 'python_setup_py'
[0.148s] Level 1:colcon.colcon_core.package_identification:_identify(build) by extensions ['ignore', 'ignore_ament_install']
[0.149s] Level 1:colcon.colcon_core.package_identification:_identify(build) by extension 'ignore'
[0.149s] Level 1:colcon.colcon_core.package_identification:_identify(build) ignored
[0.149s] Level 1:colcon.colcon_core.package_identification:_identify(install) by extensions ['ignore', 'ignore_ament_install']
[0.149s] Level 1:colcon.colcon_core.package_identification:_identify(install) by extension 'ignore'
[0.149s] Level 1:colcon.colcon_core.package_identification:_identify(install) ignored
[0.149s] Level 1:colcon.colcon_core.package_identification:_identify(log) by extensions ['ignore', 'ignore_ament_install']
[0.149s] Level 1:colcon.colcon_core.package_identification:_identify(log) by extension 'ignore'
[0.149s] Level 1:colcon.colcon_core.package_identification:_identify(log) ignored
[0.149s] Level 1:colcon.colcon_core.package_identification:_identify(rviz) by extensions ['ignore', 'ignore_ament_install']
[0.149s] Level 1:colcon.colcon_core.package_identification:_identify(rviz) by extension 'ignore'
[0.149s] Level 1:colcon.colcon_core.package_identification:_identify(rviz) by extension 'ignore_ament_install'
[0.149s] Level 1:colcon.colcon_core.package_identification:_identify(rviz) by extensions ['colcon_pkg']
[0.149s] Level 1:colcon.colcon_core.package_identification:_identify(rviz) by extension 'colcon_pkg'
[0.149s] Level 1:colcon.colcon_core.package_identification:_identify(rviz) by extensions ['colcon_meta']
[0.149s] Level 1:colcon.colcon_core.package_identification:_identify(rviz) by extension 'colcon_meta'
[0.149s] Level 1:colcon.colcon_core.package_identification:_identify(rviz) by extensions ['ros']
[0.149s] Level 1:colcon.colcon_core.package_identification:_identify(rviz) by extension 'ros'
[0.149s] Level 1:colcon.colcon_core.package_identification:_identify(rviz) by extensions ['cmake', 'python']
[0.149s] Level 1:colcon.colcon_core.package_identification:_identify(rviz) by extension 'cmake'
[0.149s] Level 1:colcon.colcon_core.package_identification:_identify(rviz) by extension 'python'
[0.149s] Level 1:colcon.colcon_core.package_identification:_identify(rviz) by extensions ['python_setup_py']
[0.149s] Level 1:colcon.colcon_core.package_identification:_identify(rviz) by extension 'python_setup_py'
[0.149s] Level 1:colcon.colcon_core.package_identification:_identify(src) by extensions ['ignore', 'ignore_ament_install']
[0.149s] Level 1:colcon.colcon_core.package_identification:_identify(src) by extension 'ignore'
[0.150s] Level 1:colcon.colcon_core.package_identification:_identify(src) by extension 'ignore_ament_install'
[0.150s] Level 1:colcon.colcon_core.package_identification:_identify(src) by extensions ['colcon_pkg']
[0.150s] Level 1:colcon.colcon_core.package_identification:_identify(src) by extension 'colcon_pkg'
[0.150s] Level 1:colcon.colcon_core.package_identification:_identify(src) by extensions ['colcon_meta']
[0.150s] Level 1:colcon.colcon_core.package_identification:_identify(src) by extension 'colcon_meta'
[0.150s] Level 1:colcon.colcon_core.package_identification:_identify(src) by extensions ['ros']
[0.150s] Level 1:colcon.colcon_core.package_identification:_identify(src) by extension 'ros'
[0.150s] Level 1:colcon.colcon_core.package_identification:_identify(src) by extensions ['cmake', 'python']
[0.150s] Level 1:colcon.colcon_core.package_identification:_identify(src) by extension 'cmake'
[0.150s] Level 1:colcon.colcon_core.package_identification:_identify(src) by extension 'python'
[0.150s] Level 1:colcon.colcon_core.package_identification:_identify(src) by extensions ['python_setup_py']
[0.150s] Level 1:colcon.colcon_core.package_identification:_identify(src) by extension 'python_setup_py'
[0.150s] Level 1:colcon.colcon_core.package_identification:_identify(src/doozy_forklift) by extensions ['ignore', 'ignore_ament_install']
[0.150s] Level 1:colcon.colcon_core.package_identification:_identify(src/doozy_forklift) by extension 'ignore'
[0.150s] Level 1:colcon.colcon_core.package_identification:_identify(src/doozy_forklift) by extension 'ignore_ament_install'
[0.150s] Level 1:colcon.colcon_core.package_identification:_identify(src/doozy_forklift) by extensions ['colcon_pkg']
[0.150s] Level 1:colcon.colcon_core.package_identification:_identify(src/doozy_forklift) by extension 'colcon_pkg'
[0.150s] Level 1:colcon.colcon_core.package_identification:_identify(src/doozy_forklift) by extensions ['colcon_meta']
[0.150s] Level 1:colcon.colcon_core.package_identification:_identify(src/doozy_forklift) by extension 'colcon_meta'
[0.150s] Level 1:colcon.colcon_core.package_identification:_identify(src/doozy_forklift) by extensions ['ros']
[0.150s] Level 1:colcon.colcon_core.package_identification:_identify(src/doozy_forklift) by extension 'ros'
[0.152s] DEBUG:colcon.colcon_core.package_identification:Package 'src/doozy_forklift' with type 'ros.ament_python' and name 'doozy_forklift'
[0.152s] Level 1:colcon.colcon_core.package_identification:_identify(src/forklift_interfaces) by extensions ['ignore', 'ignore_ament_install']
[0.152s] Level 1:colcon.colcon_core.package_identification:_identify(src/forklift_interfaces) by extension 'ignore'
[0.152s] Level 1:colcon.colcon_core.package_identification:_identify(src/forklift_interfaces) by extension 'ignore_ament_install'
[0.152s] Level 1:colcon.colcon_core.package_identification:_identify(src/forklift_interfaces) by extensions ['colcon_pkg']
[0.152s] Level 1:colcon.colcon_core.package_identification:_identify(src/forklift_interfaces) by extension 'colcon_pkg'
[0.152s] Level 1:colcon.colcon_core.package_identification:_identify(src/forklift_interfaces) by extensions ['colcon_meta']
[0.152s] Level 1:colcon.colcon_core.package_identification:_identify(src/forklift_interfaces) by extension 'colcon_meta'
[0.153s] Level 1:colcon.colcon_core.package_identification:_identify(src/forklift_interfaces) by extensions ['ros']
[0.153s] Level 1:colcon.colcon_core.package_identification:_identify(src/forklift_interfaces) by extension 'ros'
[0.153s] DEBUG:colcon.colcon_core.package_identification:Package 'src/forklift_interfaces' with type 'ros.ament_cmake' and name 'forklift_interfaces'
[0.153s] Level 1:colcon.colcon_core.package_discovery:discover_packages(recursive) using defaults
[0.153s] Level 1:colcon.colcon_core.package_discovery:discover_packages(ignore) discover
[0.153s] Level 1:colcon.colcon_core.package_discovery:discover_packages(ignore) using defaults
[0.153s] Level 1:colcon.colcon_core.package_discovery:discover_packages(path) discover
[0.153s] Level 1:colcon.colcon_core.package_discovery:discover_packages(path) using defaults
[0.168s] Level 1:colcon.colcon_core.package_discovery:discover_packages(prefix_path) check parameters
[0.168s] Level 1:colcon.colcon_core.package_discovery:discover_packages(prefix_path) discover
[0.172s] DEBUG:colcon.colcon_installed_package_information.package_discovery:Found 3 installed packages in /home/doozy/doozy_robotics/doozy_ws_2/install
[0.173s] DEBUG:colcon.colcon_installed_package_information.package_discovery:Found 9 installed packages in /home/doozy/do_ws/install
[0.173s] DEBUG:colcon.colcon_installed_package_information.package_discovery:Found 22 installed packages in /home/doozy/ros2_ws/install
[0.174s] DEBUG:colcon.colcon_installed_package_information.package_discovery:Found 10 installed packages in /home/doozy/neuronbot2_ros2_ws/install
[0.174s] DEBUG:colcon.colcon_installed_package_information.package_discovery:Found 5 installed packages in /home/doozy/doozy_ws/install
[0.176s] DEBUG:colcon.colcon_installed_package_information.package_discovery:Found 449 installed packages in /opt/ros/humble
[0.177s] Level 1:colcon.colcon_core.package_discovery:discover_packages(prefix_path) using defaults
[0.232s] Level 5:colcon.colcon_core.verb:set package 'doozy_forklift' build argument 'cmake_args' from command line to 'None'
[0.232s] Level 5:colcon.colcon_core.verb:set package 'doozy_forklift' build argument 'cmake_target' from command line to 'None'
[0.232s] Level 5:colcon.colcon_core.verb:set package 'doozy_forklift' build argument 'cmake_target_skip_unavailable' from command line to 'False'
[0.232s] Level 5:colcon.colcon_core.verb:set package 'doozy_forklift' build argument 'cmake_clean_cache' from command line to 'False'
[0.232s] Level 5:colcon.colcon_core.verb:set package 'doozy_forklift' build argument 'cmake_clean_first' from command line to 'False'
[0.232s] Level 5:colcon.colcon_core.verb:set package 'doozy_forklift' build argument 'cmake_force_configure' from command line to 'False'
[0.232s] Level 5:colcon.colcon_core.verb:set package 'doozy_forklift' build argument 'ament_cmake_args' from command line to 'None'
[0.232s] Level 5:colcon.colcon_core.verb:set package 'doozy_forklift' build argument 'catkin_cmake_args' from command line to 'None'
[0.232s] Level 5:colcon.colcon_core.verb:set package 'doozy_forklift' build argument 'catkin_skip_building_tests' from command line to 'False'
[0.232s] DEBUG:colcon.colcon_core.verb:Building package 'doozy_forklift' with the following arguments: {'ament_cmake_args': None, 'build_base': '/home/doozy/ForkLift_AMR/build/doozy_forklift', 'catkin_cmake_args': None, 'catkin_skip_building_tests': False, 'cmake_args': None, 'cmake_clean_cache': False, 'cmake_clean_first': False, 'cmake_force_configure': False, 'cmake_target': None, 'cmake_target_skip_unavailable': False, 'install_base': '/home/doozy/ForkLift_AMR/install/doozy_forklift', 'merge_install': False, 'path': '/home/doozy/ForkLift_AMR/src/doozy_forklift', 'symlink_install': False, 'test_result_base': None}
[0.233s] Level 5:colcon.colcon_core.verb:set package 'forklift_interfaces' build argument 'cmake_args' from command line to 'None'
[0.233s] Level 5:colcon.colcon_core.verb:set package 'forklift_interfaces' build argument 'cmake_target' from command line to 'None'
[0.233s] Level 5:colcon.colcon_core.verb:set package 'forklift_interfaces' build argument 'cmake_target_skip_unavailable' from command line to 'False'
[0.233s] Level 5:colcon.colcon_core.verb:set package 'forklift_interfaces' build argument 'cmake_clean_cache' from command line to 'False'
[0.233s] Level 5:colcon.colcon_core.verb:set package 'forklift_interfaces' build argument 'cmake_clean_first' from command line to 'False'
[0.233s] Level 5:colcon.colcon_core.verb:set package 'forklift_interfaces' build argument 'cmake_force_configure' from command line to 'False'
[0.233s] Level 5:colcon.colcon_core.verb:set package 'forklift_interfaces' build argument 'ament_cmake_args' from command line to 'None'
[0.233s] Level 5:colcon.colcon_core.verb:set package 'forklift_interfaces' build argument 'catkin_cmake_args' from command line to 'None'
[0.233s] Level 5:colcon.colcon_core.verb:set package 'forklift_interfaces' build argument 'catkin_skip_building_tests' from command line to 'False'
[0.233s] DEBUG:colcon.colcon_core.verb:Building package 'forklift_interfaces' with the following arguments: {'ament_cmake_args': None, 'build_base': '/home/doozy/ForkLift_AMR/build/forklift_interfaces', 'catkin_cmake_args': None, 'catkin_skip_building_tests': False, 'cmake_args': None, 'cmake_clean_cache': False, 'cmake_clean_first': False, 'cmake_force_configure': False, 'cmake_target': None, 'cmake_target_skip_unavailable': False, 'install_base': '/home/doozy/ForkLift_AMR/install/forklift_interfaces', 'merge_install': False, 'path': '/home/doozy/ForkLift_AMR/src/forklift_interfaces', 'symlink_install': False, 'test_result_base': None}
[0.233s] INFO:colcon.colcon_core.executor:Executing jobs using 'parallel' executor
[0.233s] DEBUG:colcon.colcon_parallel_executor.executor.parallel:run_until_complete
[0.234s] INFO:colcon.colcon_ros.task.ament_python.build:Building ROS package in '/home/doozy/ForkLift_AMR/src/doozy_forklift' with build type 'ament_python'
[0.234s] Level 1:colcon.colcon_core.shell:create_environment_hook('doozy_forklift', 'ament_prefix_path')
[0.236s] INFO:colcon.colcon_core.plugin_system:Skipping extension 'colcon_core.shell.bat': Not used on non-Windows systems
[0.236s] INFO:colcon.colcon_core.shell:Creating environment hook '/home/doozy/ForkLift_AMR/install/doozy_forklift/share/doozy_forklift/hook/ament_prefix_path.ps1'
[0.237s] INFO:colcon.colcon_core.shell:Creating environment descriptor '/home/doozy/ForkLift_AMR/install/doozy_forklift/share/doozy_forklift/hook/ament_prefix_path.dsv'
[0.237s] INFO:colcon.colcon_core.shell:Creating environment hook '/home/doozy/ForkLift_AMR/install/doozy_forklift/share/doozy_forklift/hook/ament_prefix_path.sh'
[0.243s] INFO:colcon.colcon_core.shell:Skip shell extension 'powershell' for command environment: Not usable outside of PowerShell
[0.244s] DEBUG:colcon.colcon_core.shell:Skip shell extension 'dsv' for command environment
[0.249s] INFO:colcon.colcon_ros.task.ament_cmake.build:Building ROS package in '/home/doozy/ForkLift_AMR/src/forklift_interfaces' with build type 'ament_cmake'
[0.250s] INFO:colcon.colcon_cmake.task.cmake.build:Building CMake package in '/home/doozy/ForkLift_AMR/src/forklift_interfaces'
[0.250s] INFO:colcon.colcon_core.shell:Skip shell extension 'powershell' for command environment: Not usable outside of PowerShell
[0.250s] DEBUG:colcon.colcon_core.shell:Skip shell extension 'dsv' for command environment
[0.435s] INFO:colcon.colcon_core.task.python.build:Building Python package in '/home/doozy/ForkLift_AMR/src/doozy_forklift'
[0.435s] INFO:colcon.colcon_core.shell:Skip shell extension 'powershell' for command environment: Not usable outside of PowerShell
[0.435s] DEBUG:colcon.colcon_core.shell:Skip shell extension 'dsv' for command environment
[0.443s] DEBUG:colcon.colcon_core.event_handler.log_command:Invoking command in '/home/doozy/ForkLift_AMR/build/forklift_interfaces': CMAKE_PREFIX_PATH=${CMAKE_PREFIX_PATH}:/home/doozy/doozy_ws/install/task_py:/home/doozy/doozy_robotics/doozy_ws_2/install/pallet_docker_02:/home/doozy/doozy_robotics/doozy_ws_2/install/2_t_dolly_logistics_driver:/home/doozy/ros2_ws/install/hotel_package:/home/doozy/ros2_ws/install/deffy:/home/doozy/do_ws/install/task_py:/home/doozy/neuronbot2_ros2_ws/install/neuronbot2_led:/opt/ros/humble /usr/bin/cmake /home/doozy/ForkLift_AMR/src/forklift_interfaces -DCMAKE_INSTALL_PREFIX=/home/doozy/ForkLift_AMR/install/forklift_interfaces
[1.051s] DEBUG:colcon.colcon_core.event_handler.log_command:Invoking command in '/home/doozy/ForkLift_AMR/src/doozy_forklift': PYTHONPATH=/home/doozy/ForkLift_AMR/build/doozy_forklift/prefix_override:/home/doozy/ForkLift_AMR/install/doozy_forklift/lib/python3.10/site-packages:${PYTHONPATH} /usr/bin/python3 -W ignore:setup.py install is deprecated setup.py egg_info --egg-base ../../build/doozy_forklift build --build-base /home/doozy/ForkLift_AMR/build/doozy_forklift/build install --record /home/doozy/ForkLift_AMR/build/doozy_forklift/install.log --single-version-externally-managed install_data
[1.559s] DEBUG:colcon.colcon_core.event_handler.log_command:Invoked command in '/home/doozy/ForkLift_AMR/src/doozy_forklift' returned '0': PYTHONPATH=/home/doozy/ForkLift_AMR/build/doozy_forklift/prefix_override:/home/doozy/ForkLift_AMR/install/doozy_forklift/lib/python3.10/site-packages:${PYTHONPATH} /usr/bin/python3 -W ignore:setup.py install is deprecated setup.py egg_info --egg-base ../../build/doozy_forklift build --build-base /home/doozy/ForkLift_AMR/build/doozy_forklift/build install --record /home/doozy/ForkLift_AMR/build/doozy_forklift/install.log --single-version-externally-managed install_data
[1.562s] Level 1:colcon.colcon_core.environment:checking '/home/doozy/ForkLift_AMR/install/doozy_forklift' for CMake module files
[1.562s] Level 1:colcon.colcon_core.environment:checking '/home/doozy/ForkLift_AMR/install/doozy_forklift' for CMake config files
[1.563s] Level 1:colcon.colcon_core.environment:checking '/home/doozy/ForkLift_AMR/install/doozy_forklift/lib'
[1.563s] Level 1:colcon.colcon_core.environment:checking '/home/doozy/ForkLift_AMR/install/doozy_forklift/bin'
[1.563s] Level 1:colcon.colcon_core.environment:checking '/home/doozy/ForkLift_AMR/install/doozy_forklift/lib/pkgconfig/doozy_forklift.pc'
[1.563s] Level 1:colcon.colcon_core.environment:checking '/home/doozy/ForkLift_AMR/install/doozy_forklift/lib/python3.10/site-packages'
[1.563s] Level 1:colcon.colcon_core.shell:create_environment_hook('doozy_forklift', 'pythonpath')
[1.563s] INFO:colcon.colcon_core.shell:Creating environment hook '/home/doozy/ForkLift_AMR/install/doozy_forklift/share/doozy_forklift/hook/pythonpath.ps1'
[1.564s] INFO:colcon.colcon_core.shell:Creating environment descriptor '/home/doozy/ForkLift_AMR/install/doozy_forklift/share/doozy_forklift/hook/pythonpath.dsv'
[1.564s] INFO:colcon.colcon_core.shell:Creating environment hook '/home/doozy/ForkLift_AMR/install/doozy_forklift/share/doozy_forklift/hook/pythonpath.sh'
[1.564s] Level 1:colcon.colcon_core.environment:checking '/home/doozy/ForkLift_AMR/install/doozy_forklift/bin'
[1.564s] Level 1:colcon.colcon_core.environment:create_environment_scripts_only(doozy_forklift)
[1.564s] INFO:colcon.colcon_core.shell:Creating package script '/home/doozy/ForkLift_AMR/install/doozy_forklift/share/doozy_forklift/package.ps1'
[1.565s] INFO:colcon.colcon_core.shell:Creating package descriptor '/home/doozy/ForkLift_AMR/install/doozy_forklift/share/doozy_forklift/package.dsv'
[1.565s] INFO:colcon.colcon_core.shell:Creating package script '/home/doozy/ForkLift_AMR/install/doozy_forklift/share/doozy_forklift/package.sh'
[1.566s] INFO:colcon.colcon_core.shell:Creating package script '/home/doozy/ForkLift_AMR/install/doozy_forklift/share/doozy_forklift/package.bash'
[1.567s] INFO:colcon.colcon_core.shell:Creating package script '/home/doozy/ForkLift_AMR/install/doozy_forklift/share/doozy_forklift/package.zsh'
[1.567s] Level 1:colcon.colcon_core.environment:create_file_with_runtime_dependencies(/home/doozy/ForkLift_AMR/install/doozy_forklift/share/colcon-core/packages/doozy_forklift)
[2.816s] DEBUG:colcon.colcon_core.event_handler.log_command:Invoked command in '/home/doozy/ForkLift_AMR/build/forklift_interfaces' returned '0': CMAKE_PREFIX_PATH=${CMAKE_PREFIX_PATH}:/home/doozy/doozy_ws/install/task_py:/home/doozy/doozy_robotics/doozy_ws_2/install/pallet_docker_02:/home/doozy/doozy_robotics/doozy_ws_2/install/2_t_dolly_logistics_driver:/home/doozy/ros2_ws/install/hotel_package:/home/doozy/ros2_ws/install/deffy:/home/doozy/do_ws/install/task_py:/home/doozy/neuronbot2_ros2_ws/install/neuronbot2_led:/opt/ros/humble /usr/bin/cmake /home/doozy/ForkLift_AMR/src/forklift_interfaces -DCMAKE_INSTALL_PREFIX=/home/doozy/ForkLift_AMR/install/forklift_interfaces
[2.816s] DEBUG:colcon.colcon_core.event_handler.log_command:Invoking command in '/home/doozy/ForkLift_AMR/build/forklift_interfaces': CMAKE_PREFIX_PATH=${CMAKE_PREFIX_PATH}:/home/doozy/doozy_ws/install/task_py:/home/doozy/doozy_robotics/doozy_ws_2/install/pallet_docker_02:/home/doozy/doozy_robotics/doozy_ws_2/install/2_t_dolly_logistics_driver:/home/doozy/ros2_ws/install/hotel_package:/home/doozy/ros2_ws/install/deffy:/home/doozy/do_ws/install/task_py:/home/doozy/neuronbot2_ros2_ws/install/neuronbot2_led:/opt/ros/humble /usr/bin/cmake --build /home/doozy/ForkLift_AMR/build/forklift_interfaces -- -j16 -l16
[4.219s] DEBUG:colcon.colcon_core.event_handler.log_command:Invoked command in '/home/doozy/ForkLift_AMR/build/forklift_interfaces' returned '0': CMAKE_PREFIX_PATH=${CMAKE_PREFIX_PATH}:/home/doozy/doozy_ws/install/task_py:/home/doozy/doozy_robotics/doozy_ws_2/install/pallet_docker_02:/home/doozy/doozy_robotics/doozy_ws_2/install/2_t_dolly_logistics_driver:/home/doozy/ros2_ws/install/hotel_package:/home/doozy/ros2_ws/install/deffy:/home/doozy/do_ws/install/task_py:/home/doozy/neuronbot2_ros2_ws/install/neuronbot2_led:/opt/ros/humble /usr/bin/cmake --build /home/doozy/ForkLift_AMR/build/forklift_interfaces -- -j16 -l16
[4.275s] DEBUG:colcon.colcon_core.event_handler.log_command:Invoking command in '/home/doozy/ForkLift_AMR/build/forklift_interfaces': CMAKE_PREFIX_PATH=${CMAKE_PREFIX_PATH}:/home/doozy/doozy_ws/install/task_py:/home/doozy/doozy_robotics/doozy_ws_2/install/pallet_docker_02:/home/doozy/doozy_robotics/doozy_ws_2/install/2_t_dolly_logistics_driver:/home/doozy/ros2_ws/install/hotel_package:/home/doozy/ros2_ws/install/deffy:/home/doozy/do_ws/install/task_py:/home/doozy/neuronbot2_ros2_ws/install/neuronbot2_led:/opt/ros/humble /usr/bin/cmake --install /home/doozy/ForkLift_AMR/build/forklift_interfaces
[4.327s] Level 1:colcon.colcon_core.environment:create_environment_scripts_only(forklift_interfaces)
[4.327s] DEBUG:colcon.colcon_core.event_handler.log_command:Invoked command in '/home/doozy/ForkLift_AMR/build/forklift_interfaces' returned '0': CMAKE_PREFIX_PATH=${CMAKE_PREFIX_PATH}:/home/doozy/doozy_ws/install/task_py:/home/doozy/doozy_robotics/doozy_ws_2/install/pallet_docker_02:/home/doozy/doozy_robotics/doozy_ws_2/install/2_t_dolly_logistics_driver:/home/doozy/ros2_ws/install/hotel_package:/home/doozy/ros2_ws/install/deffy:/home/doozy/do_ws/install/task_py:/home/doozy/neuronbot2_ros2_ws/install/neuronbot2_led:/opt/ros/humble /usr/bin/cmake --install /home/doozy/ForkLift_AMR/build/forklift_interfaces
[4.328s] Level 1:colcon.colcon_core.environment:checking '/home/doozy/ForkLift_AMR/install/forklift_interfaces' for CMake module files
[4.328s] Level 1:colcon.colcon_core.environment:checking '/home/doozy/ForkLift_AMR/install/forklift_interfaces' for CMake config files
[4.328s] Level 1:colcon.colcon_core.shell:create_environment_hook('forklift_interfaces', 'cmake_prefix_path')
[4.329s] INFO:colcon.colcon_core.shell:Creating environment hook '/home/doozy/ForkLift_AMR/install/forklift_interfaces/share/forklift_interfaces/hook/cmake_prefix_path.ps1'
[4.329s] INFO:colcon.colcon_core.shell:Creating environment descriptor '/home/doozy/ForkLift_AMR/install/forklift_interfaces/share/forklift_interfaces/hook/cmake_prefix_path.dsv'
[4.329s] INFO:colcon.colcon_core.shell:Creating environment hook '/home/doozy/ForkLift_AMR/install/forklift_interfaces/share/forklift_interfaces/hook/cmake_prefix_path.sh'
[4.329s] Level 1:colcon.colcon_core.environment:checking '/home/doozy/ForkLift_AMR/install/forklift_interfaces/lib'
[4.329s] Level 1:colcon.colcon_core.shell:create_environment_hook('forklift_interfaces', 'ld_library_path_lib')
[4.329s] INFO:colcon.colcon_core.shell:Creating environment hook '/home/doozy/ForkLift_AMR/install/forklift_interfaces/share/forklift_interfaces/hook/ld_library_path_lib.ps1'
[4.330s] INFO:colcon.colcon_core.shell:Creating environment descriptor '/home/doozy/ForkLift_AMR/install/forklift_interfaces/share/forklift_interfaces/hook/ld_library_path_lib.dsv'
[4.330s] INFO:colcon.colcon_core.shell:Creating environment hook '/home/doozy/ForkLift_AMR/install/forklift_interfaces/share/forklift_interfaces/hook/ld_library_path_lib.sh'
[4.330s] Level 1:colcon.colcon_core.environment:checking '/home/doozy/ForkLift_AMR/install/forklift_interfaces/bin'
[4.330s] Level 1:colcon.colcon_core.environment:checking '/home/doozy/ForkLift_AMR/install/forklift_interfaces/lib/pkgconfig/forklift_interfaces.pc'
[4.330s] Level 1:colcon.colcon_core.environment:checking '/home/doozy/ForkLift_AMR/install/forklift_interfaces/lib/python3.10/site-packages'
[4.330s] Level 1:colcon.colcon_core.environment:checking '/home/doozy/ForkLift_AMR/install/forklift_interfaces/bin'
[4.331s] INFO:colcon.colcon_core.shell:Creating package script '/home/doozy/ForkLift_AMR/install/forklift_interfaces/share/forklift_interfaces/package.ps1'
[4.331s] INFO:colcon.colcon_core.shell:Creating package descriptor '/home/doozy/ForkLift_AMR/install/forklift_interfaces/share/forklift_interfaces/package.dsv'
[4.331s] INFO:colcon.colcon_core.shell:Creating package script '/home/doozy/ForkLift_AMR/install/forklift_interfaces/share/forklift_interfaces/package.sh'
[4.331s] INFO:colcon.colcon_core.shell:Creating package script '/home/doozy/ForkLift_AMR/install/forklift_interfaces/share/forklift_interfaces/package.bash'
[4.332s] INFO:colcon.colcon_core.shell:Creating package script '/home/doozy/ForkLift_AMR/install/forklift_interfaces/share/forklift_interfaces/package.zsh'
[4.332s] Level 1:colcon.colcon_core.environment:create_file_with_runtime_dependencies(/home/doozy/ForkLift_AMR/install/forklift_interfaces/share/colcon-core/packages/forklift_interfaces)
[4.381s] Level 1:colcon.colcon_core.environment:create_environment_scripts_only(forklift_interfaces)
[4.381s] Level 1:colcon.colcon_core.environment:checking '/home/doozy/ForkLift_AMR/install/forklift_interfaces' for CMake module files
[4.381s] Level 1:colcon.colcon_core.environment:checking '/home/doozy/ForkLift_AMR/install/forklift_interfaces' for CMake config files
[4.382s] Level 1:colcon.colcon_core.shell:create_environment_hook('forklift_interfaces', 'cmake_prefix_path')
[4.382s] INFO:colcon.colcon_core.shell:Creating environment hook '/home/doozy/ForkLift_AMR/install/forklift_interfaces/share/forklift_interfaces/hook/cmake_prefix_path.ps1'
[4.382s] INFO:colcon.colcon_core.shell:Creating environment descriptor '/home/doozy/ForkLift_AMR/install/forklift_interfaces/share/forklift_interfaces/hook/cmake_prefix_path.dsv'
[4.382s] INFO:colcon.colcon_core.shell:Creating environment hook '/home/doozy/ForkLift_AMR/install/forklift_interfaces/share/forklift_interfaces/hook/cmake_prefix_path.sh'
[4.383s] Level 1:colcon.colcon_core.environment:checking '/home/doozy/ForkLift_AMR/install/forklift_interfaces/lib'
[4.383s] Level 1:colcon.colcon_core.shell:create_environment_hook('forklift_interfaces', 'ld_library_path_lib')
[4.383s] INFO:colcon.colcon_core.shell:Creating environment hook '/home/doozy/ForkLift_AMR/install/forklift_interfaces/share/forklift_interfaces/hook/ld_library_path_lib.ps1'
[4.383s] INFO:colcon.colcon_core.shell:Creating environment descriptor '/home/doozy/ForkLift_AMR/install/forklift_interfaces/share/forklift_interfaces/hook/ld_library_path_lib.dsv'
[4.383s] INFO:colcon.colcon_core.shell:Creating environment hook '/home/doozy/ForkLift_AMR/install/forklift_interfaces/share/forklift_interfaces/hook/ld_library_path_lib.sh'
[4.384s] Level 1:colcon.colcon_core.environment:checking '/home/doozy/ForkLift_AMR/install/forklift_interfaces/bin'
[4.384s] Level 1:colcon.colcon_core.environment:checking '/home/doozy/ForkLift_AMR/install/forklift_interfaces/lib/pkgconfig/forklift_interfaces.pc'
[4.384s] Level 1:colcon.colcon_core.environment:checking '/home/doozy/ForkLift_AMR/install/forklift_interfaces/lib/python3.10/site-packages'
[4.384s] Level 1:colcon.colcon_core.environment:checking '/home/doozy/ForkLift_AMR/install/forklift_interfaces/bin'
[4.384s] INFO:colcon.colcon_core.shell:Creating package script '/home/doozy/ForkLift_AMR/install/forklift_interfaces/share/forklift_interfaces/package.ps1'
[4.385s] INFO:colcon.colcon_core.shell:Creating package descriptor '/home/doozy/ForkLift_AMR/install/forklift_interfaces/share/forklift_interfaces/package.dsv'
[4.385s] INFO:colcon.colcon_core.shell:Creating package script '/home/doozy/ForkLift_AMR/install/forklift_interfaces/share/forklift_interfaces/package.sh'
[4.385s] INFO:colcon.colcon_core.shell:Creating package script '/home/doozy/ForkLift_AMR/install/forklift_interfaces/share/forklift_interfaces/package.bash'
[4.386s] INFO:colcon.colcon_core.shell:Creating package script '/home/doozy/ForkLift_AMR/install/forklift_interfaces/share/forklift_interfaces/package.zsh'
[4.386s] Level 1:colcon.colcon_core.environment:create_file_with_runtime_dependencies(/home/doozy/ForkLift_AMR/install/forklift_interfaces/share/colcon-core/packages/forklift_interfaces)
[4.386s] DEBUG:colcon.colcon_parallel_executor.executor.parallel:closing loop
[4.386s] DEBUG:colcon.colcon_parallel_executor.executor.parallel:loop closed
[4.386s] DEBUG:colcon.colcon_parallel_executor.executor.parallel:run_until_complete finished with '0'
[4.386s] DEBUG:colcon.colcon_core.event_reactor:joining thread
[4.391s] INFO:colcon.colcon_core.plugin_system:Skipping extension 'colcon_notification.desktop_notification.terminal_notifier': Not used on non-Darwin systems
[4.391s] INFO:colcon.colcon_core.plugin_system:Skipping extension 'colcon_notification.desktop_notification.win32': Not used on non-Windows systems
[4.391s] INFO:colcon.colcon_notification.desktop_notification:Sending desktop notification using 'notify2'
[4.401s] DEBUG:colcon.colcon_core.event_reactor:joined thread
[4.401s] INFO:colcon.colcon_core.shell:Creating prefix script '/home/doozy/ForkLift_AMR/install/local_setup.ps1'
[4.402s] INFO:colcon.colcon_core.shell:Creating prefix util module '/home/doozy/ForkLift_AMR/install/_local_setup_util_ps1.py'
[4.403s] INFO:colcon.colcon_core.shell:Creating prefix chain script '/home/doozy/ForkLift_AMR/install/setup.ps1'
[4.405s] INFO:colcon.colcon_core.shell:Creating prefix script '/home/doozy/ForkLift_AMR/install/local_setup.sh'
[4.405s] INFO:colcon.colcon_core.shell:Creating prefix util module '/home/doozy/ForkLift_AMR/install/_local_setup_util_sh.py'
[4.406s] INFO:colcon.colcon_core.shell:Creating prefix chain script '/home/doozy/ForkLift_AMR/install/setup.sh'
[4.408s] INFO:colcon.colcon_core.shell:Creating prefix script '/home/doozy/ForkLift_AMR/install/local_setup.bash'
[4.408s] INFO:colcon.colcon_core.shell:Creating prefix chain script '/home/doozy/ForkLift_AMR/install/setup.bash'
[4.410s] INFO:colcon.colcon_core.shell:Creating prefix script '/home/doozy/ForkLift_AMR/install/local_setup.zsh'
[4.411s] INFO:colcon.colcon_core.shell:Creating prefix chain script '/home/doozy/ForkLift_AMR/install/setup.zsh'
