[0.618s] Invoking command in '/home/doozy/ForkLift_AMR/src/doozy_forklift': PYTHONPATH=/home/doozy/ForkLift_AMR/build/doozy_forklift/prefix_override:/home/doozy/ForkLift_AMR/install/doozy_forklift/lib/python3.8/site-packages:${PYTHONPATH} /usr/bin/python3 -W ignore:setup.py install is deprecated setup.py egg_info --egg-base ../../build/doozy_forklift build --build-base /home/doozy/ForkLift_AMR/build/doozy_forklift/build install --record /home/doozy/ForkLift_AMR/build/doozy_forklift/install.log --single-version-externally-managed install_data
[0.816s] running egg_info
[0.816s] writing ../../build/doozy_forklift/doozy_forklift.egg-info/PKG-INFO
[0.816s] writing dependency_links to ../../build/doozy_forklift/doozy_forklift.egg-info/dependency_links.txt
[0.817s] writing entry points to ../../build/doozy_forklift/doozy_forklift.egg-info/entry_points.txt
[0.817s] writing requirements to ../../build/doozy_forklift/doozy_forklift.egg-info/requires.txt
[0.817s] writing top-level names to ../../build/doozy_forklift/doozy_forklift.egg-info/top_level.txt
[0.860s] reading manifest file '../../build/doozy_forklift/doozy_forklift.egg-info/SOURCES.txt'
[0.861s] writing manifest file '../../build/doozy_forklift/doozy_forklift.egg-info/SOURCES.txt'
[0.861s] running build
[0.861s] running build_py
[0.861s] running install
[0.862s] running install_lib
[0.863s] running install_data
[0.863s] running install_egg_info
[0.865s] removing '/home/doozy/ForkLift_AMR/install/doozy_forklift/lib/python3.8/site-packages/doozy_forklift-0.0.0-py3.8.egg-info' (and everything under it)
[0.865s] Copying ../../build/doozy_forklift/doozy_forklift.egg-info to /home/doozy/ForkLift_AMR/install/doozy_forklift/lib/python3.8/site-packages/doozy_forklift-0.0.0-py3.8.egg-info
[0.866s] running install_scripts
[0.880s] Installing Client_01 script to /home/doozy/ForkLift_AMR/install/doozy_forklift/lib/doozy_forklift
[0.880s] Installing Client_02 script to /home/doozy/ForkLift_AMR/install/doozy_forklift/lib/doozy_forklift
[0.880s] Installing Client_03 script to /home/doozy/ForkLift_AMR/install/doozy_forklift/lib/doozy_forklift
[0.880s] Installing Detect_Pallet_01 script to /home/doozy/ForkLift_AMR/install/doozy_forklift/lib/doozy_forklift
[0.880s] Installing Dock_with_Pallet_01 script to /home/doozy/ForkLift_AMR/install/doozy_forklift/lib/doozy_forklift
[0.880s] Installing Dock_with_Pallet_02 script to /home/doozy/ForkLift_AMR/install/doozy_forklift/lib/doozy_forklift
[0.880s] Installing Dock_with_Pallet_03 script to /home/doozy/ForkLift_AMR/install/doozy_forklift/lib/doozy_forklift
[0.880s] Installing Dock_with_Pallet_04 script to /home/doozy/ForkLift_AMR/install/doozy_forklift/lib/doozy_forklift
[0.880s] Installing Dock_with_Pallet_05 script to /home/doozy/ForkLift_AMR/install/doozy_forklift/lib/doozy_forklift
[0.880s] Installing Publish_TF script to /home/doozy/ForkLift_AMR/install/doozy_forklift/lib/doozy_forklift
[0.880s] Installing Publish_TF_2 script to /home/doozy/ForkLift_AMR/install/doozy_forklift/lib/doozy_forklift
[0.881s] writing list of installed files to '/home/doozy/ForkLift_AMR/build/doozy_forklift/install.log'
[0.895s] Invoked command in '/home/doozy/ForkLift_AMR/src/doozy_forklift' returned '0': PYTHONPATH=/home/doozy/ForkLift_AMR/build/doozy_forklift/prefix_override:/home/doozy/ForkLift_AMR/install/doozy_forklift/lib/python3.8/site-packages:${PYTHONPATH} /usr/bin/python3 -W ignore:setup.py install is deprecated setup.py egg_info --egg-base ../../build/doozy_forklift build --build-base /home/doozy/ForkLift_AMR/build/doozy_forklift/build install --record /home/doozy/ForkLift_AMR/build/doozy_forklift/install.log --single-version-externally-managed install_data
