[1.479s] Invoking command in '/home/doozy/ForkLift_AMR/src/turtlebot3/turtlebot3_example': PYTHONPATH=/home/doozy/ForkLift_AMR/build/turtlebot3_example/prefix_override:/home/doozy/ForkLift_AMR/install/turtlebot3_example/lib/python3.10/site-packages:${PYTHONPATH} /usr/bin/python3 -W ignore:setup.py install is deprecated setup.py egg_info --egg-base ../../../build/turtlebot3_example build --build-base /home/doozy/ForkLift_AMR/build/turtlebot3_example/build install --record /home/doozy/ForkLift_AMR/build/turtlebot3_example/install.log --single-version-externally-managed install_data
[1.766s] running egg_info
[1.766s] creating ../../../build/turtlebot3_example/turtlebot3_example.egg-info
[1.799s] writing ../../../build/turtlebot3_example/turtlebot3_example.egg-info/PKG-INFO
[1.799s] writing dependency_links to ../../../build/turtlebot3_example/turtlebot3_example.egg-info/dependency_links.txt
[1.799s] writing entry points to ../../../build/turtlebot3_example/turtlebot3_example.egg-info/entry_points.txt
[1.799s] writing requirements to ../../../build/turtlebot3_example/turtlebot3_example.egg-info/requires.txt
[1.800s] writing top-level names to ../../../build/turtlebot3_example/turtlebot3_example.egg-info/top_level.txt
[1.800s] writing manifest file '../../../build/turtlebot3_example/turtlebot3_example.egg-info/SOURCES.txt'
[1.858s] reading manifest file '../../../build/turtlebot3_example/turtlebot3_example.egg-info/SOURCES.txt'
[1.859s] writing manifest file '../../../build/turtlebot3_example/turtlebot3_example.egg-info/SOURCES.txt'
[1.859s] running build
[1.859s] running build_py
[1.859s] creating /home/doozy/ForkLift_AMR/build/turtlebot3_example/build
[1.859s] creating /home/doozy/ForkLift_AMR/build/turtlebot3_example/build/lib
[1.860s] creating /home/doozy/ForkLift_AMR/build/turtlebot3_example/build/lib/turtlebot3_example
[1.860s] copying turtlebot3_example/__init__.py -> /home/doozy/ForkLift_AMR/build/turtlebot3_example/build/lib/turtlebot3_example
[1.860s] creating /home/doozy/ForkLift_AMR/build/turtlebot3_example/build/lib/turtlebot3_example/turtlebot3_patrol_server
[1.860s] copying turtlebot3_example/turtlebot3_patrol_server/__init__.py -> /home/doozy/ForkLift_AMR/build/turtlebot3_example/build/lib/turtlebot3_example/turtlebot3_patrol_server
[1.860s] copying turtlebot3_example/turtlebot3_patrol_server/turtlebot3_path.py -> /home/doozy/ForkLift_AMR/build/turtlebot3_example/build/lib/turtlebot3_example/turtlebot3_patrol_server
[1.860s] copying turtlebot3_example/turtlebot3_patrol_server/main.py -> /home/doozy/ForkLift_AMR/build/turtlebot3_example/build/lib/turtlebot3_example/turtlebot3_patrol_server
[1.860s] copying turtlebot3_example/turtlebot3_patrol_server/turtlebot3_patrol_server.py -> /home/doozy/ForkLift_AMR/build/turtlebot3_example/build/lib/turtlebot3_example/turtlebot3_patrol_server
[1.860s] creating /home/doozy/ForkLift_AMR/build/turtlebot3_example/build/lib/turtlebot3_example/turtlebot3_obstacle_detection
[1.861s] copying turtlebot3_example/turtlebot3_obstacle_detection/__init__.py -> /home/doozy/ForkLift_AMR/build/turtlebot3_example/build/lib/turtlebot3_example/turtlebot3_obstacle_detection
[1.861s] copying turtlebot3_example/turtlebot3_obstacle_detection/main.py -> /home/doozy/ForkLift_AMR/build/turtlebot3_example/build/lib/turtlebot3_example/turtlebot3_obstacle_detection
[1.861s] copying turtlebot3_example/turtlebot3_obstacle_detection/turtlebot3_obstacle_detection.py -> /home/doozy/ForkLift_AMR/build/turtlebot3_example/build/lib/turtlebot3_example/turtlebot3_obstacle_detection
[1.861s] creating /home/doozy/ForkLift_AMR/build/turtlebot3_example/build/lib/turtlebot3_example/turtlebot3_position_control
[1.861s] copying turtlebot3_example/turtlebot3_position_control/turtlebot3_position_control.py -> /home/doozy/ForkLift_AMR/build/turtlebot3_example/build/lib/turtlebot3_example/turtlebot3_position_control
[1.861s] copying turtlebot3_example/turtlebot3_position_control/__init__.py -> /home/doozy/ForkLift_AMR/build/turtlebot3_example/build/lib/turtlebot3_example/turtlebot3_position_control
[1.861s] copying turtlebot3_example/turtlebot3_position_control/turtlebot3_path.py -> /home/doozy/ForkLift_AMR/build/turtlebot3_example/build/lib/turtlebot3_example/turtlebot3_position_control
[1.861s] copying turtlebot3_example/turtlebot3_position_control/main.py -> /home/doozy/ForkLift_AMR/build/turtlebot3_example/build/lib/turtlebot3_example/turtlebot3_position_control
[1.862s] creating /home/doozy/ForkLift_AMR/build/turtlebot3_example/build/lib/turtlebot3_example/turtlebot3_patrol_client
[1.862s] copying turtlebot3_example/turtlebot3_patrol_client/turtlebot3_patrol_client.py -> /home/doozy/ForkLift_AMR/build/turtlebot3_example/build/lib/turtlebot3_example/turtlebot3_patrol_client
[1.862s] copying turtlebot3_example/turtlebot3_patrol_client/__init__.py -> /home/doozy/ForkLift_AMR/build/turtlebot3_example/build/lib/turtlebot3_example/turtlebot3_patrol_client
[1.862s] copying turtlebot3_example/turtlebot3_patrol_client/main.py -> /home/doozy/ForkLift_AMR/build/turtlebot3_example/build/lib/turtlebot3_example/turtlebot3_patrol_client
[1.862s] running install
[1.868s] running install_lib
[1.891s] creating /home/doozy/ForkLift_AMR/install/turtlebot3_example/lib/python3.10/site-packages/turtlebot3_example
[1.892s] creating /home/doozy/ForkLift_AMR/install/turtlebot3_example/lib/python3.10/site-packages/turtlebot3_example/turtlebot3_patrol_server
[1.892s] copying /home/doozy/ForkLift_AMR/build/turtlebot3_example/build/lib/turtlebot3_example/turtlebot3_patrol_server/__init__.py -> /home/doozy/ForkLift_AMR/install/turtlebot3_example/lib/python3.10/site-packages/turtlebot3_example/turtlebot3_patrol_server
[1.892s] copying /home/doozy/ForkLift_AMR/build/turtlebot3_example/build/lib/turtlebot3_example/turtlebot3_patrol_server/turtlebot3_path.py -> /home/doozy/ForkLift_AMR/install/turtlebot3_example/lib/python3.10/site-packages/turtlebot3_example/turtlebot3_patrol_server
[1.892s] copying /home/doozy/ForkLift_AMR/build/turtlebot3_example/build/lib/turtlebot3_example/turtlebot3_patrol_server/main.py -> /home/doozy/ForkLift_AMR/install/turtlebot3_example/lib/python3.10/site-packages/turtlebot3_example/turtlebot3_patrol_server
[1.892s] copying /home/doozy/ForkLift_AMR/build/turtlebot3_example/build/lib/turtlebot3_example/turtlebot3_patrol_server/turtlebot3_patrol_server.py -> /home/doozy/ForkLift_AMR/install/turtlebot3_example/lib/python3.10/site-packages/turtlebot3_example/turtlebot3_patrol_server
[1.892s] copying /home/doozy/ForkLift_AMR/build/turtlebot3_example/build/lib/turtlebot3_example/__init__.py -> /home/doozy/ForkLift_AMR/install/turtlebot3_example/lib/python3.10/site-packages/turtlebot3_example
[1.892s] creating /home/doozy/ForkLift_AMR/install/turtlebot3_example/lib/python3.10/site-packages/turtlebot3_example/turtlebot3_obstacle_detection
[1.893s] copying /home/doozy/ForkLift_AMR/build/turtlebot3_example/build/lib/turtlebot3_example/turtlebot3_obstacle_detection/__init__.py -> /home/doozy/ForkLift_AMR/install/turtlebot3_example/lib/python3.10/site-packages/turtlebot3_example/turtlebot3_obstacle_detection
[1.893s] copying /home/doozy/ForkLift_AMR/build/turtlebot3_example/build/lib/turtlebot3_example/turtlebot3_obstacle_detection/main.py -> /home/doozy/ForkLift_AMR/install/turtlebot3_example/lib/python3.10/site-packages/turtlebot3_example/turtlebot3_obstacle_detection
[1.893s] copying /home/doozy/ForkLift_AMR/build/turtlebot3_example/build/lib/turtlebot3_example/turtlebot3_obstacle_detection/turtlebot3_obstacle_detection.py -> /home/doozy/ForkLift_AMR/install/turtlebot3_example/lib/python3.10/site-packages/turtlebot3_example/turtlebot3_obstacle_detection
[1.893s] creating /home/doozy/ForkLift_AMR/install/turtlebot3_example/lib/python3.10/site-packages/turtlebot3_example/turtlebot3_position_control
[1.893s] copying /home/doozy/ForkLift_AMR/build/turtlebot3_example/build/lib/turtlebot3_example/turtlebot3_position_control/turtlebot3_position_control.py -> /home/doozy/ForkLift_AMR/install/turtlebot3_example/lib/python3.10/site-packages/turtlebot3_example/turtlebot3_position_control
[1.893s] copying /home/doozy/ForkLift_AMR/build/turtlebot3_example/build/lib/turtlebot3_example/turtlebot3_position_control/__init__.py -> /home/doozy/ForkLift_AMR/install/turtlebot3_example/lib/python3.10/site-packages/turtlebot3_example/turtlebot3_position_control
[1.893s] copying /home/doozy/ForkLift_AMR/build/turtlebot3_example/build/lib/turtlebot3_example/turtlebot3_position_control/turtlebot3_path.py -> /home/doozy/ForkLift_AMR/install/turtlebot3_example/lib/python3.10/site-packages/turtlebot3_example/turtlebot3_position_control
[1.894s] copying /home/doozy/ForkLift_AMR/build/turtlebot3_example/build/lib/turtlebot3_example/turtlebot3_position_control/main.py -> /home/doozy/ForkLift_AMR/install/turtlebot3_example/lib/python3.10/site-packages/turtlebot3_example/turtlebot3_position_control
[1.894s] creating /home/doozy/ForkLift_AMR/install/turtlebot3_example/lib/python3.10/site-packages/turtlebot3_example/turtlebot3_patrol_client
[1.894s] copying /home/doozy/ForkLift_AMR/build/turtlebot3_example/build/lib/turtlebot3_example/turtlebot3_patrol_client/turtlebot3_patrol_client.py -> /home/doozy/ForkLift_AMR/install/turtlebot3_example/lib/python3.10/site-packages/turtlebot3_example/turtlebot3_patrol_client
[1.894s] copying /home/doozy/ForkLift_AMR/build/turtlebot3_example/build/lib/turtlebot3_example/turtlebot3_patrol_client/__init__.py -> /home/doozy/ForkLift_AMR/install/turtlebot3_example/lib/python3.10/site-packages/turtlebot3_example/turtlebot3_patrol_client
[1.894s] copying /home/doozy/ForkLift_AMR/build/turtlebot3_example/build/lib/turtlebot3_example/turtlebot3_patrol_client/main.py -> /home/doozy/ForkLift_AMR/install/turtlebot3_example/lib/python3.10/site-packages/turtlebot3_example/turtlebot3_patrol_client
[1.895s] byte-compiling /home/doozy/ForkLift_AMR/install/turtlebot3_example/lib/python3.10/site-packages/turtlebot3_example/turtlebot3_patrol_server/__init__.py to __init__.cpython-310.pyc
[1.895s] byte-compiling /home/doozy/ForkLift_AMR/install/turtlebot3_example/lib/python3.10/site-packages/turtlebot3_example/turtlebot3_patrol_server/turtlebot3_path.py to turtlebot3_path.cpython-310.pyc
[1.896s] byte-compiling /home/doozy/ForkLift_AMR/install/turtlebot3_example/lib/python3.10/site-packages/turtlebot3_example/turtlebot3_patrol_server/main.py to main.cpython-310.pyc
[1.896s] byte-compiling /home/doozy/ForkLift_AMR/install/turtlebot3_example/lib/python3.10/site-packages/turtlebot3_example/turtlebot3_patrol_server/turtlebot3_patrol_server.py to turtlebot3_patrol_server.cpython-310.pyc
[1.897s] byte-compiling /home/doozy/ForkLift_AMR/install/turtlebot3_example/lib/python3.10/site-packages/turtlebot3_example/__init__.py to __init__.cpython-310.pyc
[1.897s] byte-compiling /home/doozy/ForkLift_AMR/install/turtlebot3_example/lib/python3.10/site-packages/turtlebot3_example/turtlebot3_obstacle_detection/__init__.py to __init__.cpython-310.pyc
[1.897s] byte-compiling /home/doozy/ForkLift_AMR/install/turtlebot3_example/lib/python3.10/site-packages/turtlebot3_example/turtlebot3_obstacle_detection/main.py to main.cpython-310.pyc
[1.898s] byte-compiling /home/doozy/ForkLift_AMR/install/turtlebot3_example/lib/python3.10/site-packages/turtlebot3_example/turtlebot3_obstacle_detection/turtlebot3_obstacle_detection.py to turtlebot3_obstacle_detection.cpython-310.pyc
[1.899s] byte-compiling /home/doozy/ForkLift_AMR/install/turtlebot3_example/lib/python3.10/site-packages/turtlebot3_example/turtlebot3_position_control/turtlebot3_position_control.py to turtlebot3_position_control.cpython-310.pyc
[1.900s] byte-compiling /home/doozy/ForkLift_AMR/install/turtlebot3_example/lib/python3.10/site-packages/turtlebot3_example/turtlebot3_position_control/__init__.py to __init__.cpython-310.pyc
[1.900s] byte-compiling /home/doozy/ForkLift_AMR/install/turtlebot3_example/lib/python3.10/site-packages/turtlebot3_example/turtlebot3_position_control/turtlebot3_path.py to turtlebot3_path.cpython-310.pyc
[1.900s] byte-compiling /home/doozy/ForkLift_AMR/install/turtlebot3_example/lib/python3.10/site-packages/turtlebot3_example/turtlebot3_position_control/main.py to main.cpython-310.pyc
[1.901s] byte-compiling /home/doozy/ForkLift_AMR/install/turtlebot3_example/lib/python3.10/site-packages/turtlebot3_example/turtlebot3_patrol_client/turtlebot3_patrol_client.py to turtlebot3_patrol_client.cpython-310.pyc
[1.902s] byte-compiling /home/doozy/ForkLift_AMR/install/turtlebot3_example/lib/python3.10/site-packages/turtlebot3_example/turtlebot3_patrol_client/__init__.py to __init__.cpython-310.pyc
[1.902s] byte-compiling /home/doozy/ForkLift_AMR/install/turtlebot3_example/lib/python3.10/site-packages/turtlebot3_example/turtlebot3_patrol_client/main.py to main.cpython-310.pyc
[1.902s] running install_data
[1.902s] creating /home/doozy/ForkLift_AMR/install/turtlebot3_example/share/ament_index
[1.904s] creating /home/doozy/ForkLift_AMR/install/turtlebot3_example/share/ament_index/resource_index
[1.904s] creating /home/doozy/ForkLift_AMR/install/turtlebot3_example/share/ament_index/resource_index/packages
[1.904s] copying resource/turtlebot3_example -> /home/doozy/ForkLift_AMR/install/turtlebot3_example/share/ament_index/resource_index/packages
[1.904s] copying package.xml -> /home/doozy/ForkLift_AMR/install/turtlebot3_example/share/turtlebot3_example
[1.904s] running install_egg_info
[1.931s] Copying ../../../build/turtlebot3_example/turtlebot3_example.egg-info to /home/doozy/ForkLift_AMR/install/turtlebot3_example/lib/python3.10/site-packages/turtlebot3_example-2.1.5-py3.10.egg-info
[1.931s] running install_scripts
[2.161s] Installing turtlebot3_obstacle_detection script to /home/doozy/ForkLift_AMR/install/turtlebot3_example/lib/turtlebot3_example
[2.162s] Installing turtlebot3_patrol_client script to /home/doozy/ForkLift_AMR/install/turtlebot3_example/lib/turtlebot3_example
[2.162s] Installing turtlebot3_patrol_server script to /home/doozy/ForkLift_AMR/install/turtlebot3_example/lib/turtlebot3_example
[2.162s] Installing turtlebot3_position_control script to /home/doozy/ForkLift_AMR/install/turtlebot3_example/lib/turtlebot3_example
[2.163s] writing list of installed files to '/home/doozy/ForkLift_AMR/build/turtlebot3_example/install.log'
[2.198s] Invoked command in '/home/doozy/ForkLift_AMR/src/turtlebot3/turtlebot3_example' returned '0': PYTHONPATH=/home/doozy/ForkLift_AMR/build/turtlebot3_example/prefix_override:/home/doozy/ForkLift_AMR/install/turtlebot3_example/lib/python3.10/site-packages:${PYTHONPATH} /usr/bin/python3 -W ignore:setup.py install is deprecated setup.py egg_info --egg-base ../../../build/turtlebot3_example build --build-base /home/doozy/ForkLift_AMR/build/turtlebot3_example/build install --record /home/doozy/ForkLift_AMR/build/turtlebot3_example/install.log --single-version-externally-managed install_data
