[0.145s] DEBUG:colcon:Command line arguments: ['/home/avinaash/.local/bin/colcon', 'build']
[0.146s] DEBUG:colcon:Parsed command line arguments: Namespace(allow_overriding=[], ament_cmake_args=None, base_paths=['.'], build_base='build', catkin_cmake_args=None, catkin_skip_building_tests=False, cmake_args=None, cmake_clean_cache=False, cmake_clean_first=False, cmake_force_configure=False, cmake_target=None, cmake_target_skip_unavailable=False, continue_on_error=False, event_handlers=None, executor='parallel', ignore_user_meta=False, install_base='install', log_base=None, log_level=None, main=<bound method BuildVerb.main of <colcon_core.verb.build.BuildVerb object at 0x7efdca0fd910>>, merge_install=False, metas=['./colcon.meta'], packages_above=None, packages_above_and_dependencies=None, packages_above_depth=None, packages_end=None, packages_ignore=None, packages_ignore_regex=None, packages_select=None, packages_select_build_failed=False, packages_select_by_dep=None, packages_select_regex=None, packages_select_test_failures=False, packages_skip=None, packages_skip_build_finished=False, packages_skip_by_dep=None, packages_skip_regex=None, packages_skip_test_passed=False, packages_skip_up_to=None, packages_start=None, packages_up_to=None, packages_up_to_regex=None, parallel_workers=16, paths=None, symlink_install=False, test_result_base=None, verb_extension=<colcon_core.verb.build.BuildVerb object at 0x7efdca0fd910>, verb_name='build', verb_parser=<colcon_defaults.argument_parser.defaults.DefaultArgumentsDecorator object at 0x7efdca0fde80>)
[0.244s] Level 1:colcon.colcon_core.package_discovery:discover_packages(colcon_meta) check parameters
[0.244s] Level 1:colcon.colcon_core.package_discovery:discover_packages(recursive) check parameters
[0.244s] Level 1:colcon.colcon_core.package_discovery:discover_packages(ignore) check parameters
[0.244s] Level 1:colcon.colcon_core.package_discovery:discover_packages(path) check parameters
[0.244s] Level 1:colcon.colcon_core.package_discovery:discover_packages(colcon_meta) discover
[0.244s] Level 1:colcon.colcon_core.package_discovery:discover_packages(recursive) discover
[0.244s] INFO:colcon.colcon_core.package_discovery:Crawling recursively for packages in '/home/avinaash/ForkLift_AMR'
[0.244s] Level 1:colcon.colcon_core.package_identification:_identify(.) by extensions ['ignore', 'ignore_ament_install']
[0.245s] Level 1:colcon.colcon_core.package_identification:_identify(.) by extension 'ignore'
[0.245s] Level 1:colcon.colcon_core.package_identification:_identify(.) by extension 'ignore_ament_install'
[0.245s] Level 1:colcon.colcon_core.package_identification:_identify(.) by extensions ['colcon_pkg']
[0.245s] Level 1:colcon.colcon_core.package_identification:_identify(.) by extension 'colcon_pkg'
[0.245s] Level 1:colcon.colcon_core.package_identification:_identify(.) by extensions ['colcon_meta']
[0.245s] Level 1:colcon.colcon_core.package_identification:_identify(.) by extension 'colcon_meta'
[0.245s] Level 1:colcon.colcon_core.package_identification:_identify(.) by extensions ['ros']
[0.245s] Level 1:colcon.colcon_core.package_identification:_identify(.) by extension 'ros'
[0.252s] Level 1:colcon.colcon_core.package_identification:_identify(.) by extensions ['cmake', 'python']
[0.252s] Level 1:colcon.colcon_core.package_identification:_identify(.) by extension 'cmake'
[0.252s] Level 1:colcon.colcon_core.package_identification:_identify(.) by extension 'python'
[0.252s] Level 1:colcon.colcon_core.package_identification:_identify(.) by extensions ['python_setup_py']
[0.252s] Level 1:colcon.colcon_core.package_identification:_identify(.) by extension 'python_setup_py'
[0.252s] Level 1:colcon.colcon_core.package_identification:_identify(build) by extensions ['ignore', 'ignore_ament_install']
[0.252s] Level 1:colcon.colcon_core.package_identification:_identify(build) by extension 'ignore'
[0.252s] Level 1:colcon.colcon_core.package_identification:_identify(build) ignored
[0.252s] Level 1:colcon.colcon_core.package_identification:_identify(install) by extensions ['ignore', 'ignore_ament_install']
[0.252s] Level 1:colcon.colcon_core.package_identification:_identify(install) by extension 'ignore'
[0.252s] Level 1:colcon.colcon_core.package_identification:_identify(install) ignored
[0.252s] Level 1:colcon.colcon_core.package_identification:_identify(log) by extensions ['ignore', 'ignore_ament_install']
[0.252s] Level 1:colcon.colcon_core.package_identification:_identify(log) by extension 'ignore'
[0.252s] Level 1:colcon.colcon_core.package_identification:_identify(log) ignored
[0.252s] Level 1:colcon.colcon_core.package_identification:_identify(map) by extensions ['ignore', 'ignore_ament_install']
[0.252s] Level 1:colcon.colcon_core.package_identification:_identify(map) by extension 'ignore'
[0.253s] Level 1:colcon.colcon_core.package_identification:_identify(map) by extension 'ignore_ament_install'
[0.253s] Level 1:colcon.colcon_core.package_identification:_identify(map) by extensions ['colcon_pkg']
[0.253s] Level 1:colcon.colcon_core.package_identification:_identify(map) by extension 'colcon_pkg'
[0.253s] Level 1:colcon.colcon_core.package_identification:_identify(map) by extensions ['colcon_meta']
[0.253s] Level 1:colcon.colcon_core.package_identification:_identify(map) by extension 'colcon_meta'
[0.253s] Level 1:colcon.colcon_core.package_identification:_identify(map) by extensions ['ros']
[0.253s] Level 1:colcon.colcon_core.package_identification:_identify(map) by extension 'ros'
[0.253s] Level 1:colcon.colcon_core.package_identification:_identify(map) by extensions ['cmake', 'python']
[0.253s] Level 1:colcon.colcon_core.package_identification:_identify(map) by extension 'cmake'
[0.253s] Level 1:colcon.colcon_core.package_identification:_identify(map) by extension 'python'
[0.253s] Level 1:colcon.colcon_core.package_identification:_identify(map) by extensions ['python_setup_py']
[0.253s] Level 1:colcon.colcon_core.package_identification:_identify(map) by extension 'python_setup_py'
[0.253s] Level 1:colcon.colcon_core.package_identification:_identify(rviz) by extensions ['ignore', 'ignore_ament_install']
[0.253s] Level 1:colcon.colcon_core.package_identification:_identify(rviz) by extension 'ignore'
[0.253s] Level 1:colcon.colcon_core.package_identification:_identify(rviz) by extension 'ignore_ament_install'
[0.253s] Level 1:colcon.colcon_core.package_identification:_identify(rviz) by extensions ['colcon_pkg']
[0.253s] Level 1:colcon.colcon_core.package_identification:_identify(rviz) by extension 'colcon_pkg'
[0.253s] Level 1:colcon.colcon_core.package_identification:_identify(rviz) by extensions ['colcon_meta']
[0.253s] Level 1:colcon.colcon_core.package_identification:_identify(rviz) by extension 'colcon_meta'
[0.253s] Level 1:colcon.colcon_core.package_identification:_identify(rviz) by extensions ['ros']
[0.253s] Level 1:colcon.colcon_core.package_identification:_identify(rviz) by extension 'ros'
[0.253s] Level 1:colcon.colcon_core.package_identification:_identify(rviz) by extensions ['cmake', 'python']
[0.253s] Level 1:colcon.colcon_core.package_identification:_identify(rviz) by extension 'cmake'
[0.253s] Level 1:colcon.colcon_core.package_identification:_identify(rviz) by extension 'python'
[0.253s] Level 1:colcon.colcon_core.package_identification:_identify(rviz) by extensions ['python_setup_py']
[0.253s] Level 1:colcon.colcon_core.package_identification:_identify(rviz) by extension 'python_setup_py'
[0.253s] Level 1:colcon.colcon_core.package_identification:_identify(src) by extensions ['ignore', 'ignore_ament_install']
[0.253s] Level 1:colcon.colcon_core.package_identification:_identify(src) by extension 'ignore'
[0.253s] Level 1:colcon.colcon_core.package_identification:_identify(src) by extension 'ignore_ament_install'
[0.253s] Level 1:colcon.colcon_core.package_identification:_identify(src) by extensions ['colcon_pkg']
[0.253s] Level 1:colcon.colcon_core.package_identification:_identify(src) by extension 'colcon_pkg'
[0.254s] Level 1:colcon.colcon_core.package_identification:_identify(src) by extensions ['colcon_meta']
[0.254s] Level 1:colcon.colcon_core.package_identification:_identify(src) by extension 'colcon_meta'
[0.254s] Level 1:colcon.colcon_core.package_identification:_identify(src) by extensions ['ros']
[0.254s] Level 1:colcon.colcon_core.package_identification:_identify(src) by extension 'ros'
[0.254s] Level 1:colcon.colcon_core.package_identification:_identify(src) by extensions ['cmake', 'python']
[0.254s] Level 1:colcon.colcon_core.package_identification:_identify(src) by extension 'cmake'
[0.254s] Level 1:colcon.colcon_core.package_identification:_identify(src) by extension 'python'
[0.254s] Level 1:colcon.colcon_core.package_identification:_identify(src) by extensions ['python_setup_py']
[0.254s] Level 1:colcon.colcon_core.package_identification:_identify(src) by extension 'python_setup_py'
[0.254s] Level 1:colcon.colcon_core.package_identification:_identify(src/doozy_forklift) by extensions ['ignore', 'ignore_ament_install']
[0.254s] Level 1:colcon.colcon_core.package_identification:_identify(src/doozy_forklift) by extension 'ignore'
[0.254s] Level 1:colcon.colcon_core.package_identification:_identify(src/doozy_forklift) by extension 'ignore_ament_install'
[0.254s] Level 1:colcon.colcon_core.package_identification:_identify(src/doozy_forklift) by extensions ['colcon_pkg']
[0.254s] Level 1:colcon.colcon_core.package_identification:_identify(src/doozy_forklift) by extension 'colcon_pkg'
[0.254s] Level 1:colcon.colcon_core.package_identification:_identify(src/doozy_forklift) by extensions ['colcon_meta']
[0.254s] Level 1:colcon.colcon_core.package_identification:_identify(src/doozy_forklift) by extension 'colcon_meta'
[0.254s] Level 1:colcon.colcon_core.package_identification:_identify(src/doozy_forklift) by extensions ['ros']
[0.254s] Level 1:colcon.colcon_core.package_identification:_identify(src/doozy_forklift) by extension 'ros'
[0.256s] DEBUG:colcon.colcon_core.package_identification:Package 'src/doozy_forklift' with type 'ros.ament_python' and name 'doozy_forklift'
[0.256s] Level 1:colcon.colcon_core.package_identification:_identify(src/forklift_bot) by extensions ['ignore', 'ignore_ament_install']
[0.256s] Level 1:colcon.colcon_core.package_identification:_identify(src/forklift_bot) by extension 'ignore'
[0.256s] Level 1:colcon.colcon_core.package_identification:_identify(src/forklift_bot) by extension 'ignore_ament_install'
[0.256s] Level 1:colcon.colcon_core.package_identification:_identify(src/forklift_bot) by extensions ['colcon_pkg']
[0.256s] Level 1:colcon.colcon_core.package_identification:_identify(src/forklift_bot) by extension 'colcon_pkg'
[0.256s] Level 1:colcon.colcon_core.package_identification:_identify(src/forklift_bot) by extensions ['colcon_meta']
[0.256s] Level 1:colcon.colcon_core.package_identification:_identify(src/forklift_bot) by extension 'colcon_meta'
[0.256s] Level 1:colcon.colcon_core.package_identification:_identify(src/forklift_bot) by extensions ['ros']
[0.256s] Level 1:colcon.colcon_core.package_identification:_identify(src/forklift_bot) by extension 'ros'
[0.256s] DEBUG:colcon.colcon_core.package_identification:Package 'src/forklift_bot' with type 'ros.ament_cmake' and name 'forklift_bot'
[0.256s] Level 1:colcon.colcon_core.package_identification:_identify(src/sick_visionary_t_mini) by extensions ['ignore', 'ignore_ament_install']
[0.257s] Level 1:colcon.colcon_core.package_identification:_identify(src/sick_visionary_t_mini) by extension 'ignore'
[0.257s] Level 1:colcon.colcon_core.package_identification:_identify(src/sick_visionary_t_mini) by extension 'ignore_ament_install'
[0.257s] Level 1:colcon.colcon_core.package_identification:_identify(src/sick_visionary_t_mini) by extensions ['colcon_pkg']
[0.257s] Level 1:colcon.colcon_core.package_identification:_identify(src/sick_visionary_t_mini) by extension 'colcon_pkg'
[0.257s] Level 1:colcon.colcon_core.package_identification:_identify(src/sick_visionary_t_mini) by extensions ['colcon_meta']
[0.257s] Level 1:colcon.colcon_core.package_identification:_identify(src/sick_visionary_t_mini) by extension 'colcon_meta'
[0.257s] Level 1:colcon.colcon_core.package_identification:_identify(src/sick_visionary_t_mini) by extensions ['ros']
[0.257s] Level 1:colcon.colcon_core.package_identification:_identify(src/sick_visionary_t_mini) by extension 'ros'
[0.257s] DEBUG:colcon.colcon_core.package_identification:Package 'src/sick_visionary_t_mini' with type 'ros.ament_cmake' and name 'sick_visionary_t_mini'
[0.257s] Level 1:colcon.colcon_core.package_identification:_identify(src/test2_bot) by extensions ['ignore', 'ignore_ament_install']
[0.257s] Level 1:colcon.colcon_core.package_identification:_identify(src/test2_bot) by extension 'ignore'
[0.257s] Level 1:colcon.colcon_core.package_identification:_identify(src/test2_bot) by extension 'ignore_ament_install'
[0.257s] Level 1:colcon.colcon_core.package_identification:_identify(src/test2_bot) by extensions ['colcon_pkg']
[0.258s] Level 1:colcon.colcon_core.package_identification:_identify(src/test2_bot) by extension 'colcon_pkg'
[0.258s] Level 1:colcon.colcon_core.package_identification:_identify(src/test2_bot) by extensions ['colcon_meta']
[0.258s] Level 1:colcon.colcon_core.package_identification:_identify(src/test2_bot) by extension 'colcon_meta'
[0.258s] Level 1:colcon.colcon_core.package_identification:_identify(src/test2_bot) by extensions ['ros']
[0.258s] Level 1:colcon.colcon_core.package_identification:_identify(src/test2_bot) by extension 'ros'
[0.258s] DEBUG:colcon.colcon_core.package_identification:Package 'src/test2_bot' with type 'ros.ament_cmake' and name 'test2_bot'
[0.258s] Level 1:colcon.colcon_core.package_identification:_identify(src/turtlebot3) by extensions ['ignore', 'ignore_ament_install']
[0.258s] Level 1:colcon.colcon_core.package_identification:_identify(src/turtlebot3) by extension 'ignore'
[0.258s] Level 1:colcon.colcon_core.package_identification:_identify(src/turtlebot3) by extension 'ignore_ament_install'
[0.258s] Level 1:colcon.colcon_core.package_identification:_identify(src/turtlebot3) by extensions ['colcon_pkg']
[0.258s] Level 1:colcon.colcon_core.package_identification:_identify(src/turtlebot3) by extension 'colcon_pkg'
[0.258s] Level 1:colcon.colcon_core.package_identification:_identify(src/turtlebot3) by extensions ['colcon_meta']
[0.258s] Level 1:colcon.colcon_core.package_identification:_identify(src/turtlebot3) by extension 'colcon_meta'
[0.258s] Level 1:colcon.colcon_core.package_identification:_identify(src/turtlebot3) by extensions ['ros']
[0.258s] Level 1:colcon.colcon_core.package_identification:_identify(src/turtlebot3) by extension 'ros'
[0.258s] Level 1:colcon.colcon_core.package_identification:_identify(src/turtlebot3) by extensions ['cmake', 'python']
[0.258s] Level 1:colcon.colcon_core.package_identification:_identify(src/turtlebot3) by extension 'cmake'
[0.258s] Level 1:colcon.colcon_core.package_identification:_identify(src/turtlebot3) by extension 'python'
[0.258s] Level 1:colcon.colcon_core.package_identification:_identify(src/turtlebot3) by extensions ['python_setup_py']
[0.258s] Level 1:colcon.colcon_core.package_identification:_identify(src/turtlebot3) by extension 'python_setup_py'
[0.258s] Level 1:colcon.colcon_core.package_identification:_identify(src/turtlebot3_simulations) by extensions ['ignore', 'ignore_ament_install']
[0.259s] Level 1:colcon.colcon_core.package_identification:_identify(src/turtlebot3_simulations) by extension 'ignore'
[0.259s] Level 1:colcon.colcon_core.package_identification:_identify(src/turtlebot3_simulations) by extension 'ignore_ament_install'
[0.259s] Level 1:colcon.colcon_core.package_identification:_identify(src/turtlebot3_simulations) by extensions ['colcon_pkg']
[0.259s] Level 1:colcon.colcon_core.package_identification:_identify(src/turtlebot3_simulations) by extension 'colcon_pkg'
[0.259s] Level 1:colcon.colcon_core.package_identification:_identify(src/turtlebot3_simulations) by extensions ['colcon_meta']
[0.259s] Level 1:colcon.colcon_core.package_identification:_identify(src/turtlebot3_simulations) by extension 'colcon_meta'
[0.259s] Level 1:colcon.colcon_core.package_identification:_identify(src/turtlebot3_simulations) by extensions ['ros']
[0.259s] Level 1:colcon.colcon_core.package_identification:_identify(src/turtlebot3_simulations) by extension 'ros'
[0.259s] Level 1:colcon.colcon_core.package_identification:_identify(src/turtlebot3_simulations) by extensions ['cmake', 'python']
[0.259s] Level 1:colcon.colcon_core.package_identification:_identify(src/turtlebot3_simulations) by extension 'cmake'
[0.259s] Level 1:colcon.colcon_core.package_identification:_identify(src/turtlebot3_simulations) by extension 'python'
[0.259s] Level 1:colcon.colcon_core.package_identification:_identify(src/turtlebot3_simulations) by extensions ['python_setup_py']
[0.259s] Level 1:colcon.colcon_core.package_identification:_identify(src/turtlebot3_simulations) by extension 'python_setup_py'
[0.259s] Level 1:colcon.colcon_core.package_discovery:discover_packages(recursive) using defaults
[0.259s] Level 1:colcon.colcon_core.package_discovery:discover_packages(ignore) discover
[0.259s] Level 1:colcon.colcon_core.package_discovery:discover_packages(ignore) using defaults
[0.259s] Level 1:colcon.colcon_core.package_discovery:discover_packages(path) discover
[0.259s] Level 1:colcon.colcon_core.package_discovery:discover_packages(path) using defaults
[0.270s] Level 1:colcon.colcon_core.package_discovery:discover_packages(prefix_path) check parameters
[0.270s] Level 1:colcon.colcon_core.package_discovery:discover_packages(prefix_path) discover
[0.271s] DEBUG:colcon.colcon_installed_package_information.package_discovery:Found 4 installed packages in /home/avinaash/ForkLift_AMR/install
[0.272s] DEBUG:colcon.colcon_installed_package_information.package_discovery:Found 3 installed packages in /home/avinaash/doozy_robotics/doozy_ws_2/install
[0.273s] DEBUG:colcon.colcon_installed_package_information.package_discovery:Found 388 installed packages in /opt/ros/galactic
[0.274s] Level 1:colcon.colcon_core.package_discovery:discover_packages(prefix_path) using defaults
[0.333s] Level 5:colcon.colcon_core.verb:set package 'doozy_forklift' build argument 'cmake_args' from command line to 'None'
[0.334s] Level 5:colcon.colcon_core.verb:set package 'doozy_forklift' build argument 'cmake_target' from command line to 'None'
[0.334s] Level 5:colcon.colcon_core.verb:set package 'doozy_forklift' build argument 'cmake_target_skip_unavailable' from command line to 'False'
[0.334s] Level 5:colcon.colcon_core.verb:set package 'doozy_forklift' build argument 'cmake_clean_cache' from command line to 'False'
[0.334s] Level 5:colcon.colcon_core.verb:set package 'doozy_forklift' build argument 'cmake_clean_first' from command line to 'False'
[0.334s] Level 5:colcon.colcon_core.verb:set package 'doozy_forklift' build argument 'cmake_force_configure' from command line to 'False'
[0.334s] Level 5:colcon.colcon_core.verb:set package 'doozy_forklift' build argument 'ament_cmake_args' from command line to 'None'
[0.334s] Level 5:colcon.colcon_core.verb:set package 'doozy_forklift' build argument 'catkin_cmake_args' from command line to 'None'
[0.334s] Level 5:colcon.colcon_core.verb:set package 'doozy_forklift' build argument 'catkin_skip_building_tests' from command line to 'False'
[0.334s] DEBUG:colcon.colcon_core.verb:Building package 'doozy_forklift' with the following arguments: {'ament_cmake_args': None, 'build_base': '/home/avinaash/ForkLift_AMR/build/doozy_forklift', 'catkin_cmake_args': None, 'catkin_skip_building_tests': False, 'cmake_args': None, 'cmake_clean_cache': False, 'cmake_clean_first': False, 'cmake_force_configure': False, 'cmake_target': None, 'cmake_target_skip_unavailable': False, 'install_base': '/home/avinaash/ForkLift_AMR/install/doozy_forklift', 'merge_install': False, 'path': '/home/avinaash/ForkLift_AMR/src/doozy_forklift', 'symlink_install': False, 'test_result_base': None}
[0.334s] Level 5:colcon.colcon_core.verb:set package 'forklift_bot' build argument 'cmake_args' from command line to 'None'
[0.334s] Level 5:colcon.colcon_core.verb:set package 'forklift_bot' build argument 'cmake_target' from command line to 'None'
[0.334s] Level 5:colcon.colcon_core.verb:set package 'forklift_bot' build argument 'cmake_target_skip_unavailable' from command line to 'False'
[0.334s] Level 5:colcon.colcon_core.verb:set package 'forklift_bot' build argument 'cmake_clean_cache' from command line to 'False'
[0.334s] Level 5:colcon.colcon_core.verb:set package 'forklift_bot' build argument 'cmake_clean_first' from command line to 'False'
[0.334s] Level 5:colcon.colcon_core.verb:set package 'forklift_bot' build argument 'cmake_force_configure' from command line to 'False'
[0.334s] Level 5:colcon.colcon_core.verb:set package 'forklift_bot' build argument 'ament_cmake_args' from command line to 'None'
[0.334s] Level 5:colcon.colcon_core.verb:set package 'forklift_bot' build argument 'catkin_cmake_args' from command line to 'None'
[0.334s] Level 5:colcon.colcon_core.verb:set package 'forklift_bot' build argument 'catkin_skip_building_tests' from command line to 'False'
[0.334s] DEBUG:colcon.colcon_core.verb:Building package 'forklift_bot' with the following arguments: {'ament_cmake_args': None, 'build_base': '/home/avinaash/ForkLift_AMR/build/forklift_bot', 'catkin_cmake_args': None, 'catkin_skip_building_tests': False, 'cmake_args': None, 'cmake_clean_cache': False, 'cmake_clean_first': False, 'cmake_force_configure': False, 'cmake_target': None, 'cmake_target_skip_unavailable': False, 'install_base': '/home/avinaash/ForkLift_AMR/install/forklift_bot', 'merge_install': False, 'path': '/home/avinaash/ForkLift_AMR/src/forklift_bot', 'symlink_install': False, 'test_result_base': None}
[0.334s] Level 5:colcon.colcon_core.verb:set package 'sick_visionary_t_mini' build argument 'cmake_args' from command line to 'None'
[0.334s] Level 5:colcon.colcon_core.verb:set package 'sick_visionary_t_mini' build argument 'cmake_target' from command line to 'None'
[0.334s] Level 5:colcon.colcon_core.verb:set package 'sick_visionary_t_mini' build argument 'cmake_target_skip_unavailable' from command line to 'False'
[0.334s] Level 5:colcon.colcon_core.verb:set package 'sick_visionary_t_mini' build argument 'cmake_clean_cache' from command line to 'False'
[0.334s] Level 5:colcon.colcon_core.verb:set package 'sick_visionary_t_mini' build argument 'cmake_clean_first' from command line to 'False'
[0.334s] Level 5:colcon.colcon_core.verb:set package 'sick_visionary_t_mini' build argument 'cmake_force_configure' from command line to 'False'
[0.334s] Level 5:colcon.colcon_core.verb:set package 'sick_visionary_t_mini' build argument 'ament_cmake_args' from command line to 'None'
[0.334s] Level 5:colcon.colcon_core.verb:set package 'sick_visionary_t_mini' build argument 'catkin_cmake_args' from command line to 'None'
[0.334s] Level 5:colcon.colcon_core.verb:set package 'sick_visionary_t_mini' build argument 'catkin_skip_building_tests' from command line to 'False'
[0.334s] DEBUG:colcon.colcon_core.verb:Building package 'sick_visionary_t_mini' with the following arguments: {'ament_cmake_args': None, 'build_base': '/home/avinaash/ForkLift_AMR/build/sick_visionary_t_mini', 'catkin_cmake_args': None, 'catkin_skip_building_tests': False, 'cmake_args': None, 'cmake_clean_cache': False, 'cmake_clean_first': False, 'cmake_force_configure': False, 'cmake_target': None, 'cmake_target_skip_unavailable': False, 'install_base': '/home/avinaash/ForkLift_AMR/install/sick_visionary_t_mini', 'merge_install': False, 'path': '/home/avinaash/ForkLift_AMR/src/sick_visionary_t_mini', 'symlink_install': False, 'test_result_base': None}
[0.335s] Level 5:colcon.colcon_core.verb:set package 'test2_bot' build argument 'cmake_args' from command line to 'None'
[0.335s] Level 5:colcon.colcon_core.verb:set package 'test2_bot' build argument 'cmake_target' from command line to 'None'
[0.335s] Level 5:colcon.colcon_core.verb:set package 'test2_bot' build argument 'cmake_target_skip_unavailable' from command line to 'False'
[0.335s] Level 5:colcon.colcon_core.verb:set package 'test2_bot' build argument 'cmake_clean_cache' from command line to 'False'
[0.335s] Level 5:colcon.colcon_core.verb:set package 'test2_bot' build argument 'cmake_clean_first' from command line to 'False'
[0.335s] Level 5:colcon.colcon_core.verb:set package 'test2_bot' build argument 'cmake_force_configure' from command line to 'False'
[0.335s] Level 5:colcon.colcon_core.verb:set package 'test2_bot' build argument 'ament_cmake_args' from command line to 'None'
[0.335s] Level 5:colcon.colcon_core.verb:set package 'test2_bot' build argument 'catkin_cmake_args' from command line to 'None'
[0.335s] Level 5:colcon.colcon_core.verb:set package 'test2_bot' build argument 'catkin_skip_building_tests' from command line to 'False'
[0.335s] DEBUG:colcon.colcon_core.verb:Building package 'test2_bot' with the following arguments: {'ament_cmake_args': None, 'build_base': '/home/avinaash/ForkLift_AMR/build/test2_bot', 'catkin_cmake_args': None, 'catkin_skip_building_tests': False, 'cmake_args': None, 'cmake_clean_cache': False, 'cmake_clean_first': False, 'cmake_force_configure': False, 'cmake_target': None, 'cmake_target_skip_unavailable': False, 'install_base': '/home/avinaash/ForkLift_AMR/install/test2_bot', 'merge_install': False, 'path': '/home/avinaash/ForkLift_AMR/src/test2_bot', 'symlink_install': False, 'test_result_base': None}
[0.335s] INFO:colcon.colcon_core.executor:Executing jobs using 'parallel' executor
[0.336s] DEBUG:colcon.colcon_parallel_executor.executor.parallel:run_until_complete
[0.336s] INFO:colcon.colcon_ros.task.ament_python.build:Building ROS package in '/home/avinaash/ForkLift_AMR/src/doozy_forklift' with build type 'ament_python'
[0.336s] Level 1:colcon.colcon_core.shell:create_environment_hook('doozy_forklift', 'ament_prefix_path')
[0.337s] INFO:colcon.colcon_core.plugin_system:Skipping extension 'colcon_core.shell.bat': Not used on non-Windows systems
[0.337s] INFO:colcon.colcon_core.shell:Creating environment hook '/home/avinaash/ForkLift_AMR/install/doozy_forklift/share/doozy_forklift/hook/ament_prefix_path.ps1'
[0.338s] INFO:colcon.colcon_core.shell:Creating environment descriptor '/home/avinaash/ForkLift_AMR/install/doozy_forklift/share/doozy_forklift/hook/ament_prefix_path.dsv'
[0.338s] INFO:colcon.colcon_core.shell:Creating environment hook '/home/avinaash/ForkLift_AMR/install/doozy_forklift/share/doozy_forklift/hook/ament_prefix_path.sh'
[0.339s] INFO:colcon.colcon_core.shell:Skip shell extension 'powershell' for command environment: Not usable outside of PowerShell
[0.339s] DEBUG:colcon.colcon_core.shell:Skip shell extension 'dsv' for command environment
[0.342s] INFO:colcon.colcon_ros.task.ament_cmake.build:Building ROS package in '/home/avinaash/ForkLift_AMR/src/forklift_bot' with build type 'ament_cmake'
[0.343s] INFO:colcon.colcon_cmake.task.cmake.build:Building CMake package in '/home/avinaash/ForkLift_AMR/src/forklift_bot'
[0.343s] INFO:colcon.colcon_core.shell:Skip shell extension 'powershell' for command environment: Not usable outside of PowerShell
[0.343s] DEBUG:colcon.colcon_core.shell:Skip shell extension 'dsv' for command environment
[0.347s] INFO:colcon.colcon_ros.task.ament_cmake.build:Building ROS package in '/home/avinaash/ForkLift_AMR/src/sick_visionary_t_mini' with build type 'ament_cmake'
[0.347s] INFO:colcon.colcon_cmake.task.cmake.build:Building CMake package in '/home/avinaash/ForkLift_AMR/src/sick_visionary_t_mini'
[0.347s] INFO:colcon.colcon_core.shell:Skip shell extension 'powershell' for command environment: Not usable outside of PowerShell
[0.347s] DEBUG:colcon.colcon_core.shell:Skip shell extension 'dsv' for command environment
[0.351s] INFO:colcon.colcon_ros.task.ament_cmake.build:Building ROS package in '/home/avinaash/ForkLift_AMR/src/test2_bot' with build type 'ament_cmake'
[0.351s] INFO:colcon.colcon_cmake.task.cmake.build:Building CMake package in '/home/avinaash/ForkLift_AMR/src/test2_bot'
[0.351s] INFO:colcon.colcon_core.shell:Skip shell extension 'powershell' for command environment: Not usable outside of PowerShell
[0.351s] DEBUG:colcon.colcon_core.shell:Skip shell extension 'dsv' for command environment
[0.518s] INFO:colcon.colcon_core.task.python.build:Building Python package in '/home/avinaash/ForkLift_AMR/src/doozy_forklift'
[0.519s] INFO:colcon.colcon_core.shell:Skip shell extension 'powershell' for command environment: Not usable outside of PowerShell
[0.519s] DEBUG:colcon.colcon_core.shell:Skip shell extension 'dsv' for command environment
[0.528s] DEBUG:colcon.colcon_core.event_handler.log_command:Invoking command in '/home/avinaash/ForkLift_AMR/build/forklift_bot': CMAKE_PREFIX_PATH=${CMAKE_PREFIX_PATH}:/home/avinaash/ForkLift_AMR/install/doozy_forklift:/home/avinaash/doozy_robotics/doozy_ws_2/install/pallet_docker_02:/home/avinaash/doozy_robotics/doozy_ws_2/install/2_t_dolly_logistics_driver:/opt/ros/galactic /usr/bin/cmake --build /home/avinaash/ForkLift_AMR/build/forklift_bot -- -j16 -l16
[0.531s] DEBUG:colcon.colcon_core.event_handler.log_command:Invoking command in '/home/avinaash/ForkLift_AMR/build/sick_visionary_t_mini': CMAKE_PREFIX_PATH=${CMAKE_PREFIX_PATH}:/home/avinaash/ForkLift_AMR/install/doozy_forklift:/home/avinaash/doozy_robotics/doozy_ws_2/install/pallet_docker_02:/home/avinaash/doozy_robotics/doozy_ws_2/install/2_t_dolly_logistics_driver:/opt/ros/galactic /usr/bin/cmake --build /home/avinaash/ForkLift_AMR/build/sick_visionary_t_mini -- -j16 -l16
[0.535s] DEBUG:colcon.colcon_core.event_handler.log_command:Invoking command in '/home/avinaash/ForkLift_AMR/build/test2_bot': CMAKE_PREFIX_PATH=${CMAKE_PREFIX_PATH}:/home/avinaash/ForkLift_AMR/install/doozy_forklift:/home/avinaash/doozy_robotics/doozy_ws_2/install/pallet_docker_02:/home/avinaash/doozy_robotics/doozy_ws_2/install/2_t_dolly_logistics_driver:/opt/ros/galactic /usr/bin/cmake --build /home/avinaash/ForkLift_AMR/build/test2_bot -- -j16 -l16
[0.559s] DEBUG:colcon.colcon_core.event_handler.log_command:Invoked command in '/home/avinaash/ForkLift_AMR/build/forklift_bot' returned '0': CMAKE_PREFIX_PATH=${CMAKE_PREFIX_PATH}:/home/avinaash/ForkLift_AMR/install/doozy_forklift:/home/avinaash/doozy_robotics/doozy_ws_2/install/pallet_docker_02:/home/avinaash/doozy_robotics/doozy_ws_2/install/2_t_dolly_logistics_driver:/opt/ros/galactic /usr/bin/cmake --build /home/avinaash/ForkLift_AMR/build/forklift_bot -- -j16 -l16
[0.570s] DEBUG:colcon.colcon_core.event_handler.log_command:Invoked command in '/home/avinaash/ForkLift_AMR/build/test2_bot' returned '0': CMAKE_PREFIX_PATH=${CMAKE_PREFIX_PATH}:/home/avinaash/ForkLift_AMR/install/doozy_forklift:/home/avinaash/doozy_robotics/doozy_ws_2/install/pallet_docker_02:/home/avinaash/doozy_robotics/doozy_ws_2/install/2_t_dolly_logistics_driver:/opt/ros/galactic /usr/bin/cmake --build /home/avinaash/ForkLift_AMR/build/test2_bot -- -j16 -l16
[0.587s] DEBUG:colcon.colcon_core.event_handler.log_command:Invoking command in '/home/avinaash/ForkLift_AMR/build/forklift_bot': CMAKE_PREFIX_PATH=${CMAKE_PREFIX_PATH}:/home/avinaash/ForkLift_AMR/install/doozy_forklift:/home/avinaash/doozy_robotics/doozy_ws_2/install/pallet_docker_02:/home/avinaash/doozy_robotics/doozy_ws_2/install/2_t_dolly_logistics_driver:/opt/ros/galactic /usr/bin/cmake --install /home/avinaash/ForkLift_AMR/build/forklift_bot
[0.589s] DEBUG:colcon.colcon_core.event_handler.log_command:Invoking command in '/home/avinaash/ForkLift_AMR/build/test2_bot': CMAKE_PREFIX_PATH=${CMAKE_PREFIX_PATH}:/home/avinaash/ForkLift_AMR/install/doozy_forklift:/home/avinaash/doozy_robotics/doozy_ws_2/install/pallet_docker_02:/home/avinaash/doozy_robotics/doozy_ws_2/install/2_t_dolly_logistics_driver:/opt/ros/galactic /usr/bin/cmake --install /home/avinaash/ForkLift_AMR/build/test2_bot
[0.594s] Level 1:colcon.colcon_core.environment:create_environment_scripts_only(forklift_bot)
[0.597s] DEBUG:colcon.colcon_core.event_handler.log_command:Invoked command in '/home/avinaash/ForkLift_AMR/build/forklift_bot' returned '0': CMAKE_PREFIX_PATH=${CMAKE_PREFIX_PATH}:/home/avinaash/ForkLift_AMR/install/doozy_forklift:/home/avinaash/doozy_robotics/doozy_ws_2/install/pallet_docker_02:/home/avinaash/doozy_robotics/doozy_ws_2/install/2_t_dolly_logistics_driver:/opt/ros/galactic /usr/bin/cmake --install /home/avinaash/ForkLift_AMR/build/forklift_bot
[0.600s] Level 1:colcon.colcon_core.environment:checking '/home/avinaash/ForkLift_AMR/install/forklift_bot' for CMake module files
[0.601s] Level 1:colcon.colcon_core.environment:checking '/home/avinaash/ForkLift_AMR/install/forklift_bot' for CMake config files
[0.602s] Level 1:colcon.colcon_core.shell:create_environment_hook('forklift_bot', 'cmake_prefix_path')
[0.602s] INFO:colcon.colcon_core.shell:Creating environment hook '/home/avinaash/ForkLift_AMR/install/forklift_bot/share/forklift_bot/hook/cmake_prefix_path.ps1'
[0.602s] INFO:colcon.colcon_core.shell:Creating environment descriptor '/home/avinaash/ForkLift_AMR/install/forklift_bot/share/forklift_bot/hook/cmake_prefix_path.dsv'
[0.603s] INFO:colcon.colcon_core.shell:Creating environment hook '/home/avinaash/ForkLift_AMR/install/forklift_bot/share/forklift_bot/hook/cmake_prefix_path.sh'
[0.603s] Level 1:colcon.colcon_core.environment:checking '/home/avinaash/ForkLift_AMR/install/forklift_bot/bin'
[0.603s] Level 1:colcon.colcon_core.environment:checking '/home/avinaash/ForkLift_AMR/install/forklift_bot/lib/pkgconfig/forklift_bot.pc'
[0.604s] Level 1:colcon.colcon_core.environment:checking '/home/avinaash/ForkLift_AMR/install/forklift_bot/lib/python3.8/site-packages'
[0.604s] Level 1:colcon.colcon_core.environment:checking '/home/avinaash/ForkLift_AMR/install/forklift_bot/bin'
[0.604s] INFO:colcon.colcon_core.shell:Creating package script '/home/avinaash/ForkLift_AMR/install/forklift_bot/share/forklift_bot/package.ps1'
[0.604s] INFO:colcon.colcon_core.shell:Creating package descriptor '/home/avinaash/ForkLift_AMR/install/forklift_bot/share/forklift_bot/package.dsv'
[0.605s] INFO:colcon.colcon_core.shell:Creating package script '/home/avinaash/ForkLift_AMR/install/forklift_bot/share/forklift_bot/package.sh'
[0.605s] INFO:colcon.colcon_core.shell:Creating package script '/home/avinaash/ForkLift_AMR/install/forklift_bot/share/forklift_bot/package.bash'
[0.606s] INFO:colcon.colcon_core.shell:Creating package script '/home/avinaash/ForkLift_AMR/install/forklift_bot/share/forklift_bot/package.zsh'
[0.606s] Level 1:colcon.colcon_core.environment:create_file_with_runtime_dependencies(/home/avinaash/ForkLift_AMR/install/forklift_bot/share/colcon-core/packages/forklift_bot)
[0.609s] Level 1:colcon.colcon_core.environment:create_environment_scripts_only(test2_bot)
[0.609s] Level 1:colcon.colcon_core.environment:checking '/home/avinaash/ForkLift_AMR/install/test2_bot' for CMake module files
[0.610s] DEBUG:colcon.colcon_core.event_handler.log_command:Invoked command in '/home/avinaash/ForkLift_AMR/build/test2_bot' returned '0': CMAKE_PREFIX_PATH=${CMAKE_PREFIX_PATH}:/home/avinaash/ForkLift_AMR/install/doozy_forklift:/home/avinaash/doozy_robotics/doozy_ws_2/install/pallet_docker_02:/home/avinaash/doozy_robotics/doozy_ws_2/install/2_t_dolly_logistics_driver:/opt/ros/galactic /usr/bin/cmake --install /home/avinaash/ForkLift_AMR/build/test2_bot
[0.610s] Level 1:colcon.colcon_core.environment:checking '/home/avinaash/ForkLift_AMR/install/test2_bot' for CMake config files
[0.610s] Level 1:colcon.colcon_core.shell:create_environment_hook('test2_bot', 'cmake_prefix_path')
[0.610s] INFO:colcon.colcon_core.shell:Creating environment hook '/home/avinaash/ForkLift_AMR/install/test2_bot/share/test2_bot/hook/cmake_prefix_path.ps1'
[0.611s] INFO:colcon.colcon_core.shell:Creating environment descriptor '/home/avinaash/ForkLift_AMR/install/test2_bot/share/test2_bot/hook/cmake_prefix_path.dsv'
[0.611s] INFO:colcon.colcon_core.shell:Creating environment hook '/home/avinaash/ForkLift_AMR/install/test2_bot/share/test2_bot/hook/cmake_prefix_path.sh'
[0.611s] Level 1:colcon.colcon_core.environment:checking '/home/avinaash/ForkLift_AMR/install/test2_bot/bin'
[0.611s] Level 1:colcon.colcon_core.environment:checking '/home/avinaash/ForkLift_AMR/install/test2_bot/lib/pkgconfig/test2_bot.pc'
[0.611s] Level 1:colcon.colcon_core.environment:checking '/home/avinaash/ForkLift_AMR/install/test2_bot/lib/python3.8/site-packages'
[0.612s] Level 1:colcon.colcon_core.environment:checking '/home/avinaash/ForkLift_AMR/install/test2_bot/bin'
[0.612s] INFO:colcon.colcon_core.shell:Creating package script '/home/avinaash/ForkLift_AMR/install/test2_bot/share/test2_bot/package.ps1'
[0.612s] INFO:colcon.colcon_core.shell:Creating package descriptor '/home/avinaash/ForkLift_AMR/install/test2_bot/share/test2_bot/package.dsv'
[0.612s] INFO:colcon.colcon_core.shell:Creating package script '/home/avinaash/ForkLift_AMR/install/test2_bot/share/test2_bot/package.sh'
[0.613s] INFO:colcon.colcon_core.shell:Creating package script '/home/avinaash/ForkLift_AMR/install/test2_bot/share/test2_bot/package.bash'
[0.613s] INFO:colcon.colcon_core.shell:Creating package script '/home/avinaash/ForkLift_AMR/install/test2_bot/share/test2_bot/package.zsh'
[0.613s] Level 1:colcon.colcon_core.environment:create_file_with_runtime_dependencies(/home/avinaash/ForkLift_AMR/install/test2_bot/share/colcon-core/packages/test2_bot)
[0.625s] Level 1:colcon.colcon_core.environment:create_environment_scripts_only(forklift_bot)
[0.626s] Level 1:colcon.colcon_core.environment:checking '/home/avinaash/ForkLift_AMR/install/forklift_bot' for CMake module files
[0.626s] Level 1:colcon.colcon_core.environment:checking '/home/avinaash/ForkLift_AMR/install/forklift_bot' for CMake config files
[0.626s] Level 1:colcon.colcon_core.shell:create_environment_hook('forklift_bot', 'cmake_prefix_path')
[0.626s] INFO:colcon.colcon_core.shell:Creating environment hook '/home/avinaash/ForkLift_AMR/install/forklift_bot/share/forklift_bot/hook/cmake_prefix_path.ps1'
[0.627s] INFO:colcon.colcon_core.shell:Creating environment descriptor '/home/avinaash/ForkLift_AMR/install/forklift_bot/share/forklift_bot/hook/cmake_prefix_path.dsv'
[0.627s] INFO:colcon.colcon_core.shell:Creating environment hook '/home/avinaash/ForkLift_AMR/install/forklift_bot/share/forklift_bot/hook/cmake_prefix_path.sh'
[0.627s] Level 1:colcon.colcon_core.environment:checking '/home/avinaash/ForkLift_AMR/install/forklift_bot/bin'
[0.627s] Level 1:colcon.colcon_core.environment:checking '/home/avinaash/ForkLift_AMR/install/forklift_bot/lib/pkgconfig/forklift_bot.pc'
[0.627s] Level 1:colcon.colcon_core.environment:checking '/home/avinaash/ForkLift_AMR/install/forklift_bot/lib/python3.8/site-packages'
[0.627s] Level 1:colcon.colcon_core.environment:checking '/home/avinaash/ForkLift_AMR/install/forklift_bot/bin'
[0.628s] INFO:colcon.colcon_core.shell:Creating package script '/home/avinaash/ForkLift_AMR/install/forklift_bot/share/forklift_bot/package.ps1'
[0.628s] INFO:colcon.colcon_core.shell:Creating package descriptor '/home/avinaash/ForkLift_AMR/install/forklift_bot/share/forklift_bot/package.dsv'
[0.628s] INFO:colcon.colcon_core.shell:Creating package script '/home/avinaash/ForkLift_AMR/install/forklift_bot/share/forklift_bot/package.sh'
[0.629s] INFO:colcon.colcon_core.shell:Creating package script '/home/avinaash/ForkLift_AMR/install/forklift_bot/share/forklift_bot/package.bash'
[0.629s] INFO:colcon.colcon_core.shell:Creating package script '/home/avinaash/ForkLift_AMR/install/forklift_bot/share/forklift_bot/package.zsh'
[0.629s] Level 1:colcon.colcon_core.environment:create_file_with_runtime_dependencies(/home/avinaash/ForkLift_AMR/install/forklift_bot/share/colcon-core/packages/forklift_bot)
[0.630s] Level 1:colcon.colcon_core.environment:create_environment_scripts_only(test2_bot)
[0.630s] Level 1:colcon.colcon_core.environment:checking '/home/avinaash/ForkLift_AMR/install/test2_bot' for CMake module files
[0.631s] Level 1:colcon.colcon_core.environment:checking '/home/avinaash/ForkLift_AMR/install/test2_bot' for CMake config files
[0.631s] Level 1:colcon.colcon_core.shell:create_environment_hook('test2_bot', 'cmake_prefix_path')
[0.631s] INFO:colcon.colcon_core.shell:Creating environment hook '/home/avinaash/ForkLift_AMR/install/test2_bot/share/test2_bot/hook/cmake_prefix_path.ps1'
[0.631s] INFO:colcon.colcon_core.shell:Creating environment descriptor '/home/avinaash/ForkLift_AMR/install/test2_bot/share/test2_bot/hook/cmake_prefix_path.dsv'
[0.631s] INFO:colcon.colcon_core.shell:Creating environment hook '/home/avinaash/ForkLift_AMR/install/test2_bot/share/test2_bot/hook/cmake_prefix_path.sh'
[0.632s] Level 1:colcon.colcon_core.environment:checking '/home/avinaash/ForkLift_AMR/install/test2_bot/bin'
[0.632s] Level 1:colcon.colcon_core.environment:checking '/home/avinaash/ForkLift_AMR/install/test2_bot/lib/pkgconfig/test2_bot.pc'
[0.632s] Level 1:colcon.colcon_core.environment:checking '/home/avinaash/ForkLift_AMR/install/test2_bot/lib/python3.8/site-packages'
[0.632s] Level 1:colcon.colcon_core.environment:checking '/home/avinaash/ForkLift_AMR/install/test2_bot/bin'
[0.632s] INFO:colcon.colcon_core.shell:Creating package script '/home/avinaash/ForkLift_AMR/install/test2_bot/share/test2_bot/package.ps1'
[0.632s] INFO:colcon.colcon_core.shell:Creating package descriptor '/home/avinaash/ForkLift_AMR/install/test2_bot/share/test2_bot/package.dsv'
[0.633s] INFO:colcon.colcon_core.shell:Creating package script '/home/avinaash/ForkLift_AMR/install/test2_bot/share/test2_bot/package.sh'
[0.633s] INFO:colcon.colcon_core.shell:Creating package script '/home/avinaash/ForkLift_AMR/install/test2_bot/share/test2_bot/package.bash'
[0.633s] INFO:colcon.colcon_core.shell:Creating package script '/home/avinaash/ForkLift_AMR/install/test2_bot/share/test2_bot/package.zsh'
[0.633s] Level 1:colcon.colcon_core.environment:create_file_with_runtime_dependencies(/home/avinaash/ForkLift_AMR/install/test2_bot/share/colcon-core/packages/test2_bot)
[0.723s] DEBUG:colcon.colcon_core.event_handler.log_command:Invoked command in '/home/avinaash/ForkLift_AMR/build/sick_visionary_t_mini' returned '0': CMAKE_PREFIX_PATH=${CMAKE_PREFIX_PATH}:/home/avinaash/ForkLift_AMR/install/doozy_forklift:/home/avinaash/doozy_robotics/doozy_ws_2/install/pallet_docker_02:/home/avinaash/doozy_robotics/doozy_ws_2/install/2_t_dolly_logistics_driver:/opt/ros/galactic /usr/bin/cmake --build /home/avinaash/ForkLift_AMR/build/sick_visionary_t_mini -- -j16 -l16
[0.766s] DEBUG:colcon.colcon_core.event_handler.log_command:Invoking command in '/home/avinaash/ForkLift_AMR/build/sick_visionary_t_mini': CMAKE_PREFIX_PATH=${CMAKE_PREFIX_PATH}:/home/avinaash/ForkLift_AMR/install/doozy_forklift:/home/avinaash/doozy_robotics/doozy_ws_2/install/pallet_docker_02:/home/avinaash/doozy_robotics/doozy_ws_2/install/2_t_dolly_logistics_driver:/opt/ros/galactic /usr/bin/cmake --install /home/avinaash/ForkLift_AMR/build/sick_visionary_t_mini
[0.818s] Level 1:colcon.colcon_core.environment:create_environment_scripts_only(sick_visionary_t_mini)
[0.818s] Level 1:colcon.colcon_core.environment:checking '/home/avinaash/ForkLift_AMR/install/sick_visionary_t_mini' for CMake module files
[0.819s] DEBUG:colcon.colcon_core.event_handler.log_command:Invoked command in '/home/avinaash/ForkLift_AMR/build/sick_visionary_t_mini' returned '0': CMAKE_PREFIX_PATH=${CMAKE_PREFIX_PATH}:/home/avinaash/ForkLift_AMR/install/doozy_forklift:/home/avinaash/doozy_robotics/doozy_ws_2/install/pallet_docker_02:/home/avinaash/doozy_robotics/doozy_ws_2/install/2_t_dolly_logistics_driver:/opt/ros/galactic /usr/bin/cmake --install /home/avinaash/ForkLift_AMR/build/sick_visionary_t_mini
[0.820s] Level 1:colcon.colcon_core.environment:checking '/home/avinaash/ForkLift_AMR/install/sick_visionary_t_mini' for CMake config files
[0.820s] Level 1:colcon.colcon_core.shell:create_environment_hook('sick_visionary_t_mini', 'cmake_prefix_path')
[0.821s] INFO:colcon.colcon_core.shell:Creating environment hook '/home/avinaash/ForkLift_AMR/install/sick_visionary_t_mini/share/sick_visionary_t_mini/hook/cmake_prefix_path.ps1'
[0.821s] INFO:colcon.colcon_core.shell:Creating environment descriptor '/home/avinaash/ForkLift_AMR/install/sick_visionary_t_mini/share/sick_visionary_t_mini/hook/cmake_prefix_path.dsv'
[0.822s] INFO:colcon.colcon_core.shell:Creating environment hook '/home/avinaash/ForkLift_AMR/install/sick_visionary_t_mini/share/sick_visionary_t_mini/hook/cmake_prefix_path.sh'
[0.822s] Level 1:colcon.colcon_core.environment:checking '/home/avinaash/ForkLift_AMR/install/sick_visionary_t_mini/lib'
[0.823s] Level 1:colcon.colcon_core.shell:create_environment_hook('sick_visionary_t_mini', 'ld_library_path_lib')
[0.823s] INFO:colcon.colcon_core.shell:Creating environment hook '/home/avinaash/ForkLift_AMR/install/sick_visionary_t_mini/share/sick_visionary_t_mini/hook/ld_library_path_lib.ps1'
[0.823s] INFO:colcon.colcon_core.shell:Creating environment descriptor '/home/avinaash/ForkLift_AMR/install/sick_visionary_t_mini/share/sick_visionary_t_mini/hook/ld_library_path_lib.dsv'
[0.824s] INFO:colcon.colcon_core.shell:Creating environment hook '/home/avinaash/ForkLift_AMR/install/sick_visionary_t_mini/share/sick_visionary_t_mini/hook/ld_library_path_lib.sh'
[0.824s] Level 1:colcon.colcon_core.environment:checking '/home/avinaash/ForkLift_AMR/install/sick_visionary_t_mini/bin'
[0.824s] Level 1:colcon.colcon_core.environment:checking '/home/avinaash/ForkLift_AMR/install/sick_visionary_t_mini/lib/pkgconfig/sick_visionary_t_mini.pc'
[0.825s] Level 1:colcon.colcon_core.environment:checking '/home/avinaash/ForkLift_AMR/install/sick_visionary_t_mini/lib/python3.8/site-packages'
[0.825s] Level 1:colcon.colcon_core.shell:create_environment_hook('sick_visionary_t_mini', 'pythonpath')
[0.825s] INFO:colcon.colcon_core.shell:Creating environment hook '/home/avinaash/ForkLift_AMR/install/sick_visionary_t_mini/share/sick_visionary_t_mini/hook/pythonpath.ps1'
[0.826s] INFO:colcon.colcon_core.shell:Creating environment descriptor '/home/avinaash/ForkLift_AMR/install/sick_visionary_t_mini/share/sick_visionary_t_mini/hook/pythonpath.dsv'
[0.826s] INFO:colcon.colcon_core.shell:Creating environment hook '/home/avinaash/ForkLift_AMR/install/sick_visionary_t_mini/share/sick_visionary_t_mini/hook/pythonpath.sh'
[0.826s] Level 1:colcon.colcon_core.environment:checking '/home/avinaash/ForkLift_AMR/install/sick_visionary_t_mini/bin'
[0.826s] INFO:colcon.colcon_core.shell:Creating package script '/home/avinaash/ForkLift_AMR/install/sick_visionary_t_mini/share/sick_visionary_t_mini/package.ps1'
[0.827s] INFO:colcon.colcon_core.shell:Creating package descriptor '/home/avinaash/ForkLift_AMR/install/sick_visionary_t_mini/share/sick_visionary_t_mini/package.dsv'
[0.827s] INFO:colcon.colcon_core.shell:Creating package script '/home/avinaash/ForkLift_AMR/install/sick_visionary_t_mini/share/sick_visionary_t_mini/package.sh'
[0.827s] INFO:colcon.colcon_core.shell:Creating package script '/home/avinaash/ForkLift_AMR/install/sick_visionary_t_mini/share/sick_visionary_t_mini/package.bash'
[0.827s] INFO:colcon.colcon_core.shell:Creating package script '/home/avinaash/ForkLift_AMR/install/sick_visionary_t_mini/share/sick_visionary_t_mini/package.zsh'
[0.827s] Level 1:colcon.colcon_core.environment:create_file_with_runtime_dependencies(/home/avinaash/ForkLift_AMR/install/sick_visionary_t_mini/share/colcon-core/packages/sick_visionary_t_mini)
[0.864s] Level 1:colcon.colcon_core.environment:create_environment_scripts_only(sick_visionary_t_mini)
[0.864s] Level 1:colcon.colcon_core.environment:checking '/home/avinaash/ForkLift_AMR/install/sick_visionary_t_mini' for CMake module files
[0.865s] Level 1:colcon.colcon_core.environment:checking '/home/avinaash/ForkLift_AMR/install/sick_visionary_t_mini' for CMake config files
[0.866s] Level 1:colcon.colcon_core.shell:create_environment_hook('sick_visionary_t_mini', 'cmake_prefix_path')
[0.866s] INFO:colcon.colcon_core.shell:Creating environment hook '/home/avinaash/ForkLift_AMR/install/sick_visionary_t_mini/share/sick_visionary_t_mini/hook/cmake_prefix_path.ps1'
[0.867s] INFO:colcon.colcon_core.shell:Creating environment descriptor '/home/avinaash/ForkLift_AMR/install/sick_visionary_t_mini/share/sick_visionary_t_mini/hook/cmake_prefix_path.dsv'
[0.867s] INFO:colcon.colcon_core.shell:Creating environment hook '/home/avinaash/ForkLift_AMR/install/sick_visionary_t_mini/share/sick_visionary_t_mini/hook/cmake_prefix_path.sh'
[0.868s] Level 1:colcon.colcon_core.environment:checking '/home/avinaash/ForkLift_AMR/install/sick_visionary_t_mini/lib'
[0.868s] Level 1:colcon.colcon_core.shell:create_environment_hook('sick_visionary_t_mini', 'ld_library_path_lib')
[0.869s] INFO:colcon.colcon_core.shell:Creating environment hook '/home/avinaash/ForkLift_AMR/install/sick_visionary_t_mini/share/sick_visionary_t_mini/hook/ld_library_path_lib.ps1'
[0.869s] INFO:colcon.colcon_core.shell:Creating environment descriptor '/home/avinaash/ForkLift_AMR/install/sick_visionary_t_mini/share/sick_visionary_t_mini/hook/ld_library_path_lib.dsv'
[0.869s] INFO:colcon.colcon_core.shell:Creating environment hook '/home/avinaash/ForkLift_AMR/install/sick_visionary_t_mini/share/sick_visionary_t_mini/hook/ld_library_path_lib.sh'
[0.870s] Level 1:colcon.colcon_core.environment:checking '/home/avinaash/ForkLift_AMR/install/sick_visionary_t_mini/bin'
[0.870s] Level 1:colcon.colcon_core.environment:checking '/home/avinaash/ForkLift_AMR/install/sick_visionary_t_mini/lib/pkgconfig/sick_visionary_t_mini.pc'
[0.871s] Level 1:colcon.colcon_core.environment:checking '/home/avinaash/ForkLift_AMR/install/sick_visionary_t_mini/lib/python3.8/site-packages'
[0.871s] Level 1:colcon.colcon_core.shell:create_environment_hook('sick_visionary_t_mini', 'pythonpath')
[0.871s] INFO:colcon.colcon_core.shell:Creating environment hook '/home/avinaash/ForkLift_AMR/install/sick_visionary_t_mini/share/sick_visionary_t_mini/hook/pythonpath.ps1'
[0.872s] INFO:colcon.colcon_core.shell:Creating environment descriptor '/home/avinaash/ForkLift_AMR/install/sick_visionary_t_mini/share/sick_visionary_t_mini/hook/pythonpath.dsv'
[0.872s] INFO:colcon.colcon_core.shell:Creating environment hook '/home/avinaash/ForkLift_AMR/install/sick_visionary_t_mini/share/sick_visionary_t_mini/hook/pythonpath.sh'
[0.873s] Level 1:colcon.colcon_core.environment:checking '/home/avinaash/ForkLift_AMR/install/sick_visionary_t_mini/bin'
[0.873s] INFO:colcon.colcon_core.shell:Creating package script '/home/avinaash/ForkLift_AMR/install/sick_visionary_t_mini/share/sick_visionary_t_mini/package.ps1'
[0.874s] INFO:colcon.colcon_core.shell:Creating package descriptor '/home/avinaash/ForkLift_AMR/install/sick_visionary_t_mini/share/sick_visionary_t_mini/package.dsv'
[0.874s] INFO:colcon.colcon_core.shell:Creating package script '/home/avinaash/ForkLift_AMR/install/sick_visionary_t_mini/share/sick_visionary_t_mini/package.sh'
[0.874s] INFO:colcon.colcon_core.shell:Creating package script '/home/avinaash/ForkLift_AMR/install/sick_visionary_t_mini/share/sick_visionary_t_mini/package.bash'
[0.875s] INFO:colcon.colcon_core.shell:Creating package script '/home/avinaash/ForkLift_AMR/install/sick_visionary_t_mini/share/sick_visionary_t_mini/package.zsh'
[0.875s] Level 1:colcon.colcon_core.environment:create_file_with_runtime_dependencies(/home/avinaash/ForkLift_AMR/install/sick_visionary_t_mini/share/colcon-core/packages/sick_visionary_t_mini)
[0.882s] DEBUG:colcon.colcon_core.event_handler.log_command:Invoking command in '/home/avinaash/ForkLift_AMR/src/doozy_forklift': PYTHONPATH=/home/avinaash/ForkLift_AMR/build/doozy_forklift/prefix_override:/home/avinaash/ForkLift_AMR/install/doozy_forklift/lib/python3.8/site-packages:${PYTHONPATH} /usr/bin/python3 -W ignore:setup.py install is deprecated setup.py egg_info --egg-base ../../build/doozy_forklift build --build-base /home/avinaash/ForkLift_AMR/build/doozy_forklift/build install --record /home/avinaash/ForkLift_AMR/build/doozy_forklift/install.log --single-version-externally-managed install_data
[1.084s] Level 1:colcon.colcon_core.environment:checking '/home/avinaash/ForkLift_AMR/install/doozy_forklift' for CMake module files
[1.085s] DEBUG:colcon.colcon_core.event_handler.log_command:Invoked command in '/home/avinaash/ForkLift_AMR/src/doozy_forklift' returned '0': PYTHONPATH=/home/avinaash/ForkLift_AMR/build/doozy_forklift/prefix_override:/home/avinaash/ForkLift_AMR/install/doozy_forklift/lib/python3.8/site-packages:${PYTHONPATH} /usr/bin/python3 -W ignore:setup.py install is deprecated setup.py egg_info --egg-base ../../build/doozy_forklift build --build-base /home/avinaash/ForkLift_AMR/build/doozy_forklift/build install --record /home/avinaash/ForkLift_AMR/build/doozy_forklift/install.log --single-version-externally-managed install_data
[1.085s] Level 1:colcon.colcon_core.environment:checking '/home/avinaash/ForkLift_AMR/install/doozy_forklift' for CMake config files
[1.086s] Level 1:colcon.colcon_core.environment:checking '/home/avinaash/ForkLift_AMR/install/doozy_forklift/lib'
[1.086s] Level 1:colcon.colcon_core.environment:checking '/home/avinaash/ForkLift_AMR/install/doozy_forklift/bin'
[1.087s] Level 1:colcon.colcon_core.environment:checking '/home/avinaash/ForkLift_AMR/install/doozy_forklift/lib/pkgconfig/doozy_forklift.pc'
[1.087s] Level 1:colcon.colcon_core.environment:checking '/home/avinaash/ForkLift_AMR/install/doozy_forklift/lib/python3.8/site-packages'
[1.087s] Level 1:colcon.colcon_core.shell:create_environment_hook('doozy_forklift', 'pythonpath')
[1.088s] INFO:colcon.colcon_core.shell:Creating environment hook '/home/avinaash/ForkLift_AMR/install/doozy_forklift/share/doozy_forklift/hook/pythonpath.ps1'
[1.088s] INFO:colcon.colcon_core.shell:Creating environment descriptor '/home/avinaash/ForkLift_AMR/install/doozy_forklift/share/doozy_forklift/hook/pythonpath.dsv'
[1.089s] INFO:colcon.colcon_core.shell:Creating environment hook '/home/avinaash/ForkLift_AMR/install/doozy_forklift/share/doozy_forklift/hook/pythonpath.sh'
[1.090s] Level 1:colcon.colcon_core.environment:checking '/home/avinaash/ForkLift_AMR/install/doozy_forklift/bin'
[1.090s] Level 1:colcon.colcon_core.environment:create_environment_scripts_only(doozy_forklift)
[1.090s] INFO:colcon.colcon_core.shell:Creating package script '/home/avinaash/ForkLift_AMR/install/doozy_forklift/share/doozy_forklift/package.ps1'
[1.090s] INFO:colcon.colcon_core.shell:Creating package descriptor '/home/avinaash/ForkLift_AMR/install/doozy_forklift/share/doozy_forklift/package.dsv'
[1.091s] INFO:colcon.colcon_core.shell:Creating package script '/home/avinaash/ForkLift_AMR/install/doozy_forklift/share/doozy_forklift/package.sh'
[1.091s] INFO:colcon.colcon_core.shell:Creating package script '/home/avinaash/ForkLift_AMR/install/doozy_forklift/share/doozy_forklift/package.bash'
[1.091s] INFO:colcon.colcon_core.shell:Creating package script '/home/avinaash/ForkLift_AMR/install/doozy_forklift/share/doozy_forklift/package.zsh'
[1.091s] Level 1:colcon.colcon_core.environment:create_file_with_runtime_dependencies(/home/avinaash/ForkLift_AMR/install/doozy_forklift/share/colcon-core/packages/doozy_forklift)
[1.092s] DEBUG:colcon.colcon_parallel_executor.executor.parallel:closing loop
[1.092s] DEBUG:colcon.colcon_parallel_executor.executor.parallel:loop closed
[1.092s] DEBUG:colcon.colcon_parallel_executor.executor.parallel:run_until_complete finished with '0'
[1.092s] DEBUG:colcon.colcon_core.event_reactor:joining thread
[1.102s] INFO:colcon.colcon_core.plugin_system:Skipping extension 'colcon_notification.desktop_notification.terminal_notifier': Not used on non-Darwin systems
[1.102s] INFO:colcon.colcon_core.plugin_system:Skipping extension 'colcon_notification.desktop_notification.win32': Not used on non-Windows systems
[1.102s] INFO:colcon.colcon_notification.desktop_notification:Sending desktop notification using 'notify2'
[1.115s] DEBUG:colcon.colcon_core.event_reactor:joined thread
[1.116s] INFO:colcon.colcon_core.shell:Creating prefix script '/home/avinaash/ForkLift_AMR/install/local_setup.ps1'
[1.117s] INFO:colcon.colcon_core.shell:Creating prefix util module '/home/avinaash/ForkLift_AMR/install/_local_setup_util_ps1.py'
[1.119s] INFO:colcon.colcon_core.shell:Creating prefix chain script '/home/avinaash/ForkLift_AMR/install/setup.ps1'
[1.121s] INFO:colcon.colcon_core.shell:Creating prefix script '/home/avinaash/ForkLift_AMR/install/local_setup.sh'
[1.121s] INFO:colcon.colcon_core.shell:Creating prefix util module '/home/avinaash/ForkLift_AMR/install/_local_setup_util_sh.py'
[1.122s] INFO:colcon.colcon_core.shell:Creating prefix chain script '/home/avinaash/ForkLift_AMR/install/setup.sh'
[1.124s] INFO:colcon.colcon_core.shell:Creating prefix script '/home/avinaash/ForkLift_AMR/install/local_setup.bash'
[1.125s] INFO:colcon.colcon_core.shell:Creating prefix chain script '/home/avinaash/ForkLift_AMR/install/setup.bash'
[1.126s] INFO:colcon.colcon_core.shell:Creating prefix script '/home/avinaash/ForkLift_AMR/install/local_setup.zsh'
[1.127s] INFO:colcon.colcon_core.shell:Creating prefix chain script '/home/avinaash/ForkLift_AMR/install/setup.zsh'
