[0.177s] Invoking command in '/home/avinaash/ForkLift_AMR/build/forklift_bot': CMAKE_PREFIX_PATH=${CMAKE_PREFIX_PATH}:/home/avinaash/ForkLift_AMR/install/doozy_forklift:/home/avinaash/doozy_robotics/doozy_ws_2/install/pallet_docker_02:/home/avinaash/doozy_robotics/doozy_ws_2/install/2_t_dolly_logistics_driver:/opt/ros/galactic /usr/bin/cmake /home/avinaash/ForkLift_AMR/src/forklift_bot -DCMAKE_INSTALL_PREFIX=/home/avinaash/ForkLift_AMR/install/forklift_bot
[0.312s] -- The C compiler identification is GNU 9.4.0
[0.425s] -- The CXX compiler identification is GNU 9.4.0
[0.431s] -- Check for working C compiler: /usr/bin/cc
[0.476s] -- Check for working C compiler: /usr/bin/cc -- works
[0.478s] -- Detecting C compiler ABI info
[0.538s] -- Detecting C compiler ABI info - done
[0.545s] -- Detecting C compile features
[0.545s] -- Detecting C compile features - done
[0.547s] -- Check for working CXX compiler: /usr/bin/c++
[0.606s] -- Check for working CXX compiler: /usr/bin/c++ -- works
[0.607s] -- Detecting CXX compiler ABI info
[0.671s] -- Detecting CXX compiler ABI info - done
[0.678s] -- Detecting CXX compile features
[0.679s] -- Detecting CXX compile features - done
[0.681s] -- Found ament_cmake: 1.1.6 (/opt/ros/galactic/share/ament_cmake/cmake)
[0.703s] -- Found PythonInterp: /usr/bin/python3 (found suitable version "3.8.10", minimum required is "3") 
[0.703s] -- Using PYTHON_EXECUTABLE: /usr/bin/python3
[0.767s] -- Found urdf: 2.5.2 (/opt/ros/galactic/share/urdf/cmake)
[0.818s] -- Found ament_lint_auto: 0.10.7 (/opt/ros/galactic/share/ament_lint_auto/cmake)
[0.878s] -- Added test 'copyright' to check source files copyright and LICENSE
[0.880s] -- Added test 'flake8' to check Python code syntax and style conventions
[0.881s] -- Added test 'lint_cmake' to check CMake code style
[0.881s] -- Added test 'pep257' to check Python code against some of the style conventions in PEP 257
[0.883s] -- Added test 'xmllint' to check XML markup files
[0.884s] -- Configuring done
[0.885s] -- Generating done
[0.886s] -- Build files have been written to: /home/avinaash/ForkLift_AMR/build/forklift_bot
[0.891s] Invoked command in '/home/avinaash/ForkLift_AMR/build/forklift_bot' returned '0': CMAKE_PREFIX_PATH=${CMAKE_PREFIX_PATH}:/home/avinaash/ForkLift_AMR/install/doozy_forklift:/home/avinaash/doozy_robotics/doozy_ws_2/install/pallet_docker_02:/home/avinaash/doozy_robotics/doozy_ws_2/install/2_t_dolly_logistics_driver:/opt/ros/galactic /usr/bin/cmake /home/avinaash/ForkLift_AMR/src/forklift_bot -DCMAKE_INSTALL_PREFIX=/home/avinaash/ForkLift_AMR/install/forklift_bot
[0.891s] Invoking command in '/home/avinaash/ForkLift_AMR/build/forklift_bot': CMAKE_PREFIX_PATH=${CMAKE_PREFIX_PATH}:/home/avinaash/ForkLift_AMR/install/doozy_forklift:/home/avinaash/doozy_robotics/doozy_ws_2/install/pallet_docker_02:/home/avinaash/doozy_robotics/doozy_ws_2/install/2_t_dolly_logistics_driver:/opt/ros/galactic /usr/bin/cmake --build /home/avinaash/ForkLift_AMR/build/forklift_bot -- -j16 -l16
[0.923s] Invoked command in '/home/avinaash/ForkLift_AMR/build/forklift_bot' returned '0': CMAKE_PREFIX_PATH=${CMAKE_PREFIX_PATH}:/home/avinaash/ForkLift_AMR/install/doozy_forklift:/home/avinaash/doozy_robotics/doozy_ws_2/install/pallet_docker_02:/home/avinaash/doozy_robotics/doozy_ws_2/install/2_t_dolly_logistics_driver:/opt/ros/galactic /usr/bin/cmake --build /home/avinaash/ForkLift_AMR/build/forklift_bot -- -j16 -l16
[0.943s] Invoking command in '/home/avinaash/ForkLift_AMR/build/forklift_bot': CMAKE_PREFIX_PATH=${CMAKE_PREFIX_PATH}:/home/avinaash/ForkLift_AMR/install/doozy_forklift:/home/avinaash/doozy_robotics/doozy_ws_2/install/pallet_docker_02:/home/avinaash/doozy_robotics/doozy_ws_2/install/2_t_dolly_logistics_driver:/opt/ros/galactic /usr/bin/cmake --install /home/avinaash/ForkLift_AMR/build/forklift_bot
[0.949s] -- Install configuration: ""
[0.949s] -- Installing: /home/avinaash/ForkLift_AMR/install/forklift_bot/share/forklift_bot/launch
[0.949s] -- Installing: /home/avinaash/ForkLift_AMR/install/forklift_bot/share/forklift_bot/launch/display.launch.py
[0.949s] -- Installing: /home/avinaash/ForkLift_AMR/install/forklift_bot/share/forklift_bot/launch/gazebo.launch
[0.950s] -- Installing: /home/avinaash/ForkLift_AMR/install/forklift_bot/share/forklift_bot/launch/gazebo.launch.py
[0.950s] -- Installing: /home/avinaash/ForkLift_AMR/install/forklift_bot/share/forklift_bot/launch/display.launch
[0.951s] -- Installing: /home/avinaash/ForkLift_AMR/install/forklift_bot/share/forklift_bot/meshes
[0.951s] -- Installing: /home/avinaash/ForkLift_AMR/install/forklift_bot/share/forklift_bot/meshes/base_link.STL
[0.962s] -- Installing: /home/avinaash/ForkLift_AMR/install/forklift_bot/share/forklift_bot/meshes/r_laser_link.STL
[0.963s] -- Installing: /home/avinaash/ForkLift_AMR/install/forklift_bot/share/forklift_bot/meshes/l_laser_link.STL
[0.963s] -- Installing: /home/avinaash/ForkLift_AMR/install/forklift_bot/share/forklift_bot/meshes/body_link.STL
[0.963s] -- Installing: /home/avinaash/ForkLift_AMR/install/forklift_bot/share/forklift_bot/meshes/r_wheel_link.STL
[0.965s] -- Installing: /home/avinaash/ForkLift_AMR/install/forklift_bot/share/forklift_bot/meshes/r_roller_link.STL
[0.965s] -- Installing: /home/avinaash/ForkLift_AMR/install/forklift_bot/share/forklift_bot/meshes/l_wheel_link.STL
[0.966s] -- Installing: /home/avinaash/ForkLift_AMR/install/forklift_bot/share/forklift_bot/meshes/base_footprint.STL
[0.966s] -- Installing: /home/avinaash/ForkLift_AMR/install/forklift_bot/share/forklift_bot/meshes/l_roller_link.STL
[0.967s] -- Installing: /home/avinaash/ForkLift_AMR/install/forklift_bot/share/forklift_bot/models
[0.967s] -- Installing: /home/avinaash/ForkLift_AMR/install/forklift_bot/share/forklift_bot/models/sun
[0.968s] -- Installing: /home/avinaash/ForkLift_AMR/install/forklift_bot/share/forklift_bot/models/sun/model-1_4.sdf
[0.968s] -- Installing: /home/avinaash/ForkLift_AMR/install/forklift_bot/share/forklift_bot/models/sun/model-1_3.sdf
[0.968s] -- Installing: /home/avinaash/ForkLift_AMR/install/forklift_bot/share/forklift_bot/models/sun/model.config
[0.968s] -- Installing: /home/avinaash/ForkLift_AMR/install/forklift_bot/share/forklift_bot/models/sun/model-1_2.sdf
[0.968s] -- Installing: /home/avinaash/ForkLift_AMR/install/forklift_bot/share/forklift_bot/models/sun/model.sdf
[0.968s] -- Installing: /home/avinaash/ForkLift_AMR/install/forklift_bot/share/forklift_bot/models/ground_plane
[0.969s] -- Installing: /home/avinaash/ForkLift_AMR/install/forklift_bot/share/forklift_bot/models/ground_plane/model-1_4.sdf
[0.969s] -- Installing: /home/avinaash/ForkLift_AMR/install/forklift_bot/share/forklift_bot/models/ground_plane/model-1_3.sdf
[0.969s] -- Installing: /home/avinaash/ForkLift_AMR/install/forklift_bot/share/forklift_bot/models/ground_plane/model.config
[0.969s] -- Installing: /home/avinaash/ForkLift_AMR/install/forklift_bot/share/forklift_bot/models/ground_plane/model-1_2.sdf
[0.969s] -- Installing: /home/avinaash/ForkLift_AMR/install/forklift_bot/share/forklift_bot/models/ground_plane/model.sdf
[0.969s] -- Installing: /home/avinaash/ForkLift_AMR/install/forklift_bot/share/forklift_bot/urdf
[0.969s] -- Installing: /home/avinaash/ForkLift_AMR/install/forklift_bot/share/forklift_bot/urdf/forkassembly_bot.csv
[0.969s] -- Installing: /home/avinaash/ForkLift_AMR/install/forklift_bot/share/forklift_bot/urdf/forkassembly_bot.urdf
[0.970s] -- Installing: /home/avinaash/ForkLift_AMR/install/forklift_bot/share/forklift_bot/urdf/forkassembly_bot.pdf
[0.970s] -- Installing: /home/avinaash/ForkLift_AMR/install/forklift_bot/share/forklift_bot/urdf/.~lock.forkassembly_bot.csv#
[0.970s] -- Installing: /home/avinaash/ForkLift_AMR/install/forklift_bot/share/forklift_bot/urdf/forkassembly_bot.gv
[0.970s] -- Installing: /home/avinaash/ForkLift_AMR/install/forklift_bot/share/forklift_bot/rviz
[0.970s] -- Installing: /home/avinaash/ForkLift_AMR/install/forklift_bot/share/forklift_bot/rviz/display.rviz
[0.971s] -- Installing: /home/avinaash/ForkLift_AMR/install/forklift_bot/share/ament_index/resource_index/package_run_dependencies/forklift_bot
[0.971s] -- Installing: /home/avinaash/ForkLift_AMR/install/forklift_bot/share/ament_index/resource_index/parent_prefix_path/forklift_bot
[0.971s] -- Installing: /home/avinaash/ForkLift_AMR/install/forklift_bot/share/forklift_bot/environment/ament_prefix_path.sh
[0.971s] -- Installing: /home/avinaash/ForkLift_AMR/install/forklift_bot/share/forklift_bot/environment/ament_prefix_path.dsv
[0.971s] -- Installing: /home/avinaash/ForkLift_AMR/install/forklift_bot/share/forklift_bot/environment/path.sh
[0.971s] -- Installing: /home/avinaash/ForkLift_AMR/install/forklift_bot/share/forklift_bot/environment/path.dsv
[0.971s] -- Installing: /home/avinaash/ForkLift_AMR/install/forklift_bot/share/forklift_bot/local_setup.bash
[0.971s] -- Installing: /home/avinaash/ForkLift_AMR/install/forklift_bot/share/forklift_bot/local_setup.sh
[0.972s] -- Installing: /home/avinaash/ForkLift_AMR/install/forklift_bot/share/forklift_bot/local_setup.zsh
[0.972s] -- Installing: /home/avinaash/ForkLift_AMR/install/forklift_bot/share/forklift_bot/local_setup.dsv
[0.972s] -- Installing: /home/avinaash/ForkLift_AMR/install/forklift_bot/share/forklift_bot/package.dsv
[0.972s] -- Installing: /home/avinaash/ForkLift_AMR/install/forklift_bot/share/ament_index/resource_index/packages/forklift_bot
[0.972s] -- Installing: /home/avinaash/ForkLift_AMR/install/forklift_bot/share/forklift_bot/cmake/forklift_botConfig.cmake
[0.972s] -- Installing: /home/avinaash/ForkLift_AMR/install/forklift_bot/share/forklift_bot/cmake/forklift_botConfig-version.cmake
[0.972s] -- Installing: /home/avinaash/ForkLift_AMR/install/forklift_bot/share/forklift_bot/package.xml
[0.980s] Invoked command in '/home/avinaash/ForkLift_AMR/build/forklift_bot' returned '0': CMAKE_PREFIX_PATH=${CMAKE_PREFIX_PATH}:/home/avinaash/ForkLift_AMR/install/doozy_forklift:/home/avinaash/doozy_robotics/doozy_ws_2/install/pallet_docker_02:/home/avinaash/doozy_robotics/doozy_ws_2/install/2_t_dolly_logistics_driver:/opt/ros/galactic /usr/bin/cmake --install /home/avinaash/ForkLift_AMR/build/forklift_bot
