[1.632s] Invoking command in '/home/doozy/ForkLift_AMR/src/turtlebot3/turtlebot3_example': PYTHONPATH=/home/doozy/ForkLift_AMR/build/turtlebot3_example/prefix_override:/home/doozy/ForkLift_AMR/install/turtlebot3_example/lib/python3.10/site-packages:${PYTHONPATH} /usr/bin/python3 -W ignore:setup.py install is deprecated setup.py egg_info --egg-base ../../../build/turtlebot3_example build --build-base /home/doozy/ForkLift_AMR/build/turtlebot3_example/build install --record /home/doozy/ForkLift_AMR/build/turtlebot3_example/install.log --single-version-externally-managed install_data
[1.919s] running egg_info
[1.939s] writing ../../../build/turtlebot3_example/turtlebot3_example.egg-info/PKG-INFO
[1.940s] writing dependency_links to ../../../build/turtlebot3_example/turtlebot3_example.egg-info/dependency_links.txt
[1.940s] writing entry points to ../../../build/turtlebot3_example/turtlebot3_example.egg-info/entry_points.txt
[1.940s] writing requirements to ../../../build/turtlebot3_example/turtlebot3_example.egg-info/requires.txt
[1.940s] writing top-level names to ../../../build/turtlebot3_example/turtlebot3_example.egg-info/top_level.txt
[1.983s] reading manifest file '../../../build/turtlebot3_example/turtlebot3_example.egg-info/SOURCES.txt'
[1.984s] writing manifest file '../../../build/turtlebot3_example/turtlebot3_example.egg-info/SOURCES.txt'
[1.984s] running build
[1.984s] running build_py
[1.984s] copying turtlebot3_example/__init__.py -> /home/doozy/ForkLift_AMR/build/turtlebot3_example/build/lib/turtlebot3_example
[1.984s] copying turtlebot3_example/turtlebot3_patrol_server/__init__.py -> /home/doozy/ForkLift_AMR/build/turtlebot3_example/build/lib/turtlebot3_example/turtlebot3_patrol_server
[1.985s] copying turtlebot3_example/turtlebot3_patrol_server/turtlebot3_path.py -> /home/doozy/ForkLift_AMR/build/turtlebot3_example/build/lib/turtlebot3_example/turtlebot3_patrol_server
[1.985s] copying turtlebot3_example/turtlebot3_patrol_server/main.py -> /home/doozy/ForkLift_AMR/build/turtlebot3_example/build/lib/turtlebot3_example/turtlebot3_patrol_server
[1.985s] copying turtlebot3_example/turtlebot3_patrol_server/turtlebot3_patrol_server.py -> /home/doozy/ForkLift_AMR/build/turtlebot3_example/build/lib/turtlebot3_example/turtlebot3_patrol_server
[1.985s] copying turtlebot3_example/turtlebot3_obstacle_detection/__init__.py -> /home/doozy/ForkLift_AMR/build/turtlebot3_example/build/lib/turtlebot3_example/turtlebot3_obstacle_detection
[1.986s] copying turtlebot3_example/turtlebot3_obstacle_detection/main.py -> /home/doozy/ForkLift_AMR/build/turtlebot3_example/build/lib/turtlebot3_example/turtlebot3_obstacle_detection
[1.986s] copying turtlebot3_example/turtlebot3_obstacle_detection/turtlebot3_obstacle_detection.py -> /home/doozy/ForkLift_AMR/build/turtlebot3_example/build/lib/turtlebot3_example/turtlebot3_obstacle_detection
[1.987s] copying turtlebot3_example/turtlebot3_position_control/turtlebot3_position_control.py -> /home/doozy/ForkLift_AMR/build/turtlebot3_example/build/lib/turtlebot3_example/turtlebot3_position_control
[1.987s] copying turtlebot3_example/turtlebot3_position_control/__init__.py -> /home/doozy/ForkLift_AMR/build/turtlebot3_example/build/lib/turtlebot3_example/turtlebot3_position_control
[1.987s] copying turtlebot3_example/turtlebot3_position_control/turtlebot3_path.py -> /home/doozy/ForkLift_AMR/build/turtlebot3_example/build/lib/turtlebot3_example/turtlebot3_position_control
[1.987s] copying turtlebot3_example/turtlebot3_position_control/main.py -> /home/doozy/ForkLift_AMR/build/turtlebot3_example/build/lib/turtlebot3_example/turtlebot3_position_control
[1.987s] copying turtlebot3_example/turtlebot3_patrol_client/turtlebot3_patrol_client.py -> /home/doozy/ForkLift_AMR/build/turtlebot3_example/build/lib/turtlebot3_example/turtlebot3_patrol_client
[1.988s] copying turtlebot3_example/turtlebot3_patrol_client/__init__.py -> /home/doozy/ForkLift_AMR/build/turtlebot3_example/build/lib/turtlebot3_example/turtlebot3_patrol_client
[1.988s] copying turtlebot3_example/turtlebot3_patrol_client/main.py -> /home/doozy/ForkLift_AMR/build/turtlebot3_example/build/lib/turtlebot3_example/turtlebot3_patrol_client
[1.988s] running install
[1.993s] running install_lib
[2.015s] running install_data
[2.015s] copying resource/turtlebot3_example -> /home/doozy/ForkLift_AMR/install/turtlebot3_example/share/ament_index/resource_index/packages
[2.015s] copying package.xml -> /home/doozy/ForkLift_AMR/install/turtlebot3_example/share/turtlebot3_example
[2.016s] running install_egg_info
[2.037s] removing '/home/doozy/ForkLift_AMR/install/turtlebot3_example/lib/python3.10/site-packages/turtlebot3_example-2.1.5-py3.10.egg-info' (and everything under it)
[2.037s] Copying ../../../build/turtlebot3_example/turtlebot3_example.egg-info to /home/doozy/ForkLift_AMR/install/turtlebot3_example/lib/python3.10/site-packages/turtlebot3_example-2.1.5-py3.10.egg-info
[2.038s] running install_scripts
[2.236s] Installing turtlebot3_obstacle_detection script to /home/doozy/ForkLift_AMR/install/turtlebot3_example/lib/turtlebot3_example
[2.236s] Installing turtlebot3_patrol_client script to /home/doozy/ForkLift_AMR/install/turtlebot3_example/lib/turtlebot3_example
[2.237s] Installing turtlebot3_patrol_server script to /home/doozy/ForkLift_AMR/install/turtlebot3_example/lib/turtlebot3_example
[2.237s] Installing turtlebot3_position_control script to /home/doozy/ForkLift_AMR/install/turtlebot3_example/lib/turtlebot3_example
[2.237s] writing list of installed files to '/home/doozy/ForkLift_AMR/build/turtlebot3_example/install.log'
[2.262s] Invoked command in '/home/doozy/ForkLift_AMR/src/turtlebot3/turtlebot3_example' returned '0': PYTHONPATH=/home/doozy/ForkLift_AMR/build/turtlebot3_example/prefix_override:/home/doozy/ForkLift_AMR/install/turtlebot3_example/lib/python3.10/site-packages:${PYTHONPATH} /usr/bin/python3 -W ignore:setup.py install is deprecated setup.py egg_info --egg-base ../../../build/turtlebot3_example build --build-base /home/doozy/ForkLift_AMR/build/turtlebot3_example/build install --record /home/doozy/ForkLift_AMR/build/turtlebot3_example/install.log --single-version-externally-managed install_data
