[0.174s] Invoking command in '/home/avinaash/ForkLift_AMR/build/forklift_interfaces': CMAKE_PREFIX_PATH=${CMAKE_PREFIX_PATH}:/home/avinaash/ForkLift_AMR/install/doozy_forklift:/opt/ros/galactic /usr/bin/cmake /home/avinaash/ForkLift_AMR/src/forklift_interfaces -DCMAKE_INSTALL_PREFIX=/home/avinaash/ForkLift_AMR/install/forklift_interfaces
[0.217s] -- The C compiler identification is GNU 9.4.0
[0.263s] -- The CXX compiler identification is GNU 9.4.0
[0.268s] -- Check for working C compiler: /usr/bin/cc
[0.320s] -- Check for working C compiler: /usr/bin/cc -- works
[0.321s] -- Detecting C compiler ABI info
[0.379s] -- Detecting C compiler ABI info - done
[0.394s] -- Detecting C compile features
[0.394s] -- Detecting C compile features - done
[0.396s] -- Check for working CXX compiler: /usr/bin/c++
[0.467s] -- Check for working CXX compiler: /usr/bin/c++ -- works
[0.468s] -- Detecting CXX compiler ABI info
[0.536s] -- Detecting CXX compiler ABI info - done
[0.547s] -- Detecting CXX compile features
[0.547s] -- Detecting CXX compile features - done
[0.549s] -- Found ament_cmake: 1.1.6 (/opt/ros/galactic/share/ament_cmake/cmake)
[0.573s] -- Found PythonInterp: /usr/bin/python3 (found suitable version "3.8.10", minimum required is "3") 
[0.573s] -- Using PYTHON_EXECUTABLE: /usr/bin/python3
[0.632s] -- Found rclpy: 1.9.3 (/opt/ros/galactic/share/rclpy/cmake)
[0.632s] -- Found rclcpp: 9.2.2 (/opt/ros/galactic/share/rclcpp/cmake)
[0.666s] -- Using all available rosidl_typesupport_c: rosidl_typesupport_fastrtps_c;rosidl_typesupport_introspection_c
[0.670s] -- Found rosidl_adapter: 2.2.3 (/opt/ros/galactic/share/rosidl_adapter/cmake)
[0.729s] -- Found OpenSSL: /usr/lib/x86_64-linux-gnu/libcrypto.so (found version "1.1.1f")  
[0.752s] -- Found FastRTPS: /opt/ros/galactic/include  
[0.811s] -- Using all available rosidl_typesupport_cpp: rosidl_typesupport_fastrtps_cpp;rosidl_typesupport_introspection_cpp
[0.849s] -- Found rmw_implementation_cmake: 3.3.1 (/opt/ros/galactic/share/rmw_implementation_cmake/cmake)
[0.851s] -- Found rmw_fastrtps_cpp: 5.0.2 (/opt/ros/galactic/share/rmw_fastrtps_cpp/cmake)
[0.936s] -- Using RMW implementation 'rmw_fastrtps_cpp' as default
[0.936s] -- Looking for pthread.h
[0.998s] -- Looking for pthread.h - found
[0.999s] -- Performing Test CMAKE_HAVE_LIBC_PTHREAD
[1.068s] -- Performing Test CMAKE_HAVE_LIBC_PTHREAD - Failed
[1.068s] -- Looking for pthread_create in pthreads
[1.125s] -- Looking for pthread_create in pthreads - not found
[1.125s] -- Looking for pthread_create in pthread
[1.190s] -- Looking for pthread_create in pthread - found
[1.192s] -- Found Threads: TRUE  
[1.289s] -- Found geometry_msgs: 2.2.4 (/opt/ros/galactic/share/geometry_msgs/cmake)
[1.315s] -- Found example_interfaces: 0.9.2 (/opt/ros/galactic/share/example_interfaces/cmake)
[1.385s] -- Found rosidl_default_generators: 1.1.1 (/opt/ros/galactic/share/rosidl_default_generators/cmake)
[1.411s] -- Found PythonInterp: /usr/bin/python3 (found version "3.8.10") 
[1.503s] -- Found ament_cmake_ros: 0.9.2 (/opt/ros/galactic/share/ament_cmake_ros/cmake)
[1.575s] -- Using all available rosidl_typesupport_c: rosidl_typesupport_fastrtps_c;rosidl_typesupport_introspection_c
[1.578s] -- Using all available rosidl_typesupport_cpp: rosidl_typesupport_fastrtps_cpp;rosidl_typesupport_introspection_cpp
[1.597s] -- Found PythonInterp: /usr/bin/python3 (found suitable version "3.8.10", minimum required is "3.5") 
[1.599s] -- Found python_cmake_module: 0.8.1 (/opt/ros/galactic/share/python_cmake_module/cmake)
[1.622s] -- Found PythonLibs: /usr/lib/x86_64-linux-gnu/libpython3.8.so (found suitable version "3.8.10", minimum required is "3.5") 
[1.622s] -- Using PYTHON_EXECUTABLE: /usr/bin/python3
[1.622s] -- Using PYTHON_INCLUDE_DIRS: /usr/include/python3.8
[1.623s] -- Using PYTHON_LIBRARIES: /usr/lib/x86_64-linux-gnu/libpython3.8.so
[1.638s] -- Found PythonExtra: .so  
[1.674s] -- Found ament_lint_auto: 0.10.7 (/opt/ros/galactic/share/ament_lint_auto/cmake)
[1.693s] -- Added test 'copyright' to check source files copyright and LICENSE
[1.694s] -- Added test 'lint_cmake' to check CMake code style
[1.695s] -- Added test 'xmllint' to check XML markup files
[1.701s] -- Configuring done
[1.732s] -- Generating done
[1.736s] -- Build files have been written to: /home/avinaash/ForkLift_AMR/build/forklift_interfaces
[1.750s] Invoked command in '/home/avinaash/ForkLift_AMR/build/forklift_interfaces' returned '0': CMAKE_PREFIX_PATH=${CMAKE_PREFIX_PATH}:/home/avinaash/ForkLift_AMR/install/doozy_forklift:/opt/ros/galactic /usr/bin/cmake /home/avinaash/ForkLift_AMR/src/forklift_interfaces -DCMAKE_INSTALL_PREFIX=/home/avinaash/ForkLift_AMR/install/forklift_interfaces
[1.753s] Invoking command in '/home/avinaash/ForkLift_AMR/build/forklift_interfaces': CMAKE_PREFIX_PATH=${CMAKE_PREFIX_PATH}:/home/avinaash/ForkLift_AMR/install/doozy_forklift:/opt/ros/galactic /usr/bin/cmake --build /home/avinaash/ForkLift_AMR/build/forklift_interfaces -- -j16 -l16
[1.789s] [  3%] [34m[1mGenerating C code for ROS interfaces[0m
[1.790s] [35m[1mScanning dependencies of target forklift_interfaces__cpp[0m
[1.797s] [  6%] [34m[1mGenerating C++ code for ROS interfaces[0m
[1.978s] [  6%] Built target forklift_interfaces__cpp
[1.979s] [35m[1mScanning dependencies of target forklift_interfaces__rosidl_generator_c[0m
[1.986s] [ 12%] [34m[1mGenerating C++ type support dispatch for ROS interfaces[0m
[1.986s] [ 12%] [34m[1mGenerating C++ introspection for ROS interfaces[0m
[1.988s] [ 16%] [32mBuilding C object CMakeFiles/forklift_interfaces__rosidl_generator_c.dir/rosidl_generator_c/forklift_interfaces/srv/detail/fork_lift_dock__functions.c.o[0m
[1.988s] [ 19%] [34m[1mGenerating C++ type support for eProsima Fast-RTPS[0m
[2.025s] [ 22%] [32m[1mLinking C shared library libforklift_interfaces__rosidl_generator_c.so[0m
[2.058s] [ 22%] Built target forklift_interfaces__rosidl_generator_c
[2.066s] [ 29%] [34m[1mGenerating C introspection for ROS interfaces[0m
[2.066s] [ 29%] [34m[1mGenerating C type support dispatch for ROS interfaces[0m
[2.136s] [35m[1mScanning dependencies of target forklift_interfaces__rosidl_typesupport_cpp[0m
[2.144s] [ 32%] [32mBuilding CXX object CMakeFiles/forklift_interfaces__rosidl_typesupport_cpp.dir/rosidl_typesupport_cpp/forklift_interfaces/srv/fork_lift_dock__type_support.cpp.o[0m
[2.148s] [35m[1mScanning dependencies of target forklift_interfaces__rosidl_typesupport_introspection_cpp[0m
[2.158s] [ 35%] [32mBuilding CXX object CMakeFiles/forklift_interfaces__rosidl_typesupport_introspection_cpp.dir/rosidl_typesupport_introspection_cpp/forklift_interfaces/srv/detail/fork_lift_dock__type_support.cpp.o[0m
[2.164s] [35m[1mScanning dependencies of target forklift_interfaces__rosidl_typesupport_fastrtps_cpp[0m
[2.178s] [ 38%] [32mBuilding CXX object CMakeFiles/forklift_interfaces__rosidl_typesupport_fastrtps_cpp.dir/rosidl_typesupport_fastrtps_cpp/forklift_interfaces/srv/detail/dds_fastrtps/fork_lift_dock__type_support.cpp.o[0m
[2.214s] [35m[1mScanning dependencies of target forklift_interfaces__rosidl_typesupport_c[0m
[2.223s] [ 41%] [32mBuilding CXX object CMakeFiles/forklift_interfaces__rosidl_typesupport_c.dir/rosidl_typesupport_c/forklift_interfaces/srv/fork_lift_dock__type_support.cpp.o[0m
[2.236s] [35m[1mScanning dependencies of target forklift_interfaces__rosidl_typesupport_introspection_c[0m
[2.244s] [ 45%] [32mBuilding C object CMakeFiles/forklift_interfaces__rosidl_typesupport_introspection_c.dir/rosidl_typesupport_introspection_c/forklift_interfaces/srv/detail/fork_lift_dock__type_support.c.o[0m
[2.254s] [ 48%] [32m[1mLinking CXX shared library libforklift_interfaces__rosidl_typesupport_c.so[0m
[2.272s] [ 51%] [32m[1mLinking C shared library libforklift_interfaces__rosidl_typesupport_introspection_c.so[0m
[2.287s] [ 51%] Built target forklift_interfaces__rosidl_typesupport_c
[2.301s] [ 51%] Built target forklift_interfaces__rosidl_typesupport_introspection_c
[2.362s] [ 54%] [32m[1mLinking CXX shared library libforklift_interfaces__rosidl_typesupport_cpp.so[0m
[2.366s] [ 58%] [32m[1mLinking CXX shared library libforklift_interfaces__rosidl_typesupport_introspection_cpp.so[0m
[2.396s] [ 58%] Built target forklift_interfaces__rosidl_typesupport_cpp
[2.402s] [ 58%] Built target forklift_interfaces__rosidl_typesupport_introspection_cpp
[2.484s] [ 61%] [32m[1mLinking CXX shared library libforklift_interfaces__rosidl_typesupport_fastrtps_cpp.so[0m
[2.546s] [ 61%] Built target forklift_interfaces__rosidl_typesupport_fastrtps_cpp
[2.554s] [ 64%] [34m[1mGenerating C type support for eProsima Fast-RTPS[0m
[2.710s] [35m[1mScanning dependencies of target forklift_interfaces__rosidl_typesupport_fastrtps_c[0m
[2.723s] [ 67%] [32mBuilding CXX object CMakeFiles/forklift_interfaces__rosidl_typesupport_fastrtps_c.dir/rosidl_typesupport_fastrtps_c/forklift_interfaces/srv/detail/fork_lift_dock__type_support_c.cpp.o[0m
[2.961s] [ 70%] [32m[1mLinking CXX shared library libforklift_interfaces__rosidl_typesupport_fastrtps_c.so[0m
[3.023s] [ 70%] Built target forklift_interfaces__rosidl_typesupport_fastrtps_c
[3.031s] [35m[1mScanning dependencies of target forklift_interfaces[0m
[3.041s] [ 70%] Built target forklift_interfaces
[3.053s] [35m[1mScanning dependencies of target forklift_interfaces__py[0m
[3.064s] [ 74%] [34m[1mGenerating Python code for ROS interfaces[0m
[3.355s] [ 74%] Built target forklift_interfaces__py
[3.361s] [35m[1mScanning dependencies of target forklift_interfaces__python[0m
[3.377s] [ 77%] [32mBuilding C object CMakeFiles/forklift_interfaces__python.dir/rosidl_generator_py/forklift_interfaces/srv/_fork_lift_dock_s.c.o[0m
[3.442s] [ 80%] [32m[1mLinking C shared library rosidl_generator_py/forklift_interfaces/libforklift_interfaces__python.so[0m
[3.476s] [ 80%] Built target forklift_interfaces__python
[3.485s] [35m[1mScanning dependencies of target forklift_interfaces__rosidl_typesupport_fastrtps_c__pyext[0m
[3.487s] [35m[1mScanning dependencies of target forklift_interfaces__rosidl_typesupport_c__pyext[0m
[3.487s] [35m[1mScanning dependencies of target forklift_interfaces__rosidl_typesupport_introspection_c__pyext[0m
[3.498s] [ 87%] [32mBuilding C object CMakeFiles/forklift_interfaces__rosidl_typesupport_c__pyext.dir/rosidl_generator_py/forklift_interfaces/_forklift_interfaces_s.ep.rosidl_typesupport_c.c.o[0m
[3.498s] [ 87%] [32mBuilding C object CMakeFiles/forklift_interfaces__rosidl_typesupport_fastrtps_c__pyext.dir/rosidl_generator_py/forklift_interfaces/_forklift_interfaces_s.ep.rosidl_typesupport_fastrtps_c.c.o[0m
[3.498s] [ 90%] [32mBuilding C object CMakeFiles/forklift_interfaces__rosidl_typesupport_introspection_c__pyext.dir/rosidl_generator_py/forklift_interfaces/_forklift_interfaces_s.ep.rosidl_typesupport_introspection_c.c.o[0m
[3.553s] [ 93%] [32m[1mLinking C shared library rosidl_generator_py/forklift_interfaces/forklift_interfaces_s__rosidl_typesupport_c.cpython-38-x86_64-linux-gnu.so[0m
[3.553s] [ 96%] [32m[1mLinking CXX shared library rosidl_generator_py/forklift_interfaces/forklift_interfaces_s__rosidl_typesupport_fastrtps_c.cpython-38-x86_64-linux-gnu.so[0m
[3.554s] [100%] [32m[1mLinking C shared library rosidl_generator_py/forklift_interfaces/forklift_interfaces_s__rosidl_typesupport_introspection_c.cpython-38-x86_64-linux-gnu.so[0m
[3.576s] [100%] Built target forklift_interfaces__rosidl_typesupport_c__pyext
[3.586s] [100%] Built target forklift_interfaces__rosidl_typesupport_introspection_c__pyext
[3.604s] [100%] Built target forklift_interfaces__rosidl_typesupport_fastrtps_c__pyext
[3.617s] Invoked command in '/home/avinaash/ForkLift_AMR/build/forklift_interfaces' returned '0': CMAKE_PREFIX_PATH=${CMAKE_PREFIX_PATH}:/home/avinaash/ForkLift_AMR/install/doozy_forklift:/opt/ros/galactic /usr/bin/cmake --build /home/avinaash/ForkLift_AMR/build/forklift_interfaces -- -j16 -l16
[3.654s] Invoking command in '/home/avinaash/ForkLift_AMR/build/forklift_interfaces': CMAKE_PREFIX_PATH=${CMAKE_PREFIX_PATH}:/home/avinaash/ForkLift_AMR/install/doozy_forklift:/opt/ros/galactic /usr/bin/cmake --install /home/avinaash/ForkLift_AMR/build/forklift_interfaces
[3.661s] -- Install configuration: ""
[3.661s] -- Installing: /home/avinaash/ForkLift_AMR/install/forklift_interfaces/share/ament_index/resource_index/rosidl_interfaces/forklift_interfaces
[3.661s] -- Installing: /home/avinaash/ForkLift_AMR/install/forklift_interfaces/include/forklift_interfaces
[3.661s] -- Installing: /home/avinaash/ForkLift_AMR/install/forklift_interfaces/include/forklift_interfaces/srv
[3.661s] -- Installing: /home/avinaash/ForkLift_AMR/install/forklift_interfaces/include/forklift_interfaces/srv/detail
[3.661s] -- Installing: /home/avinaash/ForkLift_AMR/install/forklift_interfaces/include/forklift_interfaces/srv/detail/fork_lift_dock__struct.h
[3.661s] -- Installing: /home/avinaash/ForkLift_AMR/install/forklift_interfaces/include/forklift_interfaces/srv/detail/fork_lift_dock__functions.h
[3.661s] -- Installing: /home/avinaash/ForkLift_AMR/install/forklift_interfaces/include/forklift_interfaces/srv/detail/fork_lift_dock__functions.c
[3.662s] -- Installing: /home/avinaash/ForkLift_AMR/install/forklift_interfaces/include/forklift_interfaces/srv/detail/fork_lift_dock__type_support.h
[3.662s] -- Installing: /home/avinaash/ForkLift_AMR/install/forklift_interfaces/include/forklift_interfaces/srv/fork_lift_dock.h
[3.662s] -- Installing: /home/avinaash/ForkLift_AMR/install/forklift_interfaces/include/forklift_interfaces/msg
[3.662s] -- Installing: /home/avinaash/ForkLift_AMR/install/forklift_interfaces/include/forklift_interfaces/msg/rosidl_generator_c__visibility_control.h
[3.662s] -- Installing: /home/avinaash/ForkLift_AMR/install/forklift_interfaces/share/forklift_interfaces/environment/library_path.sh
[3.662s] -- Installing: /home/avinaash/ForkLift_AMR/install/forklift_interfaces/share/forklift_interfaces/environment/library_path.dsv
[3.662s] -- Installing: /home/avinaash/ForkLift_AMR/install/forklift_interfaces/lib/libforklift_interfaces__rosidl_generator_c.so
[3.662s] -- Set runtime path of "/home/avinaash/ForkLift_AMR/install/forklift_interfaces/lib/libforklift_interfaces__rosidl_generator_c.so" to ""
[3.662s] -- Up-to-date: /home/avinaash/ForkLift_AMR/install/forklift_interfaces/include/forklift_interfaces
[3.662s] -- Up-to-date: /home/avinaash/ForkLift_AMR/install/forklift_interfaces/include/forklift_interfaces/srv
[3.662s] -- Up-to-date: /home/avinaash/ForkLift_AMR/install/forklift_interfaces/include/forklift_interfaces/srv/detail
[3.663s] -- Installing: /home/avinaash/ForkLift_AMR/install/forklift_interfaces/include/forklift_interfaces/srv/detail/fork_lift_dock__rosidl_typesupport_fastrtps_c.h
[3.663s] -- Up-to-date: /home/avinaash/ForkLift_AMR/install/forklift_interfaces/include/forklift_interfaces/msg
[3.663s] -- Installing: /home/avinaash/ForkLift_AMR/install/forklift_interfaces/include/forklift_interfaces/msg/rosidl_typesupport_fastrtps_c__visibility_control.h
[3.663s] -- Installing: /home/avinaash/ForkLift_AMR/install/forklift_interfaces/lib/libforklift_interfaces__rosidl_typesupport_fastrtps_c.so
[3.663s] -- Set runtime path of "/home/avinaash/ForkLift_AMR/install/forklift_interfaces/lib/libforklift_interfaces__rosidl_typesupport_fastrtps_c.so" to ""
[3.663s] -- Up-to-date: /home/avinaash/ForkLift_AMR/install/forklift_interfaces/include/forklift_interfaces
[3.663s] -- Up-to-date: /home/avinaash/ForkLift_AMR/install/forklift_interfaces/include/forklift_interfaces/srv
[3.663s] -- Up-to-date: /home/avinaash/ForkLift_AMR/install/forklift_interfaces/include/forklift_interfaces/srv/detail
[3.663s] -- Installing: /home/avinaash/ForkLift_AMR/install/forklift_interfaces/include/forklift_interfaces/srv/detail/dds_fastrtps
[3.663s] -- Installing: /home/avinaash/ForkLift_AMR/install/forklift_interfaces/include/forklift_interfaces/srv/detail/fork_lift_dock__rosidl_typesupport_fastrtps_cpp.hpp
[3.664s] -- Up-to-date: /home/avinaash/ForkLift_AMR/install/forklift_interfaces/include/forklift_interfaces/msg
[3.664s] -- Installing: /home/avinaash/ForkLift_AMR/install/forklift_interfaces/include/forklift_interfaces/msg/rosidl_typesupport_fastrtps_cpp__visibility_control.h
[3.664s] -- Installing: /home/avinaash/ForkLift_AMR/install/forklift_interfaces/lib/libforklift_interfaces__rosidl_typesupport_fastrtps_cpp.so
[3.664s] -- Set runtime path of "/home/avinaash/ForkLift_AMR/install/forklift_interfaces/lib/libforklift_interfaces__rosidl_typesupport_fastrtps_cpp.so" to ""
[3.664s] -- Up-to-date: /home/avinaash/ForkLift_AMR/install/forklift_interfaces/include/forklift_interfaces
[3.664s] -- Up-to-date: /home/avinaash/ForkLift_AMR/install/forklift_interfaces/include/forklift_interfaces/srv
[3.664s] -- Up-to-date: /home/avinaash/ForkLift_AMR/install/forklift_interfaces/include/forklift_interfaces/srv/detail
[3.664s] -- Installing: /home/avinaash/ForkLift_AMR/install/forklift_interfaces/include/forklift_interfaces/srv/detail/fork_lift_dock__rosidl_typesupport_introspection_c.h
[3.664s] -- Installing: /home/avinaash/ForkLift_AMR/install/forklift_interfaces/include/forklift_interfaces/srv/detail/fork_lift_dock__type_support.c
[3.664s] -- Up-to-date: /home/avinaash/ForkLift_AMR/install/forklift_interfaces/include/forklift_interfaces/msg
[3.664s] -- Installing: /home/avinaash/ForkLift_AMR/install/forklift_interfaces/include/forklift_interfaces/msg/rosidl_typesupport_introspection_c__visibility_control.h
[3.665s] -- Installing: /home/avinaash/ForkLift_AMR/install/forklift_interfaces/lib/libforklift_interfaces__rosidl_typesupport_introspection_c.so
[3.665s] -- Set runtime path of "/home/avinaash/ForkLift_AMR/install/forklift_interfaces/lib/libforklift_interfaces__rosidl_typesupport_introspection_c.so" to ""
[3.665s] -- Installing: /home/avinaash/ForkLift_AMR/install/forklift_interfaces/lib/libforklift_interfaces__rosidl_typesupport_c.so
[3.665s] -- Set runtime path of "/home/avinaash/ForkLift_AMR/install/forklift_interfaces/lib/libforklift_interfaces__rosidl_typesupport_c.so" to ""
[3.665s] -- Up-to-date: /home/avinaash/ForkLift_AMR/install/forklift_interfaces/include/forklift_interfaces
[3.665s] -- Up-to-date: /home/avinaash/ForkLift_AMR/install/forklift_interfaces/include/forklift_interfaces/srv
[3.665s] -- Installing: /home/avinaash/ForkLift_AMR/install/forklift_interfaces/include/forklift_interfaces/srv/fork_lift_dock.hpp
[3.665s] -- Up-to-date: /home/avinaash/ForkLift_AMR/install/forklift_interfaces/include/forklift_interfaces/srv/detail
[3.665s] -- Installing: /home/avinaash/ForkLift_AMR/install/forklift_interfaces/include/forklift_interfaces/srv/detail/fork_lift_dock__struct.hpp
[3.665s] -- Installing: /home/avinaash/ForkLift_AMR/install/forklift_interfaces/include/forklift_interfaces/srv/detail/fork_lift_dock__traits.hpp
[3.665s] -- Installing: /home/avinaash/ForkLift_AMR/install/forklift_interfaces/include/forklift_interfaces/srv/detail/fork_lift_dock__builder.hpp
[3.665s] -- Up-to-date: /home/avinaash/ForkLift_AMR/install/forklift_interfaces/include/forklift_interfaces
[3.665s] -- Up-to-date: /home/avinaash/ForkLift_AMR/install/forklift_interfaces/include/forklift_interfaces/srv
[3.666s] -- Up-to-date: /home/avinaash/ForkLift_AMR/install/forklift_interfaces/include/forklift_interfaces/srv/detail
[3.666s] -- Installing: /home/avinaash/ForkLift_AMR/install/forklift_interfaces/include/forklift_interfaces/srv/detail/fork_lift_dock__type_support.cpp
[3.666s] -- Installing: /home/avinaash/ForkLift_AMR/install/forklift_interfaces/include/forklift_interfaces/srv/detail/fork_lift_dock__rosidl_typesupport_introspection_cpp.hpp
[3.666s] -- Installing: /home/avinaash/ForkLift_AMR/install/forklift_interfaces/lib/libforklift_interfaces__rosidl_typesupport_introspection_cpp.so
[3.666s] -- Set runtime path of "/home/avinaash/ForkLift_AMR/install/forklift_interfaces/lib/libforklift_interfaces__rosidl_typesupport_introspection_cpp.so" to ""
[3.666s] -- Installing: /home/avinaash/ForkLift_AMR/install/forklift_interfaces/lib/libforklift_interfaces__rosidl_typesupport_cpp.so
[3.666s] -- Set runtime path of "/home/avinaash/ForkLift_AMR/install/forklift_interfaces/lib/libforklift_interfaces__rosidl_typesupport_cpp.so" to ""
[3.666s] -- Installing: /home/avinaash/ForkLift_AMR/install/forklift_interfaces/share/forklift_interfaces/environment/pythonpath.sh
[3.666s] -- Installing: /home/avinaash/ForkLift_AMR/install/forklift_interfaces/share/forklift_interfaces/environment/pythonpath.dsv
[3.666s] -- Installing: /home/avinaash/ForkLift_AMR/install/forklift_interfaces/lib/python3.8/site-packages/forklift_interfaces/__init__.py
[3.690s] Compiling '/home/avinaash/ForkLift_AMR/install/forklift_interfaces/lib/python3.8/site-packages/forklift_interfaces/__init__.py'...
[3.692s] -- Installing: /home/avinaash/ForkLift_AMR/install/forklift_interfaces/lib/python3.8/site-packages/forklift_interfaces/srv
[3.692s] -- Installing: /home/avinaash/ForkLift_AMR/install/forklift_interfaces/lib/python3.8/site-packages/forklift_interfaces/srv/_fork_lift_dock_s.c
[3.692s] -- Installing: /home/avinaash/ForkLift_AMR/install/forklift_interfaces/lib/python3.8/site-packages/forklift_interfaces/srv/__init__.py
[3.693s] -- Installing: /home/avinaash/ForkLift_AMR/install/forklift_interfaces/lib/python3.8/site-packages/forklift_interfaces/srv/_fork_lift_dock.py
[3.693s] -- Installing: /home/avinaash/ForkLift_AMR/install/forklift_interfaces/lib/python3.8/site-packages/forklift_interfaces/forklift_interfaces_s__rosidl_typesupport_fastrtps_c.cpython-38-x86_64-linux-gnu.so
[3.694s] -- Set runtime path of "/home/avinaash/ForkLift_AMR/install/forklift_interfaces/lib/python3.8/site-packages/forklift_interfaces/forklift_interfaces_s__rosidl_typesupport_fastrtps_c.cpython-38-x86_64-linux-gnu.so" to ""
[3.694s] -- Installing: /home/avinaash/ForkLift_AMR/install/forklift_interfaces/lib/python3.8/site-packages/forklift_interfaces/forklift_interfaces_s__rosidl_typesupport_introspection_c.cpython-38-x86_64-linux-gnu.so
[3.695s] -- Set runtime path of "/home/avinaash/ForkLift_AMR/install/forklift_interfaces/lib/python3.8/site-packages/forklift_interfaces/forklift_interfaces_s__rosidl_typesupport_introspection_c.cpython-38-x86_64-linux-gnu.so" to ""
[3.696s] -- Installing: /home/avinaash/ForkLift_AMR/install/forklift_interfaces/lib/python3.8/site-packages/forklift_interfaces/forklift_interfaces_s__rosidl_typesupport_c.cpython-38-x86_64-linux-gnu.so
[3.697s] -- Set runtime path of "/home/avinaash/ForkLift_AMR/install/forklift_interfaces/lib/python3.8/site-packages/forklift_interfaces/forklift_interfaces_s__rosidl_typesupport_c.cpython-38-x86_64-linux-gnu.so" to ""
[3.697s] -- Installing: /home/avinaash/ForkLift_AMR/install/forklift_interfaces/lib/libforklift_interfaces__python.so
[3.697s] -- Set runtime path of "/home/avinaash/ForkLift_AMR/install/forklift_interfaces/lib/libforklift_interfaces__python.so" to ""
[3.698s] -- Installing: /home/avinaash/ForkLift_AMR/install/forklift_interfaces/share/forklift_interfaces/srv/ForkLiftDock.idl
[3.698s] -- Installing: /home/avinaash/ForkLift_AMR/install/forklift_interfaces/share/forklift_interfaces/srv/ForkLiftDock.srv
[3.698s] -- Installing: /home/avinaash/ForkLift_AMR/install/forklift_interfaces/share/forklift_interfaces/srv/ForkLiftDock_Request.msg
[3.698s] -- Installing: /home/avinaash/ForkLift_AMR/install/forklift_interfaces/share/forklift_interfaces/srv/ForkLiftDock_Response.msg
[3.698s] -- Installing: /home/avinaash/ForkLift_AMR/install/forklift_interfaces/share/ament_index/resource_index/package_run_dependencies/forklift_interfaces
[3.699s] -- Installing: /home/avinaash/ForkLift_AMR/install/forklift_interfaces/share/ament_index/resource_index/parent_prefix_path/forklift_interfaces
[3.699s] -- Installing: /home/avinaash/ForkLift_AMR/install/forklift_interfaces/share/forklift_interfaces/environment/ament_prefix_path.sh
[3.699s] -- Installing: /home/avinaash/ForkLift_AMR/install/forklift_interfaces/share/forklift_interfaces/environment/ament_prefix_path.dsv
[3.699s] -- Installing: /home/avinaash/ForkLift_AMR/install/forklift_interfaces/share/forklift_interfaces/environment/path.sh
[3.699s] -- Installing: /home/avinaash/ForkLift_AMR/install/forklift_interfaces/share/forklift_interfaces/environment/path.dsv
[3.699s] -- Installing: /home/avinaash/ForkLift_AMR/install/forklift_interfaces/share/forklift_interfaces/local_setup.bash
[3.699s] -- Installing: /home/avinaash/ForkLift_AMR/install/forklift_interfaces/share/forklift_interfaces/local_setup.sh
[3.699s] -- Installing: /home/avinaash/ForkLift_AMR/install/forklift_interfaces/share/forklift_interfaces/local_setup.zsh
[3.699s] -- Installing: /home/avinaash/ForkLift_AMR/install/forklift_interfaces/share/forklift_interfaces/local_setup.dsv
[3.700s] -- Installing: /home/avinaash/ForkLift_AMR/install/forklift_interfaces/share/forklift_interfaces/package.dsv
[3.700s] -- Installing: /home/avinaash/ForkLift_AMR/install/forklift_interfaces/share/ament_index/resource_index/packages/forklift_interfaces
[3.700s] -- Installing: /home/avinaash/ForkLift_AMR/install/forklift_interfaces/share/forklift_interfaces/cmake/forklift_interfaces__rosidl_generator_cExport.cmake
[3.700s] -- Installing: /home/avinaash/ForkLift_AMR/install/forklift_interfaces/share/forklift_interfaces/cmake/forklift_interfaces__rosidl_generator_cExport-noconfig.cmake
[3.700s] -- Installing: /home/avinaash/ForkLift_AMR/install/forklift_interfaces/share/forklift_interfaces/cmake/forklift_interfaces__rosidl_typesupport_introspection_cExport.cmake
[3.700s] -- Installing: /home/avinaash/ForkLift_AMR/install/forklift_interfaces/share/forklift_interfaces/cmake/forklift_interfaces__rosidl_typesupport_introspection_cExport-noconfig.cmake
[3.700s] -- Installing: /home/avinaash/ForkLift_AMR/install/forklift_interfaces/share/forklift_interfaces/cmake/forklift_interfaces__rosidl_typesupport_cExport.cmake
[3.700s] -- Installing: /home/avinaash/ForkLift_AMR/install/forklift_interfaces/share/forklift_interfaces/cmake/forklift_interfaces__rosidl_typesupport_cExport-noconfig.cmake
[3.700s] -- Installing: /home/avinaash/ForkLift_AMR/install/forklift_interfaces/share/forklift_interfaces/cmake/forklift_interfaces__rosidl_generator_cppExport.cmake
[3.700s] -- Installing: /home/avinaash/ForkLift_AMR/install/forklift_interfaces/share/forklift_interfaces/cmake/forklift_interfaces__rosidl_typesupport_introspection_cppExport.cmake
[3.701s] -- Installing: /home/avinaash/ForkLift_AMR/install/forklift_interfaces/share/forklift_interfaces/cmake/forklift_interfaces__rosidl_typesupport_introspection_cppExport-noconfig.cmake
[3.701s] -- Installing: /home/avinaash/ForkLift_AMR/install/forklift_interfaces/share/forklift_interfaces/cmake/forklift_interfaces__rosidl_typesupport_cppExport.cmake
[3.701s] -- Installing: /home/avinaash/ForkLift_AMR/install/forklift_interfaces/share/forklift_interfaces/cmake/forklift_interfaces__rosidl_typesupport_cppExport-noconfig.cmake
[3.701s] -- Installing: /home/avinaash/ForkLift_AMR/install/forklift_interfaces/share/forklift_interfaces/cmake/rosidl_cmake-extras.cmake
[3.701s] -- Installing: /home/avinaash/ForkLift_AMR/install/forklift_interfaces/share/forklift_interfaces/cmake/ament_cmake_export_dependencies-extras.cmake
[3.701s] -- Installing: /home/avinaash/ForkLift_AMR/install/forklift_interfaces/share/forklift_interfaces/cmake/ament_cmake_export_libraries-extras.cmake
[3.701s] -- Installing: /home/avinaash/ForkLift_AMR/install/forklift_interfaces/share/forklift_interfaces/cmake/ament_cmake_export_targets-extras.cmake
[3.701s] -- Installing: /home/avinaash/ForkLift_AMR/install/forklift_interfaces/share/forklift_interfaces/cmake/ament_cmake_export_include_directories-extras.cmake
[3.701s] -- Installing: /home/avinaash/ForkLift_AMR/install/forklift_interfaces/share/forklift_interfaces/cmake/rosidl_cmake_export_typesupport_libraries-extras.cmake
[3.701s] -- Installing: /home/avinaash/ForkLift_AMR/install/forklift_interfaces/share/forklift_interfaces/cmake/rosidl_cmake_export_typesupport_targets-extras.cmake
[3.701s] -- Installing: /home/avinaash/ForkLift_AMR/install/forklift_interfaces/share/forklift_interfaces/cmake/forklift_interfacesConfig.cmake
[3.701s] -- Installing: /home/avinaash/ForkLift_AMR/install/forklift_interfaces/share/forklift_interfaces/cmake/forklift_interfacesConfig-version.cmake
[3.701s] -- Installing: /home/avinaash/ForkLift_AMR/install/forklift_interfaces/share/forklift_interfaces/package.xml
[3.704s] Invoked command in '/home/avinaash/ForkLift_AMR/build/forklift_interfaces' returned '0': CMAKE_PREFIX_PATH=${CMAKE_PREFIX_PATH}:/home/avinaash/ForkLift_AMR/install/doozy_forklift:/opt/ros/galactic /usr/bin/cmake --install /home/avinaash/ForkLift_AMR/build/forklift_interfaces
