[0.041s] Invoking command in '/home/avinaash/ForkLift_AMR/build/turtlebot3_description': /usr/bin/cmake /home/avinaash/ForkLift_AMR/src/turtlebot3/turtlebot3_description -DCATKIN_INSTALL_INTO_PREFIX_ROOT=0 -DCMAKE_INSTALL_PREFIX=/home/avinaash/ForkLift_AMR/install/turtlebot3_description
[0.240s] -- The C compiler identification is GNU 9.4.0
[0.362s] -- The CXX compiler identification is GNU 9.4.0
[0.370s] -- Check for working C compiler: /usr/bin/cc
[0.429s] -- Check for working C compiler: /usr/bin/cc -- works
[0.431s] -- Detecting C compiler ABI info
[0.485s] -- Detecting C compiler ABI info - done
[0.496s] -- Detecting C compile features
[0.496s] -- Detecting C compile features - done
[0.499s] -- Check for working CXX compiler: /usr/bin/c++
[0.570s] -- Check for working CXX compiler: /usr/bin/c++ -- works
[0.570s] -- Detecting CXX compiler ABI info
[0.638s] -- Detecting CXX compiler ABI info - done
[0.651s] -- Detecting CXX compile features
[0.651s] -- Detecting CXX compile features - done
[0.662s] CMake Error at CMakeLists.txt:10 (find_package):
[0.662s]   By not providing "Findcatkin.cmake" in CMAKE_MODULE_PATH this project has
[0.663s]   asked CMake to find a package configuration file provided by "catkin", but
[0.663s]   CMake did not find one.
[0.663s] 
[0.663s]   Could not find a package configuration file provided by "catkin" with any
[0.663s]   of the following names:
[0.663s] 
[0.663s]     catkinConfig.cmake
[0.663s]     catkin-config.cmake
[0.663s] 
[0.663s]   Add the installation prefix of "catkin" to CMAKE_PREFIX_PATH or set
[0.663s]   "catkin_DIR" to a directory containing one of the above files.  If "catkin"
[0.664s]   provides a separate development package or SDK, be sure it has been
[0.664s]   installed.
[0.664s] 
[0.664s] 
[0.664s] -- Configuring incomplete, errors occurred!
[0.664s] See also "/home/avinaash/ForkLift_AMR/build/turtlebot3_description/CMakeFiles/CMakeOutput.log".
[0.669s] Invoked command in '/home/avinaash/ForkLift_AMR/build/turtlebot3_description' returned '1': /usr/bin/cmake /home/avinaash/ForkLift_AMR/src/turtlebot3/turtlebot3_description -DCATKIN_INSTALL_INTO_PREFIX_ROOT=0 -DCMAKE_INSTALL_PREFIX=/home/avinaash/ForkLift_AMR/install/turtlebot3_description
