[0.008s] Invoking command in '/home/avinaash/ForkLift_AMR/build/turtlebot3_bringup': AMENT_PREFIX_PATH=/home/avinaash/ForkLift_AMR/install/turtlebot3_node:/home/avinaash/ForkLift_AMR/install/turtlebot3_description:${AMENT_PREFIX_PATH} CMAKE_PREFIX_PATH=/home/avinaash/ForkLift_AMR/install/turtlebot3_node:/opt/ros/galactic:/home/avinaash/ForkLift_AMR/install/turtlebot3_description /usr/bin/cmake /home/avinaash/ForkLift_AMR/src/turtlebot3/turtlebot3_bringup -DCMAKE_INSTALL_PREFIX=/home/avinaash/ForkLift_AMR/install/turtlebot3_bringup
[0.061s] -- The C compiler identification is GNU 9.4.0
[0.112s] -- The CXX compiler identification is GNU 9.4.0
[0.117s] -- Check for working C compiler: /usr/bin/cc
[0.183s] -- Check for working C compiler: /usr/bin/cc -- works
[0.184s] -- Detecting C compiler ABI info
[0.260s] -- Detecting C compiler ABI info - done
[0.271s] -- Detecting C compile features
[0.272s] -- Detecting C compile features - done
[0.273s] -- Check for working CXX compiler: /usr/bin/c++
[0.350s] -- Check for working CXX compiler: /usr/bin/c++ -- works
[0.351s] -- Detecting CXX compiler ABI info
[0.427s] -- Detecting CXX compiler ABI info - done
[0.437s] -- Detecting CXX compile features
[0.438s] -- Detecting CXX compile features - done
[0.439s] -- Found ament_cmake: 1.1.6 (/opt/ros/galactic/share/ament_cmake/cmake)
[0.455s] -- Found PythonInterp: /usr/bin/python3 (found suitable version "3.8.10", minimum required is "3") 
[0.456s] -- Using PYTHON_EXECUTABLE: /usr/bin/python3
[0.555s] -- Configuring done
[0.558s] -- Generating done
[0.559s] -- Build files have been written to: /home/avinaash/ForkLift_AMR/build/turtlebot3_bringup
[0.562s] Invoked command in '/home/avinaash/ForkLift_AMR/build/turtlebot3_bringup' returned '0': AMENT_PREFIX_PATH=/home/avinaash/ForkLift_AMR/install/turtlebot3_node:/home/avinaash/ForkLift_AMR/install/turtlebot3_description:${AMENT_PREFIX_PATH} CMAKE_PREFIX_PATH=/home/avinaash/ForkLift_AMR/install/turtlebot3_node:/opt/ros/galactic:/home/avinaash/ForkLift_AMR/install/turtlebot3_description /usr/bin/cmake /home/avinaash/ForkLift_AMR/src/turtlebot3/turtlebot3_bringup -DCMAKE_INSTALL_PREFIX=/home/avinaash/ForkLift_AMR/install/turtlebot3_bringup
[0.566s] Invoking command in '/home/avinaash/ForkLift_AMR/build/turtlebot3_bringup': AMENT_PREFIX_PATH=/home/avinaash/ForkLift_AMR/install/turtlebot3_node:/home/avinaash/ForkLift_AMR/install/turtlebot3_description:${AMENT_PREFIX_PATH} CMAKE_PREFIX_PATH=/home/avinaash/ForkLift_AMR/install/turtlebot3_node:/opt/ros/galactic:/home/avinaash/ForkLift_AMR/install/turtlebot3_description /usr/bin/cmake --build /home/avinaash/ForkLift_AMR/build/turtlebot3_bringup -- -j16 -l16
[0.598s] Invoked command in '/home/avinaash/ForkLift_AMR/build/turtlebot3_bringup' returned '0': AMENT_PREFIX_PATH=/home/avinaash/ForkLift_AMR/install/turtlebot3_node:/home/avinaash/ForkLift_AMR/install/turtlebot3_description:${AMENT_PREFIX_PATH} CMAKE_PREFIX_PATH=/home/avinaash/ForkLift_AMR/install/turtlebot3_node:/opt/ros/galactic:/home/avinaash/ForkLift_AMR/install/turtlebot3_description /usr/bin/cmake --build /home/avinaash/ForkLift_AMR/build/turtlebot3_bringup -- -j16 -l16
[0.627s] Invoking command in '/home/avinaash/ForkLift_AMR/build/turtlebot3_bringup': AMENT_PREFIX_PATH=/home/avinaash/ForkLift_AMR/install/turtlebot3_node:/home/avinaash/ForkLift_AMR/install/turtlebot3_description:${AMENT_PREFIX_PATH} CMAKE_PREFIX_PATH=/home/avinaash/ForkLift_AMR/install/turtlebot3_node:/opt/ros/galactic:/home/avinaash/ForkLift_AMR/install/turtlebot3_description /usr/bin/cmake --install /home/avinaash/ForkLift_AMR/build/turtlebot3_bringup
[0.632s] -- Install configuration: ""
[0.632s] -- Installing: /home/avinaash/ForkLift_AMR/install/turtlebot3_bringup/share/turtlebot3_bringup/launch
[0.633s] -- Installing: /home/avinaash/ForkLift_AMR/install/turtlebot3_bringup/share/turtlebot3_bringup/launch/rviz2.launch.py
[0.633s] -- Installing: /home/avinaash/ForkLift_AMR/install/turtlebot3_bringup/share/turtlebot3_bringup/launch/turtlebot3_state_publisher.launch.py
[0.633s] -- Installing: /home/avinaash/ForkLift_AMR/install/turtlebot3_bringup/share/turtlebot3_bringup/launch/robot.launch.py
[0.633s] -- Installing: /home/avinaash/ForkLift_AMR/install/turtlebot3_bringup/share/turtlebot3_bringup/param
[0.633s] -- Installing: /home/avinaash/ForkLift_AMR/install/turtlebot3_bringup/share/turtlebot3_bringup/param/waffle.yaml
[0.633s] -- Installing: /home/avinaash/ForkLift_AMR/install/turtlebot3_bringup/share/turtlebot3_bringup/param/burger.yaml
[0.633s] -- Installing: /home/avinaash/ForkLift_AMR/install/turtlebot3_bringup/share/turtlebot3_bringup/param/waffle_pi.yaml
[0.634s] -- Installing: /home/avinaash/ForkLift_AMR/install/turtlebot3_bringup/share/ament_index/resource_index/package_run_dependencies/turtlebot3_bringup
[0.634s] -- Installing: /home/avinaash/ForkLift_AMR/install/turtlebot3_bringup/share/ament_index/resource_index/parent_prefix_path/turtlebot3_bringup
[0.634s] -- Installing: /home/avinaash/ForkLift_AMR/install/turtlebot3_bringup/share/turtlebot3_bringup/environment/ament_prefix_path.sh
[0.634s] -- Installing: /home/avinaash/ForkLift_AMR/install/turtlebot3_bringup/share/turtlebot3_bringup/environment/ament_prefix_path.dsv
[0.634s] -- Installing: /home/avinaash/ForkLift_AMR/install/turtlebot3_bringup/share/turtlebot3_bringup/environment/path.sh
[0.634s] -- Installing: /home/avinaash/ForkLift_AMR/install/turtlebot3_bringup/share/turtlebot3_bringup/environment/path.dsv
[0.634s] -- Installing: /home/avinaash/ForkLift_AMR/install/turtlebot3_bringup/share/turtlebot3_bringup/local_setup.bash
[0.634s] -- Installing: /home/avinaash/ForkLift_AMR/install/turtlebot3_bringup/share/turtlebot3_bringup/local_setup.sh
[0.634s] -- Installing: /home/avinaash/ForkLift_AMR/install/turtlebot3_bringup/share/turtlebot3_bringup/local_setup.zsh
[0.634s] -- Installing: /home/avinaash/ForkLift_AMR/install/turtlebot3_bringup/share/turtlebot3_bringup/local_setup.dsv
[0.634s] -- Installing: /home/avinaash/ForkLift_AMR/install/turtlebot3_bringup/share/turtlebot3_bringup/package.dsv
[0.634s] -- Installing: /home/avinaash/ForkLift_AMR/install/turtlebot3_bringup/share/ament_index/resource_index/packages/turtlebot3_bringup
[0.634s] -- Installing: /home/avinaash/ForkLift_AMR/install/turtlebot3_bringup/share/turtlebot3_bringup/cmake/turtlebot3_bringupConfig.cmake
[0.634s] -- Installing: /home/avinaash/ForkLift_AMR/install/turtlebot3_bringup/share/turtlebot3_bringup/cmake/turtlebot3_bringupConfig-version.cmake
[0.634s] -- Installing: /home/avinaash/ForkLift_AMR/install/turtlebot3_bringup/share/turtlebot3_bringup/package.xml
[0.636s] Invoked command in '/home/avinaash/ForkLift_AMR/build/turtlebot3_bringup' returned '0': AMENT_PREFIX_PATH=/home/avinaash/ForkLift_AMR/install/turtlebot3_node:/home/avinaash/ForkLift_AMR/install/turtlebot3_description:${AMENT_PREFIX_PATH} CMAKE_PREFIX_PATH=/home/avinaash/ForkLift_AMR/install/turtlebot3_node:/opt/ros/galactic:/home/avinaash/ForkLift_AMR/install/turtlebot3_description /usr/bin/cmake --install /home/avinaash/ForkLift_AMR/build/turtlebot3_bringup
