[1.091s] Invoking command in '/home/avinaash/ForkLift_AMR/src/turtlebot3/turtlebot3_teleop': PYTHONPATH=/home/avinaash/ForkLift_AMR/build/turtlebot3_teleop/prefix_override:/home/avinaash/ForkLift_AMR/install/turtlebot3_teleop/lib/python3.8/site-packages:${PYTHONPATH} /usr/bin/python3 -W ignore:setup.py install is deprecated setup.py egg_info --egg-base ../../../build/turtlebot3_teleop build --build-base /home/avinaash/ForkLift_AMR/build/turtlebot3_teleop/build install --record /home/avinaash/ForkLift_AMR/build/turtlebot3_teleop/install.log --single-version-externally-managed install_data
[1.250s] running egg_info
[1.251s] writing ../../../build/turtlebot3_teleop/turtlebot3_teleop.egg-info/PKG-INFO
[1.251s] writing dependency_links to ../../../build/turtlebot3_teleop/turtlebot3_teleop.egg-info/dependency_links.txt
[1.251s] writing entry points to ../../../build/turtlebot3_teleop/turtlebot3_teleop.egg-info/entry_points.txt
[1.251s] writing requirements to ../../../build/turtlebot3_teleop/turtlebot3_teleop.egg-info/requires.txt
[1.251s] writing top-level names to ../../../build/turtlebot3_teleop/turtlebot3_teleop.egg-info/top_level.txt
[1.274s] reading manifest file '../../../build/turtlebot3_teleop/turtlebot3_teleop.egg-info/SOURCES.txt'
[1.274s] writing manifest file '../../../build/turtlebot3_teleop/turtlebot3_teleop.egg-info/SOURCES.txt'
[1.274s] running build
[1.274s] running build_py
[1.275s] running install
[1.275s] running install_lib
[1.276s] running install_data
[1.276s] running install_egg_info
[1.278s] removing '/home/avinaash/ForkLift_AMR/install/turtlebot3_teleop/lib/python3.8/site-packages/turtlebot3_teleop-2.1.4-py3.8.egg-info' (and everything under it)
[1.278s] Copying ../../../build/turtlebot3_teleop/turtlebot3_teleop.egg-info to /home/avinaash/ForkLift_AMR/install/turtlebot3_teleop/lib/python3.8/site-packages/turtlebot3_teleop-2.1.4-py3.8.egg-info
[1.278s] running install_scripts
[1.291s] Installing teleop_keyboard script to /home/avinaash/ForkLift_AMR/install/turtlebot3_teleop/lib/turtlebot3_teleop
[1.292s] writing list of installed files to '/home/avinaash/ForkLift_AMR/build/turtlebot3_teleop/install.log'
[1.317s] Invoked command in '/home/avinaash/ForkLift_AMR/src/turtlebot3/turtlebot3_teleop' returned '0': PYTHONPATH=/home/avinaash/ForkLift_AMR/build/turtlebot3_teleop/prefix_override:/home/avinaash/ForkLift_AMR/install/turtlebot3_teleop/lib/python3.8/site-packages:${PYTHONPATH} /usr/bin/python3 -W ignore:setup.py install is deprecated setup.py egg_info --egg-base ../../../build/turtlebot3_teleop build --build-base /home/avinaash/ForkLift_AMR/build/turtlebot3_teleop/build install --record /home/avinaash/ForkLift_AMR/build/turtlebot3_teleop/install.log --single-version-externally-managed install_data
