[0.103s] Invoking command in '/home/doozy/ForkLift_AMR/build/turtlebot3_description': CMAKE_PREFIX_PATH=${CMAKE_PREFIX_PATH}:/home/doozy/ForkLift_AMR/install/turtlebot3_teleop:/home/doozy/ForkLift_AMR/install/turtlebot3_example:/home/doozy/ForkLift_AMR/install/doozy_forklift:/home/doozy/turtlebot3_ws/install/turtlebot3_teleop:/home/doozy/turtlebot3_ws/install/turtlebot3_example:/home/doozy/turtlebot3_ws/install/autonomous_tb3:/home/doozy/daimler_tugger/doozy_ws_2/install/pallet_docker_02:/home/doozy/daimler_tugger/doozy_ws_2/install/2_t_dolly_logistics_driver:/home/doozy/doozy_ws/install/task_py:/home/doozy/doozy_robotics/doozy_ws_2/install/pallet_docker_02:/home/doozy/doozy_robotics/doozy_ws_2/install/2_t_dolly_logistics_driver:/home/doozy/ros2_ws/install/hotel_package:/home/doozy/ros2_ws/install/deffy:/home/doozy/do_ws/install/task_py:/home/doozy/neuronbot2_ros2_ws/install/neuronbot2_led:/opt/ros/humble /usr/bin/cmake --build /home/doozy/ForkLift_AMR/build/turtlebot3_description -- -j16 -l16
[0.772s] Invoked command in '/home/doozy/ForkLift_AMR/build/turtlebot3_description' returned '0': CMAKE_PREFIX_PATH=${CMAKE_PREFIX_PATH}:/home/doozy/ForkLift_AMR/install/turtlebot3_teleop:/home/doozy/ForkLift_AMR/install/turtlebot3_example:/home/doozy/ForkLift_AMR/install/doozy_forklift:/home/doozy/turtlebot3_ws/install/turtlebot3_teleop:/home/doozy/turtlebot3_ws/install/turtlebot3_example:/home/doozy/turtlebot3_ws/install/autonomous_tb3:/home/doozy/daimler_tugger/doozy_ws_2/install/pallet_docker_02:/home/doozy/daimler_tugger/doozy_ws_2/install/2_t_dolly_logistics_driver:/home/doozy/doozy_ws/install/task_py:/home/doozy/doozy_robotics/doozy_ws_2/install/pallet_docker_02:/home/doozy/doozy_robotics/doozy_ws_2/install/2_t_dolly_logistics_driver:/home/doozy/ros2_ws/install/hotel_package:/home/doozy/ros2_ws/install/deffy:/home/doozy/do_ws/install/task_py:/home/doozy/neuronbot2_ros2_ws/install/neuronbot2_led:/opt/ros/humble /usr/bin/cmake --build /home/doozy/ForkLift_AMR/build/turtlebot3_description -- -j16 -l16
[0.812s] Invoking command in '/home/doozy/ForkLift_AMR/build/turtlebot3_description': CMAKE_PREFIX_PATH=${CMAKE_PREFIX_PATH}:/home/doozy/ForkLift_AMR/install/turtlebot3_teleop:/home/doozy/ForkLift_AMR/install/turtlebot3_example:/home/doozy/ForkLift_AMR/install/doozy_forklift:/home/doozy/turtlebot3_ws/install/turtlebot3_teleop:/home/doozy/turtlebot3_ws/install/turtlebot3_example:/home/doozy/turtlebot3_ws/install/autonomous_tb3:/home/doozy/daimler_tugger/doozy_ws_2/install/pallet_docker_02:/home/doozy/daimler_tugger/doozy_ws_2/install/2_t_dolly_logistics_driver:/home/doozy/doozy_ws/install/task_py:/home/doozy/doozy_robotics/doozy_ws_2/install/pallet_docker_02:/home/doozy/doozy_robotics/doozy_ws_2/install/2_t_dolly_logistics_driver:/home/doozy/ros2_ws/install/hotel_package:/home/doozy/ros2_ws/install/deffy:/home/doozy/do_ws/install/task_py:/home/doozy/neuronbot2_ros2_ws/install/neuronbot2_led:/opt/ros/humble /usr/bin/cmake --install /home/doozy/ForkLift_AMR/build/turtlebot3_description
[0.833s] -- Install configuration: ""
[0.833s] -- Up-to-date: /home/doozy/ForkLift_AMR/install/turtlebot3_description/share/turtlebot3_description/meshes
[0.833s] -- Up-to-date: /home/doozy/ForkLift_AMR/install/turtlebot3_description/share/turtlebot3_description/meshes/wheels
[0.833s] -- Up-to-date: /home/doozy/ForkLift_AMR/install/turtlebot3_description/share/turtlebot3_description/meshes/wheels/left_tire.stl
[0.833s] -- Up-to-date: /home/doozy/ForkLift_AMR/install/turtlebot3_description/share/turtlebot3_description/meshes/wheels/right_tire.stl
[0.833s] -- Up-to-date: /home/doozy/ForkLift_AMR/install/turtlebot3_description/share/turtlebot3_description/meshes/bases
[0.833s] -- Up-to-date: /home/doozy/ForkLift_AMR/install/turtlebot3_description/share/turtlebot3_description/meshes/bases/waffle_base.stl
[0.838s] -- Up-to-date: /home/doozy/ForkLift_AMR/install/turtlebot3_description/share/turtlebot3_description/meshes/bases/burger_base.stl
[0.838s] -- Up-to-date: /home/doozy/ForkLift_AMR/install/turtlebot3_description/share/turtlebot3_description/meshes/bases/waffle_pi_base.stl
[0.839s] -- Up-to-date: /home/doozy/ForkLift_AMR/install/turtlebot3_description/share/turtlebot3_description/meshes/sensors
[0.839s] -- Up-to-date: /home/doozy/ForkLift_AMR/install/turtlebot3_description/share/turtlebot3_description/meshes/sensors/astra.dae
[0.841s] -- Up-to-date: /home/doozy/ForkLift_AMR/install/turtlebot3_description/share/turtlebot3_description/meshes/sensors/astra.jpg
[0.841s] -- Up-to-date: /home/doozy/ForkLift_AMR/install/turtlebot3_description/share/turtlebot3_description/meshes/sensors/r200.jpg
[0.841s] -- Up-to-date: /home/doozy/ForkLift_AMR/install/turtlebot3_description/share/turtlebot3_description/meshes/sensors/lds.stl
[0.841s] -- Up-to-date: /home/doozy/ForkLift_AMR/install/turtlebot3_description/share/turtlebot3_description/meshes/sensors/r200.dae
[0.842s] -- Up-to-date: /home/doozy/ForkLift_AMR/install/turtlebot3_description/share/turtlebot3_description/rviz
[0.842s] -- Up-to-date: /home/doozy/ForkLift_AMR/install/turtlebot3_description/share/turtlebot3_description/rviz/model.rviz
[0.842s] -- Up-to-date: /home/doozy/ForkLift_AMR/install/turtlebot3_description/share/turtlebot3_description/urdf
[0.842s] -- Up-to-date: /home/doozy/ForkLift_AMR/install/turtlebot3_description/share/turtlebot3_description/urdf/turtlebot3_burger.urdf
[0.845s] -- Up-to-date: /home/doozy/ForkLift_AMR/install/turtlebot3_description/share/turtlebot3_description/urdf/common_properties.urdf
[0.845s] -- Up-to-date: /home/doozy/ForkLift_AMR/install/turtlebot3_description/share/turtlebot3_description/urdf/turtlebot3_waffle_pi.urdf
[0.846s] -- Up-to-date: /home/doozy/ForkLift_AMR/install/turtlebot3_description/share/turtlebot3_description/urdf/turtlebot3_waffle.urdf
[0.846s] -- Up-to-date: /home/doozy/ForkLift_AMR/install/turtlebot3_description/share/ament_index/resource_index/package_run_dependencies/turtlebot3_description
[0.847s] -- Up-to-date: /home/doozy/ForkLift_AMR/install/turtlebot3_description/share/ament_index/resource_index/parent_prefix_path/turtlebot3_description
[0.847s] -- Up-to-date: /home/doozy/ForkLift_AMR/install/turtlebot3_description/share/turtlebot3_description/environment/ament_prefix_path.sh
[0.847s] -- Up-to-date: /home/doozy/ForkLift_AMR/install/turtlebot3_description/share/turtlebot3_description/environment/ament_prefix_path.dsv
[0.848s] -- Up-to-date: /home/doozy/ForkLift_AMR/install/turtlebot3_description/share/turtlebot3_description/environment/path.sh
[0.848s] -- Up-to-date: /home/doozy/ForkLift_AMR/install/turtlebot3_description/share/turtlebot3_description/environment/path.dsv
[0.848s] -- Up-to-date: /home/doozy/ForkLift_AMR/install/turtlebot3_description/share/turtlebot3_description/local_setup.bash
[0.848s] -- Up-to-date: /home/doozy/ForkLift_AMR/install/turtlebot3_description/share/turtlebot3_description/local_setup.sh
[0.849s] -- Up-to-date: /home/doozy/ForkLift_AMR/install/turtlebot3_description/share/turtlebot3_description/local_setup.zsh
[0.849s] -- Up-to-date: /home/doozy/ForkLift_AMR/install/turtlebot3_description/share/turtlebot3_description/local_setup.dsv
[0.849s] -- Installing: /home/doozy/ForkLift_AMR/install/turtlebot3_description/share/turtlebot3_description/package.dsv
[0.849s] -- Up-to-date: /home/doozy/ForkLift_AMR/install/turtlebot3_description/share/ament_index/resource_index/packages/turtlebot3_description
[0.849s] -- Up-to-date: /home/doozy/ForkLift_AMR/install/turtlebot3_description/share/turtlebot3_description/cmake/turtlebot3_descriptionConfig.cmake
[0.849s] -- Up-to-date: /home/doozy/ForkLift_AMR/install/turtlebot3_description/share/turtlebot3_description/cmake/turtlebot3_descriptionConfig-version.cmake
[0.849s] -- Up-to-date: /home/doozy/ForkLift_AMR/install/turtlebot3_description/share/turtlebot3_description/package.xml
[0.872s] Invoked command in '/home/doozy/ForkLift_AMR/build/turtlebot3_description' returned '0': CMAKE_PREFIX_PATH=${CMAKE_PREFIX_PATH}:/home/doozy/ForkLift_AMR/install/turtlebot3_teleop:/home/doozy/ForkLift_AMR/install/turtlebot3_example:/home/doozy/ForkLift_AMR/install/doozy_forklift:/home/doozy/turtlebot3_ws/install/turtlebot3_teleop:/home/doozy/turtlebot3_ws/install/turtlebot3_example:/home/doozy/turtlebot3_ws/install/autonomous_tb3:/home/doozy/daimler_tugger/doozy_ws_2/install/pallet_docker_02:/home/doozy/daimler_tugger/doozy_ws_2/install/2_t_dolly_logistics_driver:/home/doozy/doozy_ws/install/task_py:/home/doozy/doozy_robotics/doozy_ws_2/install/pallet_docker_02:/home/doozy/doozy_robotics/doozy_ws_2/install/2_t_dolly_logistics_driver:/home/doozy/ros2_ws/install/hotel_package:/home/doozy/ros2_ws/install/deffy:/home/doozy/do_ws/install/task_py:/home/doozy/neuronbot2_ros2_ws/install/neuronbot2_led:/opt/ros/humble /usr/bin/cmake --install /home/doozy/ForkLift_AMR/build/turtlebot3_description
