[0.142s] DEBUG:colcon:Command line arguments: ['/home/avinaash/.local/bin/colcon', 'build']
[0.142s] DEBUG:colcon:Parsed command line arguments: Namespace(allow_overriding=[], ament_cmake_args=None, base_paths=['.'], build_base='build', catkin_cmake_args=None, catkin_skip_building_tests=False, cmake_args=None, cmake_clean_cache=False, cmake_clean_first=False, cmake_force_configure=False, cmake_target=None, cmake_target_skip_unavailable=False, continue_on_error=False, event_handlers=None, executor='parallel', ignore_user_meta=False, install_base='install', log_base=None, log_level=None, main=<bound method BuildVerb.main of <colcon_core.verb.build.BuildVerb object at 0x7fbeb8709910>>, merge_install=False, metas=['./colcon.meta'], packages_above=None, packages_above_and_dependencies=None, packages_above_depth=None, packages_end=None, packages_ignore=None, packages_ignore_regex=None, packages_select=None, packages_select_build_failed=False, packages_select_by_dep=None, packages_select_regex=None, packages_select_test_failures=False, packages_skip=None, packages_skip_build_finished=False, packages_skip_by_dep=None, packages_skip_regex=None, packages_skip_test_passed=False, packages_skip_up_to=None, packages_start=None, packages_up_to=None, packages_up_to_regex=None, parallel_workers=16, paths=None, symlink_install=False, test_result_base=None, verb_extension=<colcon_core.verb.build.BuildVerb object at 0x7fbeb8709910>, verb_name='build', verb_parser=<colcon_defaults.argument_parser.defaults.DefaultArgumentsDecorator object at 0x7fbeb8709e80>)
[0.239s] Level 1:colcon.colcon_core.package_discovery:discover_packages(colcon_meta) check parameters
[0.240s] Level 1:colcon.colcon_core.package_discovery:discover_packages(recursive) check parameters
[0.240s] Level 1:colcon.colcon_core.package_discovery:discover_packages(ignore) check parameters
[0.240s] Level 1:colcon.colcon_core.package_discovery:discover_packages(path) check parameters
[0.240s] Level 1:colcon.colcon_core.package_discovery:discover_packages(colcon_meta) discover
[0.240s] Level 1:colcon.colcon_core.package_discovery:discover_packages(recursive) discover
[0.240s] INFO:colcon.colcon_core.package_discovery:Crawling recursively for packages in '/home/avinaash/ForkLift_AMR'
[0.240s] Level 1:colcon.colcon_core.package_identification:_identify(.) by extensions ['ignore', 'ignore_ament_install']
[0.240s] Level 1:colcon.colcon_core.package_identification:_identify(.) by extension 'ignore'
[0.240s] Level 1:colcon.colcon_core.package_identification:_identify(.) by extension 'ignore_ament_install'
[0.240s] Level 1:colcon.colcon_core.package_identification:_identify(.) by extensions ['colcon_pkg']
[0.240s] Level 1:colcon.colcon_core.package_identification:_identify(.) by extension 'colcon_pkg'
[0.240s] Level 1:colcon.colcon_core.package_identification:_identify(.) by extensions ['colcon_meta']
[0.241s] Level 1:colcon.colcon_core.package_identification:_identify(.) by extension 'colcon_meta'
[0.241s] Level 1:colcon.colcon_core.package_identification:_identify(.) by extensions ['ros']
[0.241s] Level 1:colcon.colcon_core.package_identification:_identify(.) by extension 'ros'
[0.248s] Level 1:colcon.colcon_core.package_identification:_identify(.) by extensions ['cmake', 'python']
[0.248s] Level 1:colcon.colcon_core.package_identification:_identify(.) by extension 'cmake'
[0.248s] Level 1:colcon.colcon_core.package_identification:_identify(.) by extension 'python'
[0.248s] Level 1:colcon.colcon_core.package_identification:_identify(.) by extensions ['python_setup_py']
[0.248s] Level 1:colcon.colcon_core.package_identification:_identify(.) by extension 'python_setup_py'
[0.248s] Level 1:colcon.colcon_core.package_identification:_identify(build) by extensions ['ignore', 'ignore_ament_install']
[0.248s] Level 1:colcon.colcon_core.package_identification:_identify(build) by extension 'ignore'
[0.248s] Level 1:colcon.colcon_core.package_identification:_identify(build) ignored
[0.248s] Level 1:colcon.colcon_core.package_identification:_identify(install) by extensions ['ignore', 'ignore_ament_install']
[0.248s] Level 1:colcon.colcon_core.package_identification:_identify(install) by extension 'ignore'
[0.248s] Level 1:colcon.colcon_core.package_identification:_identify(install) ignored
[0.248s] Level 1:colcon.colcon_core.package_identification:_identify(log) by extensions ['ignore', 'ignore_ament_install']
[0.248s] Level 1:colcon.colcon_core.package_identification:_identify(log) by extension 'ignore'
[0.248s] Level 1:colcon.colcon_core.package_identification:_identify(log) ignored
[0.248s] Level 1:colcon.colcon_core.package_identification:_identify(map) by extensions ['ignore', 'ignore_ament_install']
[0.249s] Level 1:colcon.colcon_core.package_identification:_identify(map) by extension 'ignore'
[0.249s] Level 1:colcon.colcon_core.package_identification:_identify(map) by extension 'ignore_ament_install'
[0.249s] Level 1:colcon.colcon_core.package_identification:_identify(map) by extensions ['colcon_pkg']
[0.249s] Level 1:colcon.colcon_core.package_identification:_identify(map) by extension 'colcon_pkg'
[0.249s] Level 1:colcon.colcon_core.package_identification:_identify(map) by extensions ['colcon_meta']
[0.249s] Level 1:colcon.colcon_core.package_identification:_identify(map) by extension 'colcon_meta'
[0.249s] Level 1:colcon.colcon_core.package_identification:_identify(map) by extensions ['ros']
[0.249s] Level 1:colcon.colcon_core.package_identification:_identify(map) by extension 'ros'
[0.249s] Level 1:colcon.colcon_core.package_identification:_identify(map) by extensions ['cmake', 'python']
[0.249s] Level 1:colcon.colcon_core.package_identification:_identify(map) by extension 'cmake'
[0.249s] Level 1:colcon.colcon_core.package_identification:_identify(map) by extension 'python'
[0.249s] Level 1:colcon.colcon_core.package_identification:_identify(map) by extensions ['python_setup_py']
[0.249s] Level 1:colcon.colcon_core.package_identification:_identify(map) by extension 'python_setup_py'
[0.249s] Level 1:colcon.colcon_core.package_identification:_identify(rviz) by extensions ['ignore', 'ignore_ament_install']
[0.249s] Level 1:colcon.colcon_core.package_identification:_identify(rviz) by extension 'ignore'
[0.249s] Level 1:colcon.colcon_core.package_identification:_identify(rviz) by extension 'ignore_ament_install'
[0.249s] Level 1:colcon.colcon_core.package_identification:_identify(rviz) by extensions ['colcon_pkg']
[0.249s] Level 1:colcon.colcon_core.package_identification:_identify(rviz) by extension 'colcon_pkg'
[0.249s] Level 1:colcon.colcon_core.package_identification:_identify(rviz) by extensions ['colcon_meta']
[0.249s] Level 1:colcon.colcon_core.package_identification:_identify(rviz) by extension 'colcon_meta'
[0.249s] Level 1:colcon.colcon_core.package_identification:_identify(rviz) by extensions ['ros']
[0.249s] Level 1:colcon.colcon_core.package_identification:_identify(rviz) by extension 'ros'
[0.249s] Level 1:colcon.colcon_core.package_identification:_identify(rviz) by extensions ['cmake', 'python']
[0.249s] Level 1:colcon.colcon_core.package_identification:_identify(rviz) by extension 'cmake'
[0.249s] Level 1:colcon.colcon_core.package_identification:_identify(rviz) by extension 'python'
[0.249s] Level 1:colcon.colcon_core.package_identification:_identify(rviz) by extensions ['python_setup_py']
[0.249s] Level 1:colcon.colcon_core.package_identification:_identify(rviz) by extension 'python_setup_py'
[0.249s] Level 1:colcon.colcon_core.package_identification:_identify(src) by extensions ['ignore', 'ignore_ament_install']
[0.249s] Level 1:colcon.colcon_core.package_identification:_identify(src) by extension 'ignore'
[0.249s] Level 1:colcon.colcon_core.package_identification:_identify(src) by extension 'ignore_ament_install'
[0.249s] Level 1:colcon.colcon_core.package_identification:_identify(src) by extensions ['colcon_pkg']
[0.249s] Level 1:colcon.colcon_core.package_identification:_identify(src) by extension 'colcon_pkg'
[0.250s] Level 1:colcon.colcon_core.package_identification:_identify(src) by extensions ['colcon_meta']
[0.250s] Level 1:colcon.colcon_core.package_identification:_identify(src) by extension 'colcon_meta'
[0.250s] Level 1:colcon.colcon_core.package_identification:_identify(src) by extensions ['ros']
[0.250s] Level 1:colcon.colcon_core.package_identification:_identify(src) by extension 'ros'
[0.250s] Level 1:colcon.colcon_core.package_identification:_identify(src) by extensions ['cmake', 'python']
[0.250s] Level 1:colcon.colcon_core.package_identification:_identify(src) by extension 'cmake'
[0.250s] Level 1:colcon.colcon_core.package_identification:_identify(src) by extension 'python'
[0.250s] Level 1:colcon.colcon_core.package_identification:_identify(src) by extensions ['python_setup_py']
[0.250s] Level 1:colcon.colcon_core.package_identification:_identify(src) by extension 'python_setup_py'
[0.250s] Level 1:colcon.colcon_core.package_identification:_identify(src/doozy_forklift) by extensions ['ignore', 'ignore_ament_install']
[0.250s] Level 1:colcon.colcon_core.package_identification:_identify(src/doozy_forklift) by extension 'ignore'
[0.250s] Level 1:colcon.colcon_core.package_identification:_identify(src/doozy_forklift) by extension 'ignore_ament_install'
[0.250s] Level 1:colcon.colcon_core.package_identification:_identify(src/doozy_forklift) by extensions ['colcon_pkg']
[0.250s] Level 1:colcon.colcon_core.package_identification:_identify(src/doozy_forklift) by extension 'colcon_pkg'
[0.250s] Level 1:colcon.colcon_core.package_identification:_identify(src/doozy_forklift) by extensions ['colcon_meta']
[0.250s] Level 1:colcon.colcon_core.package_identification:_identify(src/doozy_forklift) by extension 'colcon_meta'
[0.250s] Level 1:colcon.colcon_core.package_identification:_identify(src/doozy_forklift) by extensions ['ros']
[0.250s] Level 1:colcon.colcon_core.package_identification:_identify(src/doozy_forklift) by extension 'ros'
[0.252s] DEBUG:colcon.colcon_core.package_identification:Package 'src/doozy_forklift' with type 'ros.ament_python' and name 'doozy_forklift'
[0.252s] Level 1:colcon.colcon_core.package_identification:_identify(src/forklift_bot) by extensions ['ignore', 'ignore_ament_install']
[0.252s] Level 1:colcon.colcon_core.package_identification:_identify(src/forklift_bot) by extension 'ignore'
[0.252s] Level 1:colcon.colcon_core.package_identification:_identify(src/forklift_bot) by extension 'ignore_ament_install'
[0.252s] Level 1:colcon.colcon_core.package_identification:_identify(src/forklift_bot) by extensions ['colcon_pkg']
[0.252s] Level 1:colcon.colcon_core.package_identification:_identify(src/forklift_bot) by extension 'colcon_pkg'
[0.252s] Level 1:colcon.colcon_core.package_identification:_identify(src/forklift_bot) by extensions ['colcon_meta']
[0.252s] Level 1:colcon.colcon_core.package_identification:_identify(src/forklift_bot) by extension 'colcon_meta'
[0.252s] Level 1:colcon.colcon_core.package_identification:_identify(src/forklift_bot) by extensions ['ros']
[0.252s] Level 1:colcon.colcon_core.package_identification:_identify(src/forklift_bot) by extension 'ros'
[0.253s] DEBUG:colcon.colcon_core.package_identification:Package 'src/forklift_bot' with type 'ros.ament_cmake' and name 'forklift_bot'
[0.253s] Level 1:colcon.colcon_core.package_identification:_identify(src/sick_visionary_t_mini) by extensions ['ignore', 'ignore_ament_install']
[0.253s] Level 1:colcon.colcon_core.package_identification:_identify(src/sick_visionary_t_mini) by extension 'ignore'
[0.253s] Level 1:colcon.colcon_core.package_identification:_identify(src/sick_visionary_t_mini) by extension 'ignore_ament_install'
[0.253s] Level 1:colcon.colcon_core.package_identification:_identify(src/sick_visionary_t_mini) by extensions ['colcon_pkg']
[0.253s] Level 1:colcon.colcon_core.package_identification:_identify(src/sick_visionary_t_mini) by extension 'colcon_pkg'
[0.253s] Level 1:colcon.colcon_core.package_identification:_identify(src/sick_visionary_t_mini) by extensions ['colcon_meta']
[0.253s] Level 1:colcon.colcon_core.package_identification:_identify(src/sick_visionary_t_mini) by extension 'colcon_meta'
[0.253s] Level 1:colcon.colcon_core.package_identification:_identify(src/sick_visionary_t_mini) by extensions ['ros']
[0.253s] Level 1:colcon.colcon_core.package_identification:_identify(src/sick_visionary_t_mini) by extension 'ros'
[0.253s] DEBUG:colcon.colcon_core.package_identification:Package 'src/sick_visionary_t_mini' with type 'ros.ament_cmake' and name 'sick_visionary_t_mini'
[0.253s] Level 1:colcon.colcon_core.package_identification:_identify(src/test2_bot) by extensions ['ignore', 'ignore_ament_install']
[0.254s] Level 1:colcon.colcon_core.package_identification:_identify(src/test2_bot) by extension 'ignore'
[0.254s] Level 1:colcon.colcon_core.package_identification:_identify(src/test2_bot) by extension 'ignore_ament_install'
[0.254s] Level 1:colcon.colcon_core.package_identification:_identify(src/test2_bot) by extensions ['colcon_pkg']
[0.254s] Level 1:colcon.colcon_core.package_identification:_identify(src/test2_bot) by extension 'colcon_pkg'
[0.254s] Level 1:colcon.colcon_core.package_identification:_identify(src/test2_bot) by extensions ['colcon_meta']
[0.254s] Level 1:colcon.colcon_core.package_identification:_identify(src/test2_bot) by extension 'colcon_meta'
[0.254s] Level 1:colcon.colcon_core.package_identification:_identify(src/test2_bot) by extensions ['ros']
[0.254s] Level 1:colcon.colcon_core.package_identification:_identify(src/test2_bot) by extension 'ros'
[0.254s] DEBUG:colcon.colcon_core.package_identification:Package 'src/test2_bot' with type 'ros.ament_cmake' and name 'test2_bot'
[0.254s] Level 1:colcon.colcon_core.package_identification:_identify(src/turtlebot3) by extensions ['ignore', 'ignore_ament_install']
[0.254s] Level 1:colcon.colcon_core.package_identification:_identify(src/turtlebot3) by extension 'ignore'
[0.254s] Level 1:colcon.colcon_core.package_identification:_identify(src/turtlebot3) by extension 'ignore_ament_install'
[0.254s] Level 1:colcon.colcon_core.package_identification:_identify(src/turtlebot3) by extensions ['colcon_pkg']
[0.254s] Level 1:colcon.colcon_core.package_identification:_identify(src/turtlebot3) by extension 'colcon_pkg'
[0.254s] Level 1:colcon.colcon_core.package_identification:_identify(src/turtlebot3) by extensions ['colcon_meta']
[0.254s] Level 1:colcon.colcon_core.package_identification:_identify(src/turtlebot3) by extension 'colcon_meta'
[0.254s] Level 1:colcon.colcon_core.package_identification:_identify(src/turtlebot3) by extensions ['ros']
[0.254s] Level 1:colcon.colcon_core.package_identification:_identify(src/turtlebot3) by extension 'ros'
[0.254s] Level 1:colcon.colcon_core.package_identification:_identify(src/turtlebot3) by extensions ['cmake', 'python']
[0.254s] Level 1:colcon.colcon_core.package_identification:_identify(src/turtlebot3) by extension 'cmake'
[0.254s] Level 1:colcon.colcon_core.package_identification:_identify(src/turtlebot3) by extension 'python'
[0.255s] Level 1:colcon.colcon_core.package_identification:_identify(src/turtlebot3) by extensions ['python_setup_py']
[0.255s] Level 1:colcon.colcon_core.package_identification:_identify(src/turtlebot3) by extension 'python_setup_py'
[0.255s] Level 1:colcon.colcon_core.package_identification:_identify(src/turtlebot3_simulations) by extensions ['ignore', 'ignore_ament_install']
[0.255s] Level 1:colcon.colcon_core.package_identification:_identify(src/turtlebot3_simulations) by extension 'ignore'
[0.255s] Level 1:colcon.colcon_core.package_identification:_identify(src/turtlebot3_simulations) by extension 'ignore_ament_install'
[0.255s] Level 1:colcon.colcon_core.package_identification:_identify(src/turtlebot3_simulations) by extensions ['colcon_pkg']
[0.255s] Level 1:colcon.colcon_core.package_identification:_identify(src/turtlebot3_simulations) by extension 'colcon_pkg'
[0.255s] Level 1:colcon.colcon_core.package_identification:_identify(src/turtlebot3_simulations) by extensions ['colcon_meta']
[0.255s] Level 1:colcon.colcon_core.package_identification:_identify(src/turtlebot3_simulations) by extension 'colcon_meta'
[0.255s] Level 1:colcon.colcon_core.package_identification:_identify(src/turtlebot3_simulations) by extensions ['ros']
[0.255s] Level 1:colcon.colcon_core.package_identification:_identify(src/turtlebot3_simulations) by extension 'ros'
[0.255s] Level 1:colcon.colcon_core.package_identification:_identify(src/turtlebot3_simulations) by extensions ['cmake', 'python']
[0.255s] Level 1:colcon.colcon_core.package_identification:_identify(src/turtlebot3_simulations) by extension 'cmake'
[0.255s] Level 1:colcon.colcon_core.package_identification:_identify(src/turtlebot3_simulations) by extension 'python'
[0.255s] Level 1:colcon.colcon_core.package_identification:_identify(src/turtlebot3_simulations) by extensions ['python_setup_py']
[0.255s] Level 1:colcon.colcon_core.package_identification:_identify(src/turtlebot3_simulations) by extension 'python_setup_py'
[0.255s] Level 1:colcon.colcon_core.package_discovery:discover_packages(recursive) using defaults
[0.255s] Level 1:colcon.colcon_core.package_discovery:discover_packages(ignore) discover
[0.255s] Level 1:colcon.colcon_core.package_discovery:discover_packages(ignore) using defaults
[0.255s] Level 1:colcon.colcon_core.package_discovery:discover_packages(path) discover
[0.255s] Level 1:colcon.colcon_core.package_discovery:discover_packages(path) using defaults
[0.267s] Level 1:colcon.colcon_core.package_discovery:discover_packages(prefix_path) check parameters
[0.267s] Level 1:colcon.colcon_core.package_discovery:discover_packages(prefix_path) discover
[0.268s] DEBUG:colcon.colcon_installed_package_information.package_discovery:Found 4 installed packages in /home/avinaash/ForkLift_AMR/install
[0.269s] DEBUG:colcon.colcon_installed_package_information.package_discovery:Found 3 installed packages in /home/avinaash/doozy_robotics/doozy_ws_2/install
[0.270s] DEBUG:colcon.colcon_installed_package_information.package_discovery:Found 388 installed packages in /opt/ros/galactic
[0.271s] Level 1:colcon.colcon_core.package_discovery:discover_packages(prefix_path) using defaults
[0.339s] Level 5:colcon.colcon_core.verb:set package 'doozy_forklift' build argument 'cmake_args' from command line to 'None'
[0.339s] Level 5:colcon.colcon_core.verb:set package 'doozy_forklift' build argument 'cmake_target' from command line to 'None'
[0.339s] Level 5:colcon.colcon_core.verb:set package 'doozy_forklift' build argument 'cmake_target_skip_unavailable' from command line to 'False'
[0.339s] Level 5:colcon.colcon_core.verb:set package 'doozy_forklift' build argument 'cmake_clean_cache' from command line to 'False'
[0.339s] Level 5:colcon.colcon_core.verb:set package 'doozy_forklift' build argument 'cmake_clean_first' from command line to 'False'
[0.339s] Level 5:colcon.colcon_core.verb:set package 'doozy_forklift' build argument 'cmake_force_configure' from command line to 'False'
[0.339s] Level 5:colcon.colcon_core.verb:set package 'doozy_forklift' build argument 'ament_cmake_args' from command line to 'None'
[0.339s] Level 5:colcon.colcon_core.verb:set package 'doozy_forklift' build argument 'catkin_cmake_args' from command line to 'None'
[0.339s] Level 5:colcon.colcon_core.verb:set package 'doozy_forklift' build argument 'catkin_skip_building_tests' from command line to 'False'
[0.339s] DEBUG:colcon.colcon_core.verb:Building package 'doozy_forklift' with the following arguments: {'ament_cmake_args': None, 'build_base': '/home/avinaash/ForkLift_AMR/build/doozy_forklift', 'catkin_cmake_args': None, 'catkin_skip_building_tests': False, 'cmake_args': None, 'cmake_clean_cache': False, 'cmake_clean_first': False, 'cmake_force_configure': False, 'cmake_target': None, 'cmake_target_skip_unavailable': False, 'install_base': '/home/avinaash/ForkLift_AMR/install/doozy_forklift', 'merge_install': False, 'path': '/home/avinaash/ForkLift_AMR/src/doozy_forklift', 'symlink_install': False, 'test_result_base': None}
[0.340s] Level 5:colcon.colcon_core.verb:set package 'forklift_bot' build argument 'cmake_args' from command line to 'None'
[0.340s] Level 5:colcon.colcon_core.verb:set package 'forklift_bot' build argument 'cmake_target' from command line to 'None'
[0.340s] Level 5:colcon.colcon_core.verb:set package 'forklift_bot' build argument 'cmake_target_skip_unavailable' from command line to 'False'
[0.340s] Level 5:colcon.colcon_core.verb:set package 'forklift_bot' build argument 'cmake_clean_cache' from command line to 'False'
[0.340s] Level 5:colcon.colcon_core.verb:set package 'forklift_bot' build argument 'cmake_clean_first' from command line to 'False'
[0.340s] Level 5:colcon.colcon_core.verb:set package 'forklift_bot' build argument 'cmake_force_configure' from command line to 'False'
[0.340s] Level 5:colcon.colcon_core.verb:set package 'forklift_bot' build argument 'ament_cmake_args' from command line to 'None'
[0.340s] Level 5:colcon.colcon_core.verb:set package 'forklift_bot' build argument 'catkin_cmake_args' from command line to 'None'
[0.340s] Level 5:colcon.colcon_core.verb:set package 'forklift_bot' build argument 'catkin_skip_building_tests' from command line to 'False'
[0.340s] DEBUG:colcon.colcon_core.verb:Building package 'forklift_bot' with the following arguments: {'ament_cmake_args': None, 'build_base': '/home/avinaash/ForkLift_AMR/build/forklift_bot', 'catkin_cmake_args': None, 'catkin_skip_building_tests': False, 'cmake_args': None, 'cmake_clean_cache': False, 'cmake_clean_first': False, 'cmake_force_configure': False, 'cmake_target': None, 'cmake_target_skip_unavailable': False, 'install_base': '/home/avinaash/ForkLift_AMR/install/forklift_bot', 'merge_install': False, 'path': '/home/avinaash/ForkLift_AMR/src/forklift_bot', 'symlink_install': False, 'test_result_base': None}
[0.340s] Level 5:colcon.colcon_core.verb:set package 'sick_visionary_t_mini' build argument 'cmake_args' from command line to 'None'
[0.340s] Level 5:colcon.colcon_core.verb:set package 'sick_visionary_t_mini' build argument 'cmake_target' from command line to 'None'
[0.340s] Level 5:colcon.colcon_core.verb:set package 'sick_visionary_t_mini' build argument 'cmake_target_skip_unavailable' from command line to 'False'
[0.340s] Level 5:colcon.colcon_core.verb:set package 'sick_visionary_t_mini' build argument 'cmake_clean_cache' from command line to 'False'
[0.340s] Level 5:colcon.colcon_core.verb:set package 'sick_visionary_t_mini' build argument 'cmake_clean_first' from command line to 'False'
[0.340s] Level 5:colcon.colcon_core.verb:set package 'sick_visionary_t_mini' build argument 'cmake_force_configure' from command line to 'False'
[0.340s] Level 5:colcon.colcon_core.verb:set package 'sick_visionary_t_mini' build argument 'ament_cmake_args' from command line to 'None'
[0.340s] Level 5:colcon.colcon_core.verb:set package 'sick_visionary_t_mini' build argument 'catkin_cmake_args' from command line to 'None'
[0.340s] Level 5:colcon.colcon_core.verb:set package 'sick_visionary_t_mini' build argument 'catkin_skip_building_tests' from command line to 'False'
[0.340s] DEBUG:colcon.colcon_core.verb:Building package 'sick_visionary_t_mini' with the following arguments: {'ament_cmake_args': None, 'build_base': '/home/avinaash/ForkLift_AMR/build/sick_visionary_t_mini', 'catkin_cmake_args': None, 'catkin_skip_building_tests': False, 'cmake_args': None, 'cmake_clean_cache': False, 'cmake_clean_first': False, 'cmake_force_configure': False, 'cmake_target': None, 'cmake_target_skip_unavailable': False, 'install_base': '/home/avinaash/ForkLift_AMR/install/sick_visionary_t_mini', 'merge_install': False, 'path': '/home/avinaash/ForkLift_AMR/src/sick_visionary_t_mini', 'symlink_install': False, 'test_result_base': None}
[0.340s] Level 5:colcon.colcon_core.verb:set package 'test2_bot' build argument 'cmake_args' from command line to 'None'
[0.340s] Level 5:colcon.colcon_core.verb:set package 'test2_bot' build argument 'cmake_target' from command line to 'None'
[0.340s] Level 5:colcon.colcon_core.verb:set package 'test2_bot' build argument 'cmake_target_skip_unavailable' from command line to 'False'
[0.340s] Level 5:colcon.colcon_core.verb:set package 'test2_bot' build argument 'cmake_clean_cache' from command line to 'False'
[0.340s] Level 5:colcon.colcon_core.verb:set package 'test2_bot' build argument 'cmake_clean_first' from command line to 'False'
[0.340s] Level 5:colcon.colcon_core.verb:set package 'test2_bot' build argument 'cmake_force_configure' from command line to 'False'
[0.340s] Level 5:colcon.colcon_core.verb:set package 'test2_bot' build argument 'ament_cmake_args' from command line to 'None'
[0.340s] Level 5:colcon.colcon_core.verb:set package 'test2_bot' build argument 'catkin_cmake_args' from command line to 'None'
[0.340s] Level 5:colcon.colcon_core.verb:set package 'test2_bot' build argument 'catkin_skip_building_tests' from command line to 'False'
[0.341s] DEBUG:colcon.colcon_core.verb:Building package 'test2_bot' with the following arguments: {'ament_cmake_args': None, 'build_base': '/home/avinaash/ForkLift_AMR/build/test2_bot', 'catkin_cmake_args': None, 'catkin_skip_building_tests': False, 'cmake_args': None, 'cmake_clean_cache': False, 'cmake_clean_first': False, 'cmake_force_configure': False, 'cmake_target': None, 'cmake_target_skip_unavailable': False, 'install_base': '/home/avinaash/ForkLift_AMR/install/test2_bot', 'merge_install': False, 'path': '/home/avinaash/ForkLift_AMR/src/test2_bot', 'symlink_install': False, 'test_result_base': None}
[0.341s] INFO:colcon.colcon_core.executor:Executing jobs using 'parallel' executor
[0.341s] DEBUG:colcon.colcon_parallel_executor.executor.parallel:run_until_complete
[0.342s] INFO:colcon.colcon_ros.task.ament_python.build:Building ROS package in '/home/avinaash/ForkLift_AMR/src/doozy_forklift' with build type 'ament_python'
[0.342s] Level 1:colcon.colcon_core.shell:create_environment_hook('doozy_forklift', 'ament_prefix_path')
[0.343s] INFO:colcon.colcon_core.plugin_system:Skipping extension 'colcon_core.shell.bat': Not used on non-Windows systems
[0.344s] INFO:colcon.colcon_core.shell:Creating environment hook '/home/avinaash/ForkLift_AMR/install/doozy_forklift/share/doozy_forklift/hook/ament_prefix_path.ps1'
[0.344s] INFO:colcon.colcon_core.shell:Creating environment descriptor '/home/avinaash/ForkLift_AMR/install/doozy_forklift/share/doozy_forklift/hook/ament_prefix_path.dsv'
[0.344s] INFO:colcon.colcon_core.shell:Creating environment hook '/home/avinaash/ForkLift_AMR/install/doozy_forklift/share/doozy_forklift/hook/ament_prefix_path.sh'
[0.345s] INFO:colcon.colcon_core.shell:Skip shell extension 'powershell' for command environment: Not usable outside of PowerShell
[0.345s] DEBUG:colcon.colcon_core.shell:Skip shell extension 'dsv' for command environment
[0.349s] INFO:colcon.colcon_ros.task.ament_cmake.build:Building ROS package in '/home/avinaash/ForkLift_AMR/src/forklift_bot' with build type 'ament_cmake'
[0.349s] INFO:colcon.colcon_cmake.task.cmake.build:Building CMake package in '/home/avinaash/ForkLift_AMR/src/forklift_bot'
[0.349s] INFO:colcon.colcon_core.shell:Skip shell extension 'powershell' for command environment: Not usable outside of PowerShell
[0.349s] DEBUG:colcon.colcon_core.shell:Skip shell extension 'dsv' for command environment
[0.353s] INFO:colcon.colcon_ros.task.ament_cmake.build:Building ROS package in '/home/avinaash/ForkLift_AMR/src/sick_visionary_t_mini' with build type 'ament_cmake'
[0.353s] INFO:colcon.colcon_cmake.task.cmake.build:Building CMake package in '/home/avinaash/ForkLift_AMR/src/sick_visionary_t_mini'
[0.353s] INFO:colcon.colcon_core.shell:Skip shell extension 'powershell' for command environment: Not usable outside of PowerShell
[0.353s] DEBUG:colcon.colcon_core.shell:Skip shell extension 'dsv' for command environment
[0.357s] INFO:colcon.colcon_ros.task.ament_cmake.build:Building ROS package in '/home/avinaash/ForkLift_AMR/src/test2_bot' with build type 'ament_cmake'
[0.358s] INFO:colcon.colcon_cmake.task.cmake.build:Building CMake package in '/home/avinaash/ForkLift_AMR/src/test2_bot'
[0.358s] INFO:colcon.colcon_core.shell:Skip shell extension 'powershell' for command environment: Not usable outside of PowerShell
[0.358s] DEBUG:colcon.colcon_core.shell:Skip shell extension 'dsv' for command environment
[0.530s] INFO:colcon.colcon_core.task.python.build:Building Python package in '/home/avinaash/ForkLift_AMR/src/doozy_forklift'
[0.531s] INFO:colcon.colcon_core.shell:Skip shell extension 'powershell' for command environment: Not usable outside of PowerShell
[0.531s] DEBUG:colcon.colcon_core.shell:Skip shell extension 'dsv' for command environment
[0.544s] DEBUG:colcon.colcon_core.event_handler.log_command:Invoking command in '/home/avinaash/ForkLift_AMR/build/forklift_bot': CMAKE_PREFIX_PATH=${CMAKE_PREFIX_PATH}:/home/avinaash/ForkLift_AMR/install/doozy_forklift:/home/avinaash/doozy_robotics/doozy_ws_2/install/pallet_docker_02:/home/avinaash/doozy_robotics/doozy_ws_2/install/2_t_dolly_logistics_driver:/opt/ros/galactic /usr/bin/cmake --build /home/avinaash/ForkLift_AMR/build/forklift_bot -- -j16 -l16
[0.549s] DEBUG:colcon.colcon_core.event_handler.log_command:Invoking command in '/home/avinaash/ForkLift_AMR/build/sick_visionary_t_mini': CMAKE_PREFIX_PATH=${CMAKE_PREFIX_PATH}:/home/avinaash/ForkLift_AMR/install/doozy_forklift:/home/avinaash/doozy_robotics/doozy_ws_2/install/pallet_docker_02:/home/avinaash/doozy_robotics/doozy_ws_2/install/2_t_dolly_logistics_driver:/opt/ros/galactic /usr/bin/cmake --build /home/avinaash/ForkLift_AMR/build/sick_visionary_t_mini -- -j16 -l16
[0.553s] DEBUG:colcon.colcon_core.event_handler.log_command:Invoking command in '/home/avinaash/ForkLift_AMR/build/test2_bot': CMAKE_PREFIX_PATH=${CMAKE_PREFIX_PATH}:/home/avinaash/ForkLift_AMR/install/doozy_forklift:/home/avinaash/doozy_robotics/doozy_ws_2/install/pallet_docker_02:/home/avinaash/doozy_robotics/doozy_ws_2/install/2_t_dolly_logistics_driver:/opt/ros/galactic /usr/bin/cmake --build /home/avinaash/ForkLift_AMR/build/test2_bot -- -j16 -l16
[0.584s] DEBUG:colcon.colcon_core.event_handler.log_command:Invoked command in '/home/avinaash/ForkLift_AMR/build/forklift_bot' returned '0': CMAKE_PREFIX_PATH=${CMAKE_PREFIX_PATH}:/home/avinaash/ForkLift_AMR/install/doozy_forklift:/home/avinaash/doozy_robotics/doozy_ws_2/install/pallet_docker_02:/home/avinaash/doozy_robotics/doozy_ws_2/install/2_t_dolly_logistics_driver:/opt/ros/galactic /usr/bin/cmake --build /home/avinaash/ForkLift_AMR/build/forklift_bot -- -j16 -l16
[0.595s] DEBUG:colcon.colcon_core.event_handler.log_command:Invoked command in '/home/avinaash/ForkLift_AMR/build/test2_bot' returned '0': CMAKE_PREFIX_PATH=${CMAKE_PREFIX_PATH}:/home/avinaash/ForkLift_AMR/install/doozy_forklift:/home/avinaash/doozy_robotics/doozy_ws_2/install/pallet_docker_02:/home/avinaash/doozy_robotics/doozy_ws_2/install/2_t_dolly_logistics_driver:/opt/ros/galactic /usr/bin/cmake --build /home/avinaash/ForkLift_AMR/build/test2_bot -- -j16 -l16
[0.620s] DEBUG:colcon.colcon_core.event_handler.log_command:Invoking command in '/home/avinaash/ForkLift_AMR/build/forklift_bot': CMAKE_PREFIX_PATH=${CMAKE_PREFIX_PATH}:/home/avinaash/ForkLift_AMR/install/doozy_forklift:/home/avinaash/doozy_robotics/doozy_ws_2/install/pallet_docker_02:/home/avinaash/doozy_robotics/doozy_ws_2/install/2_t_dolly_logistics_driver:/opt/ros/galactic /usr/bin/cmake --install /home/avinaash/ForkLift_AMR/build/forklift_bot
[0.623s] DEBUG:colcon.colcon_core.event_handler.log_command:Invoking command in '/home/avinaash/ForkLift_AMR/build/test2_bot': CMAKE_PREFIX_PATH=${CMAKE_PREFIX_PATH}:/home/avinaash/ForkLift_AMR/install/doozy_forklift:/home/avinaash/doozy_robotics/doozy_ws_2/install/pallet_docker_02:/home/avinaash/doozy_robotics/doozy_ws_2/install/2_t_dolly_logistics_driver:/opt/ros/galactic /usr/bin/cmake --install /home/avinaash/ForkLift_AMR/build/test2_bot
[0.630s] Level 1:colcon.colcon_core.environment:create_environment_scripts_only(forklift_bot)
[0.634s] Level 1:colcon.colcon_core.environment:checking '/home/avinaash/ForkLift_AMR/install/forklift_bot' for CMake module files
[0.634s] Level 1:colcon.colcon_core.environment:checking '/home/avinaash/ForkLift_AMR/install/forklift_bot' for CMake config files
[0.635s] Level 1:colcon.colcon_core.shell:create_environment_hook('forklift_bot', 'cmake_prefix_path')
[0.635s] INFO:colcon.colcon_core.shell:Creating environment hook '/home/avinaash/ForkLift_AMR/install/forklift_bot/share/forklift_bot/hook/cmake_prefix_path.ps1'
[0.636s] INFO:colcon.colcon_core.shell:Creating environment descriptor '/home/avinaash/ForkLift_AMR/install/forklift_bot/share/forklift_bot/hook/cmake_prefix_path.dsv'
[0.636s] INFO:colcon.colcon_core.shell:Creating environment hook '/home/avinaash/ForkLift_AMR/install/forklift_bot/share/forklift_bot/hook/cmake_prefix_path.sh'
[0.637s] Level 1:colcon.colcon_core.environment:checking '/home/avinaash/ForkLift_AMR/install/forklift_bot/bin'
[0.637s] Level 1:colcon.colcon_core.environment:checking '/home/avinaash/ForkLift_AMR/install/forklift_bot/lib/pkgconfig/forklift_bot.pc'
[0.638s] Level 1:colcon.colcon_core.environment:checking '/home/avinaash/ForkLift_AMR/install/forklift_bot/lib/python3.8/site-packages'
[0.638s] Level 1:colcon.colcon_core.environment:checking '/home/avinaash/ForkLift_AMR/install/forklift_bot/bin'
[0.638s] INFO:colcon.colcon_core.shell:Creating package script '/home/avinaash/ForkLift_AMR/install/forklift_bot/share/forklift_bot/package.ps1'
[0.640s] INFO:colcon.colcon_core.shell:Creating package descriptor '/home/avinaash/ForkLift_AMR/install/forklift_bot/share/forklift_bot/package.dsv'
[0.641s] INFO:colcon.colcon_core.shell:Creating package script '/home/avinaash/ForkLift_AMR/install/forklift_bot/share/forklift_bot/package.sh'
[0.642s] INFO:colcon.colcon_core.shell:Creating package script '/home/avinaash/ForkLift_AMR/install/forklift_bot/share/forklift_bot/package.bash'
[0.643s] INFO:colcon.colcon_core.shell:Creating package script '/home/avinaash/ForkLift_AMR/install/forklift_bot/share/forklift_bot/package.zsh'
[0.644s] Level 1:colcon.colcon_core.environment:create_file_with_runtime_dependencies(/home/avinaash/ForkLift_AMR/install/forklift_bot/share/colcon-core/packages/forklift_bot)
[0.648s] Level 1:colcon.colcon_core.environment:create_environment_scripts_only(test2_bot)
[0.649s] Level 1:colcon.colcon_core.environment:checking '/home/avinaash/ForkLift_AMR/install/test2_bot' for CMake module files
[0.649s] Level 1:colcon.colcon_core.environment:checking '/home/avinaash/ForkLift_AMR/install/test2_bot' for CMake config files
[0.650s] Level 1:colcon.colcon_core.shell:create_environment_hook('test2_bot', 'cmake_prefix_path')
[0.650s] INFO:colcon.colcon_core.shell:Creating environment hook '/home/avinaash/ForkLift_AMR/install/test2_bot/share/test2_bot/hook/cmake_prefix_path.ps1'
[0.651s] INFO:colcon.colcon_core.shell:Creating environment descriptor '/home/avinaash/ForkLift_AMR/install/test2_bot/share/test2_bot/hook/cmake_prefix_path.dsv'
[0.651s] INFO:colcon.colcon_core.shell:Creating environment hook '/home/avinaash/ForkLift_AMR/install/test2_bot/share/test2_bot/hook/cmake_prefix_path.sh'
[0.652s] Level 1:colcon.colcon_core.environment:checking '/home/avinaash/ForkLift_AMR/install/test2_bot/bin'
[0.652s] Level 1:colcon.colcon_core.environment:checking '/home/avinaash/ForkLift_AMR/install/test2_bot/lib/pkgconfig/test2_bot.pc'
[0.652s] Level 1:colcon.colcon_core.environment:checking '/home/avinaash/ForkLift_AMR/install/test2_bot/lib/python3.8/site-packages'
[0.652s] Level 1:colcon.colcon_core.environment:checking '/home/avinaash/ForkLift_AMR/install/test2_bot/bin'
[0.653s] INFO:colcon.colcon_core.shell:Creating package script '/home/avinaash/ForkLift_AMR/install/test2_bot/share/test2_bot/package.ps1'
[0.653s] INFO:colcon.colcon_core.shell:Creating package descriptor '/home/avinaash/ForkLift_AMR/install/test2_bot/share/test2_bot/package.dsv'
[0.654s] INFO:colcon.colcon_core.shell:Creating package script '/home/avinaash/ForkLift_AMR/install/test2_bot/share/test2_bot/package.sh'
[0.655s] INFO:colcon.colcon_core.shell:Creating package script '/home/avinaash/ForkLift_AMR/install/test2_bot/share/test2_bot/package.bash'
[0.656s] DEBUG:colcon.colcon_core.event_handler.log_command:Invoked command in '/home/avinaash/ForkLift_AMR/build/forklift_bot' returned '0': CMAKE_PREFIX_PATH=${CMAKE_PREFIX_PATH}:/home/avinaash/ForkLift_AMR/install/doozy_forklift:/home/avinaash/doozy_robotics/doozy_ws_2/install/pallet_docker_02:/home/avinaash/doozy_robotics/doozy_ws_2/install/2_t_dolly_logistics_driver:/opt/ros/galactic /usr/bin/cmake --install /home/avinaash/ForkLift_AMR/build/forklift_bot
[0.656s] DEBUG:colcon.colcon_core.event_handler.log_command:Invoked command in '/home/avinaash/ForkLift_AMR/build/test2_bot' returned '0': CMAKE_PREFIX_PATH=${CMAKE_PREFIX_PATH}:/home/avinaash/ForkLift_AMR/install/doozy_forklift:/home/avinaash/doozy_robotics/doozy_ws_2/install/pallet_docker_02:/home/avinaash/doozy_robotics/doozy_ws_2/install/2_t_dolly_logistics_driver:/opt/ros/galactic /usr/bin/cmake --install /home/avinaash/ForkLift_AMR/build/test2_bot
[0.657s] INFO:colcon.colcon_core.shell:Creating package script '/home/avinaash/ForkLift_AMR/install/test2_bot/share/test2_bot/package.zsh'
[0.657s] Level 1:colcon.colcon_core.environment:create_file_with_runtime_dependencies(/home/avinaash/ForkLift_AMR/install/test2_bot/share/colcon-core/packages/test2_bot)
[0.662s] Level 1:colcon.colcon_core.environment:create_environment_scripts_only(forklift_bot)
[0.662s] Level 1:colcon.colcon_core.environment:checking '/home/avinaash/ForkLift_AMR/install/forklift_bot' for CMake module files
[0.662s] Level 1:colcon.colcon_core.environment:checking '/home/avinaash/ForkLift_AMR/install/forklift_bot' for CMake config files
[0.662s] Level 1:colcon.colcon_core.shell:create_environment_hook('forklift_bot', 'cmake_prefix_path')
[0.663s] INFO:colcon.colcon_core.shell:Creating environment hook '/home/avinaash/ForkLift_AMR/install/forklift_bot/share/forklift_bot/hook/cmake_prefix_path.ps1'
[0.663s] INFO:colcon.colcon_core.shell:Creating environment descriptor '/home/avinaash/ForkLift_AMR/install/forklift_bot/share/forklift_bot/hook/cmake_prefix_path.dsv'
[0.663s] INFO:colcon.colcon_core.shell:Creating environment hook '/home/avinaash/ForkLift_AMR/install/forklift_bot/share/forklift_bot/hook/cmake_prefix_path.sh'
[0.664s] Level 1:colcon.colcon_core.environment:checking '/home/avinaash/ForkLift_AMR/install/forklift_bot/bin'
[0.664s] Level 1:colcon.colcon_core.environment:checking '/home/avinaash/ForkLift_AMR/install/forklift_bot/lib/pkgconfig/forklift_bot.pc'
[0.664s] Level 1:colcon.colcon_core.environment:checking '/home/avinaash/ForkLift_AMR/install/forklift_bot/lib/python3.8/site-packages'
[0.664s] Level 1:colcon.colcon_core.environment:checking '/home/avinaash/ForkLift_AMR/install/forklift_bot/bin'
[0.664s] INFO:colcon.colcon_core.shell:Creating package script '/home/avinaash/ForkLift_AMR/install/forklift_bot/share/forklift_bot/package.ps1'
[0.665s] INFO:colcon.colcon_core.shell:Creating package descriptor '/home/avinaash/ForkLift_AMR/install/forklift_bot/share/forklift_bot/package.dsv'
[0.665s] INFO:colcon.colcon_core.shell:Creating package script '/home/avinaash/ForkLift_AMR/install/forklift_bot/share/forklift_bot/package.sh'
[0.665s] INFO:colcon.colcon_core.shell:Creating package script '/home/avinaash/ForkLift_AMR/install/forklift_bot/share/forklift_bot/package.bash'
[0.665s] INFO:colcon.colcon_core.shell:Creating package script '/home/avinaash/ForkLift_AMR/install/forklift_bot/share/forklift_bot/package.zsh'
[0.666s] Level 1:colcon.colcon_core.environment:create_file_with_runtime_dependencies(/home/avinaash/ForkLift_AMR/install/forklift_bot/share/colcon-core/packages/forklift_bot)
[0.675s] Level 1:colcon.colcon_core.environment:create_environment_scripts_only(test2_bot)
[0.676s] Level 1:colcon.colcon_core.environment:checking '/home/avinaash/ForkLift_AMR/install/test2_bot' for CMake module files
[0.677s] Level 1:colcon.colcon_core.environment:checking '/home/avinaash/ForkLift_AMR/install/test2_bot' for CMake config files
[0.678s] Level 1:colcon.colcon_core.shell:create_environment_hook('test2_bot', 'cmake_prefix_path')
[0.678s] INFO:colcon.colcon_core.shell:Creating environment hook '/home/avinaash/ForkLift_AMR/install/test2_bot/share/test2_bot/hook/cmake_prefix_path.ps1'
[0.679s] INFO:colcon.colcon_core.shell:Creating environment descriptor '/home/avinaash/ForkLift_AMR/install/test2_bot/share/test2_bot/hook/cmake_prefix_path.dsv'
[0.679s] INFO:colcon.colcon_core.shell:Creating environment hook '/home/avinaash/ForkLift_AMR/install/test2_bot/share/test2_bot/hook/cmake_prefix_path.sh'
[0.680s] Level 1:colcon.colcon_core.environment:checking '/home/avinaash/ForkLift_AMR/install/test2_bot/bin'
[0.680s] Level 1:colcon.colcon_core.environment:checking '/home/avinaash/ForkLift_AMR/install/test2_bot/lib/pkgconfig/test2_bot.pc'
[0.680s] Level 1:colcon.colcon_core.environment:checking '/home/avinaash/ForkLift_AMR/install/test2_bot/lib/python3.8/site-packages'
[0.680s] Level 1:colcon.colcon_core.environment:checking '/home/avinaash/ForkLift_AMR/install/test2_bot/bin'
[0.680s] INFO:colcon.colcon_core.shell:Creating package script '/home/avinaash/ForkLift_AMR/install/test2_bot/share/test2_bot/package.ps1'
[0.681s] INFO:colcon.colcon_core.shell:Creating package descriptor '/home/avinaash/ForkLift_AMR/install/test2_bot/share/test2_bot/package.dsv'
[0.681s] INFO:colcon.colcon_core.shell:Creating package script '/home/avinaash/ForkLift_AMR/install/test2_bot/share/test2_bot/package.sh'
[0.681s] INFO:colcon.colcon_core.shell:Creating package script '/home/avinaash/ForkLift_AMR/install/test2_bot/share/test2_bot/package.bash'
[0.682s] INFO:colcon.colcon_core.shell:Creating package script '/home/avinaash/ForkLift_AMR/install/test2_bot/share/test2_bot/package.zsh'
[0.682s] Level 1:colcon.colcon_core.environment:create_file_with_runtime_dependencies(/home/avinaash/ForkLift_AMR/install/test2_bot/share/colcon-core/packages/test2_bot)
[0.789s] DEBUG:colcon.colcon_core.event_handler.log_command:Invoked command in '/home/avinaash/ForkLift_AMR/build/sick_visionary_t_mini' returned '0': CMAKE_PREFIX_PATH=${CMAKE_PREFIX_PATH}:/home/avinaash/ForkLift_AMR/install/doozy_forklift:/home/avinaash/doozy_robotics/doozy_ws_2/install/pallet_docker_02:/home/avinaash/doozy_robotics/doozy_ws_2/install/2_t_dolly_logistics_driver:/opt/ros/galactic /usr/bin/cmake --build /home/avinaash/ForkLift_AMR/build/sick_visionary_t_mini -- -j16 -l16
[0.836s] DEBUG:colcon.colcon_core.event_handler.log_command:Invoking command in '/home/avinaash/ForkLift_AMR/build/sick_visionary_t_mini': CMAKE_PREFIX_PATH=${CMAKE_PREFIX_PATH}:/home/avinaash/ForkLift_AMR/install/doozy_forklift:/home/avinaash/doozy_robotics/doozy_ws_2/install/pallet_docker_02:/home/avinaash/doozy_robotics/doozy_ws_2/install/2_t_dolly_logistics_driver:/opt/ros/galactic /usr/bin/cmake --install /home/avinaash/ForkLift_AMR/build/sick_visionary_t_mini
[0.894s] Level 1:colcon.colcon_core.environment:create_environment_scripts_only(sick_visionary_t_mini)
[0.895s] Level 1:colcon.colcon_core.environment:checking '/home/avinaash/ForkLift_AMR/install/sick_visionary_t_mini' for CMake module files
[0.895s] DEBUG:colcon.colcon_core.event_handler.log_command:Invoked command in '/home/avinaash/ForkLift_AMR/build/sick_visionary_t_mini' returned '0': CMAKE_PREFIX_PATH=${CMAKE_PREFIX_PATH}:/home/avinaash/ForkLift_AMR/install/doozy_forklift:/home/avinaash/doozy_robotics/doozy_ws_2/install/pallet_docker_02:/home/avinaash/doozy_robotics/doozy_ws_2/install/2_t_dolly_logistics_driver:/opt/ros/galactic /usr/bin/cmake --install /home/avinaash/ForkLift_AMR/build/sick_visionary_t_mini
[0.896s] Level 1:colcon.colcon_core.environment:checking '/home/avinaash/ForkLift_AMR/install/sick_visionary_t_mini' for CMake config files
[0.896s] Level 1:colcon.colcon_core.shell:create_environment_hook('sick_visionary_t_mini', 'cmake_prefix_path')
[0.896s] INFO:colcon.colcon_core.shell:Creating environment hook '/home/avinaash/ForkLift_AMR/install/sick_visionary_t_mini/share/sick_visionary_t_mini/hook/cmake_prefix_path.ps1'
[0.897s] INFO:colcon.colcon_core.shell:Creating environment descriptor '/home/avinaash/ForkLift_AMR/install/sick_visionary_t_mini/share/sick_visionary_t_mini/hook/cmake_prefix_path.dsv'
[0.897s] INFO:colcon.colcon_core.shell:Creating environment hook '/home/avinaash/ForkLift_AMR/install/sick_visionary_t_mini/share/sick_visionary_t_mini/hook/cmake_prefix_path.sh'
[0.898s] Level 1:colcon.colcon_core.environment:checking '/home/avinaash/ForkLift_AMR/install/sick_visionary_t_mini/lib'
[0.898s] Level 1:colcon.colcon_core.shell:create_environment_hook('sick_visionary_t_mini', 'ld_library_path_lib')
[0.898s] INFO:colcon.colcon_core.shell:Creating environment hook '/home/avinaash/ForkLift_AMR/install/sick_visionary_t_mini/share/sick_visionary_t_mini/hook/ld_library_path_lib.ps1'
[0.898s] INFO:colcon.colcon_core.shell:Creating environment descriptor '/home/avinaash/ForkLift_AMR/install/sick_visionary_t_mini/share/sick_visionary_t_mini/hook/ld_library_path_lib.dsv'
[0.898s] INFO:colcon.colcon_core.shell:Creating environment hook '/home/avinaash/ForkLift_AMR/install/sick_visionary_t_mini/share/sick_visionary_t_mini/hook/ld_library_path_lib.sh'
[0.899s] Level 1:colcon.colcon_core.environment:checking '/home/avinaash/ForkLift_AMR/install/sick_visionary_t_mini/bin'
[0.899s] Level 1:colcon.colcon_core.environment:checking '/home/avinaash/ForkLift_AMR/install/sick_visionary_t_mini/lib/pkgconfig/sick_visionary_t_mini.pc'
[0.899s] Level 1:colcon.colcon_core.environment:checking '/home/avinaash/ForkLift_AMR/install/sick_visionary_t_mini/lib/python3.8/site-packages'
[0.899s] Level 1:colcon.colcon_core.shell:create_environment_hook('sick_visionary_t_mini', 'pythonpath')
[0.899s] INFO:colcon.colcon_core.shell:Creating environment hook '/home/avinaash/ForkLift_AMR/install/sick_visionary_t_mini/share/sick_visionary_t_mini/hook/pythonpath.ps1'
[0.899s] INFO:colcon.colcon_core.shell:Creating environment descriptor '/home/avinaash/ForkLift_AMR/install/sick_visionary_t_mini/share/sick_visionary_t_mini/hook/pythonpath.dsv'
[0.899s] INFO:colcon.colcon_core.shell:Creating environment hook '/home/avinaash/ForkLift_AMR/install/sick_visionary_t_mini/share/sick_visionary_t_mini/hook/pythonpath.sh'
[0.900s] Level 1:colcon.colcon_core.environment:checking '/home/avinaash/ForkLift_AMR/install/sick_visionary_t_mini/bin'
[0.900s] INFO:colcon.colcon_core.shell:Creating package script '/home/avinaash/ForkLift_AMR/install/sick_visionary_t_mini/share/sick_visionary_t_mini/package.ps1'
[0.900s] INFO:colcon.colcon_core.shell:Creating package descriptor '/home/avinaash/ForkLift_AMR/install/sick_visionary_t_mini/share/sick_visionary_t_mini/package.dsv'
[0.901s] INFO:colcon.colcon_core.shell:Creating package script '/home/avinaash/ForkLift_AMR/install/sick_visionary_t_mini/share/sick_visionary_t_mini/package.sh'
[0.901s] INFO:colcon.colcon_core.shell:Creating package script '/home/avinaash/ForkLift_AMR/install/sick_visionary_t_mini/share/sick_visionary_t_mini/package.bash'
[0.901s] INFO:colcon.colcon_core.shell:Creating package script '/home/avinaash/ForkLift_AMR/install/sick_visionary_t_mini/share/sick_visionary_t_mini/package.zsh'
[0.901s] Level 1:colcon.colcon_core.environment:create_file_with_runtime_dependencies(/home/avinaash/ForkLift_AMR/install/sick_visionary_t_mini/share/colcon-core/packages/sick_visionary_t_mini)
[0.944s] Level 1:colcon.colcon_core.environment:create_environment_scripts_only(sick_visionary_t_mini)
[0.945s] Level 1:colcon.colcon_core.environment:checking '/home/avinaash/ForkLift_AMR/install/sick_visionary_t_mini' for CMake module files
[0.945s] Level 1:colcon.colcon_core.environment:checking '/home/avinaash/ForkLift_AMR/install/sick_visionary_t_mini' for CMake config files
[0.946s] Level 1:colcon.colcon_core.shell:create_environment_hook('sick_visionary_t_mini', 'cmake_prefix_path')
[0.946s] INFO:colcon.colcon_core.shell:Creating environment hook '/home/avinaash/ForkLift_AMR/install/sick_visionary_t_mini/share/sick_visionary_t_mini/hook/cmake_prefix_path.ps1'
[0.946s] INFO:colcon.colcon_core.shell:Creating environment descriptor '/home/avinaash/ForkLift_AMR/install/sick_visionary_t_mini/share/sick_visionary_t_mini/hook/cmake_prefix_path.dsv'
[0.946s] INFO:colcon.colcon_core.shell:Creating environment hook '/home/avinaash/ForkLift_AMR/install/sick_visionary_t_mini/share/sick_visionary_t_mini/hook/cmake_prefix_path.sh'
[0.947s] Level 1:colcon.colcon_core.environment:checking '/home/avinaash/ForkLift_AMR/install/sick_visionary_t_mini/lib'
[0.947s] Level 1:colcon.colcon_core.shell:create_environment_hook('sick_visionary_t_mini', 'ld_library_path_lib')
[0.947s] INFO:colcon.colcon_core.shell:Creating environment hook '/home/avinaash/ForkLift_AMR/install/sick_visionary_t_mini/share/sick_visionary_t_mini/hook/ld_library_path_lib.ps1'
[0.947s] INFO:colcon.colcon_core.shell:Creating environment descriptor '/home/avinaash/ForkLift_AMR/install/sick_visionary_t_mini/share/sick_visionary_t_mini/hook/ld_library_path_lib.dsv'
[0.948s] INFO:colcon.colcon_core.shell:Creating environment hook '/home/avinaash/ForkLift_AMR/install/sick_visionary_t_mini/share/sick_visionary_t_mini/hook/ld_library_path_lib.sh'
[0.948s] Level 1:colcon.colcon_core.environment:checking '/home/avinaash/ForkLift_AMR/install/sick_visionary_t_mini/bin'
[0.948s] Level 1:colcon.colcon_core.environment:checking '/home/avinaash/ForkLift_AMR/install/sick_visionary_t_mini/lib/pkgconfig/sick_visionary_t_mini.pc'
[0.948s] Level 1:colcon.colcon_core.environment:checking '/home/avinaash/ForkLift_AMR/install/sick_visionary_t_mini/lib/python3.8/site-packages'
[0.948s] Level 1:colcon.colcon_core.shell:create_environment_hook('sick_visionary_t_mini', 'pythonpath')
[0.948s] INFO:colcon.colcon_core.shell:Creating environment hook '/home/avinaash/ForkLift_AMR/install/sick_visionary_t_mini/share/sick_visionary_t_mini/hook/pythonpath.ps1'
[0.949s] INFO:colcon.colcon_core.shell:Creating environment descriptor '/home/avinaash/ForkLift_AMR/install/sick_visionary_t_mini/share/sick_visionary_t_mini/hook/pythonpath.dsv'
[0.949s] INFO:colcon.colcon_core.shell:Creating environment hook '/home/avinaash/ForkLift_AMR/install/sick_visionary_t_mini/share/sick_visionary_t_mini/hook/pythonpath.sh'
[0.949s] Level 1:colcon.colcon_core.environment:checking '/home/avinaash/ForkLift_AMR/install/sick_visionary_t_mini/bin'
[0.949s] INFO:colcon.colcon_core.shell:Creating package script '/home/avinaash/ForkLift_AMR/install/sick_visionary_t_mini/share/sick_visionary_t_mini/package.ps1'
[0.950s] INFO:colcon.colcon_core.shell:Creating package descriptor '/home/avinaash/ForkLift_AMR/install/sick_visionary_t_mini/share/sick_visionary_t_mini/package.dsv'
[0.950s] INFO:colcon.colcon_core.shell:Creating package script '/home/avinaash/ForkLift_AMR/install/sick_visionary_t_mini/share/sick_visionary_t_mini/package.sh'
[0.950s] INFO:colcon.colcon_core.shell:Creating package script '/home/avinaash/ForkLift_AMR/install/sick_visionary_t_mini/share/sick_visionary_t_mini/package.bash'
[0.951s] INFO:colcon.colcon_core.shell:Creating package script '/home/avinaash/ForkLift_AMR/install/sick_visionary_t_mini/share/sick_visionary_t_mini/package.zsh'
[0.951s] Level 1:colcon.colcon_core.environment:create_file_with_runtime_dependencies(/home/avinaash/ForkLift_AMR/install/sick_visionary_t_mini/share/colcon-core/packages/sick_visionary_t_mini)
[0.992s] DEBUG:colcon.colcon_core.event_handler.log_command:Invoking command in '/home/avinaash/ForkLift_AMR/src/doozy_forklift': PYTHONPATH=/home/avinaash/ForkLift_AMR/build/doozy_forklift/prefix_override:/home/avinaash/ForkLift_AMR/install/doozy_forklift/lib/python3.8/site-packages:${PYTHONPATH} /usr/bin/python3 -W ignore:setup.py install is deprecated setup.py egg_info --egg-base ../../build/doozy_forklift build --build-base /home/avinaash/ForkLift_AMR/build/doozy_forklift/build install --record /home/avinaash/ForkLift_AMR/build/doozy_forklift/install.log --single-version-externally-managed install_data
[1.211s] Level 1:colcon.colcon_core.environment:checking '/home/avinaash/ForkLift_AMR/install/doozy_forklift' for CMake module files
[1.212s] DEBUG:colcon.colcon_core.event_handler.log_command:Invoked command in '/home/avinaash/ForkLift_AMR/src/doozy_forklift' returned '0': PYTHONPATH=/home/avinaash/ForkLift_AMR/build/doozy_forklift/prefix_override:/home/avinaash/ForkLift_AMR/install/doozy_forklift/lib/python3.8/site-packages:${PYTHONPATH} /usr/bin/python3 -W ignore:setup.py install is deprecated setup.py egg_info --egg-base ../../build/doozy_forklift build --build-base /home/avinaash/ForkLift_AMR/build/doozy_forklift/build install --record /home/avinaash/ForkLift_AMR/build/doozy_forklift/install.log --single-version-externally-managed install_data
[1.213s] Level 1:colcon.colcon_core.environment:checking '/home/avinaash/ForkLift_AMR/install/doozy_forklift' for CMake config files
[1.214s] Level 1:colcon.colcon_core.environment:checking '/home/avinaash/ForkLift_AMR/install/doozy_forklift/lib'
[1.214s] Level 1:colcon.colcon_core.environment:checking '/home/avinaash/ForkLift_AMR/install/doozy_forklift/bin'
[1.214s] Level 1:colcon.colcon_core.environment:checking '/home/avinaash/ForkLift_AMR/install/doozy_forklift/lib/pkgconfig/doozy_forklift.pc'
[1.215s] Level 1:colcon.colcon_core.environment:checking '/home/avinaash/ForkLift_AMR/install/doozy_forklift/lib/python3.8/site-packages'
[1.215s] Level 1:colcon.colcon_core.shell:create_environment_hook('doozy_forklift', 'pythonpath')
[1.216s] INFO:colcon.colcon_core.shell:Creating environment hook '/home/avinaash/ForkLift_AMR/install/doozy_forklift/share/doozy_forklift/hook/pythonpath.ps1'
[1.216s] INFO:colcon.colcon_core.shell:Creating environment descriptor '/home/avinaash/ForkLift_AMR/install/doozy_forklift/share/doozy_forklift/hook/pythonpath.dsv'
[1.217s] INFO:colcon.colcon_core.shell:Creating environment hook '/home/avinaash/ForkLift_AMR/install/doozy_forklift/share/doozy_forklift/hook/pythonpath.sh'
[1.218s] Level 1:colcon.colcon_core.environment:checking '/home/avinaash/ForkLift_AMR/install/doozy_forklift/bin'
[1.218s] Level 1:colcon.colcon_core.environment:create_environment_scripts_only(doozy_forklift)
[1.219s] INFO:colcon.colcon_core.shell:Creating package script '/home/avinaash/ForkLift_AMR/install/doozy_forklift/share/doozy_forklift/package.ps1'
[1.219s] INFO:colcon.colcon_core.shell:Creating package descriptor '/home/avinaash/ForkLift_AMR/install/doozy_forklift/share/doozy_forklift/package.dsv'
[1.219s] INFO:colcon.colcon_core.shell:Creating package script '/home/avinaash/ForkLift_AMR/install/doozy_forklift/share/doozy_forklift/package.sh'
[1.220s] INFO:colcon.colcon_core.shell:Creating package script '/home/avinaash/ForkLift_AMR/install/doozy_forklift/share/doozy_forklift/package.bash'
[1.220s] INFO:colcon.colcon_core.shell:Creating package script '/home/avinaash/ForkLift_AMR/install/doozy_forklift/share/doozy_forklift/package.zsh'
[1.220s] Level 1:colcon.colcon_core.environment:create_file_with_runtime_dependencies(/home/avinaash/ForkLift_AMR/install/doozy_forklift/share/colcon-core/packages/doozy_forklift)
[1.220s] DEBUG:colcon.colcon_parallel_executor.executor.parallel:closing loop
[1.220s] DEBUG:colcon.colcon_parallel_executor.executor.parallel:loop closed
[1.221s] DEBUG:colcon.colcon_parallel_executor.executor.parallel:run_until_complete finished with '0'
[1.221s] DEBUG:colcon.colcon_core.event_reactor:joining thread
[1.231s] INFO:colcon.colcon_core.plugin_system:Skipping extension 'colcon_notification.desktop_notification.terminal_notifier': Not used on non-Darwin systems
[1.231s] INFO:colcon.colcon_core.plugin_system:Skipping extension 'colcon_notification.desktop_notification.win32': Not used on non-Windows systems
[1.231s] INFO:colcon.colcon_notification.desktop_notification:Sending desktop notification using 'notify2'
[1.247s] DEBUG:colcon.colcon_core.event_reactor:joined thread
[1.247s] INFO:colcon.colcon_core.shell:Creating prefix script '/home/avinaash/ForkLift_AMR/install/local_setup.ps1'
[1.249s] INFO:colcon.colcon_core.shell:Creating prefix util module '/home/avinaash/ForkLift_AMR/install/_local_setup_util_ps1.py'
[1.250s] INFO:colcon.colcon_core.shell:Creating prefix chain script '/home/avinaash/ForkLift_AMR/install/setup.ps1'
[1.253s] INFO:colcon.colcon_core.shell:Creating prefix script '/home/avinaash/ForkLift_AMR/install/local_setup.sh'
[1.253s] INFO:colcon.colcon_core.shell:Creating prefix util module '/home/avinaash/ForkLift_AMR/install/_local_setup_util_sh.py'
[1.254s] INFO:colcon.colcon_core.shell:Creating prefix chain script '/home/avinaash/ForkLift_AMR/install/setup.sh'
[1.256s] INFO:colcon.colcon_core.shell:Creating prefix script '/home/avinaash/ForkLift_AMR/install/local_setup.bash'
[1.257s] INFO:colcon.colcon_core.shell:Creating prefix chain script '/home/avinaash/ForkLift_AMR/install/setup.bash'
[1.258s] INFO:colcon.colcon_core.shell:Creating prefix script '/home/avinaash/ForkLift_AMR/install/local_setup.zsh'
[1.258s] INFO:colcon.colcon_core.shell:Creating prefix chain script '/home/avinaash/ForkLift_AMR/install/setup.zsh'
