[0.252s] Invoking command in '/home/avinaash/ForkLift_AMR/build/turtlebot3_navigation2': CMAKE_PREFIX_PATH=/home/avinaash/ForkLift_AMR/install/turtlebot3:/home/avinaash/ForkLift_AMR/install/turtlebot3_simulations:/home/avinaash/ForkLift_AMR/install/turtlebot3_bringup:/home/avinaash/ForkLift_AMR/install/turtlebot3_node:/home/avinaash/ForkLift_AMR/install/turtlebot3_navigation2:/home/avinaash/ForkLift_AMR/install/turtlebot3_gazebo:/home/avinaash/ForkLift_AMR/install/turtlebot3_fake_node:/home/avinaash/ForkLift_AMR/install/turtlebot3_teleop:/home/avinaash/ForkLift_AMR/install/turtlebot3_example:/home/avinaash/ForkLift_AMR/install/doozy_forklift:/opt/ros/galactic:/home/avinaash/ForkLift_AMR/install/turtlebot3_description:/home/avinaash/ForkLift_AMR/install/turtlebot3_cartographer:/home/avinaash/ForkLift_AMR/install/forklift_interfaces /usr/bin/cmake --build /home/avinaash/ForkLift_AMR/build/turtlebot3_navigation2 -- -j16 -l16
[0.664s] Invoked command in '/home/avinaash/ForkLift_AMR/build/turtlebot3_navigation2' returned '0': CMAKE_PREFIX_PATH=/home/avinaash/ForkLift_AMR/install/turtlebot3:/home/avinaash/ForkLift_AMR/install/turtlebot3_simulations:/home/avinaash/ForkLift_AMR/install/turtlebot3_bringup:/home/avinaash/ForkLift_AMR/install/turtlebot3_node:/home/avinaash/ForkLift_AMR/install/turtlebot3_navigation2:/home/avinaash/ForkLift_AMR/install/turtlebot3_gazebo:/home/avinaash/ForkLift_AMR/install/turtlebot3_fake_node:/home/avinaash/ForkLift_AMR/install/turtlebot3_teleop:/home/avinaash/ForkLift_AMR/install/turtlebot3_example:/home/avinaash/ForkLift_AMR/install/doozy_forklift:/opt/ros/galactic:/home/avinaash/ForkLift_AMR/install/turtlebot3_description:/home/avinaash/ForkLift_AMR/install/turtlebot3_cartographer:/home/avinaash/ForkLift_AMR/install/forklift_interfaces /usr/bin/cmake --build /home/avinaash/ForkLift_AMR/build/turtlebot3_navigation2 -- -j16 -l16
[0.731s] Invoking command in '/home/avinaash/ForkLift_AMR/build/turtlebot3_navigation2': CMAKE_PREFIX_PATH=/home/avinaash/ForkLift_AMR/install/turtlebot3:/home/avinaash/ForkLift_AMR/install/turtlebot3_simulations:/home/avinaash/ForkLift_AMR/install/turtlebot3_bringup:/home/avinaash/ForkLift_AMR/install/turtlebot3_node:/home/avinaash/ForkLift_AMR/install/turtlebot3_navigation2:/home/avinaash/ForkLift_AMR/install/turtlebot3_gazebo:/home/avinaash/ForkLift_AMR/install/turtlebot3_fake_node:/home/avinaash/ForkLift_AMR/install/turtlebot3_teleop:/home/avinaash/ForkLift_AMR/install/turtlebot3_example:/home/avinaash/ForkLift_AMR/install/doozy_forklift:/opt/ros/galactic:/home/avinaash/ForkLift_AMR/install/turtlebot3_description:/home/avinaash/ForkLift_AMR/install/turtlebot3_cartographer:/home/avinaash/ForkLift_AMR/install/forklift_interfaces /usr/bin/cmake --install /home/avinaash/ForkLift_AMR/build/turtlebot3_navigation2
[0.763s] -- Install configuration: ""
[0.763s] -- Up-to-date: /home/avinaash/ForkLift_AMR/install/turtlebot3_navigation2/share/turtlebot3_navigation2/launch
[0.763s] -- Up-to-date: /home/avinaash/ForkLift_AMR/install/turtlebot3_navigation2/share/turtlebot3_navigation2/launch/navigation2.launch.py
[0.763s] -- Up-to-date: /home/avinaash/ForkLift_AMR/install/turtlebot3_navigation2/share/turtlebot3_navigation2/map
[0.763s] -- Up-to-date: /home/avinaash/ForkLift_AMR/install/turtlebot3_navigation2/share/turtlebot3_navigation2/map/map.yaml
[0.763s] -- Up-to-date: /home/avinaash/ForkLift_AMR/install/turtlebot3_navigation2/share/turtlebot3_navigation2/map/map.pgm
[0.763s] -- Up-to-date: /home/avinaash/ForkLift_AMR/install/turtlebot3_navigation2/share/turtlebot3_navigation2/param
[0.763s] -- Up-to-date: /home/avinaash/ForkLift_AMR/install/turtlebot3_navigation2/share/turtlebot3_navigation2/param/waffle.yaml
[0.763s] -- Up-to-date: /home/avinaash/ForkLift_AMR/install/turtlebot3_navigation2/share/turtlebot3_navigation2/param/burger.yaml
[0.764s] -- Up-to-date: /home/avinaash/ForkLift_AMR/install/turtlebot3_navigation2/share/turtlebot3_navigation2/param/waffle_pi.yaml
[0.764s] -- Up-to-date: /home/avinaash/ForkLift_AMR/install/turtlebot3_navigation2/share/turtlebot3_navigation2/rviz
[0.765s] -- Up-to-date: /home/avinaash/ForkLift_AMR/install/turtlebot3_navigation2/share/turtlebot3_navigation2/rviz/tb3_navigation2.rviz
[0.765s] -- Up-to-date: /home/avinaash/ForkLift_AMR/install/turtlebot3_navigation2/share/ament_index/resource_index/package_run_dependencies/turtlebot3_navigation2
[0.765s] -- Up-to-date: /home/avinaash/ForkLift_AMR/install/turtlebot3_navigation2/share/ament_index/resource_index/parent_prefix_path/turtlebot3_navigation2
[0.765s] -- Up-to-date: /home/avinaash/ForkLift_AMR/install/turtlebot3_navigation2/share/turtlebot3_navigation2/environment/ament_prefix_path.sh
[0.766s] -- Up-to-date: /home/avinaash/ForkLift_AMR/install/turtlebot3_navigation2/share/turtlebot3_navigation2/environment/ament_prefix_path.dsv
[0.766s] -- Up-to-date: /home/avinaash/ForkLift_AMR/install/turtlebot3_navigation2/share/turtlebot3_navigation2/environment/path.sh
[0.767s] -- Up-to-date: /home/avinaash/ForkLift_AMR/install/turtlebot3_navigation2/share/turtlebot3_navigation2/environment/path.dsv
[0.768s] -- Up-to-date: /home/avinaash/ForkLift_AMR/install/turtlebot3_navigation2/share/turtlebot3_navigation2/local_setup.bash
[0.768s] -- Up-to-date: /home/avinaash/ForkLift_AMR/install/turtlebot3_navigation2/share/turtlebot3_navigation2/local_setup.sh
[0.769s] -- Up-to-date: /home/avinaash/ForkLift_AMR/install/turtlebot3_navigation2/share/turtlebot3_navigation2/local_setup.zsh
[0.769s] -- Up-to-date: /home/avinaash/ForkLift_AMR/install/turtlebot3_navigation2/share/turtlebot3_navigation2/local_setup.dsv
[0.769s] -- Installing: /home/avinaash/ForkLift_AMR/install/turtlebot3_navigation2/share/turtlebot3_navigation2/package.dsv
[0.769s] -- Up-to-date: /home/avinaash/ForkLift_AMR/install/turtlebot3_navigation2/share/ament_index/resource_index/packages/turtlebot3_navigation2
[0.769s] -- Up-to-date: /home/avinaash/ForkLift_AMR/install/turtlebot3_navigation2/share/turtlebot3_navigation2/cmake/turtlebot3_navigation2Config.cmake
[0.769s] -- Up-to-date: /home/avinaash/ForkLift_AMR/install/turtlebot3_navigation2/share/turtlebot3_navigation2/cmake/turtlebot3_navigation2Config-version.cmake
[0.770s] -- Up-to-date: /home/avinaash/ForkLift_AMR/install/turtlebot3_navigation2/share/turtlebot3_navigation2/package.xml
[0.804s] Invoked command in '/home/avinaash/ForkLift_AMR/build/turtlebot3_navigation2' returned '0': CMAKE_PREFIX_PATH=/home/avinaash/ForkLift_AMR/install/turtlebot3:/home/avinaash/ForkLift_AMR/install/turtlebot3_simulations:/home/avinaash/ForkLift_AMR/install/turtlebot3_bringup:/home/avinaash/ForkLift_AMR/install/turtlebot3_node:/home/avinaash/ForkLift_AMR/install/turtlebot3_navigation2:/home/avinaash/ForkLift_AMR/install/turtlebot3_gazebo:/home/avinaash/ForkLift_AMR/install/turtlebot3_fake_node:/home/avinaash/ForkLift_AMR/install/turtlebot3_teleop:/home/avinaash/ForkLift_AMR/install/turtlebot3_example:/home/avinaash/ForkLift_AMR/install/doozy_forklift:/opt/ros/galactic:/home/avinaash/ForkLift_AMR/install/turtlebot3_description:/home/avinaash/ForkLift_AMR/install/turtlebot3_cartographer:/home/avinaash/ForkLift_AMR/install/forklift_interfaces /usr/bin/cmake --install /home/avinaash/ForkLift_AMR/build/turtlebot3_navigation2
