/home/doozy/ForkLift_AMR/install/ros2_razor_imu/lib/python3.10/site-packages/ros2_razor_imu/display_3D_visualization.py
/home/doozy/ForkLift_AMR/install/ros2_razor_imu/lib/python3.10/site-packages/ros2_razor_imu/imu_node.py
/home/doozy/ForkLift_AMR/install/ros2_razor_imu/lib/python3.10/site-packages/ros2_razor_imu/__init__.py
/home/doozy/ForkLift_AMR/install/ros2_razor_imu/lib/python3.10/site-packages/ros2_razor_imu/lib/serial_commands.py
/home/doozy/ForkLift_AMR/install/ros2_razor_imu/lib/python3.10/site-packages/ros2_razor_imu/lib/__init__.py
/home/doozy/ForkLift_AMR/install/ros2_razor_imu/lib/python3.10/site-packages/ros2_razor_imu/__pycache__/display_3D_visualization.cpython-310.pyc
/home/doozy/ForkLift_AMR/install/ros2_razor_imu/lib/python3.10/site-packages/ros2_razor_imu/__pycache__/imu_node.cpython-310.pyc
/home/doozy/ForkLift_AMR/install/ros2_razor_imu/lib/python3.10/site-packages/ros2_razor_imu/__pycache__/__init__.cpython-310.pyc
/home/doozy/ForkLift_AMR/install/ros2_razor_imu/lib/python3.10/site-packages/ros2_razor_imu/lib/__pycache__/serial_commands.cpython-310.pyc
/home/doozy/ForkLift_AMR/install/ros2_razor_imu/lib/python3.10/site-packages/ros2_razor_imu/lib/__pycache__/__init__.cpython-310.pyc
/home/doozy/ForkLift_AMR/install/ros2_razor_imu/share/ament_index/resource_index/packages/ros2_razor_imu
/home/doozy/ForkLift_AMR/install/ros2_razor_imu/share/ros2_razor_imu/package.xml
/home/doozy/ForkLift_AMR/install/ros2_razor_imu/share/ros2_razor_imu/launch/razor-pub-and-display.launch.py
/home/doozy/ForkLift_AMR/install/ros2_razor_imu/share/ros2_razor_imu/launch/razor-pub.launch.py
/home/doozy/ForkLift_AMR/install/ros2_razor_imu/share/ros2_razor_imu/launch/razor-pub-diags.launch.py
/home/doozy/ForkLift_AMR/install/ros2_razor_imu/share/ros2_razor_imu/launch/razor-display.launch.py
/home/doozy/ForkLift_AMR/install/ros2_razor_imu/share/ros2_razor_imu/config/razor_diags.yaml
/home/doozy/ForkLift_AMR/install/ros2_razor_imu/share/ros2_razor_imu/config/razor.yaml
/home/doozy/ForkLift_AMR/install/ros2_razor_imu/lib/python3.10/site-packages/ros2_razor_imu-1.2.0-py3.10.egg-info/PKG-INFO
/home/doozy/ForkLift_AMR/install/ros2_razor_imu/lib/python3.10/site-packages/ros2_razor_imu-1.2.0-py3.10.egg-info/requires.txt
/home/doozy/ForkLift_AMR/install/ros2_razor_imu/lib/python3.10/site-packages/ros2_razor_imu-1.2.0-py3.10.egg-info/top_level.txt
/home/doozy/ForkLift_AMR/install/ros2_razor_imu/lib/python3.10/site-packages/ros2_razor_imu-1.2.0-py3.10.egg-info/dependency_links.txt
/home/doozy/ForkLift_AMR/install/ros2_razor_imu/lib/python3.10/site-packages/ros2_razor_imu-1.2.0-py3.10.egg-info/SOURCES.txt
/home/doozy/ForkLift_AMR/install/ros2_razor_imu/lib/python3.10/site-packages/ros2_razor_imu-1.2.0-py3.10.egg-info/entry_points.txt
/home/doozy/ForkLift_AMR/install/ros2_razor_imu/lib/python3.10/site-packages/ros2_razor_imu-1.2.0-py3.10.egg-info/zip-safe
/home/doozy/ForkLift_AMR/install/ros2_razor_imu/lib/ros2_razor_imu/display_3D_visualization_node
/home/doozy/ForkLift_AMR/install/ros2_razor_imu/lib/ros2_razor_imu/imu_node
