[0.212s] Invoking command in '/home/doozy/ForkLift_AMR/build/sick_visionary_t_mini': CMAKE_PREFIX_PATH=${CMAKE_PREFIX_PATH}:/home/doozy/ForkLift_AMR/install/doozy_forklift:/home/doozy/doozy_robotics/doozy_ws_2/install/pallet_docker_02:/home/doozy/doozy_robotics/doozy_ws_2/install/2_t_dolly_logistics_driver:/home/doozy/do_ws/install/task_py:/home/doozy/ros2_ws/install/hotel_package:/home/doozy/ros2_ws/install/deffy:/home/doozy/neuronbot2_ros2_ws/install/neuronbot2_led:/home/doozy/doozy_ws/install/task_py:/home/doozy/turtlebot3_ws/install/turtlebot3_teleop:/home/doozy/turtlebot3_ws/install/turtlebot3_example:/home/doozy/turtlebot3_ws/install/autonomous_tb3:/home/doozy/daimler_tugger/doozy_ws_2/install/pallet_docker_02:/home/doozy/daimler_tugger/doozy_ws_2/install/2_t_dolly_logistics_driver:/opt/ros/humble /usr/bin/cmake /home/doozy/ForkLift_AMR/src/sick_visionary_t_mini -DCMAKE_INSTALL_PREFIX=/home/doozy/ForkLift_AMR/install/sick_visionary_t_mini
[0.267s] -- The C compiler identification is GNU 11.4.0
[0.332s] -- The CXX compiler identification is GNU 11.4.0
[0.341s] -- Detecting C compiler ABI info
[0.400s] -- Detecting C compiler ABI info - done
[0.413s] -- Check for working C compiler: /usr/bin/cc - skipped
[0.413s] -- Detecting C compile features
[0.413s] -- Detecting C compile features - done
[0.418s] -- Detecting CXX compiler ABI info
[0.486s] -- Detecting CXX compiler ABI info - done
[0.493s] -- Check for working CXX compiler: /usr/bin/c++ - skipped
[0.493s] -- Detecting CXX compile features
[0.493s] -- Detecting CXX compile features - done
[0.509s] -- Found ament_cmake: 1.3.8 (/opt/ros/humble/share/ament_cmake/cmake)
[0.870s] -- Found Python3: /usr/bin/python3 (found version "3.10.12") found components: Interpreter 
[1.059s] -- Found std_msgs: 4.2.3 (/opt/ros/humble/share/std_msgs/cmake)
[1.156s] -- Found rosidl_generator_c: 3.1.5 (/opt/ros/humble/share/rosidl_generator_c/cmake)
[1.171s] -- Found rosidl_adapter: 3.1.5 (/opt/ros/humble/share/rosidl_adapter/cmake)
[1.189s] -- Found rosidl_generator_cpp: 3.1.5 (/opt/ros/humble/share/rosidl_generator_cpp/cmake)
[1.217s] -- Using all available rosidl_typesupport_c: rosidl_typesupport_fastrtps_c;rosidl_typesupport_introspection_c
[1.253s] -- Using all available rosidl_typesupport_cpp: rosidl_typesupport_fastrtps_cpp;rosidl_typesupport_introspection_cpp
[1.324s] -- Found geometry_msgs: 4.2.3 (/opt/ros/humble/share/geometry_msgs/cmake)
[1.384s] -- Found rclpy: 3.3.12 (/opt/ros/humble/share/rclpy/cmake)
[1.389s] -- Found rosidl_default_generators: 1.2.0 (/opt/ros/humble/share/rosidl_default_generators/cmake)
[1.415s] -- Found ament_lint_auto: 0.12.10 (/opt/ros/humble/share/ament_lint_auto/cmake)
[1.766s] -- Found ament_cmake_ros: 0.10.0 (/opt/ros/humble/share/ament_cmake_ros/cmake)
[2.183s] -- Using all available rosidl_typesupport_c: rosidl_typesupport_fastrtps_c;rosidl_typesupport_introspection_c
[2.340s] -- Using all available rosidl_typesupport_cpp: rosidl_typesupport_fastrtps_cpp;rosidl_typesupport_introspection_cpp
[2.365s] -- Found PythonInterp: /usr/bin/python3 (found suitable version "3.10.12", minimum required is "3.6") 
[2.371s] -- Found python_cmake_module: 0.10.0 (/opt/ros/humble/share/python_cmake_module/cmake)
[2.400s] -- Found PythonLibs: /usr/lib/x86_64-linux-gnu/libpython3.10.so (found suitable version "3.10.12", minimum required is "3.5") 
[2.400s] -- Using PYTHON_EXECUTABLE: /usr/bin/python3
[2.400s] -- Using PYTHON_INCLUDE_DIRS: /usr/include/python3.10
[2.400s] -- Using PYTHON_LIBRARIES: /usr/lib/x86_64-linux-gnu/libpython3.10.so
[2.423s] -- Found PythonExtra: .so  
[2.525s] -- Added test 'copyright' to check source files copyright and LICENSE
[2.527s] -- Added test 'lint_cmake' to check CMake code style
[2.529s] -- Added test 'xmllint' to check XML markup files
[2.536s] -- Configuring done
[2.561s] -- Generating done
[2.563s] -- Build files have been written to: /home/doozy/ForkLift_AMR/build/sick_visionary_t_mini
[2.570s] Invoked command in '/home/doozy/ForkLift_AMR/build/sick_visionary_t_mini' returned '0': CMAKE_PREFIX_PATH=${CMAKE_PREFIX_PATH}:/home/doozy/ForkLift_AMR/install/doozy_forklift:/home/doozy/doozy_robotics/doozy_ws_2/install/pallet_docker_02:/home/doozy/doozy_robotics/doozy_ws_2/install/2_t_dolly_logistics_driver:/home/doozy/do_ws/install/task_py:/home/doozy/ros2_ws/install/hotel_package:/home/doozy/ros2_ws/install/deffy:/home/doozy/neuronbot2_ros2_ws/install/neuronbot2_led:/home/doozy/doozy_ws/install/task_py:/home/doozy/turtlebot3_ws/install/turtlebot3_teleop:/home/doozy/turtlebot3_ws/install/turtlebot3_example:/home/doozy/turtlebot3_ws/install/autonomous_tb3:/home/doozy/daimler_tugger/doozy_ws_2/install/pallet_docker_02:/home/doozy/daimler_tugger/doozy_ws_2/install/2_t_dolly_logistics_driver:/opt/ros/humble /usr/bin/cmake /home/doozy/ForkLift_AMR/src/sick_visionary_t_mini -DCMAKE_INSTALL_PREFIX=/home/doozy/ForkLift_AMR/install/sick_visionary_t_mini
[2.572s] Invoking command in '/home/doozy/ForkLift_AMR/build/sick_visionary_t_mini': CMAKE_PREFIX_PATH=${CMAKE_PREFIX_PATH}:/home/doozy/ForkLift_AMR/install/doozy_forklift:/home/doozy/doozy_robotics/doozy_ws_2/install/pallet_docker_02:/home/doozy/doozy_robotics/doozy_ws_2/install/2_t_dolly_logistics_driver:/home/doozy/do_ws/install/task_py:/home/doozy/ros2_ws/install/hotel_package:/home/doozy/ros2_ws/install/deffy:/home/doozy/neuronbot2_ros2_ws/install/neuronbot2_led:/home/doozy/doozy_ws/install/task_py:/home/doozy/turtlebot3_ws/install/turtlebot3_teleop:/home/doozy/turtlebot3_ws/install/turtlebot3_example:/home/doozy/turtlebot3_ws/install/autonomous_tb3:/home/doozy/daimler_tugger/doozy_ws_2/install/pallet_docker_02:/home/doozy/daimler_tugger/doozy_ws_2/install/2_t_dolly_logistics_driver:/opt/ros/humble /usr/bin/cmake --build /home/doozy/ForkLift_AMR/build/sick_visionary_t_mini -- -j16 -l16
[2.605s] [  3%] [34m[1mGenerating C code for ROS interfaces[0m
[2.614s] [  6%] [34m[1mGenerating C++ code for ROS interfaces[0m
[2.622s] [  6%] Built target ament_cmake_python_copy_sick_visionary_t_mini
[2.853s] running egg_info
[2.854s] creating sick_visionary_t_mini.egg-info
[2.859s] [  6%] Built target sick_visionary_t_mini__cpp
[2.870s] [  9%] [34m[1mGenerating C++ type support dispatch for ROS interfaces[0m
[2.870s] [ 16%] [34m[1mGenerating C++ introspection for ROS interfaces[0m
[2.870s] [ 16%] [34m[1mGenerating C++ type support for eProsima Fast-RTPS[0m
[2.875s] writing sick_visionary_t_mini.egg-info/PKG-INFO
[2.876s] writing dependency_links to sick_visionary_t_mini.egg-info/dependency_links.txt
[2.876s] writing top-level names to sick_visionary_t_mini.egg-info/top_level.txt
[2.876s] writing manifest file 'sick_visionary_t_mini.egg-info/SOURCES.txt'
[2.879s] [ 19%] [32mBuilding C object CMakeFiles/sick_visionary_t_mini__rosidl_generator_c.dir/rosidl_generator_c/sick_visionary_t_mini/msg/detail/sick_t_mini__functions.c.o[0m
[2.924s] [ 22%] [32m[1mLinking C shared library libsick_visionary_t_mini__rosidl_generator_c.so[0m
[2.937s] reading manifest file 'sick_visionary_t_mini.egg-info/SOURCES.txt'
[2.938s] writing manifest file 'sick_visionary_t_mini.egg-info/SOURCES.txt'
[2.958s] [ 22%] Built target sick_visionary_t_mini__rosidl_generator_c
[2.961s] [ 22%] Built target ament_cmake_python_build_sick_visionary_t_mini_egg
[2.968s] [ 32%] [34m[1mGenerating C type support for eProsima Fast-RTPS[0m
[2.968s] [ 32%] [34m[1mGenerating C introspection for ROS interfaces[0m
[2.968s] [ 32%] [34m[1mGenerating C type support dispatch for ROS interfaces[0m
[3.115s] [ 35%] [32mBuilding CXX object CMakeFiles/sick_visionary_t_mini__rosidl_typesupport_introspection_cpp.dir/rosidl_typesupport_introspection_cpp/sick_visionary_t_mini/msg/detail/sick_t_mini__type_support.cpp.o[0m
[3.127s] [ 38%] [32mBuilding CXX object CMakeFiles/sick_visionary_t_mini__rosidl_typesupport_fastrtps_cpp.dir/rosidl_typesupport_fastrtps_cpp/sick_visionary_t_mini/msg/detail/dds_fastrtps/sick_t_mini__type_support.cpp.o[0m
[3.159s] [ 41%] [32mBuilding CXX object CMakeFiles/sick_visionary_t_mini__rosidl_typesupport_cpp.dir/rosidl_typesupport_cpp/sick_visionary_t_mini/msg/sick_t_mini__type_support.cpp.o[0m
[3.220s] [ 45%] [32mBuilding CXX object CMakeFiles/sick_visionary_t_mini__rosidl_typesupport_c.dir/rosidl_typesupport_c/sick_visionary_t_mini/msg/sick_t_mini__type_support.cpp.o[0m
[3.224s] [ 48%] [32mBuilding C object CMakeFiles/sick_visionary_t_mini__rosidl_typesupport_introspection_c.dir/rosidl_typesupport_introspection_c/sick_visionary_t_mini/msg/detail/sick_t_mini__type_support.c.o[0m
[3.227s] [ 51%] [32mBuilding CXX object CMakeFiles/sick_visionary_t_mini__rosidl_typesupport_fastrtps_c.dir/rosidl_typesupport_fastrtps_c/sick_visionary_t_mini/msg/detail/sick_t_mini__type_support_c.cpp.o[0m
[3.252s] [ 54%] [32m[1mLinking CXX shared library libsick_visionary_t_mini__rosidl_typesupport_c.so[0m
[3.275s] [ 58%] [32m[1mLinking C shared library libsick_visionary_t_mini__rosidl_typesupport_introspection_c.so[0m
[3.306s] [ 58%] Built target sick_visionary_t_mini__rosidl_typesupport_c
[3.318s] [ 58%] Built target sick_visionary_t_mini__rosidl_typesupport_introspection_c
[3.399s] [ 61%] [32m[1mLinking CXX shared library libsick_visionary_t_mini__rosidl_typesupport_cpp.so[0m
[3.435s] [ 61%] Built target sick_visionary_t_mini__rosidl_typesupport_cpp
[3.463s] [ 64%] [32m[1mLinking CXX shared library libsick_visionary_t_mini__rosidl_typesupport_introspection_cpp.so[0m
[3.510s] [ 67%] [32m[1mLinking CXX shared library libsick_visionary_t_mini__rosidl_typesupport_fastrtps_cpp.so[0m
[3.535s] [ 67%] Built target sick_visionary_t_mini__rosidl_typesupport_introspection_cpp
[3.554s] [ 70%] [32m[1mLinking CXX shared library libsick_visionary_t_mini__rosidl_typesupport_fastrtps_c.so[0m
[3.578s] [ 70%] Built target sick_visionary_t_mini__rosidl_typesupport_fastrtps_cpp
[3.624s] [ 70%] Built target sick_visionary_t_mini__rosidl_typesupport_fastrtps_c
[3.642s] [ 70%] Built target sick_visionary_t_mini
[3.661s] [ 74%] [34m[1mGenerating Python code for ROS interfaces[0m
[3.994s] [ 74%] Built target sick_visionary_t_mini__py
[4.013s] [ 77%] [32mBuilding C object CMakeFiles/sick_visionary_t_mini__rosidl_generator_py.dir/rosidl_generator_py/sick_visionary_t_mini/msg/_sick_t_mini_s.c.o[0m
[4.101s] [ 80%] [32m[1mLinking C shared library rosidl_generator_py/sick_visionary_t_mini/libsick_visionary_t_mini__rosidl_generator_py.so[0m
[4.137s] [ 80%] Built target sick_visionary_t_mini__rosidl_generator_py
[4.158s] [ 87%] [32mBuilding C object CMakeFiles/sick_visionary_t_mini__rosidl_typesupport_fastrtps_c__pyext.dir/rosidl_generator_py/sick_visionary_t_mini/_sick_visionary_t_mini_s.ep.rosidl_typesupport_fastrtps_c.c.o[0m
[4.158s] [ 87%] [32mBuilding C object CMakeFiles/sick_visionary_t_mini__rosidl_typesupport_introspection_c__pyext.dir/rosidl_generator_py/sick_visionary_t_mini/_sick_visionary_t_mini_s.ep.rosidl_typesupport_introspection_c.c.o[0m
[4.158s] [ 90%] [32mBuilding C object CMakeFiles/sick_visionary_t_mini__rosidl_typesupport_c__pyext.dir/rosidl_generator_py/sick_visionary_t_mini/_sick_visionary_t_mini_s.ep.rosidl_typesupport_c.c.o[0m
[4.237s] [ 93%] [32m[1mLinking C shared library rosidl_generator_py/sick_visionary_t_mini/sick_visionary_t_mini_s__rosidl_typesupport_fastrtps_c.cpython-310-x86_64-linux-gnu.so[0m
[4.237s] [ 96%] [32m[1mLinking C shared library rosidl_generator_py/sick_visionary_t_mini/sick_visionary_t_mini_s__rosidl_typesupport_c.cpython-310-x86_64-linux-gnu.so[0m
[4.238s] [100%] [32m[1mLinking C shared library rosidl_generator_py/sick_visionary_t_mini/sick_visionary_t_mini_s__rosidl_typesupport_introspection_c.cpython-310-x86_64-linux-gnu.so[0m
[4.270s] [100%] Built target sick_visionary_t_mini__rosidl_typesupport_fastrtps_c__pyext
[4.270s] [100%] Built target sick_visionary_t_mini__rosidl_typesupport_c__pyext
[4.270s] [100%] Built target sick_visionary_t_mini__rosidl_typesupport_introspection_c__pyext
[4.280s] Invoked command in '/home/doozy/ForkLift_AMR/build/sick_visionary_t_mini' returned '0': CMAKE_PREFIX_PATH=${CMAKE_PREFIX_PATH}:/home/doozy/ForkLift_AMR/install/doozy_forklift:/home/doozy/doozy_robotics/doozy_ws_2/install/pallet_docker_02:/home/doozy/doozy_robotics/doozy_ws_2/install/2_t_dolly_logistics_driver:/home/doozy/do_ws/install/task_py:/home/doozy/ros2_ws/install/hotel_package:/home/doozy/ros2_ws/install/deffy:/home/doozy/neuronbot2_ros2_ws/install/neuronbot2_led:/home/doozy/doozy_ws/install/task_py:/home/doozy/turtlebot3_ws/install/turtlebot3_teleop:/home/doozy/turtlebot3_ws/install/turtlebot3_example:/home/doozy/turtlebot3_ws/install/autonomous_tb3:/home/doozy/daimler_tugger/doozy_ws_2/install/pallet_docker_02:/home/doozy/daimler_tugger/doozy_ws_2/install/2_t_dolly_logistics_driver:/opt/ros/humble /usr/bin/cmake --build /home/doozy/ForkLift_AMR/build/sick_visionary_t_mini -- -j16 -l16
[4.348s] Invoking command in '/home/doozy/ForkLift_AMR/build/sick_visionary_t_mini': CMAKE_PREFIX_PATH=${CMAKE_PREFIX_PATH}:/home/doozy/ForkLift_AMR/install/doozy_forklift:/home/doozy/doozy_robotics/doozy_ws_2/install/pallet_docker_02:/home/doozy/doozy_robotics/doozy_ws_2/install/2_t_dolly_logistics_driver:/home/doozy/do_ws/install/task_py:/home/doozy/ros2_ws/install/hotel_package:/home/doozy/ros2_ws/install/deffy:/home/doozy/neuronbot2_ros2_ws/install/neuronbot2_led:/home/doozy/doozy_ws/install/task_py:/home/doozy/turtlebot3_ws/install/turtlebot3_teleop:/home/doozy/turtlebot3_ws/install/turtlebot3_example:/home/doozy/turtlebot3_ws/install/autonomous_tb3:/home/doozy/daimler_tugger/doozy_ws_2/install/pallet_docker_02:/home/doozy/daimler_tugger/doozy_ws_2/install/2_t_dolly_logistics_driver:/opt/ros/humble /usr/bin/cmake --install /home/doozy/ForkLift_AMR/build/sick_visionary_t_mini
[4.354s] -- Install configuration: ""
[4.355s] -- Installing: /home/doozy/ForkLift_AMR/install/sick_visionary_t_mini/share/ament_index/resource_index/rosidl_interfaces/sick_visionary_t_mini
[4.355s] -- Installing: /home/doozy/ForkLift_AMR/install/sick_visionary_t_mini/include/sick_visionary_t_mini/sick_visionary_t_mini
[4.355s] -- Installing: /home/doozy/ForkLift_AMR/install/sick_visionary_t_mini/include/sick_visionary_t_mini/sick_visionary_t_mini/msg
[4.355s] -- Installing: /home/doozy/ForkLift_AMR/install/sick_visionary_t_mini/include/sick_visionary_t_mini/sick_visionary_t_mini/msg/detail
[4.355s] -- Installing: /home/doozy/ForkLift_AMR/install/sick_visionary_t_mini/include/sick_visionary_t_mini/sick_visionary_t_mini/msg/detail/sick_t_mini__struct.h
[4.355s] -- Installing: /home/doozy/ForkLift_AMR/install/sick_visionary_t_mini/include/sick_visionary_t_mini/sick_visionary_t_mini/msg/detail/sick_t_mini__functions.c
[4.355s] -- Installing: /home/doozy/ForkLift_AMR/install/sick_visionary_t_mini/include/sick_visionary_t_mini/sick_visionary_t_mini/msg/detail/sick_t_mini__type_support.h
[4.355s] -- Installing: /home/doozy/ForkLift_AMR/install/sick_visionary_t_mini/include/sick_visionary_t_mini/sick_visionary_t_mini/msg/detail/sick_t_mini__functions.h
[4.355s] -- Installing: /home/doozy/ForkLift_AMR/install/sick_visionary_t_mini/include/sick_visionary_t_mini/sick_visionary_t_mini/msg/rosidl_generator_c__visibility_control.h
[4.355s] -- Installing: /home/doozy/ForkLift_AMR/install/sick_visionary_t_mini/include/sick_visionary_t_mini/sick_visionary_t_mini/msg/sick_t_mini.h
[4.355s] -- Installing: /home/doozy/ForkLift_AMR/install/sick_visionary_t_mini/share/sick_visionary_t_mini/environment/library_path.sh
[4.355s] -- Installing: /home/doozy/ForkLift_AMR/install/sick_visionary_t_mini/share/sick_visionary_t_mini/environment/library_path.dsv
[4.355s] -- Installing: /home/doozy/ForkLift_AMR/install/sick_visionary_t_mini/lib/libsick_visionary_t_mini__rosidl_generator_c.so
[4.356s] -- Set runtime path of "/home/doozy/ForkLift_AMR/install/sick_visionary_t_mini/lib/libsick_visionary_t_mini__rosidl_generator_c.so" to ""
[4.356s] -- Up-to-date: /home/doozy/ForkLift_AMR/install/sick_visionary_t_mini/include/sick_visionary_t_mini/sick_visionary_t_mini
[4.356s] -- Up-to-date: /home/doozy/ForkLift_AMR/install/sick_visionary_t_mini/include/sick_visionary_t_mini/sick_visionary_t_mini/msg
[4.356s] -- Up-to-date: /home/doozy/ForkLift_AMR/install/sick_visionary_t_mini/include/sick_visionary_t_mini/sick_visionary_t_mini/msg/detail
[4.356s] -- Installing: /home/doozy/ForkLift_AMR/install/sick_visionary_t_mini/include/sick_visionary_t_mini/sick_visionary_t_mini/msg/detail/sick_t_mini__rosidl_typesupport_fastrtps_c.h
[4.356s] -- Installing: /home/doozy/ForkLift_AMR/install/sick_visionary_t_mini/include/sick_visionary_t_mini/sick_visionary_t_mini/msg/rosidl_typesupport_fastrtps_c__visibility_control.h
[4.356s] -- Installing: /home/doozy/ForkLift_AMR/install/sick_visionary_t_mini/lib/libsick_visionary_t_mini__rosidl_typesupport_fastrtps_c.so
[4.357s] -- Set runtime path of "/home/doozy/ForkLift_AMR/install/sick_visionary_t_mini/lib/libsick_visionary_t_mini__rosidl_typesupport_fastrtps_c.so" to ""
[4.357s] -- Up-to-date: /home/doozy/ForkLift_AMR/install/sick_visionary_t_mini/include/sick_visionary_t_mini/sick_visionary_t_mini
[4.357s] -- Up-to-date: /home/doozy/ForkLift_AMR/install/sick_visionary_t_mini/include/sick_visionary_t_mini/sick_visionary_t_mini/msg
[4.357s] -- Up-to-date: /home/doozy/ForkLift_AMR/install/sick_visionary_t_mini/include/sick_visionary_t_mini/sick_visionary_t_mini/msg/detail
[4.357s] -- Installing: /home/doozy/ForkLift_AMR/install/sick_visionary_t_mini/include/sick_visionary_t_mini/sick_visionary_t_mini/msg/detail/sick_t_mini__traits.hpp
[4.357s] -- Installing: /home/doozy/ForkLift_AMR/install/sick_visionary_t_mini/include/sick_visionary_t_mini/sick_visionary_t_mini/msg/detail/sick_t_mini__builder.hpp
[4.357s] -- Installing: /home/doozy/ForkLift_AMR/install/sick_visionary_t_mini/include/sick_visionary_t_mini/sick_visionary_t_mini/msg/detail/sick_t_mini__struct.hpp
[4.357s] -- Installing: /home/doozy/ForkLift_AMR/install/sick_visionary_t_mini/include/sick_visionary_t_mini/sick_visionary_t_mini/msg/sick_t_mini.hpp
[4.357s] -- Up-to-date: /home/doozy/ForkLift_AMR/install/sick_visionary_t_mini/include/sick_visionary_t_mini/sick_visionary_t_mini
[4.357s] -- Up-to-date: /home/doozy/ForkLift_AMR/install/sick_visionary_t_mini/include/sick_visionary_t_mini/sick_visionary_t_mini/msg
[4.357s] -- Installing: /home/doozy/ForkLift_AMR/install/sick_visionary_t_mini/include/sick_visionary_t_mini/sick_visionary_t_mini/msg/rosidl_typesupport_fastrtps_cpp__visibility_control.h
[4.357s] -- Up-to-date: /home/doozy/ForkLift_AMR/install/sick_visionary_t_mini/include/sick_visionary_t_mini/sick_visionary_t_mini/msg/detail
[4.357s] -- Installing: /home/doozy/ForkLift_AMR/install/sick_visionary_t_mini/include/sick_visionary_t_mini/sick_visionary_t_mini/msg/detail/dds_fastrtps
[4.357s] -- Installing: /home/doozy/ForkLift_AMR/install/sick_visionary_t_mini/include/sick_visionary_t_mini/sick_visionary_t_mini/msg/detail/sick_t_mini__rosidl_typesupport_fastrtps_cpp.hpp
[4.358s] -- Installing: /home/doozy/ForkLift_AMR/install/sick_visionary_t_mini/lib/libsick_visionary_t_mini__rosidl_typesupport_fastrtps_cpp.so
[4.358s] -- Set runtime path of "/home/doozy/ForkLift_AMR/install/sick_visionary_t_mini/lib/libsick_visionary_t_mini__rosidl_typesupport_fastrtps_cpp.so" to ""
[4.358s] -- Up-to-date: /home/doozy/ForkLift_AMR/install/sick_visionary_t_mini/include/sick_visionary_t_mini/sick_visionary_t_mini
[4.358s] -- Up-to-date: /home/doozy/ForkLift_AMR/install/sick_visionary_t_mini/include/sick_visionary_t_mini/sick_visionary_t_mini/msg
[4.358s] -- Installing: /home/doozy/ForkLift_AMR/install/sick_visionary_t_mini/include/sick_visionary_t_mini/sick_visionary_t_mini/msg/rosidl_typesupport_introspection_c__visibility_control.h
[4.358s] -- Up-to-date: /home/doozy/ForkLift_AMR/install/sick_visionary_t_mini/include/sick_visionary_t_mini/sick_visionary_t_mini/msg/detail
[4.359s] -- Installing: /home/doozy/ForkLift_AMR/install/sick_visionary_t_mini/include/sick_visionary_t_mini/sick_visionary_t_mini/msg/detail/sick_t_mini__rosidl_typesupport_introspection_c.h
[4.359s] -- Installing: /home/doozy/ForkLift_AMR/install/sick_visionary_t_mini/include/sick_visionary_t_mini/sick_visionary_t_mini/msg/detail/sick_t_mini__type_support.c
[4.359s] -- Installing: /home/doozy/ForkLift_AMR/install/sick_visionary_t_mini/lib/libsick_visionary_t_mini__rosidl_typesupport_introspection_c.so
[4.359s] -- Set runtime path of "/home/doozy/ForkLift_AMR/install/sick_visionary_t_mini/lib/libsick_visionary_t_mini__rosidl_typesupport_introspection_c.so" to ""
[4.359s] -- Installing: /home/doozy/ForkLift_AMR/install/sick_visionary_t_mini/lib/libsick_visionary_t_mini__rosidl_typesupport_c.so
[4.359s] -- Set runtime path of "/home/doozy/ForkLift_AMR/install/sick_visionary_t_mini/lib/libsick_visionary_t_mini__rosidl_typesupport_c.so" to ""
[4.360s] -- Up-to-date: /home/doozy/ForkLift_AMR/install/sick_visionary_t_mini/include/sick_visionary_t_mini/sick_visionary_t_mini
[4.360s] -- Up-to-date: /home/doozy/ForkLift_AMR/install/sick_visionary_t_mini/include/sick_visionary_t_mini/sick_visionary_t_mini/msg
[4.360s] -- Up-to-date: /home/doozy/ForkLift_AMR/install/sick_visionary_t_mini/include/sick_visionary_t_mini/sick_visionary_t_mini/msg/detail
[4.360s] -- Installing: /home/doozy/ForkLift_AMR/install/sick_visionary_t_mini/include/sick_visionary_t_mini/sick_visionary_t_mini/msg/detail/sick_t_mini__rosidl_typesupport_introspection_cpp.hpp
[4.360s] -- Installing: /home/doozy/ForkLift_AMR/install/sick_visionary_t_mini/include/sick_visionary_t_mini/sick_visionary_t_mini/msg/detail/sick_t_mini__type_support.cpp
[4.360s] -- Installing: /home/doozy/ForkLift_AMR/install/sick_visionary_t_mini/lib/libsick_visionary_t_mini__rosidl_typesupport_introspection_cpp.so
[4.360s] -- Set runtime path of "/home/doozy/ForkLift_AMR/install/sick_visionary_t_mini/lib/libsick_visionary_t_mini__rosidl_typesupport_introspection_cpp.so" to ""
[4.360s] -- Installing: /home/doozy/ForkLift_AMR/install/sick_visionary_t_mini/lib/libsick_visionary_t_mini__rosidl_typesupport_cpp.so
[4.361s] -- Set runtime path of "/home/doozy/ForkLift_AMR/install/sick_visionary_t_mini/lib/libsick_visionary_t_mini__rosidl_typesupport_cpp.so" to ""
[4.361s] -- Installing: /home/doozy/ForkLift_AMR/install/sick_visionary_t_mini/share/sick_visionary_t_mini/environment/pythonpath.sh
[4.361s] -- Installing: /home/doozy/ForkLift_AMR/install/sick_visionary_t_mini/share/sick_visionary_t_mini/environment/pythonpath.dsv
[4.361s] -- Installing: /home/doozy/ForkLift_AMR/install/sick_visionary_t_mini/local/lib/python3.10/dist-packages/sick_visionary_t_mini-0.0.0-py3.10.egg-info
[4.361s] -- Installing: /home/doozy/ForkLift_AMR/install/sick_visionary_t_mini/local/lib/python3.10/dist-packages/sick_visionary_t_mini-0.0.0-py3.10.egg-info/PKG-INFO
[4.361s] -- Installing: /home/doozy/ForkLift_AMR/install/sick_visionary_t_mini/local/lib/python3.10/dist-packages/sick_visionary_t_mini-0.0.0-py3.10.egg-info/top_level.txt
[4.361s] -- Installing: /home/doozy/ForkLift_AMR/install/sick_visionary_t_mini/local/lib/python3.10/dist-packages/sick_visionary_t_mini-0.0.0-py3.10.egg-info/dependency_links.txt
[4.361s] -- Installing: /home/doozy/ForkLift_AMR/install/sick_visionary_t_mini/local/lib/python3.10/dist-packages/sick_visionary_t_mini-0.0.0-py3.10.egg-info/SOURCES.txt
[4.362s] -- Installing: /home/doozy/ForkLift_AMR/install/sick_visionary_t_mini/local/lib/python3.10/dist-packages/sick_visionary_t_mini
[4.362s] -- Installing: /home/doozy/ForkLift_AMR/install/sick_visionary_t_mini/local/lib/python3.10/dist-packages/sick_visionary_t_mini/msg
[4.362s] -- Installing: /home/doozy/ForkLift_AMR/install/sick_visionary_t_mini/local/lib/python3.10/dist-packages/sick_visionary_t_mini/msg/_sick_t_mini_s.c
[4.362s] -- Installing: /home/doozy/ForkLift_AMR/install/sick_visionary_t_mini/local/lib/python3.10/dist-packages/sick_visionary_t_mini/msg/__init__.py
[4.362s] -- Installing: /home/doozy/ForkLift_AMR/install/sick_visionary_t_mini/local/lib/python3.10/dist-packages/sick_visionary_t_mini/msg/_sick_t_mini.py
[4.362s] -- Installing: /home/doozy/ForkLift_AMR/install/sick_visionary_t_mini/local/lib/python3.10/dist-packages/sick_visionary_t_mini/sick_visionary_t_mini_s__rosidl_typesupport_c.cpython-310-x86_64-linux-gnu.so
[4.362s] -- Installing: /home/doozy/ForkLift_AMR/install/sick_visionary_t_mini/local/lib/python3.10/dist-packages/sick_visionary_t_mini/sick_visionary_t_mini_s__rosidl_typesupport_fastrtps_c.cpython-310-x86_64-linux-gnu.so
[4.362s] -- Installing: /home/doozy/ForkLift_AMR/install/sick_visionary_t_mini/local/lib/python3.10/dist-packages/sick_visionary_t_mini/sick_visionary_t_mini_s__rosidl_typesupport_introspection_c.cpython-310-x86_64-linux-gnu.so
[4.362s] -- Installing: /home/doozy/ForkLift_AMR/install/sick_visionary_t_mini/local/lib/python3.10/dist-packages/sick_visionary_t_mini/libsick_visionary_t_mini__rosidl_generator_py.so
[4.363s] -- Installing: /home/doozy/ForkLift_AMR/install/sick_visionary_t_mini/local/lib/python3.10/dist-packages/sick_visionary_t_mini/_sick_visionary_t_mini_s.ep.rosidl_typesupport_fastrtps_c.c
[4.363s] -- Installing: /home/doozy/ForkLift_AMR/install/sick_visionary_t_mini/local/lib/python3.10/dist-packages/sick_visionary_t_mini/__init__.py
[4.363s] -- Installing: /home/doozy/ForkLift_AMR/install/sick_visionary_t_mini/local/lib/python3.10/dist-packages/sick_visionary_t_mini/_sick_visionary_t_mini_s.ep.rosidl_typesupport_c.c
[4.363s] -- Installing: /home/doozy/ForkLift_AMR/install/sick_visionary_t_mini/local/lib/python3.10/dist-packages/sick_visionary_t_mini/_sick_visionary_t_mini_s.ep.rosidl_typesupport_introspection_c.c
[4.407s] Listing '/home/doozy/ForkLift_AMR/install/sick_visionary_t_mini/local/lib/python3.10/dist-packages/sick_visionary_t_mini'...
[4.407s] Compiling '/home/doozy/ForkLift_AMR/install/sick_visionary_t_mini/local/lib/python3.10/dist-packages/sick_visionary_t_mini/__init__.py'...
[4.407s] Listing '/home/doozy/ForkLift_AMR/install/sick_visionary_t_mini/local/lib/python3.10/dist-packages/sick_visionary_t_mini/msg'...
[4.407s] Compiling '/home/doozy/ForkLift_AMR/install/sick_visionary_t_mini/local/lib/python3.10/dist-packages/sick_visionary_t_mini/msg/__init__.py'...
[4.407s] Compiling '/home/doozy/ForkLift_AMR/install/sick_visionary_t_mini/local/lib/python3.10/dist-packages/sick_visionary_t_mini/msg/_sick_t_mini.py'...
[4.413s] -- Installing: /home/doozy/ForkLift_AMR/install/sick_visionary_t_mini/local/lib/python3.10/dist-packages/sick_visionary_t_mini/sick_visionary_t_mini_s__rosidl_typesupport_fastrtps_c.cpython-310-x86_64-linux-gnu.so
[4.413s] -- Set runtime path of "/home/doozy/ForkLift_AMR/install/sick_visionary_t_mini/local/lib/python3.10/dist-packages/sick_visionary_t_mini/sick_visionary_t_mini_s__rosidl_typesupport_fastrtps_c.cpython-310-x86_64-linux-gnu.so" to ""
[4.413s] -- Installing: /home/doozy/ForkLift_AMR/install/sick_visionary_t_mini/local/lib/python3.10/dist-packages/sick_visionary_t_mini/sick_visionary_t_mini_s__rosidl_typesupport_introspection_c.cpython-310-x86_64-linux-gnu.so
[4.414s] -- Set runtime path of "/home/doozy/ForkLift_AMR/install/sick_visionary_t_mini/local/lib/python3.10/dist-packages/sick_visionary_t_mini/sick_visionary_t_mini_s__rosidl_typesupport_introspection_c.cpython-310-x86_64-linux-gnu.so" to ""
[4.414s] -- Installing: /home/doozy/ForkLift_AMR/install/sick_visionary_t_mini/local/lib/python3.10/dist-packages/sick_visionary_t_mini/sick_visionary_t_mini_s__rosidl_typesupport_c.cpython-310-x86_64-linux-gnu.so
[4.414s] -- Set runtime path of "/home/doozy/ForkLift_AMR/install/sick_visionary_t_mini/local/lib/python3.10/dist-packages/sick_visionary_t_mini/sick_visionary_t_mini_s__rosidl_typesupport_c.cpython-310-x86_64-linux-gnu.so" to ""
[4.414s] -- Installing: /home/doozy/ForkLift_AMR/install/sick_visionary_t_mini/lib/libsick_visionary_t_mini__rosidl_generator_py.so
[4.414s] -- Set runtime path of "/home/doozy/ForkLift_AMR/install/sick_visionary_t_mini/lib/libsick_visionary_t_mini__rosidl_generator_py.so" to ""
[4.415s] -- Installing: /home/doozy/ForkLift_AMR/install/sick_visionary_t_mini/share/sick_visionary_t_mini/msg/SickTMini.idl
[4.415s] -- Installing: /home/doozy/ForkLift_AMR/install/sick_visionary_t_mini/share/sick_visionary_t_mini/msg/SickTMini.msg
[4.415s] -- Installing: /home/doozy/ForkLift_AMR/install/sick_visionary_t_mini/share/ament_index/resource_index/package_run_dependencies/sick_visionary_t_mini
[4.415s] -- Installing: /home/doozy/ForkLift_AMR/install/sick_visionary_t_mini/share/ament_index/resource_index/parent_prefix_path/sick_visionary_t_mini
[4.415s] -- Installing: /home/doozy/ForkLift_AMR/install/sick_visionary_t_mini/share/sick_visionary_t_mini/environment/ament_prefix_path.sh
[4.415s] -- Installing: /home/doozy/ForkLift_AMR/install/sick_visionary_t_mini/share/sick_visionary_t_mini/environment/ament_prefix_path.dsv
[4.415s] -- Installing: /home/doozy/ForkLift_AMR/install/sick_visionary_t_mini/share/sick_visionary_t_mini/environment/path.sh
[4.415s] -- Installing: /home/doozy/ForkLift_AMR/install/sick_visionary_t_mini/share/sick_visionary_t_mini/environment/path.dsv
[4.416s] -- Installing: /home/doozy/ForkLift_AMR/install/sick_visionary_t_mini/share/sick_visionary_t_mini/local_setup.bash
[4.416s] -- Installing: /home/doozy/ForkLift_AMR/install/sick_visionary_t_mini/share/sick_visionary_t_mini/local_setup.sh
[4.416s] -- Installing: /home/doozy/ForkLift_AMR/install/sick_visionary_t_mini/share/sick_visionary_t_mini/local_setup.zsh
[4.416s] -- Installing: /home/doozy/ForkLift_AMR/install/sick_visionary_t_mini/share/sick_visionary_t_mini/local_setup.dsv
[4.416s] -- Installing: /home/doozy/ForkLift_AMR/install/sick_visionary_t_mini/share/sick_visionary_t_mini/package.dsv
[4.416s] -- Installing: /home/doozy/ForkLift_AMR/install/sick_visionary_t_mini/share/ament_index/resource_index/packages/sick_visionary_t_mini
[4.416s] -- Installing: /home/doozy/ForkLift_AMR/install/sick_visionary_t_mini/share/sick_visionary_t_mini/cmake/export_sick_visionary_t_mini__rosidl_generator_cExport.cmake
[4.417s] -- Installing: /home/doozy/ForkLift_AMR/install/sick_visionary_t_mini/share/sick_visionary_t_mini/cmake/export_sick_visionary_t_mini__rosidl_generator_cExport-noconfig.cmake
[4.417s] -- Installing: /home/doozy/ForkLift_AMR/install/sick_visionary_t_mini/share/sick_visionary_t_mini/cmake/export_sick_visionary_t_mini__rosidl_typesupport_fastrtps_cExport.cmake
[4.417s] -- Installing: /home/doozy/ForkLift_AMR/install/sick_visionary_t_mini/share/sick_visionary_t_mini/cmake/export_sick_visionary_t_mini__rosidl_typesupport_fastrtps_cExport-noconfig.cmake
[4.417s] -- Installing: /home/doozy/ForkLift_AMR/install/sick_visionary_t_mini/share/sick_visionary_t_mini/cmake/export_sick_visionary_t_mini__rosidl_generator_cppExport.cmake
[4.417s] -- Installing: /home/doozy/ForkLift_AMR/install/sick_visionary_t_mini/share/sick_visionary_t_mini/cmake/export_sick_visionary_t_mini__rosidl_typesupport_fastrtps_cppExport.cmake
[4.417s] -- Installing: /home/doozy/ForkLift_AMR/install/sick_visionary_t_mini/share/sick_visionary_t_mini/cmake/export_sick_visionary_t_mini__rosidl_typesupport_fastrtps_cppExport-noconfig.cmake
[4.417s] -- Installing: /home/doozy/ForkLift_AMR/install/sick_visionary_t_mini/share/sick_visionary_t_mini/cmake/sick_visionary_t_mini__rosidl_typesupport_introspection_cExport.cmake
[4.418s] -- Installing: /home/doozy/ForkLift_AMR/install/sick_visionary_t_mini/share/sick_visionary_t_mini/cmake/sick_visionary_t_mini__rosidl_typesupport_introspection_cExport-noconfig.cmake
[4.418s] -- Installing: /home/doozy/ForkLift_AMR/install/sick_visionary_t_mini/share/sick_visionary_t_mini/cmake/sick_visionary_t_mini__rosidl_typesupport_cExport.cmake
[4.418s] -- Installing: /home/doozy/ForkLift_AMR/install/sick_visionary_t_mini/share/sick_visionary_t_mini/cmake/sick_visionary_t_mini__rosidl_typesupport_cExport-noconfig.cmake
[4.418s] -- Installing: /home/doozy/ForkLift_AMR/install/sick_visionary_t_mini/share/sick_visionary_t_mini/cmake/sick_visionary_t_mini__rosidl_typesupport_introspection_cppExport.cmake
[4.418s] -- Installing: /home/doozy/ForkLift_AMR/install/sick_visionary_t_mini/share/sick_visionary_t_mini/cmake/sick_visionary_t_mini__rosidl_typesupport_introspection_cppExport-noconfig.cmake
[4.418s] -- Installing: /home/doozy/ForkLift_AMR/install/sick_visionary_t_mini/share/sick_visionary_t_mini/cmake/sick_visionary_t_mini__rosidl_typesupport_cppExport.cmake
[4.418s] -- Installing: /home/doozy/ForkLift_AMR/install/sick_visionary_t_mini/share/sick_visionary_t_mini/cmake/sick_visionary_t_mini__rosidl_typesupport_cppExport-noconfig.cmake
[4.419s] -- Installing: /home/doozy/ForkLift_AMR/install/sick_visionary_t_mini/share/sick_visionary_t_mini/cmake/export_sick_visionary_t_mini__rosidl_generator_pyExport.cmake
[4.419s] -- Installing: /home/doozy/ForkLift_AMR/install/sick_visionary_t_mini/share/sick_visionary_t_mini/cmake/export_sick_visionary_t_mini__rosidl_generator_pyExport-noconfig.cmake
[4.419s] -- Installing: /home/doozy/ForkLift_AMR/install/sick_visionary_t_mini/share/sick_visionary_t_mini/cmake/rosidl_cmake-extras.cmake
[4.419s] -- Installing: /home/doozy/ForkLift_AMR/install/sick_visionary_t_mini/share/sick_visionary_t_mini/cmake/ament_cmake_export_dependencies-extras.cmake
[4.419s] -- Installing: /home/doozy/ForkLift_AMR/install/sick_visionary_t_mini/share/sick_visionary_t_mini/cmake/ament_cmake_export_include_directories-extras.cmake
[4.419s] -- Installing: /home/doozy/ForkLift_AMR/install/sick_visionary_t_mini/share/sick_visionary_t_mini/cmake/ament_cmake_export_libraries-extras.cmake
[4.419s] -- Installing: /home/doozy/ForkLift_AMR/install/sick_visionary_t_mini/share/sick_visionary_t_mini/cmake/ament_cmake_export_targets-extras.cmake
[4.419s] -- Installing: /home/doozy/ForkLift_AMR/install/sick_visionary_t_mini/share/sick_visionary_t_mini/cmake/rosidl_cmake_export_typesupport_targets-extras.cmake
[4.420s] -- Installing: /home/doozy/ForkLift_AMR/install/sick_visionary_t_mini/share/sick_visionary_t_mini/cmake/rosidl_cmake_export_typesupport_libraries-extras.cmake
[4.420s] -- Installing: /home/doozy/ForkLift_AMR/install/sick_visionary_t_mini/share/sick_visionary_t_mini/cmake/sick_visionary_t_miniConfig.cmake
[4.420s] -- Installing: /home/doozy/ForkLift_AMR/install/sick_visionary_t_mini/share/sick_visionary_t_mini/cmake/sick_visionary_t_miniConfig-version.cmake
[4.420s] -- Installing: /home/doozy/ForkLift_AMR/install/sick_visionary_t_mini/share/sick_visionary_t_mini/package.xml
[4.422s] Invoked command in '/home/doozy/ForkLift_AMR/build/sick_visionary_t_mini' returned '0': CMAKE_PREFIX_PATH=${CMAKE_PREFIX_PATH}:/home/doozy/ForkLift_AMR/install/doozy_forklift:/home/doozy/doozy_robotics/doozy_ws_2/install/pallet_docker_02:/home/doozy/doozy_robotics/doozy_ws_2/install/2_t_dolly_logistics_driver:/home/doozy/do_ws/install/task_py:/home/doozy/ros2_ws/install/hotel_package:/home/doozy/ros2_ws/install/deffy:/home/doozy/neuronbot2_ros2_ws/install/neuronbot2_led:/home/doozy/doozy_ws/install/task_py:/home/doozy/turtlebot3_ws/install/turtlebot3_teleop:/home/doozy/turtlebot3_ws/install/turtlebot3_example:/home/doozy/turtlebot3_ws/install/autonomous_tb3:/home/doozy/daimler_tugger/doozy_ws_2/install/pallet_docker_02:/home/doozy/daimler_tugger/doozy_ws_2/install/2_t_dolly_logistics_driver:/opt/ros/humble /usr/bin/cmake --install /home/doozy/ForkLift_AMR/build/sick_visionary_t_mini
