[1.605s] Invoking command in '/home/doozy/ForkLift_AMR/src/turtlebot3/turtlebot3_teleop': PYTHONPATH=/home/doozy/ForkLift_AMR/build/turtlebot3_teleop/prefix_override:/home/doozy/ForkLift_AMR/install/turtlebot3_teleop/lib/python3.10/site-packages:${PYTHONPATH} /usr/bin/python3 -W ignore:setup.py install is deprecated setup.py egg_info --egg-base ../../../build/turtlebot3_teleop build --build-base /home/doozy/ForkLift_AMR/build/turtlebot3_teleop/build install --record /home/doozy/ForkLift_AMR/build/turtlebot3_teleop/install.log --single-version-externally-managed install_data
[1.888s] running egg_info
[1.908s] writing ../../../build/turtlebot3_teleop/turtlebot3_teleop.egg-info/PKG-INFO
[1.909s] writing dependency_links to ../../../build/turtlebot3_teleop/turtlebot3_teleop.egg-info/dependency_links.txt
[1.909s] writing entry points to ../../../build/turtlebot3_teleop/turtlebot3_teleop.egg-info/entry_points.txt
[1.909s] writing requirements to ../../../build/turtlebot3_teleop/turtlebot3_teleop.egg-info/requires.txt
[1.909s] writing top-level names to ../../../build/turtlebot3_teleop/turtlebot3_teleop.egg-info/top_level.txt
[1.951s] reading manifest file '../../../build/turtlebot3_teleop/turtlebot3_teleop.egg-info/SOURCES.txt'
[1.952s] writing manifest file '../../../build/turtlebot3_teleop/turtlebot3_teleop.egg-info/SOURCES.txt'
[1.952s] running build
[1.952s] running build_py
[1.952s] copying turtlebot3_teleop/__init__.py -> /home/doozy/ForkLift_AMR/build/turtlebot3_teleop/build/lib/turtlebot3_teleop
[1.953s] copying turtlebot3_teleop/script/teleop_keyboard.py -> /home/doozy/ForkLift_AMR/build/turtlebot3_teleop/build/lib/turtlebot3_teleop/script
[1.953s] copying turtlebot3_teleop/script/__init__.py -> /home/doozy/ForkLift_AMR/build/turtlebot3_teleop/build/lib/turtlebot3_teleop/script
[1.953s] running install
[1.958s] running install_lib
[1.980s] running install_data
[1.980s] copying resource/turtlebot3_teleop -> /home/doozy/ForkLift_AMR/install/turtlebot3_teleop/share/ament_index/resource_index/packages
[1.980s] copying package.xml -> /home/doozy/ForkLift_AMR/install/turtlebot3_teleop/share/turtlebot3_teleop
[1.980s] running install_egg_info
[2.002s] removing '/home/doozy/ForkLift_AMR/install/turtlebot3_teleop/lib/python3.10/site-packages/turtlebot3_teleop-2.1.5-py3.10.egg-info' (and everything under it)
[2.002s] Copying ../../../build/turtlebot3_teleop/turtlebot3_teleop.egg-info to /home/doozy/ForkLift_AMR/install/turtlebot3_teleop/lib/python3.10/site-packages/turtlebot3_teleop-2.1.5-py3.10.egg-info
[2.003s] running install_scripts
[2.194s] Installing teleop_keyboard script to /home/doozy/ForkLift_AMR/install/turtlebot3_teleop/lib/turtlebot3_teleop
[2.194s] writing list of installed files to '/home/doozy/ForkLift_AMR/build/turtlebot3_teleop/install.log'
[2.217s] Invoked command in '/home/doozy/ForkLift_AMR/src/turtlebot3/turtlebot3_teleop' returned '0': PYTHONPATH=/home/doozy/ForkLift_AMR/build/turtlebot3_teleop/prefix_override:/home/doozy/ForkLift_AMR/install/turtlebot3_teleop/lib/python3.10/site-packages:${PYTHONPATH} /usr/bin/python3 -W ignore:setup.py install is deprecated setup.py egg_info --egg-base ../../../build/turtlebot3_teleop build --build-base /home/doozy/ForkLift_AMR/build/turtlebot3_teleop/build install --record /home/doozy/ForkLift_AMR/build/turtlebot3_teleop/install.log --single-version-externally-managed install_data
