[0.030s] Invoking command in '/home/avinaash/ForkLift_AMR/build/turtlebot3_fake': /usr/bin/cmake /home/avinaash/ForkLift_AMR/src/turtlebot3_simulations/turtlebot3_fake -DCATKIN_INSTALL_INTO_PREFIX_ROOT=0 -DCMAKE_INSTALL_PREFIX=/home/avinaash/ForkLift_AMR/install/turtlebot3_fake
[0.222s] -- The C compiler identification is GNU 9.4.0
[0.341s] -- The CXX compiler identification is GNU 9.4.0
[0.350s] -- Check for working C compiler: /usr/bin/cc
[0.407s] -- Check for working C compiler: /usr/bin/cc -- works
[0.408s] -- Detecting C compiler ABI info
[0.469s] -- Detecting C compiler ABI info - done
[0.480s] -- Detecting C compile features
[0.480s] -- Detecting C compile features - done
[0.483s] -- Check for working CXX compiler: /usr/bin/c++
[0.552s] -- Check for working CXX compiler: /usr/bin/c++ -- works
[0.553s] -- Detecting CXX compiler ABI info
[0.618s] -- Detecting CXX compiler ABI info - done
[0.635s] -- Detecting CXX compile features
[0.636s] -- Detecting CXX compile features - done
[0.646s] CMake Error at CMakeLists.txt:11 (find_package):
[0.646s]   By not providing "Findcatkin.cmake" in CMAKE_MODULE_PATH this project has
[0.646s]   asked CMake to find a package configuration file provided by "catkin", but
[0.646s]   CMake did not find one.
[0.646s] 
[0.647s]   Could not find a package configuration file provided by "catkin" with any
[0.647s]   of the following names:
[0.647s] 
[0.648s]     catkinConfig.cmake
[0.648s]     catkin-config.cmake
[0.649s] 
[0.649s]   Add the installation prefix of "catkin" to CMAKE_PREFIX_PATH or set
[0.649s]   "catkin_DIR" to a directory containing one of the above files.  If "catkin"
[0.649s]   provides a separate development package or SDK, be sure it has been
[0.649s]   installed.
[0.649s] 
[0.649s] 
[0.649s] -- Configuring incomplete, errors occurred!
[0.649s] See also "/home/avinaash/ForkLift_AMR/build/turtlebot3_fake/CMakeFiles/CMakeOutput.log".
[0.658s] Invoked command in '/home/avinaash/ForkLift_AMR/build/turtlebot3_fake' returned '1': /usr/bin/cmake /home/avinaash/ForkLift_AMR/src/turtlebot3_simulations/turtlebot3_fake -DCATKIN_INSTALL_INTO_PREFIX_ROOT=0 -DCMAKE_INSTALL_PREFIX=/home/avinaash/ForkLift_AMR/install/turtlebot3_fake
