[0.176s] Invoking command in '/home/avinaash/ForkLift_AMR/build/forklift_interfaces': CMAKE_PREFIX_PATH=${CMAKE_PREFIX_PATH}:/home/avinaash/ForkLift_AMR/install/doozy_forklift:/opt/ros/galactic /usr/bin/cmake /home/avinaash/ForkLift_AMR/src/forklift_interfaces -DCMAKE_INSTALL_PREFIX=/home/avinaash/ForkLift_AMR/install/forklift_interfaces
[0.327s] -- The C compiler identification is GNU 9.4.0
[0.436s] -- The CXX compiler identification is GNU 9.4.0
[0.449s] -- Check for working C compiler: /usr/bin/cc
[0.517s] -- Check for working C compiler: /usr/bin/cc -- works
[0.519s] -- Detecting C compiler ABI info
[0.590s] -- Detecting C compiler ABI info - done
[0.602s] -- Detecting C compile features
[0.603s] -- Detecting C compile features - done
[0.605s] -- Check for working CXX compiler: /usr/bin/c++
[0.685s] -- Check for working CXX compiler: /usr/bin/c++ -- works
[0.686s] -- Detecting CXX compiler ABI info
[0.764s] -- Detecting CXX compiler ABI info - done
[0.775s] -- Detecting CXX compile features
[0.775s] -- Detecting CXX compile features - done
[0.780s] -- Found ament_cmake: 1.1.6 (/opt/ros/galactic/share/ament_cmake/cmake)
[0.804s] -- Found PythonInterp: /usr/bin/python3 (found suitable version "3.8.10", minimum required is "3") 
[0.804s] -- Using PYTHON_EXECUTABLE: /usr/bin/python3
[0.879s] -- Found rclpy: 1.9.3 (/opt/ros/galactic/share/rclpy/cmake)
[0.880s] -- Found rclcpp: 9.2.2 (/opt/ros/galactic/share/rclcpp/cmake)
[0.924s] -- Using all available rosidl_typesupport_c: rosidl_typesupport_fastrtps_c;rosidl_typesupport_introspection_c
[0.931s] -- Found rosidl_adapter: 2.2.3 (/opt/ros/galactic/share/rosidl_adapter/cmake)
[1.002s] -- Found OpenSSL: /usr/lib/x86_64-linux-gnu/libcrypto.so (found version "1.1.1f")  
[1.026s] -- Found FastRTPS: /opt/ros/galactic/include  
[1.085s] -- Using all available rosidl_typesupport_cpp: rosidl_typesupport_fastrtps_cpp;rosidl_typesupport_introspection_cpp
[1.131s] -- Found rmw_implementation_cmake: 3.3.1 (/opt/ros/galactic/share/rmw_implementation_cmake/cmake)
[1.134s] -- Found rmw_cyclonedds_cpp: 0.22.6 (/opt/ros/galactic/share/rmw_cyclonedds_cpp/cmake)
[1.148s] -- Using RMW implementation 'rmw_cyclonedds_cpp' as default
[1.150s] -- Looking for pthread.h
[1.238s] -- Looking for pthread.h - found
[1.238s] -- Performing Test CMAKE_HAVE_LIBC_PTHREAD
[1.322s] -- Performing Test CMAKE_HAVE_LIBC_PTHREAD - Failed
[1.323s] -- Looking for pthread_create in pthreads
[1.397s] -- Looking for pthread_create in pthreads - not found
[1.398s] -- Looking for pthread_create in pthread
[1.478s] -- Looking for pthread_create in pthread - found
[1.480s] -- Found Threads: TRUE  
[1.589s] -- Found geometry_msgs: 2.2.4 (/opt/ros/galactic/share/geometry_msgs/cmake)
[1.613s] -- Found example_interfaces: 0.9.2 (/opt/ros/galactic/share/example_interfaces/cmake)
[1.688s] -- Found rosidl_default_generators: 1.1.1 (/opt/ros/galactic/share/rosidl_default_generators/cmake)
[1.717s] -- Found PythonInterp: /usr/bin/python3 (found version "3.8.10") 
[1.810s] -- Found ament_cmake_ros: 0.9.2 (/opt/ros/galactic/share/ament_cmake_ros/cmake)
[1.885s] -- Using all available rosidl_typesupport_c: rosidl_typesupport_fastrtps_c;rosidl_typesupport_introspection_c
[1.890s] -- Using all available rosidl_typesupport_cpp: rosidl_typesupport_fastrtps_cpp;rosidl_typesupport_introspection_cpp
[1.913s] -- Found PythonInterp: /usr/bin/python3 (found suitable version "3.8.10", minimum required is "3.5") 
[1.917s] -- Found python_cmake_module: 0.8.1 (/opt/ros/galactic/share/python_cmake_module/cmake)
[1.951s] -- Found PythonLibs: /usr/lib/x86_64-linux-gnu/libpython3.8.so (found suitable version "3.8.10", minimum required is "3.5") 
[1.951s] -- Using PYTHON_EXECUTABLE: /usr/bin/python3
[1.951s] -- Using PYTHON_INCLUDE_DIRS: /usr/include/python3.8
[1.951s] -- Using PYTHON_LIBRARIES: /usr/lib/x86_64-linux-gnu/libpython3.8.so
[1.975s] -- Found PythonExtra: .so  
[2.012s] -- Found ament_lint_auto: 0.10.7 (/opt/ros/galactic/share/ament_lint_auto/cmake)
[2.035s] -- Added test 'copyright' to check source files copyright and LICENSE
[2.036s] -- Added test 'lint_cmake' to check CMake code style
[2.037s] -- Added test 'xmllint' to check XML markup files
[2.041s] -- Configuring done
[2.060s] -- Generating done
[2.062s] -- Build files have been written to: /home/avinaash/ForkLift_AMR/build/forklift_interfaces
[2.073s] Invoked command in '/home/avinaash/ForkLift_AMR/build/forklift_interfaces' returned '0': CMAKE_PREFIX_PATH=${CMAKE_PREFIX_PATH}:/home/avinaash/ForkLift_AMR/install/doozy_forklift:/opt/ros/galactic /usr/bin/cmake /home/avinaash/ForkLift_AMR/src/forklift_interfaces -DCMAKE_INSTALL_PREFIX=/home/avinaash/ForkLift_AMR/install/forklift_interfaces
[2.076s] Invoking command in '/home/avinaash/ForkLift_AMR/build/forklift_interfaces': CMAKE_PREFIX_PATH=${CMAKE_PREFIX_PATH}:/home/avinaash/ForkLift_AMR/install/doozy_forklift:/opt/ros/galactic /usr/bin/cmake --build /home/avinaash/ForkLift_AMR/build/forklift_interfaces -- -j16 -l16
[2.120s] [  3%] [34m[1mGenerating C code for ROS interfaces[0m
[2.120s] [35m[1mScanning dependencies of target forklift_interfaces__cpp[0m
[2.130s] [  6%] [34m[1mGenerating C++ code for ROS interfaces[0m
[2.294s] [35m[1mScanning dependencies of target forklift_interfaces__rosidl_generator_c[0m
[2.294s] [  6%] Built target forklift_interfaces__cpp
[2.305s] [  9%] [34m[1mGenerating C++ type support dispatch for ROS interfaces[0m
[2.305s] [ 16%] [34m[1mGenerating C++ type support for eProsima Fast-RTPS[0m
[2.305s] [ 16%] [34m[1mGenerating C++ introspection for ROS interfaces[0m
[2.306s] [ 19%] [32mBuilding C object CMakeFiles/forklift_interfaces__rosidl_generator_c.dir/rosidl_generator_c/forklift_interfaces/srv/detail/fork_lift_dock__functions.c.o[0m
[2.355s] [ 22%] [32m[1mLinking C shared library libforklift_interfaces__rosidl_generator_c.so[0m
[2.391s] [ 22%] Built target forklift_interfaces__rosidl_generator_c
[2.401s] [ 29%] [34m[1mGenerating C introspection for ROS interfaces[0m
[2.402s] [ 29%] [34m[1mGenerating C type support dispatch for ROS interfaces[0m
[2.456s] [35m[1mScanning dependencies of target forklift_interfaces__rosidl_typesupport_cpp[0m
[2.468s] [35m[1mScanning dependencies of target forklift_interfaces__rosidl_typesupport_introspection_cpp[0m
[2.469s] [ 32%] [32mBuilding CXX object CMakeFiles/forklift_interfaces__rosidl_typesupport_cpp.dir/rosidl_typesupport_cpp/forklift_interfaces/srv/fork_lift_dock__type_support.cpp.o[0m
[2.478s] [35m[1mScanning dependencies of target forklift_interfaces__rosidl_typesupport_fastrtps_cpp[0m
[2.480s] [ 35%] [32mBuilding CXX object CMakeFiles/forklift_interfaces__rosidl_typesupport_introspection_cpp.dir/rosidl_typesupport_introspection_cpp/forklift_interfaces/srv/detail/fork_lift_dock__type_support.cpp.o[0m
[2.506s] [ 38%] [32mBuilding CXX object CMakeFiles/forklift_interfaces__rosidl_typesupport_fastrtps_cpp.dir/rosidl_typesupport_fastrtps_cpp/forklift_interfaces/srv/detail/dds_fastrtps/fork_lift_dock__type_support.cpp.o[0m
[2.556s] [35m[1mScanning dependencies of target forklift_interfaces__rosidl_typesupport_c[0m
[2.570s] [ 41%] [32mBuilding CXX object CMakeFiles/forklift_interfaces__rosidl_typesupport_c.dir/rosidl_typesupport_c/forklift_interfaces/srv/fork_lift_dock__type_support.cpp.o[0m
[2.573s] [35m[1mScanning dependencies of target forklift_interfaces__rosidl_typesupport_introspection_c[0m
[2.588s] [ 45%] [32mBuilding C object CMakeFiles/forklift_interfaces__rosidl_typesupport_introspection_c.dir/rosidl_typesupport_introspection_c/forklift_interfaces/srv/detail/fork_lift_dock__type_support.c.o[0m
[2.600s] [ 48%] [32m[1mLinking CXX shared library libforklift_interfaces__rosidl_typesupport_c.so[0m
[2.616s] [ 51%] [32m[1mLinking C shared library libforklift_interfaces__rosidl_typesupport_introspection_c.so[0m
[2.634s] [ 51%] Built target forklift_interfaces__rosidl_typesupport_c
[2.640s] [ 51%] Built target forklift_interfaces__rosidl_typesupport_introspection_c
[2.695s] [ 54%] [32m[1mLinking CXX shared library libforklift_interfaces__rosidl_typesupport_cpp.so[0m
[2.706s] [ 58%] [32m[1mLinking CXX shared library libforklift_interfaces__rosidl_typesupport_introspection_cpp.so[0m
[2.731s] [ 58%] Built target forklift_interfaces__rosidl_typesupport_cpp
[2.742s] [ 58%] Built target forklift_interfaces__rosidl_typesupport_introspection_cpp
[2.814s] [ 61%] [32m[1mLinking CXX shared library libforklift_interfaces__rosidl_typesupport_fastrtps_cpp.so[0m
[2.882s] [ 61%] Built target forklift_interfaces__rosidl_typesupport_fastrtps_cpp
[2.890s] [ 64%] [34m[1mGenerating C type support for eProsima Fast-RTPS[0m
[3.036s] [35m[1mScanning dependencies of target forklift_interfaces__rosidl_typesupport_fastrtps_c[0m
[3.050s] [ 67%] [32mBuilding CXX object CMakeFiles/forklift_interfaces__rosidl_typesupport_fastrtps_c.dir/rosidl_typesupport_fastrtps_c/forklift_interfaces/srv/detail/fork_lift_dock__type_support_c.cpp.o[0m
[3.281s] [ 70%] [32m[1mLinking CXX shared library libforklift_interfaces__rosidl_typesupport_fastrtps_c.so[0m
[3.347s] [ 70%] Built target forklift_interfaces__rosidl_typesupport_fastrtps_c
[3.358s] [35m[1mScanning dependencies of target forklift_interfaces[0m
[3.369s] [ 70%] Built target forklift_interfaces
[3.380s] [35m[1mScanning dependencies of target forklift_interfaces__py[0m
[3.390s] [ 74%] [34m[1mGenerating Python code for ROS interfaces[0m
[3.718s] [ 74%] Built target forklift_interfaces__py
[3.730s] [35m[1mScanning dependencies of target forklift_interfaces__python[0m
[3.761s] [ 77%] [32mBuilding C object CMakeFiles/forklift_interfaces__python.dir/rosidl_generator_py/forklift_interfaces/srv/_fork_lift_dock_s.c.o[0m
[3.835s] [ 80%] [32m[1mLinking C shared library rosidl_generator_py/forklift_interfaces/libforklift_interfaces__python.so[0m
[3.868s] [ 80%] Built target forklift_interfaces__python
[3.880s] [35m[1mScanning dependencies of target forklift_interfaces__rosidl_typesupport_fastrtps_c__pyext[0m
[3.880s] [35m[1mScanning dependencies of target forklift_interfaces__rosidl_typesupport_c__pyext[0m
[3.881s] [35m[1mScanning dependencies of target forklift_interfaces__rosidl_typesupport_introspection_c__pyext[0m
[3.893s] [ 87%] [32mBuilding C object CMakeFiles/forklift_interfaces__rosidl_typesupport_introspection_c__pyext.dir/rosidl_generator_py/forklift_interfaces/_forklift_interfaces_s.ep.rosidl_typesupport_introspection_c.c.o[0m
[3.894s] [ 87%] [32mBuilding C object CMakeFiles/forklift_interfaces__rosidl_typesupport_c__pyext.dir/rosidl_generator_py/forklift_interfaces/_forklift_interfaces_s.ep.rosidl_typesupport_c.c.o[0m
[3.895s] [ 90%] [32mBuilding C object CMakeFiles/forklift_interfaces__rosidl_typesupport_fastrtps_c__pyext.dir/rosidl_generator_py/forklift_interfaces/_forklift_interfaces_s.ep.rosidl_typesupport_fastrtps_c.c.o[0m
[3.948s] [ 93%] [32m[1mLinking C shared library rosidl_generator_py/forklift_interfaces/forklift_interfaces_s__rosidl_typesupport_c.cpython-38-x86_64-linux-gnu.so[0m
[3.949s] [ 96%] [32m[1mLinking CXX shared library rosidl_generator_py/forklift_interfaces/forklift_interfaces_s__rosidl_typesupport_fastrtps_c.cpython-38-x86_64-linux-gnu.so[0m
[3.951s] [100%] [32m[1mLinking C shared library rosidl_generator_py/forklift_interfaces/forklift_interfaces_s__rosidl_typesupport_introspection_c.cpython-38-x86_64-linux-gnu.so[0m
[3.975s] [100%] Built target forklift_interfaces__rosidl_typesupport_introspection_c__pyext
[3.984s] [100%] Built target forklift_interfaces__rosidl_typesupport_c__pyext
[3.994s] [100%] Built target forklift_interfaces__rosidl_typesupport_fastrtps_c__pyext
[4.007s] Invoked command in '/home/avinaash/ForkLift_AMR/build/forklift_interfaces' returned '0': CMAKE_PREFIX_PATH=${CMAKE_PREFIX_PATH}:/home/avinaash/ForkLift_AMR/install/doozy_forklift:/opt/ros/galactic /usr/bin/cmake --build /home/avinaash/ForkLift_AMR/build/forklift_interfaces -- -j16 -l16
[4.061s] Invoking command in '/home/avinaash/ForkLift_AMR/build/forklift_interfaces': CMAKE_PREFIX_PATH=${CMAKE_PREFIX_PATH}:/home/avinaash/ForkLift_AMR/install/doozy_forklift:/opt/ros/galactic /usr/bin/cmake --install /home/avinaash/ForkLift_AMR/build/forklift_interfaces
[4.067s] -- Install configuration: ""
[4.067s] -- Installing: /home/avinaash/ForkLift_AMR/install/forklift_interfaces/share/ament_index/resource_index/rosidl_interfaces/forklift_interfaces
[4.068s] -- Installing: /home/avinaash/ForkLift_AMR/install/forklift_interfaces/include/forklift_interfaces
[4.068s] -- Installing: /home/avinaash/ForkLift_AMR/install/forklift_interfaces/include/forklift_interfaces/srv
[4.068s] -- Installing: /home/avinaash/ForkLift_AMR/install/forklift_interfaces/include/forklift_interfaces/srv/detail
[4.068s] -- Installing: /home/avinaash/ForkLift_AMR/install/forklift_interfaces/include/forklift_interfaces/srv/detail/fork_lift_dock__struct.h
[4.068s] -- Installing: /home/avinaash/ForkLift_AMR/install/forklift_interfaces/include/forklift_interfaces/srv/detail/fork_lift_dock__functions.h
[4.068s] -- Installing: /home/avinaash/ForkLift_AMR/install/forklift_interfaces/include/forklift_interfaces/srv/detail/fork_lift_dock__functions.c
[4.068s] -- Installing: /home/avinaash/ForkLift_AMR/install/forklift_interfaces/include/forklift_interfaces/srv/detail/fork_lift_dock__type_support.h
[4.068s] -- Installing: /home/avinaash/ForkLift_AMR/install/forklift_interfaces/include/forklift_interfaces/srv/fork_lift_dock.h
[4.068s] -- Installing: /home/avinaash/ForkLift_AMR/install/forklift_interfaces/include/forklift_interfaces/msg
[4.068s] -- Installing: /home/avinaash/ForkLift_AMR/install/forklift_interfaces/include/forklift_interfaces/msg/rosidl_generator_c__visibility_control.h
[4.069s] -- Installing: /home/avinaash/ForkLift_AMR/install/forklift_interfaces/share/forklift_interfaces/environment/library_path.sh
[4.069s] -- Installing: /home/avinaash/ForkLift_AMR/install/forklift_interfaces/share/forklift_interfaces/environment/library_path.dsv
[4.069s] -- Installing: /home/avinaash/ForkLift_AMR/install/forklift_interfaces/lib/libforklift_interfaces__rosidl_generator_c.so
[4.069s] -- Set runtime path of "/home/avinaash/ForkLift_AMR/install/forklift_interfaces/lib/libforklift_interfaces__rosidl_generator_c.so" to ""
[4.069s] -- Up-to-date: /home/avinaash/ForkLift_AMR/install/forklift_interfaces/include/forklift_interfaces
[4.069s] -- Up-to-date: /home/avinaash/ForkLift_AMR/install/forklift_interfaces/include/forklift_interfaces/srv
[4.069s] -- Up-to-date: /home/avinaash/ForkLift_AMR/install/forklift_interfaces/include/forklift_interfaces/srv/detail
[4.069s] -- Installing: /home/avinaash/ForkLift_AMR/install/forklift_interfaces/include/forklift_interfaces/srv/detail/fork_lift_dock__rosidl_typesupport_fastrtps_c.h
[4.069s] -- Up-to-date: /home/avinaash/ForkLift_AMR/install/forklift_interfaces/include/forklift_interfaces/msg
[4.069s] -- Installing: /home/avinaash/ForkLift_AMR/install/forklift_interfaces/include/forklift_interfaces/msg/rosidl_typesupport_fastrtps_c__visibility_control.h
[4.069s] -- Installing: /home/avinaash/ForkLift_AMR/install/forklift_interfaces/lib/libforklift_interfaces__rosidl_typesupport_fastrtps_c.so
[4.070s] -- Set runtime path of "/home/avinaash/ForkLift_AMR/install/forklift_interfaces/lib/libforklift_interfaces__rosidl_typesupport_fastrtps_c.so" to ""
[4.070s] -- Up-to-date: /home/avinaash/ForkLift_AMR/install/forklift_interfaces/include/forklift_interfaces
[4.070s] -- Up-to-date: /home/avinaash/ForkLift_AMR/install/forklift_interfaces/include/forklift_interfaces/srv
[4.070s] -- Up-to-date: /home/avinaash/ForkLift_AMR/install/forklift_interfaces/include/forklift_interfaces/srv/detail
[4.070s] -- Installing: /home/avinaash/ForkLift_AMR/install/forklift_interfaces/include/forklift_interfaces/srv/detail/dds_fastrtps
[4.070s] -- Installing: /home/avinaash/ForkLift_AMR/install/forklift_interfaces/include/forklift_interfaces/srv/detail/fork_lift_dock__rosidl_typesupport_fastrtps_cpp.hpp
[4.070s] -- Up-to-date: /home/avinaash/ForkLift_AMR/install/forklift_interfaces/include/forklift_interfaces/msg
[4.070s] -- Installing: /home/avinaash/ForkLift_AMR/install/forklift_interfaces/include/forklift_interfaces/msg/rosidl_typesupport_fastrtps_cpp__visibility_control.h
[4.070s] -- Installing: /home/avinaash/ForkLift_AMR/install/forklift_interfaces/lib/libforklift_interfaces__rosidl_typesupport_fastrtps_cpp.so
[4.070s] -- Set runtime path of "/home/avinaash/ForkLift_AMR/install/forklift_interfaces/lib/libforklift_interfaces__rosidl_typesupport_fastrtps_cpp.so" to ""
[4.070s] -- Up-to-date: /home/avinaash/ForkLift_AMR/install/forklift_interfaces/include/forklift_interfaces
[4.070s] -- Up-to-date: /home/avinaash/ForkLift_AMR/install/forklift_interfaces/include/forklift_interfaces/srv
[4.071s] -- Up-to-date: /home/avinaash/ForkLift_AMR/install/forklift_interfaces/include/forklift_interfaces/srv/detail
[4.071s] -- Installing: /home/avinaash/ForkLift_AMR/install/forklift_interfaces/include/forklift_interfaces/srv/detail/fork_lift_dock__rosidl_typesupport_introspection_c.h
[4.071s] -- Installing: /home/avinaash/ForkLift_AMR/install/forklift_interfaces/include/forklift_interfaces/srv/detail/fork_lift_dock__type_support.c
[4.071s] -- Up-to-date: /home/avinaash/ForkLift_AMR/install/forklift_interfaces/include/forklift_interfaces/msg
[4.071s] -- Installing: /home/avinaash/ForkLift_AMR/install/forklift_interfaces/include/forklift_interfaces/msg/rosidl_typesupport_introspection_c__visibility_control.h
[4.071s] -- Installing: /home/avinaash/ForkLift_AMR/install/forklift_interfaces/lib/libforklift_interfaces__rosidl_typesupport_introspection_c.so
[4.071s] -- Set runtime path of "/home/avinaash/ForkLift_AMR/install/forklift_interfaces/lib/libforklift_interfaces__rosidl_typesupport_introspection_c.so" to ""
[4.071s] -- Installing: /home/avinaash/ForkLift_AMR/install/forklift_interfaces/lib/libforklift_interfaces__rosidl_typesupport_c.so
[4.071s] -- Set runtime path of "/home/avinaash/ForkLift_AMR/install/forklift_interfaces/lib/libforklift_interfaces__rosidl_typesupport_c.so" to ""
[4.071s] -- Up-to-date: /home/avinaash/ForkLift_AMR/install/forklift_interfaces/include/forklift_interfaces
[4.071s] -- Up-to-date: /home/avinaash/ForkLift_AMR/install/forklift_interfaces/include/forklift_interfaces/srv
[4.072s] -- Installing: /home/avinaash/ForkLift_AMR/install/forklift_interfaces/include/forklift_interfaces/srv/fork_lift_dock.hpp
[4.072s] -- Up-to-date: /home/avinaash/ForkLift_AMR/install/forklift_interfaces/include/forklift_interfaces/srv/detail
[4.072s] -- Installing: /home/avinaash/ForkLift_AMR/install/forklift_interfaces/include/forklift_interfaces/srv/detail/fork_lift_dock__struct.hpp
[4.072s] -- Installing: /home/avinaash/ForkLift_AMR/install/forklift_interfaces/include/forklift_interfaces/srv/detail/fork_lift_dock__traits.hpp
[4.072s] -- Installing: /home/avinaash/ForkLift_AMR/install/forklift_interfaces/include/forklift_interfaces/srv/detail/fork_lift_dock__builder.hpp
[4.072s] -- Up-to-date: /home/avinaash/ForkLift_AMR/install/forklift_interfaces/include/forklift_interfaces
[4.072s] -- Up-to-date: /home/avinaash/ForkLift_AMR/install/forklift_interfaces/include/forklift_interfaces/srv
[4.072s] -- Up-to-date: /home/avinaash/ForkLift_AMR/install/forklift_interfaces/include/forklift_interfaces/srv/detail
[4.072s] -- Installing: /home/avinaash/ForkLift_AMR/install/forklift_interfaces/include/forklift_interfaces/srv/detail/fork_lift_dock__type_support.cpp
[4.072s] -- Installing: /home/avinaash/ForkLift_AMR/install/forklift_interfaces/include/forklift_interfaces/srv/detail/fork_lift_dock__rosidl_typesupport_introspection_cpp.hpp
[4.072s] -- Installing: /home/avinaash/ForkLift_AMR/install/forklift_interfaces/lib/libforklift_interfaces__rosidl_typesupport_introspection_cpp.so
[4.072s] -- Set runtime path of "/home/avinaash/ForkLift_AMR/install/forklift_interfaces/lib/libforklift_interfaces__rosidl_typesupport_introspection_cpp.so" to ""
[4.072s] -- Installing: /home/avinaash/ForkLift_AMR/install/forklift_interfaces/lib/libforklift_interfaces__rosidl_typesupport_cpp.so
[4.073s] -- Set runtime path of "/home/avinaash/ForkLift_AMR/install/forklift_interfaces/lib/libforklift_interfaces__rosidl_typesupport_cpp.so" to ""
[4.073s] -- Installing: /home/avinaash/ForkLift_AMR/install/forklift_interfaces/share/forklift_interfaces/environment/pythonpath.sh
[4.073s] -- Installing: /home/avinaash/ForkLift_AMR/install/forklift_interfaces/share/forklift_interfaces/environment/pythonpath.dsv
[4.073s] -- Installing: /home/avinaash/ForkLift_AMR/install/forklift_interfaces/lib/python3.8/site-packages/forklift_interfaces/__init__.py
[4.098s] Compiling '/home/avinaash/ForkLift_AMR/install/forklift_interfaces/lib/python3.8/site-packages/forklift_interfaces/__init__.py'...
[4.100s] -- Installing: /home/avinaash/ForkLift_AMR/install/forklift_interfaces/lib/python3.8/site-packages/forklift_interfaces/srv
[4.100s] -- Installing: /home/avinaash/ForkLift_AMR/install/forklift_interfaces/lib/python3.8/site-packages/forklift_interfaces/srv/_fork_lift_dock_s.c
[4.101s] -- Installing: /home/avinaash/ForkLift_AMR/install/forklift_interfaces/lib/python3.8/site-packages/forklift_interfaces/srv/__init__.py
[4.101s] -- Installing: /home/avinaash/ForkLift_AMR/install/forklift_interfaces/lib/python3.8/site-packages/forklift_interfaces/srv/_fork_lift_dock.py
[4.101s] -- Installing: /home/avinaash/ForkLift_AMR/install/forklift_interfaces/lib/python3.8/site-packages/forklift_interfaces/forklift_interfaces_s__rosidl_typesupport_fastrtps_c.cpython-38-x86_64-linux-gnu.so
[4.102s] -- Set runtime path of "/home/avinaash/ForkLift_AMR/install/forklift_interfaces/lib/python3.8/site-packages/forklift_interfaces/forklift_interfaces_s__rosidl_typesupport_fastrtps_c.cpython-38-x86_64-linux-gnu.so" to ""
[4.102s] -- Installing: /home/avinaash/ForkLift_AMR/install/forklift_interfaces/lib/python3.8/site-packages/forklift_interfaces/forklift_interfaces_s__rosidl_typesupport_introspection_c.cpython-38-x86_64-linux-gnu.so
[4.104s] -- Set runtime path of "/home/avinaash/ForkLift_AMR/install/forklift_interfaces/lib/python3.8/site-packages/forklift_interfaces/forklift_interfaces_s__rosidl_typesupport_introspection_c.cpython-38-x86_64-linux-gnu.so" to ""
[4.104s] -- Installing: /home/avinaash/ForkLift_AMR/install/forklift_interfaces/lib/python3.8/site-packages/forklift_interfaces/forklift_interfaces_s__rosidl_typesupport_c.cpython-38-x86_64-linux-gnu.so
[4.105s] -- Set runtime path of "/home/avinaash/ForkLift_AMR/install/forklift_interfaces/lib/python3.8/site-packages/forklift_interfaces/forklift_interfaces_s__rosidl_typesupport_c.cpython-38-x86_64-linux-gnu.so" to ""
[4.105s] -- Installing: /home/avinaash/ForkLift_AMR/install/forklift_interfaces/lib/libforklift_interfaces__python.so
[4.106s] -- Set runtime path of "/home/avinaash/ForkLift_AMR/install/forklift_interfaces/lib/libforklift_interfaces__python.so" to ""
[4.106s] -- Installing: /home/avinaash/ForkLift_AMR/install/forklift_interfaces/share/forklift_interfaces/srv/ForkLiftDock.idl
[4.106s] -- Installing: /home/avinaash/ForkLift_AMR/install/forklift_interfaces/share/forklift_interfaces/srv/ForkLiftDock.srv
[4.106s] -- Installing: /home/avinaash/ForkLift_AMR/install/forklift_interfaces/share/forklift_interfaces/srv/ForkLiftDock_Request.msg
[4.107s] -- Installing: /home/avinaash/ForkLift_AMR/install/forklift_interfaces/share/forklift_interfaces/srv/ForkLiftDock_Response.msg
[4.107s] -- Installing: /home/avinaash/ForkLift_AMR/install/forklift_interfaces/share/ament_index/resource_index/package_run_dependencies/forklift_interfaces
[4.107s] -- Installing: /home/avinaash/ForkLift_AMR/install/forklift_interfaces/share/ament_index/resource_index/parent_prefix_path/forklift_interfaces
[4.108s] -- Installing: /home/avinaash/ForkLift_AMR/install/forklift_interfaces/share/forklift_interfaces/environment/ament_prefix_path.sh
[4.108s] -- Installing: /home/avinaash/ForkLift_AMR/install/forklift_interfaces/share/forklift_interfaces/environment/ament_prefix_path.dsv
[4.108s] -- Installing: /home/avinaash/ForkLift_AMR/install/forklift_interfaces/share/forklift_interfaces/environment/path.sh
[4.108s] -- Installing: /home/avinaash/ForkLift_AMR/install/forklift_interfaces/share/forklift_interfaces/environment/path.dsv
[4.108s] -- Installing: /home/avinaash/ForkLift_AMR/install/forklift_interfaces/share/forklift_interfaces/local_setup.bash
[4.108s] -- Installing: /home/avinaash/ForkLift_AMR/install/forklift_interfaces/share/forklift_interfaces/local_setup.sh
[4.108s] -- Installing: /home/avinaash/ForkLift_AMR/install/forklift_interfaces/share/forklift_interfaces/local_setup.zsh
[4.108s] -- Installing: /home/avinaash/ForkLift_AMR/install/forklift_interfaces/share/forklift_interfaces/local_setup.dsv
[4.109s] -- Installing: /home/avinaash/ForkLift_AMR/install/forklift_interfaces/share/forklift_interfaces/package.dsv
[4.109s] -- Installing: /home/avinaash/ForkLift_AMR/install/forklift_interfaces/share/ament_index/resource_index/packages/forklift_interfaces
[4.109s] -- Installing: /home/avinaash/ForkLift_AMR/install/forklift_interfaces/share/forklift_interfaces/cmake/forklift_interfaces__rosidl_generator_cExport.cmake
[4.109s] -- Installing: /home/avinaash/ForkLift_AMR/install/forklift_interfaces/share/forklift_interfaces/cmake/forklift_interfaces__rosidl_generator_cExport-noconfig.cmake
[4.109s] -- Installing: /home/avinaash/ForkLift_AMR/install/forklift_interfaces/share/forklift_interfaces/cmake/forklift_interfaces__rosidl_typesupport_introspection_cExport.cmake
[4.109s] -- Installing: /home/avinaash/ForkLift_AMR/install/forklift_interfaces/share/forklift_interfaces/cmake/forklift_interfaces__rosidl_typesupport_introspection_cExport-noconfig.cmake
[4.109s] -- Installing: /home/avinaash/ForkLift_AMR/install/forklift_interfaces/share/forklift_interfaces/cmake/forklift_interfaces__rosidl_typesupport_cExport.cmake
[4.109s] -- Installing: /home/avinaash/ForkLift_AMR/install/forklift_interfaces/share/forklift_interfaces/cmake/forklift_interfaces__rosidl_typesupport_cExport-noconfig.cmake
[4.109s] -- Installing: /home/avinaash/ForkLift_AMR/install/forklift_interfaces/share/forklift_interfaces/cmake/forklift_interfaces__rosidl_generator_cppExport.cmake
[4.109s] -- Installing: /home/avinaash/ForkLift_AMR/install/forklift_interfaces/share/forklift_interfaces/cmake/forklift_interfaces__rosidl_typesupport_introspection_cppExport.cmake
[4.110s] -- Installing: /home/avinaash/ForkLift_AMR/install/forklift_interfaces/share/forklift_interfaces/cmake/forklift_interfaces__rosidl_typesupport_introspection_cppExport-noconfig.cmake
[4.110s] -- Installing: /home/avinaash/ForkLift_AMR/install/forklift_interfaces/share/forklift_interfaces/cmake/forklift_interfaces__rosidl_typesupport_cppExport.cmake
[4.110s] -- Installing: /home/avinaash/ForkLift_AMR/install/forklift_interfaces/share/forklift_interfaces/cmake/forklift_interfaces__rosidl_typesupport_cppExport-noconfig.cmake
[4.110s] -- Installing: /home/avinaash/ForkLift_AMR/install/forklift_interfaces/share/forklift_interfaces/cmake/rosidl_cmake-extras.cmake
[4.110s] -- Installing: /home/avinaash/ForkLift_AMR/install/forklift_interfaces/share/forklift_interfaces/cmake/ament_cmake_export_dependencies-extras.cmake
[4.110s] -- Installing: /home/avinaash/ForkLift_AMR/install/forklift_interfaces/share/forklift_interfaces/cmake/ament_cmake_export_libraries-extras.cmake
[4.110s] -- Installing: /home/avinaash/ForkLift_AMR/install/forklift_interfaces/share/forklift_interfaces/cmake/ament_cmake_export_targets-extras.cmake
[4.110s] -- Installing: /home/avinaash/ForkLift_AMR/install/forklift_interfaces/share/forklift_interfaces/cmake/ament_cmake_export_include_directories-extras.cmake
[4.110s] -- Installing: /home/avinaash/ForkLift_AMR/install/forklift_interfaces/share/forklift_interfaces/cmake/rosidl_cmake_export_typesupport_libraries-extras.cmake
[4.110s] -- Installing: /home/avinaash/ForkLift_AMR/install/forklift_interfaces/share/forklift_interfaces/cmake/rosidl_cmake_export_typesupport_targets-extras.cmake
[4.110s] -- Installing: /home/avinaash/ForkLift_AMR/install/forklift_interfaces/share/forklift_interfaces/cmake/forklift_interfacesConfig.cmake
[4.110s] -- Installing: /home/avinaash/ForkLift_AMR/install/forklift_interfaces/share/forklift_interfaces/cmake/forklift_interfacesConfig-version.cmake
[4.111s] -- Installing: /home/avinaash/ForkLift_AMR/install/forklift_interfaces/share/forklift_interfaces/package.xml
[4.113s] Invoked command in '/home/avinaash/ForkLift_AMR/build/forklift_interfaces' returned '0': CMAKE_PREFIX_PATH=${CMAKE_PREFIX_PATH}:/home/avinaash/ForkLift_AMR/install/doozy_forklift:/opt/ros/galactic /usr/bin/cmake --install /home/avinaash/ForkLift_AMR/build/forklift_interfaces
