[ 12%] Built target forklift_interfaces__cpp
[ 12%] Built target forklift_interfaces__rosidl_generator_c
[ 12%] Built target ament_cmake_python_copy_forklift_interfaces
[ 25%] Built target forklift_interfaces__rosidl_typesupport_introspection_c
[ 32%] Built target forklift_interfaces__rosidl_typesupport_fastrtps_c
[ 41%] Built target forklift_interfaces__rosidl_typesupport_c
[ 51%] Built target forklift_interfaces__rosidl_typesupport_introspection_cpp
[ 61%] Built target forklift_interfaces__rosidl_typesupport_fastrtps_cpp
[ 70%] Built target forklift_interfaces__rosidl_typesupport_cpp
[ 70%] Built target forklift_interfaces
[ 74%] Built target forklift_interfaces__py
[ 80%] Built target forklift_interfaces__rosidl_generator_py
[100%] Built target forklift_interfaces__rosidl_typesupport_introspection_c__pyext
[100%] Built target forklift_interfaces__rosidl_typesupport_c__pyext
[100%] Built target forklift_interfaces__rosidl_typesupport_fastrtps_c__pyext
running egg_info
writing forklift_interfaces.egg-info/PKG-INFO
writing dependency_links to forklift_interfaces.egg-info/dependency_links.txt
writing top-level names to forklift_interfaces.egg-info/top_level.txt
reading manifest file 'forklift_interfaces.egg-info/SOURCES.txt'
writing manifest file 'forklift_interfaces.egg-info/SOURCES.txt'
[100%] Built target ament_cmake_python_build_forklift_interfaces_egg
-- Install configuration: ""
-- Up-to-date: /home/doozy/ForkLift_AMR/install/forklift_interfaces/share/ament_index/resource_index/rosidl_interfaces/forklift_interfaces
-- Up-to-date: /home/doozy/ForkLift_AMR/install/forklift_interfaces/include/forklift_interfaces/forklift_interfaces
-- Up-to-date: /home/doozy/ForkLift_AMR/install/forklift_interfaces/include/forklift_interfaces/forklift_interfaces/msg
-- Up-to-date: /home/doozy/ForkLift_AMR/install/forklift_interfaces/include/forklift_interfaces/forklift_interfaces/msg/rosidl_generator_c__visibility_control.h
-- Up-to-date: /home/doozy/ForkLift_AMR/install/forklift_interfaces/include/forklift_interfaces/forklift_interfaces/srv
-- Up-to-date: /home/doozy/ForkLift_AMR/install/forklift_interfaces/include/forklift_interfaces/forklift_interfaces/srv/detail
-- Up-to-date: /home/doozy/ForkLift_AMR/install/forklift_interfaces/include/forklift_interfaces/forklift_interfaces/srv/detail/fork_lift_dock__functions.c
-- Up-to-date: /home/doozy/ForkLift_AMR/install/forklift_interfaces/include/forklift_interfaces/forklift_interfaces/srv/detail/fork_lift_dock__functions.h
-- Up-to-date: /home/doozy/ForkLift_AMR/install/forklift_interfaces/include/forklift_interfaces/forklift_interfaces/srv/detail/fork_lift_dock__struct.h
-- Up-to-date: /home/doozy/ForkLift_AMR/install/forklift_interfaces/include/forklift_interfaces/forklift_interfaces/srv/detail/fork_lift_dock__type_support.h
-- Up-to-date: /home/doozy/ForkLift_AMR/install/forklift_interfaces/include/forklift_interfaces/forklift_interfaces/srv/fork_lift_dock.h
-- Up-to-date: /home/doozy/ForkLift_AMR/install/forklift_interfaces/share/forklift_interfaces/environment/library_path.sh
-- Up-to-date: /home/doozy/ForkLift_AMR/install/forklift_interfaces/share/forklift_interfaces/environment/library_path.dsv
-- Up-to-date: /home/doozy/ForkLift_AMR/install/forklift_interfaces/lib/libforklift_interfaces__rosidl_generator_c.so
-- Up-to-date: /home/doozy/ForkLift_AMR/install/forklift_interfaces/include/forklift_interfaces/forklift_interfaces
-- Up-to-date: /home/doozy/ForkLift_AMR/install/forklift_interfaces/include/forklift_interfaces/forklift_interfaces/msg
-- Up-to-date: /home/doozy/ForkLift_AMR/install/forklift_interfaces/include/forklift_interfaces/forklift_interfaces/msg/rosidl_typesupport_fastrtps_c__visibility_control.h
-- Up-to-date: /home/doozy/ForkLift_AMR/install/forklift_interfaces/include/forklift_interfaces/forklift_interfaces/srv
-- Up-to-date: /home/doozy/ForkLift_AMR/install/forklift_interfaces/include/forklift_interfaces/forklift_interfaces/srv/detail
-- Up-to-date: /home/doozy/ForkLift_AMR/install/forklift_interfaces/include/forklift_interfaces/forklift_interfaces/srv/detail/fork_lift_dock__rosidl_typesupport_fastrtps_c.h
-- Up-to-date: /home/doozy/ForkLift_AMR/install/forklift_interfaces/lib/libforklift_interfaces__rosidl_typesupport_fastrtps_c.so
-- Up-to-date: /home/doozy/ForkLift_AMR/install/forklift_interfaces/include/forklift_interfaces/forklift_interfaces
-- Up-to-date: /home/doozy/ForkLift_AMR/install/forklift_interfaces/include/forklift_interfaces/forklift_interfaces/srv
-- Up-to-date: /home/doozy/ForkLift_AMR/install/forklift_interfaces/include/forklift_interfaces/forklift_interfaces/srv/detail
-- Up-to-date: /home/doozy/ForkLift_AMR/install/forklift_interfaces/include/forklift_interfaces/forklift_interfaces/srv/detail/fork_lift_dock__struct.hpp
-- Up-to-date: /home/doozy/ForkLift_AMR/install/forklift_interfaces/include/forklift_interfaces/forklift_interfaces/srv/detail/fork_lift_dock__builder.hpp
-- Up-to-date: /home/doozy/ForkLift_AMR/install/forklift_interfaces/include/forklift_interfaces/forklift_interfaces/srv/detail/fork_lift_dock__traits.hpp
-- Up-to-date: /home/doozy/ForkLift_AMR/install/forklift_interfaces/include/forklift_interfaces/forklift_interfaces/srv/fork_lift_dock.hpp
-- Up-to-date: /home/doozy/ForkLift_AMR/install/forklift_interfaces/include/forklift_interfaces/forklift_interfaces
-- Up-to-date: /home/doozy/ForkLift_AMR/install/forklift_interfaces/include/forklift_interfaces/forklift_interfaces/msg
-- Up-to-date: /home/doozy/ForkLift_AMR/install/forklift_interfaces/include/forklift_interfaces/forklift_interfaces/msg/rosidl_typesupport_fastrtps_cpp__visibility_control.h
-- Up-to-date: /home/doozy/ForkLift_AMR/install/forklift_interfaces/include/forklift_interfaces/forklift_interfaces/srv
-- Up-to-date: /home/doozy/ForkLift_AMR/install/forklift_interfaces/include/forklift_interfaces/forklift_interfaces/srv/detail
-- Up-to-date: /home/doozy/ForkLift_AMR/install/forklift_interfaces/include/forklift_interfaces/forklift_interfaces/srv/detail/dds_fastrtps
-- Up-to-date: /home/doozy/ForkLift_AMR/install/forklift_interfaces/include/forklift_interfaces/forklift_interfaces/srv/detail/fork_lift_dock__rosidl_typesupport_fastrtps_cpp.hpp
-- Up-to-date: /home/doozy/ForkLift_AMR/install/forklift_interfaces/lib/libforklift_interfaces__rosidl_typesupport_fastrtps_cpp.so
-- Up-to-date: /home/doozy/ForkLift_AMR/install/forklift_interfaces/include/forklift_interfaces/forklift_interfaces
-- Up-to-date: /home/doozy/ForkLift_AMR/install/forklift_interfaces/include/forklift_interfaces/forklift_interfaces/msg
-- Up-to-date: /home/doozy/ForkLift_AMR/install/forklift_interfaces/include/forklift_interfaces/forklift_interfaces/msg/rosidl_typesupport_introspection_c__visibility_control.h
-- Up-to-date: /home/doozy/ForkLift_AMR/install/forklift_interfaces/include/forklift_interfaces/forklift_interfaces/srv
-- Up-to-date: /home/doozy/ForkLift_AMR/install/forklift_interfaces/include/forklift_interfaces/forklift_interfaces/srv/detail
-- Up-to-date: /home/doozy/ForkLift_AMR/install/forklift_interfaces/include/forklift_interfaces/forklift_interfaces/srv/detail/fork_lift_dock__type_support.c
-- Up-to-date: /home/doozy/ForkLift_AMR/install/forklift_interfaces/include/forklift_interfaces/forklift_interfaces/srv/detail/fork_lift_dock__rosidl_typesupport_introspection_c.h
-- Up-to-date: /home/doozy/ForkLift_AMR/install/forklift_interfaces/lib/libforklift_interfaces__rosidl_typesupport_introspection_c.so
-- Up-to-date: /home/doozy/ForkLift_AMR/install/forklift_interfaces/lib/libforklift_interfaces__rosidl_typesupport_c.so
-- Up-to-date: /home/doozy/ForkLift_AMR/install/forklift_interfaces/include/forklift_interfaces/forklift_interfaces
-- Up-to-date: /home/doozy/ForkLift_AMR/install/forklift_interfaces/include/forklift_interfaces/forklift_interfaces/srv
-- Up-to-date: /home/doozy/ForkLift_AMR/install/forklift_interfaces/include/forklift_interfaces/forklift_interfaces/srv/detail
-- Up-to-date: /home/doozy/ForkLift_AMR/install/forklift_interfaces/include/forklift_interfaces/forklift_interfaces/srv/detail/fork_lift_dock__type_support.cpp
-- Up-to-date: /home/doozy/ForkLift_AMR/install/forklift_interfaces/include/forklift_interfaces/forklift_interfaces/srv/detail/fork_lift_dock__rosidl_typesupport_introspection_cpp.hpp
-- Up-to-date: /home/doozy/ForkLift_AMR/install/forklift_interfaces/lib/libforklift_interfaces__rosidl_typesupport_introspection_cpp.so
-- Up-to-date: /home/doozy/ForkLift_AMR/install/forklift_interfaces/lib/libforklift_interfaces__rosidl_typesupport_cpp.so
-- Up-to-date: /home/doozy/ForkLift_AMR/install/forklift_interfaces/share/forklift_interfaces/environment/pythonpath.sh
-- Up-to-date: /home/doozy/ForkLift_AMR/install/forklift_interfaces/share/forklift_interfaces/environment/pythonpath.dsv
-- Up-to-date: /home/doozy/ForkLift_AMR/install/forklift_interfaces/local/lib/python3.10/dist-packages/forklift_interfaces-0.0.0-py3.10.egg-info
-- Installing: /home/doozy/ForkLift_AMR/install/forklift_interfaces/local/lib/python3.10/dist-packages/forklift_interfaces-0.0.0-py3.10.egg-info/PKG-INFO
-- Installing: /home/doozy/ForkLift_AMR/install/forklift_interfaces/local/lib/python3.10/dist-packages/forklift_interfaces-0.0.0-py3.10.egg-info/top_level.txt
-- Installing: /home/doozy/ForkLift_AMR/install/forklift_interfaces/local/lib/python3.10/dist-packages/forklift_interfaces-0.0.0-py3.10.egg-info/dependency_links.txt
-- Installing: /home/doozy/ForkLift_AMR/install/forklift_interfaces/local/lib/python3.10/dist-packages/forklift_interfaces-0.0.0-py3.10.egg-info/SOURCES.txt
-- Up-to-date: /home/doozy/ForkLift_AMR/install/forklift_interfaces/local/lib/python3.10/dist-packages/forklift_interfaces
-- Up-to-date: /home/doozy/ForkLift_AMR/install/forklift_interfaces/local/lib/python3.10/dist-packages/forklift_interfaces/forklift_interfaces_s__rosidl_typesupport_c.cpython-310-x86_64-linux-gnu.so
-- Up-to-date: /home/doozy/ForkLift_AMR/install/forklift_interfaces/local/lib/python3.10/dist-packages/forklift_interfaces/_forklift_interfaces_s.ep.rosidl_typesupport_c.c
-- Up-to-date: /home/doozy/ForkLift_AMR/install/forklift_interfaces/local/lib/python3.10/dist-packages/forklift_interfaces/forklift_interfaces_s__rosidl_typesupport_introspection_c.cpython-310-x86_64-linux-gnu.so
-- Up-to-date: /home/doozy/ForkLift_AMR/install/forklift_interfaces/local/lib/python3.10/dist-packages/forklift_interfaces/srv
-- Up-to-date: /home/doozy/ForkLift_AMR/install/forklift_interfaces/local/lib/python3.10/dist-packages/forklift_interfaces/srv/_fork_lift_dock_s.c
-- Up-to-date: /home/doozy/ForkLift_AMR/install/forklift_interfaces/local/lib/python3.10/dist-packages/forklift_interfaces/srv/__init__.py
-- Up-to-date: /home/doozy/ForkLift_AMR/install/forklift_interfaces/local/lib/python3.10/dist-packages/forklift_interfaces/srv/_fork_lift_dock.py
-- Up-to-date: /home/doozy/ForkLift_AMR/install/forklift_interfaces/local/lib/python3.10/dist-packages/forklift_interfaces/__init__.py
-- Up-to-date: /home/doozy/ForkLift_AMR/install/forklift_interfaces/local/lib/python3.10/dist-packages/forklift_interfaces/_forklift_interfaces_s.ep.rosidl_typesupport_introspection_c.c
-- Up-to-date: /home/doozy/ForkLift_AMR/install/forklift_interfaces/local/lib/python3.10/dist-packages/forklift_interfaces/libforklift_interfaces__rosidl_generator_py.so
-- Up-to-date: /home/doozy/ForkLift_AMR/install/forklift_interfaces/local/lib/python3.10/dist-packages/forklift_interfaces/_forklift_interfaces_s.ep.rosidl_typesupport_fastrtps_c.c
-- Up-to-date: /home/doozy/ForkLift_AMR/install/forklift_interfaces/local/lib/python3.10/dist-packages/forklift_interfaces/forklift_interfaces_s__rosidl_typesupport_fastrtps_c.cpython-310-x86_64-linux-gnu.so
Listing '/home/doozy/ForkLift_AMR/install/forklift_interfaces/local/lib/python3.10/dist-packages/forklift_interfaces'...
Listing '/home/doozy/ForkLift_AMR/install/forklift_interfaces/local/lib/python3.10/dist-packages/forklift_interfaces/srv'...
-- Up-to-date: /home/doozy/ForkLift_AMR/install/forklift_interfaces/local/lib/python3.10/dist-packages/forklift_interfaces/forklift_interfaces_s__rosidl_typesupport_fastrtps_c.cpython-310-x86_64-linux-gnu.so
-- Up-to-date: /home/doozy/ForkLift_AMR/install/forklift_interfaces/local/lib/python3.10/dist-packages/forklift_interfaces/forklift_interfaces_s__rosidl_typesupport_introspection_c.cpython-310-x86_64-linux-gnu.so
-- Up-to-date: /home/doozy/ForkLift_AMR/install/forklift_interfaces/local/lib/python3.10/dist-packages/forklift_interfaces/forklift_interfaces_s__rosidl_typesupport_c.cpython-310-x86_64-linux-gnu.so
-- Up-to-date: /home/doozy/ForkLift_AMR/install/forklift_interfaces/lib/libforklift_interfaces__rosidl_generator_py.so
-- Up-to-date: /home/doozy/ForkLift_AMR/install/forklift_interfaces/share/forklift_interfaces/srv/ForkLiftDock.idl
-- Up-to-date: /home/doozy/ForkLift_AMR/install/forklift_interfaces/share/forklift_interfaces/srv/ForkLiftDock.srv
-- Up-to-date: /home/doozy/ForkLift_AMR/install/forklift_interfaces/share/forklift_interfaces/srv/ForkLiftDock_Request.msg
-- Up-to-date: /home/doozy/ForkLift_AMR/install/forklift_interfaces/share/forklift_interfaces/srv/ForkLiftDock_Response.msg
-- Up-to-date: /home/doozy/ForkLift_AMR/install/forklift_interfaces/share/ament_index/resource_index/package_run_dependencies/forklift_interfaces
-- Up-to-date: /home/doozy/ForkLift_AMR/install/forklift_interfaces/share/ament_index/resource_index/parent_prefix_path/forklift_interfaces
-- Up-to-date: /home/doozy/ForkLift_AMR/install/forklift_interfaces/share/forklift_interfaces/environment/ament_prefix_path.sh
-- Up-to-date: /home/doozy/ForkLift_AMR/install/forklift_interfaces/share/forklift_interfaces/environment/ament_prefix_path.dsv
-- Up-to-date: /home/doozy/ForkLift_AMR/install/forklift_interfaces/share/forklift_interfaces/environment/path.sh
-- Up-to-date: /home/doozy/ForkLift_AMR/install/forklift_interfaces/share/forklift_interfaces/environment/path.dsv
-- Up-to-date: /home/doozy/ForkLift_AMR/install/forklift_interfaces/share/forklift_interfaces/local_setup.bash
-- Up-to-date: /home/doozy/ForkLift_AMR/install/forklift_interfaces/share/forklift_interfaces/local_setup.sh
-- Up-to-date: /home/doozy/ForkLift_AMR/install/forklift_interfaces/share/forklift_interfaces/local_setup.zsh
-- Up-to-date: /home/doozy/ForkLift_AMR/install/forklift_interfaces/share/forklift_interfaces/local_setup.dsv
-- Installing: /home/doozy/ForkLift_AMR/install/forklift_interfaces/share/forklift_interfaces/package.dsv
-- Up-to-date: /home/doozy/ForkLift_AMR/install/forklift_interfaces/share/ament_index/resource_index/packages/forklift_interfaces
-- Up-to-date: /home/doozy/ForkLift_AMR/install/forklift_interfaces/share/forklift_interfaces/cmake/export_forklift_interfaces__rosidl_generator_cExport.cmake
-- Up-to-date: /home/doozy/ForkLift_AMR/install/forklift_interfaces/share/forklift_interfaces/cmake/export_forklift_interfaces__rosidl_generator_cExport-noconfig.cmake
-- Up-to-date: /home/doozy/ForkLift_AMR/install/forklift_interfaces/share/forklift_interfaces/cmake/export_forklift_interfaces__rosidl_typesupport_fastrtps_cExport.cmake
-- Up-to-date: /home/doozy/ForkLift_AMR/install/forklift_interfaces/share/forklift_interfaces/cmake/export_forklift_interfaces__rosidl_typesupport_fastrtps_cExport-noconfig.cmake
-- Up-to-date: /home/doozy/ForkLift_AMR/install/forklift_interfaces/share/forklift_interfaces/cmake/export_forklift_interfaces__rosidl_generator_cppExport.cmake
-- Up-to-date: /home/doozy/ForkLift_AMR/install/forklift_interfaces/share/forklift_interfaces/cmake/export_forklift_interfaces__rosidl_typesupport_fastrtps_cppExport.cmake
-- Up-to-date: /home/doozy/ForkLift_AMR/install/forklift_interfaces/share/forklift_interfaces/cmake/export_forklift_interfaces__rosidl_typesupport_fastrtps_cppExport-noconfig.cmake
-- Up-to-date: /home/doozy/ForkLift_AMR/install/forklift_interfaces/share/forklift_interfaces/cmake/forklift_interfaces__rosidl_typesupport_introspection_cExport.cmake
-- Up-to-date: /home/doozy/ForkLift_AMR/install/forklift_interfaces/share/forklift_interfaces/cmake/forklift_interfaces__rosidl_typesupport_introspection_cExport-noconfig.cmake
-- Up-to-date: /home/doozy/ForkLift_AMR/install/forklift_interfaces/share/forklift_interfaces/cmake/forklift_interfaces__rosidl_typesupport_cExport.cmake
-- Up-to-date: /home/doozy/ForkLift_AMR/install/forklift_interfaces/share/forklift_interfaces/cmake/forklift_interfaces__rosidl_typesupport_cExport-noconfig.cmake
-- Up-to-date: /home/doozy/ForkLift_AMR/install/forklift_interfaces/share/forklift_interfaces/cmake/forklift_interfaces__rosidl_typesupport_introspection_cppExport.cmake
-- Up-to-date: /home/doozy/ForkLift_AMR/install/forklift_interfaces/share/forklift_interfaces/cmake/forklift_interfaces__rosidl_typesupport_introspection_cppExport-noconfig.cmake
-- Up-to-date: /home/doozy/ForkLift_AMR/install/forklift_interfaces/share/forklift_interfaces/cmake/forklift_interfaces__rosidl_typesupport_cppExport.cmake
-- Up-to-date: /home/doozy/ForkLift_AMR/install/forklift_interfaces/share/forklift_interfaces/cmake/forklift_interfaces__rosidl_typesupport_cppExport-noconfig.cmake
-- Up-to-date: /home/doozy/ForkLift_AMR/install/forklift_interfaces/share/forklift_interfaces/cmake/export_forklift_interfaces__rosidl_generator_pyExport.cmake
-- Up-to-date: /home/doozy/ForkLift_AMR/install/forklift_interfaces/share/forklift_interfaces/cmake/export_forklift_interfaces__rosidl_generator_pyExport-noconfig.cmake
-- Up-to-date: /home/doozy/ForkLift_AMR/install/forklift_interfaces/share/forklift_interfaces/cmake/rosidl_cmake-extras.cmake
-- Up-to-date: /home/doozy/ForkLift_AMR/install/forklift_interfaces/share/forklift_interfaces/cmake/ament_cmake_export_include_directories-extras.cmake
-- Up-to-date: /home/doozy/ForkLift_AMR/install/forklift_interfaces/share/forklift_interfaces/cmake/ament_cmake_export_libraries-extras.cmake
-- Up-to-date: /home/doozy/ForkLift_AMR/install/forklift_interfaces/share/forklift_interfaces/cmake/ament_cmake_export_targets-extras.cmake
-- Up-to-date: /home/doozy/ForkLift_AMR/install/forklift_interfaces/share/forklift_interfaces/cmake/rosidl_cmake_export_typesupport_targets-extras.cmake
-- Up-to-date: /home/doozy/ForkLift_AMR/install/forklift_interfaces/share/forklift_interfaces/cmake/ament_cmake_export_dependencies-extras.cmake
-- Up-to-date: /home/doozy/ForkLift_AMR/install/forklift_interfaces/share/forklift_interfaces/cmake/rosidl_cmake_export_typesupport_libraries-extras.cmake
-- Up-to-date: /home/doozy/ForkLift_AMR/install/forklift_interfaces/share/forklift_interfaces/cmake/forklift_interfacesConfig.cmake
-- Up-to-date: /home/doozy/ForkLift_AMR/install/forklift_interfaces/share/forklift_interfaces/cmake/forklift_interfacesConfig-version.cmake
-- Up-to-date: /home/doozy/ForkLift_AMR/install/forklift_interfaces/share/forklift_interfaces/package.xml
