[0.111s] DEBUG:colcon:Command line arguments: ['/usr/bin/colcon', 'build']
[0.112s] DEBUG:colcon:Parsed command line arguments: Namespace(log_base=None, log_level=None, verb_name='build', build_base='build', install_base='install', merge_install=False, symlink_install=False, test_result_base=None, continue_on_error=False, executor='parallel', parallel_workers=16, event_handlers=None, ignore_user_meta=False, metas=['./colcon.meta'], base_paths=['.'], packages_ignore=None, packages_ignore_regex=None, paths=None, packages_up_to=None, packages_up_to_regex=None, packages_above=None, packages_above_and_dependencies=None, packages_above_depth=None, packages_select_by_dep=None, packages_skip_by_dep=None, packages_skip_up_to=None, packages_select_build_failed=False, packages_skip_build_finished=False, packages_select_test_failures=False, packages_skip_test_passed=False, packages_select=None, packages_skip=None, packages_select_regex=None, packages_skip_regex=None, packages_start=None, packages_end=None, allow_overriding=[], cmake_args=None, cmake_target=None, cmake_target_skip_unavailable=False, cmake_clean_cache=False, cmake_clean_first=False, cmake_force_configure=False, ament_cmake_args=None, catkin_cmake_args=None, catkin_skip_building_tests=False, mixin_files=None, mixin=None, verb_parser=<colcon_mixin.mixin.mixin_argument.MixinArgumentDecorator object at 0x7a74e7888520>, verb_extension=<colcon_core.verb.build.BuildVerb object at 0x7a74e7994b80>, main=<bound method BuildVerb.main of <colcon_core.verb.build.BuildVerb object at 0x7a74e7994b80>>, mixin_verb=('build',))
[0.143s] Level 1:colcon.colcon_core.package_discovery:discover_packages(colcon_meta) check parameters
[0.143s] Level 1:colcon.colcon_core.package_discovery:discover_packages(recursive) check parameters
[0.143s] Level 1:colcon.colcon_core.package_discovery:discover_packages(ignore) check parameters
[0.143s] Level 1:colcon.colcon_core.package_discovery:discover_packages(path) check parameters
[0.143s] Level 1:colcon.colcon_core.package_discovery:discover_packages(colcon_meta) discover
[0.143s] Level 1:colcon.colcon_core.package_discovery:discover_packages(recursive) discover
[0.143s] INFO:colcon.colcon_core.package_discovery:Crawling recursively for packages in '/home/doozy/ForkLift_AMR'
[0.143s] Level 1:colcon.colcon_core.package_identification:_identify(.) by extensions ['ignore', 'ignore_ament_install']
[0.143s] Level 1:colcon.colcon_core.package_identification:_identify(.) by extension 'ignore'
[0.143s] Level 1:colcon.colcon_core.package_identification:_identify(.) by extension 'ignore_ament_install'
[0.143s] Level 1:colcon.colcon_core.package_identification:_identify(.) by extensions ['colcon_pkg']
[0.143s] Level 1:colcon.colcon_core.package_identification:_identify(.) by extension 'colcon_pkg'
[0.143s] Level 1:colcon.colcon_core.package_identification:_identify(.) by extensions ['colcon_meta']
[0.143s] Level 1:colcon.colcon_core.package_identification:_identify(.) by extension 'colcon_meta'
[0.143s] Level 1:colcon.colcon_core.package_identification:_identify(.) by extensions ['ros']
[0.143s] Level 1:colcon.colcon_core.package_identification:_identify(.) by extension 'ros'
[0.155s] Level 1:colcon.colcon_core.package_identification:_identify(.) by extensions ['cmake', 'python']
[0.155s] Level 1:colcon.colcon_core.package_identification:_identify(.) by extension 'cmake'
[0.155s] Level 1:colcon.colcon_core.package_identification:_identify(.) by extension 'python'
[0.155s] Level 1:colcon.colcon_core.package_identification:_identify(.) by extensions ['python_setup_py']
[0.155s] Level 1:colcon.colcon_core.package_identification:_identify(.) by extension 'python_setup_py'
[0.155s] Level 1:colcon.colcon_core.package_identification:_identify(build) by extensions ['ignore', 'ignore_ament_install']
[0.156s] Level 1:colcon.colcon_core.package_identification:_identify(build) by extension 'ignore'
[0.156s] Level 1:colcon.colcon_core.package_identification:_identify(build) ignored
[0.156s] Level 1:colcon.colcon_core.package_identification:_identify(install) by extensions ['ignore', 'ignore_ament_install']
[0.156s] Level 1:colcon.colcon_core.package_identification:_identify(install) by extension 'ignore'
[0.156s] Level 1:colcon.colcon_core.package_identification:_identify(install) ignored
[0.156s] Level 1:colcon.colcon_core.package_identification:_identify(log) by extensions ['ignore', 'ignore_ament_install']
[0.156s] Level 1:colcon.colcon_core.package_identification:_identify(log) by extension 'ignore'
[0.156s] Level 1:colcon.colcon_core.package_identification:_identify(log) ignored
[0.156s] Level 1:colcon.colcon_core.package_identification:_identify(rviz) by extensions ['ignore', 'ignore_ament_install']
[0.156s] Level 1:colcon.colcon_core.package_identification:_identify(rviz) by extension 'ignore'
[0.156s] Level 1:colcon.colcon_core.package_identification:_identify(rviz) by extension 'ignore_ament_install'
[0.156s] Level 1:colcon.colcon_core.package_identification:_identify(rviz) by extensions ['colcon_pkg']
[0.156s] Level 1:colcon.colcon_core.package_identification:_identify(rviz) by extension 'colcon_pkg'
[0.156s] Level 1:colcon.colcon_core.package_identification:_identify(rviz) by extensions ['colcon_meta']
[0.156s] Level 1:colcon.colcon_core.package_identification:_identify(rviz) by extension 'colcon_meta'
[0.156s] Level 1:colcon.colcon_core.package_identification:_identify(rviz) by extensions ['ros']
[0.156s] Level 1:colcon.colcon_core.package_identification:_identify(rviz) by extension 'ros'
[0.156s] Level 1:colcon.colcon_core.package_identification:_identify(rviz) by extensions ['cmake', 'python']
[0.156s] Level 1:colcon.colcon_core.package_identification:_identify(rviz) by extension 'cmake'
[0.156s] Level 1:colcon.colcon_core.package_identification:_identify(rviz) by extension 'python'
[0.157s] Level 1:colcon.colcon_core.package_identification:_identify(rviz) by extensions ['python_setup_py']
[0.157s] Level 1:colcon.colcon_core.package_identification:_identify(rviz) by extension 'python_setup_py'
[0.157s] Level 1:colcon.colcon_core.package_identification:_identify(src) by extensions ['ignore', 'ignore_ament_install']
[0.157s] Level 1:colcon.colcon_core.package_identification:_identify(src) by extension 'ignore'
[0.157s] Level 1:colcon.colcon_core.package_identification:_identify(src) by extension 'ignore_ament_install'
[0.157s] Level 1:colcon.colcon_core.package_identification:_identify(src) by extensions ['colcon_pkg']
[0.157s] Level 1:colcon.colcon_core.package_identification:_identify(src) by extension 'colcon_pkg'
[0.157s] Level 1:colcon.colcon_core.package_identification:_identify(src) by extensions ['colcon_meta']
[0.157s] Level 1:colcon.colcon_core.package_identification:_identify(src) by extension 'colcon_meta'
[0.157s] Level 1:colcon.colcon_core.package_identification:_identify(src) by extensions ['ros']
[0.157s] Level 1:colcon.colcon_core.package_identification:_identify(src) by extension 'ros'
[0.157s] Level 1:colcon.colcon_core.package_identification:_identify(src) by extensions ['cmake', 'python']
[0.157s] Level 1:colcon.colcon_core.package_identification:_identify(src) by extension 'cmake'
[0.157s] Level 1:colcon.colcon_core.package_identification:_identify(src) by extension 'python'
[0.157s] Level 1:colcon.colcon_core.package_identification:_identify(src) by extensions ['python_setup_py']
[0.157s] Level 1:colcon.colcon_core.package_identification:_identify(src) by extension 'python_setup_py'
[0.157s] Level 1:colcon.colcon_core.package_identification:_identify(src/doozy_forklift) by extensions ['ignore', 'ignore_ament_install']
[0.157s] Level 1:colcon.colcon_core.package_identification:_identify(src/doozy_forklift) by extension 'ignore'
[0.157s] Level 1:colcon.colcon_core.package_identification:_identify(src/doozy_forklift) by extension 'ignore_ament_install'
[0.157s] Level 1:colcon.colcon_core.package_identification:_identify(src/doozy_forklift) by extensions ['colcon_pkg']
[0.157s] Level 1:colcon.colcon_core.package_identification:_identify(src/doozy_forklift) by extension 'colcon_pkg'
[0.157s] Level 1:colcon.colcon_core.package_identification:_identify(src/doozy_forklift) by extensions ['colcon_meta']
[0.157s] Level 1:colcon.colcon_core.package_identification:_identify(src/doozy_forklift) by extension 'colcon_meta'
[0.157s] Level 1:colcon.colcon_core.package_identification:_identify(src/doozy_forklift) by extensions ['ros']
[0.157s] Level 1:colcon.colcon_core.package_identification:_identify(src/doozy_forklift) by extension 'ros'
[0.159s] DEBUG:colcon.colcon_core.package_identification:Package 'src/doozy_forklift' with type 'ros.ament_python' and name 'doozy_forklift'
[0.159s] Level 1:colcon.colcon_core.package_identification:_identify(src/forklift_interfaces) by extensions ['ignore', 'ignore_ament_install']
[0.160s] Level 1:colcon.colcon_core.package_identification:_identify(src/forklift_interfaces) by extension 'ignore'
[0.160s] Level 1:colcon.colcon_core.package_identification:_identify(src/forklift_interfaces) by extension 'ignore_ament_install'
[0.160s] Level 1:colcon.colcon_core.package_identification:_identify(src/forklift_interfaces) by extensions ['colcon_pkg']
[0.160s] Level 1:colcon.colcon_core.package_identification:_identify(src/forklift_interfaces) by extension 'colcon_pkg'
[0.160s] Level 1:colcon.colcon_core.package_identification:_identify(src/forklift_interfaces) by extensions ['colcon_meta']
[0.160s] Level 1:colcon.colcon_core.package_identification:_identify(src/forklift_interfaces) by extension 'colcon_meta'
[0.160s] Level 1:colcon.colcon_core.package_identification:_identify(src/forklift_interfaces) by extensions ['ros']
[0.160s] Level 1:colcon.colcon_core.package_identification:_identify(src/forklift_interfaces) by extension 'ros'
[0.160s] DEBUG:colcon.colcon_core.package_identification:Package 'src/forklift_interfaces' with type 'ros.ament_cmake' and name 'forklift_interfaces'
[0.160s] Level 1:colcon.colcon_core.package_identification:_identify(src/sick_visionary_t_mini) by extensions ['ignore', 'ignore_ament_install']
[0.161s] Level 1:colcon.colcon_core.package_identification:_identify(src/sick_visionary_t_mini) by extension 'ignore'
[0.161s] Level 1:colcon.colcon_core.package_identification:_identify(src/sick_visionary_t_mini) by extension 'ignore_ament_install'
[0.161s] Level 1:colcon.colcon_core.package_identification:_identify(src/sick_visionary_t_mini) by extensions ['colcon_pkg']
[0.161s] Level 1:colcon.colcon_core.package_identification:_identify(src/sick_visionary_t_mini) by extension 'colcon_pkg'
[0.161s] Level 1:colcon.colcon_core.package_identification:_identify(src/sick_visionary_t_mini) by extensions ['colcon_meta']
[0.161s] Level 1:colcon.colcon_core.package_identification:_identify(src/sick_visionary_t_mini) by extension 'colcon_meta'
[0.161s] Level 1:colcon.colcon_core.package_identification:_identify(src/sick_visionary_t_mini) by extensions ['ros']
[0.161s] Level 1:colcon.colcon_core.package_identification:_identify(src/sick_visionary_t_mini) by extension 'ros'
[0.161s] DEBUG:colcon.colcon_core.package_identification:Package 'src/sick_visionary_t_mini' with type 'ros.ament_cmake' and name 'sick_visionary_t_mini'
[0.161s] Level 1:colcon.colcon_core.package_identification:_identify(src/turtlebot3) by extensions ['ignore', 'ignore_ament_install']
[0.162s] Level 1:colcon.colcon_core.package_identification:_identify(src/turtlebot3) by extension 'ignore'
[0.162s] Level 1:colcon.colcon_core.package_identification:_identify(src/turtlebot3) by extension 'ignore_ament_install'
[0.162s] Level 1:colcon.colcon_core.package_identification:_identify(src/turtlebot3) by extensions ['colcon_pkg']
[0.162s] Level 1:colcon.colcon_core.package_identification:_identify(src/turtlebot3) by extension 'colcon_pkg'
[0.162s] Level 1:colcon.colcon_core.package_identification:_identify(src/turtlebot3) by extensions ['colcon_meta']
[0.162s] Level 1:colcon.colcon_core.package_identification:_identify(src/turtlebot3) by extension 'colcon_meta'
[0.162s] Level 1:colcon.colcon_core.package_identification:_identify(src/turtlebot3) by extensions ['ros']
[0.162s] Level 1:colcon.colcon_core.package_identification:_identify(src/turtlebot3) by extension 'ros'
[0.162s] Level 1:colcon.colcon_core.package_identification:_identify(src/turtlebot3) by extensions ['cmake', 'python']
[0.162s] Level 1:colcon.colcon_core.package_identification:_identify(src/turtlebot3) by extension 'cmake'
[0.162s] Level 1:colcon.colcon_core.package_identification:_identify(src/turtlebot3) by extension 'python'
[0.162s] Level 1:colcon.colcon_core.package_identification:_identify(src/turtlebot3) by extensions ['python_setup_py']
[0.162s] Level 1:colcon.colcon_core.package_identification:_identify(src/turtlebot3) by extension 'python_setup_py'
[0.162s] Level 1:colcon.colcon_core.package_identification:_identify(src/turtlebot3_simulations) by extensions ['ignore', 'ignore_ament_install']
[0.162s] Level 1:colcon.colcon_core.package_identification:_identify(src/turtlebot3_simulations) by extension 'ignore'
[0.162s] Level 1:colcon.colcon_core.package_identification:_identify(src/turtlebot3_simulations) by extension 'ignore_ament_install'
[0.162s] Level 1:colcon.colcon_core.package_identification:_identify(src/turtlebot3_simulations) by extensions ['colcon_pkg']
[0.162s] Level 1:colcon.colcon_core.package_identification:_identify(src/turtlebot3_simulations) by extension 'colcon_pkg'
[0.162s] Level 1:colcon.colcon_core.package_identification:_identify(src/turtlebot3_simulations) by extensions ['colcon_meta']
[0.162s] Level 1:colcon.colcon_core.package_identification:_identify(src/turtlebot3_simulations) by extension 'colcon_meta'
[0.162s] Level 1:colcon.colcon_core.package_identification:_identify(src/turtlebot3_simulations) by extensions ['ros']
[0.162s] Level 1:colcon.colcon_core.package_identification:_identify(src/turtlebot3_simulations) by extension 'ros'
[0.162s] Level 1:colcon.colcon_core.package_identification:_identify(src/turtlebot3_simulations) by extensions ['cmake', 'python']
[0.162s] Level 1:colcon.colcon_core.package_identification:_identify(src/turtlebot3_simulations) by extension 'cmake'
[0.162s] Level 1:colcon.colcon_core.package_identification:_identify(src/turtlebot3_simulations) by extension 'python'
[0.163s] Level 1:colcon.colcon_core.package_identification:_identify(src/turtlebot3_simulations) by extensions ['python_setup_py']
[0.163s] Level 1:colcon.colcon_core.package_identification:_identify(src/turtlebot3_simulations) by extension 'python_setup_py'
[0.163s] Level 1:colcon.colcon_core.package_discovery:discover_packages(recursive) using defaults
[0.163s] Level 1:colcon.colcon_core.package_discovery:discover_packages(ignore) discover
[0.163s] Level 1:colcon.colcon_core.package_discovery:discover_packages(ignore) using defaults
[0.163s] Level 1:colcon.colcon_core.package_discovery:discover_packages(path) discover
[0.163s] Level 1:colcon.colcon_core.package_discovery:discover_packages(path) using defaults
[0.180s] Level 1:colcon.colcon_core.package_discovery:discover_packages(prefix_path) check parameters
[0.180s] Level 1:colcon.colcon_core.package_discovery:discover_packages(prefix_path) discover
[0.183s] DEBUG:colcon.colcon_installed_package_information.package_discovery:Found 3 installed packages in /home/doozy/ForkLift_AMR/install
[0.183s] DEBUG:colcon.colcon_installed_package_information.package_discovery:Found 3 installed packages in /home/doozy/doozy_robotics/doozy_ws_2/install
[0.184s] DEBUG:colcon.colcon_installed_package_information.package_discovery:Found 9 installed packages in /home/doozy/do_ws/install
[0.184s] DEBUG:colcon.colcon_installed_package_information.package_discovery:Found 22 installed packages in /home/doozy/ros2_ws/install
[0.185s] DEBUG:colcon.colcon_installed_package_information.package_discovery:Found 10 installed packages in /home/doozy/neuronbot2_ros2_ws/install
[0.186s] DEBUG:colcon.colcon_installed_package_information.package_discovery:Found 5 installed packages in /home/doozy/doozy_ws/install
[0.186s] DEBUG:colcon.colcon_installed_package_information.package_discovery:Found 16 installed packages in /home/doozy/turtlebot3_ws/install
[0.187s] DEBUG:colcon.colcon_installed_package_information.package_discovery:Found 4 installed packages in /home/doozy/daimler_tugger/doozy_ws_2/install
[0.189s] DEBUG:colcon.colcon_installed_package_information.package_discovery:Found 476 installed packages in /opt/ros/humble
[0.191s] Level 1:colcon.colcon_core.package_discovery:discover_packages(prefix_path) using defaults
[0.245s] Level 5:colcon.colcon_core.verb:set package 'doozy_forklift' build argument 'cmake_args' from command line to 'None'
[0.245s] Level 5:colcon.colcon_core.verb:set package 'doozy_forklift' build argument 'cmake_target' from command line to 'None'
[0.245s] Level 5:colcon.colcon_core.verb:set package 'doozy_forklift' build argument 'cmake_target_skip_unavailable' from command line to 'False'
[0.245s] Level 5:colcon.colcon_core.verb:set package 'doozy_forklift' build argument 'cmake_clean_cache' from command line to 'False'
[0.245s] Level 5:colcon.colcon_core.verb:set package 'doozy_forklift' build argument 'cmake_clean_first' from command line to 'False'
[0.245s] Level 5:colcon.colcon_core.verb:set package 'doozy_forklift' build argument 'cmake_force_configure' from command line to 'False'
[0.245s] Level 5:colcon.colcon_core.verb:set package 'doozy_forklift' build argument 'ament_cmake_args' from command line to 'None'
[0.245s] Level 5:colcon.colcon_core.verb:set package 'doozy_forklift' build argument 'catkin_cmake_args' from command line to 'None'
[0.245s] Level 5:colcon.colcon_core.verb:set package 'doozy_forklift' build argument 'catkin_skip_building_tests' from command line to 'False'
[0.245s] DEBUG:colcon.colcon_core.verb:Building package 'doozy_forklift' with the following arguments: {'ament_cmake_args': None, 'build_base': '/home/doozy/ForkLift_AMR/build/doozy_forklift', 'catkin_cmake_args': None, 'catkin_skip_building_tests': False, 'cmake_args': None, 'cmake_clean_cache': False, 'cmake_clean_first': False, 'cmake_force_configure': False, 'cmake_target': None, 'cmake_target_skip_unavailable': False, 'install_base': '/home/doozy/ForkLift_AMR/install/doozy_forklift', 'merge_install': False, 'path': '/home/doozy/ForkLift_AMR/src/doozy_forklift', 'symlink_install': False, 'test_result_base': None}
[0.246s] Level 5:colcon.colcon_core.verb:set package 'forklift_interfaces' build argument 'cmake_args' from command line to 'None'
[0.246s] Level 5:colcon.colcon_core.verb:set package 'forklift_interfaces' build argument 'cmake_target' from command line to 'None'
[0.246s] Level 5:colcon.colcon_core.verb:set package 'forklift_interfaces' build argument 'cmake_target_skip_unavailable' from command line to 'False'
[0.246s] Level 5:colcon.colcon_core.verb:set package 'forklift_interfaces' build argument 'cmake_clean_cache' from command line to 'False'
[0.246s] Level 5:colcon.colcon_core.verb:set package 'forklift_interfaces' build argument 'cmake_clean_first' from command line to 'False'
[0.246s] Level 5:colcon.colcon_core.verb:set package 'forklift_interfaces' build argument 'cmake_force_configure' from command line to 'False'
[0.246s] Level 5:colcon.colcon_core.verb:set package 'forklift_interfaces' build argument 'ament_cmake_args' from command line to 'None'
[0.246s] Level 5:colcon.colcon_core.verb:set package 'forklift_interfaces' build argument 'catkin_cmake_args' from command line to 'None'
[0.246s] Level 5:colcon.colcon_core.verb:set package 'forklift_interfaces' build argument 'catkin_skip_building_tests' from command line to 'False'
[0.246s] DEBUG:colcon.colcon_core.verb:Building package 'forklift_interfaces' with the following arguments: {'ament_cmake_args': None, 'build_base': '/home/doozy/ForkLift_AMR/build/forklift_interfaces', 'catkin_cmake_args': None, 'catkin_skip_building_tests': False, 'cmake_args': None, 'cmake_clean_cache': False, 'cmake_clean_first': False, 'cmake_force_configure': False, 'cmake_target': None, 'cmake_target_skip_unavailable': False, 'install_base': '/home/doozy/ForkLift_AMR/install/forklift_interfaces', 'merge_install': False, 'path': '/home/doozy/ForkLift_AMR/src/forklift_interfaces', 'symlink_install': False, 'test_result_base': None}
[0.246s] Level 5:colcon.colcon_core.verb:set package 'sick_visionary_t_mini' build argument 'cmake_args' from command line to 'None'
[0.246s] Level 5:colcon.colcon_core.verb:set package 'sick_visionary_t_mini' build argument 'cmake_target' from command line to 'None'
[0.246s] Level 5:colcon.colcon_core.verb:set package 'sick_visionary_t_mini' build argument 'cmake_target_skip_unavailable' from command line to 'False'
[0.246s] Level 5:colcon.colcon_core.verb:set package 'sick_visionary_t_mini' build argument 'cmake_clean_cache' from command line to 'False'
[0.246s] Level 5:colcon.colcon_core.verb:set package 'sick_visionary_t_mini' build argument 'cmake_clean_first' from command line to 'False'
[0.246s] Level 5:colcon.colcon_core.verb:set package 'sick_visionary_t_mini' build argument 'cmake_force_configure' from command line to 'False'
[0.246s] Level 5:colcon.colcon_core.verb:set package 'sick_visionary_t_mini' build argument 'ament_cmake_args' from command line to 'None'
[0.246s] Level 5:colcon.colcon_core.verb:set package 'sick_visionary_t_mini' build argument 'catkin_cmake_args' from command line to 'None'
[0.246s] Level 5:colcon.colcon_core.verb:set package 'sick_visionary_t_mini' build argument 'catkin_skip_building_tests' from command line to 'False'
[0.246s] DEBUG:colcon.colcon_core.verb:Building package 'sick_visionary_t_mini' with the following arguments: {'ament_cmake_args': None, 'build_base': '/home/doozy/ForkLift_AMR/build/sick_visionary_t_mini', 'catkin_cmake_args': None, 'catkin_skip_building_tests': False, 'cmake_args': None, 'cmake_clean_cache': False, 'cmake_clean_first': False, 'cmake_force_configure': False, 'cmake_target': None, 'cmake_target_skip_unavailable': False, 'install_base': '/home/doozy/ForkLift_AMR/install/sick_visionary_t_mini', 'merge_install': False, 'path': '/home/doozy/ForkLift_AMR/src/sick_visionary_t_mini', 'symlink_install': False, 'test_result_base': None}
[0.247s] INFO:colcon.colcon_core.executor:Executing jobs using 'parallel' executor
[0.247s] DEBUG:colcon.colcon_parallel_executor.executor.parallel:run_until_complete
[0.247s] INFO:colcon.colcon_ros.task.ament_python.build:Building ROS package in '/home/doozy/ForkLift_AMR/src/doozy_forklift' with build type 'ament_python'
[0.247s] Level 1:colcon.colcon_core.shell:create_environment_hook('doozy_forklift', 'ament_prefix_path')
[0.249s] INFO:colcon.colcon_core.plugin_system:Skipping extension 'colcon_core.shell.bat': Not used on non-Windows systems
[0.250s] INFO:colcon.colcon_core.shell:Creating environment hook '/home/doozy/ForkLift_AMR/install/doozy_forklift/share/doozy_forklift/hook/ament_prefix_path.ps1'
[0.250s] INFO:colcon.colcon_core.shell:Creating environment descriptor '/home/doozy/ForkLift_AMR/install/doozy_forklift/share/doozy_forklift/hook/ament_prefix_path.dsv'
[0.251s] INFO:colcon.colcon_core.shell:Creating environment hook '/home/doozy/ForkLift_AMR/install/doozy_forklift/share/doozy_forklift/hook/ament_prefix_path.sh'
[0.251s] INFO:colcon.colcon_core.shell:Skip shell extension 'powershell' for command environment: Not usable outside of PowerShell
[0.251s] DEBUG:colcon.colcon_core.shell:Skip shell extension 'dsv' for command environment
[0.259s] INFO:colcon.colcon_ros.task.ament_cmake.build:Building ROS package in '/home/doozy/ForkLift_AMR/src/forklift_interfaces' with build type 'ament_cmake'
[0.259s] INFO:colcon.colcon_cmake.task.cmake.build:Building CMake package in '/home/doozy/ForkLift_AMR/src/forklift_interfaces'
[0.259s] INFO:colcon.colcon_core.shell:Skip shell extension 'powershell' for command environment: Not usable outside of PowerShell
[0.259s] DEBUG:colcon.colcon_core.shell:Skip shell extension 'dsv' for command environment
[0.266s] INFO:colcon.colcon_ros.task.ament_cmake.build:Building ROS package in '/home/doozy/ForkLift_AMR/src/sick_visionary_t_mini' with build type 'ament_cmake'
[0.266s] INFO:colcon.colcon_cmake.task.cmake.build:Building CMake package in '/home/doozy/ForkLift_AMR/src/sick_visionary_t_mini'
[0.266s] INFO:colcon.colcon_core.shell:Skip shell extension 'powershell' for command environment: Not usable outside of PowerShell
[0.266s] DEBUG:colcon.colcon_core.shell:Skip shell extension 'dsv' for command environment
[0.478s] INFO:colcon.colcon_core.task.python.build:Building Python package in '/home/doozy/ForkLift_AMR/src/doozy_forklift'
[0.479s] INFO:colcon.colcon_core.shell:Skip shell extension 'powershell' for command environment: Not usable outside of PowerShell
[0.479s] DEBUG:colcon.colcon_core.shell:Skip shell extension 'dsv' for command environment
[0.488s] DEBUG:colcon.colcon_core.event_handler.log_command:Invoking command in '/home/doozy/ForkLift_AMR/build/forklift_interfaces': CMAKE_PREFIX_PATH=${CMAKE_PREFIX_PATH}:/home/doozy/ForkLift_AMR/install/doozy_forklift:/home/doozy/doozy_robotics/doozy_ws_2/install/pallet_docker_02:/home/doozy/doozy_robotics/doozy_ws_2/install/2_t_dolly_logistics_driver:/home/doozy/do_ws/install/task_py:/home/doozy/ros2_ws/install/hotel_package:/home/doozy/ros2_ws/install/deffy:/home/doozy/neuronbot2_ros2_ws/install/neuronbot2_led:/home/doozy/doozy_ws/install/task_py:/home/doozy/turtlebot3_ws/install/turtlebot3_teleop:/home/doozy/turtlebot3_ws/install/turtlebot3_example:/home/doozy/turtlebot3_ws/install/autonomous_tb3:/home/doozy/daimler_tugger/doozy_ws_2/install/pallet_docker_02:/home/doozy/daimler_tugger/doozy_ws_2/install/2_t_dolly_logistics_driver:/opt/ros/humble /usr/bin/cmake --build /home/doozy/ForkLift_AMR/build/forklift_interfaces -- -j16 -l16
[0.494s] DEBUG:colcon.colcon_core.event_handler.log_command:Invoking command in '/home/doozy/ForkLift_AMR/build/sick_visionary_t_mini': CMAKE_PREFIX_PATH=${CMAKE_PREFIX_PATH}:/home/doozy/ForkLift_AMR/install/doozy_forklift:/home/doozy/doozy_robotics/doozy_ws_2/install/pallet_docker_02:/home/doozy/doozy_robotics/doozy_ws_2/install/2_t_dolly_logistics_driver:/home/doozy/do_ws/install/task_py:/home/doozy/ros2_ws/install/hotel_package:/home/doozy/ros2_ws/install/deffy:/home/doozy/neuronbot2_ros2_ws/install/neuronbot2_led:/home/doozy/doozy_ws/install/task_py:/home/doozy/turtlebot3_ws/install/turtlebot3_teleop:/home/doozy/turtlebot3_ws/install/turtlebot3_example:/home/doozy/turtlebot3_ws/install/autonomous_tb3:/home/doozy/daimler_tugger/doozy_ws_2/install/pallet_docker_02:/home/doozy/daimler_tugger/doozy_ws_2/install/2_t_dolly_logistics_driver:/opt/ros/humble /usr/bin/cmake --build /home/doozy/ForkLift_AMR/build/sick_visionary_t_mini -- -j16 -l16
[0.906s] DEBUG:colcon.colcon_core.event_handler.log_command:Invoked command in '/home/doozy/ForkLift_AMR/build/forklift_interfaces' returned '0': CMAKE_PREFIX_PATH=${CMAKE_PREFIX_PATH}:/home/doozy/ForkLift_AMR/install/doozy_forklift:/home/doozy/doozy_robotics/doozy_ws_2/install/pallet_docker_02:/home/doozy/doozy_robotics/doozy_ws_2/install/2_t_dolly_logistics_driver:/home/doozy/do_ws/install/task_py:/home/doozy/ros2_ws/install/hotel_package:/home/doozy/ros2_ws/install/deffy:/home/doozy/neuronbot2_ros2_ws/install/neuronbot2_led:/home/doozy/doozy_ws/install/task_py:/home/doozy/turtlebot3_ws/install/turtlebot3_teleop:/home/doozy/turtlebot3_ws/install/turtlebot3_example:/home/doozy/turtlebot3_ws/install/autonomous_tb3:/home/doozy/daimler_tugger/doozy_ws_2/install/pallet_docker_02:/home/doozy/daimler_tugger/doozy_ws_2/install/2_t_dolly_logistics_driver:/opt/ros/humble /usr/bin/cmake --build /home/doozy/ForkLift_AMR/build/forklift_interfaces -- -j16 -l16
[0.917s] DEBUG:colcon.colcon_core.event_handler.log_command:Invoked command in '/home/doozy/ForkLift_AMR/build/sick_visionary_t_mini' returned '0': CMAKE_PREFIX_PATH=${CMAKE_PREFIX_PATH}:/home/doozy/ForkLift_AMR/install/doozy_forklift:/home/doozy/doozy_robotics/doozy_ws_2/install/pallet_docker_02:/home/doozy/doozy_robotics/doozy_ws_2/install/2_t_dolly_logistics_driver:/home/doozy/do_ws/install/task_py:/home/doozy/ros2_ws/install/hotel_package:/home/doozy/ros2_ws/install/deffy:/home/doozy/neuronbot2_ros2_ws/install/neuronbot2_led:/home/doozy/doozy_ws/install/task_py:/home/doozy/turtlebot3_ws/install/turtlebot3_teleop:/home/doozy/turtlebot3_ws/install/turtlebot3_example:/home/doozy/turtlebot3_ws/install/autonomous_tb3:/home/doozy/daimler_tugger/doozy_ws_2/install/pallet_docker_02:/home/doozy/daimler_tugger/doozy_ws_2/install/2_t_dolly_logistics_driver:/opt/ros/humble /usr/bin/cmake --build /home/doozy/ForkLift_AMR/build/sick_visionary_t_mini -- -j16 -l16
[0.974s] DEBUG:colcon.colcon_core.event_handler.log_command:Invoking command in '/home/doozy/ForkLift_AMR/build/forklift_interfaces': CMAKE_PREFIX_PATH=${CMAKE_PREFIX_PATH}:/home/doozy/ForkLift_AMR/install/doozy_forklift:/home/doozy/doozy_robotics/doozy_ws_2/install/pallet_docker_02:/home/doozy/doozy_robotics/doozy_ws_2/install/2_t_dolly_logistics_driver:/home/doozy/do_ws/install/task_py:/home/doozy/ros2_ws/install/hotel_package:/home/doozy/ros2_ws/install/deffy:/home/doozy/neuronbot2_ros2_ws/install/neuronbot2_led:/home/doozy/doozy_ws/install/task_py:/home/doozy/turtlebot3_ws/install/turtlebot3_teleop:/home/doozy/turtlebot3_ws/install/turtlebot3_example:/home/doozy/turtlebot3_ws/install/autonomous_tb3:/home/doozy/daimler_tugger/doozy_ws_2/install/pallet_docker_02:/home/doozy/daimler_tugger/doozy_ws_2/install/2_t_dolly_logistics_driver:/opt/ros/humble /usr/bin/cmake --install /home/doozy/ForkLift_AMR/build/forklift_interfaces
[0.977s] DEBUG:colcon.colcon_core.event_handler.log_command:Invoking command in '/home/doozy/ForkLift_AMR/build/sick_visionary_t_mini': CMAKE_PREFIX_PATH=${CMAKE_PREFIX_PATH}:/home/doozy/ForkLift_AMR/install/doozy_forklift:/home/doozy/doozy_robotics/doozy_ws_2/install/pallet_docker_02:/home/doozy/doozy_robotics/doozy_ws_2/install/2_t_dolly_logistics_driver:/home/doozy/do_ws/install/task_py:/home/doozy/ros2_ws/install/hotel_package:/home/doozy/ros2_ws/install/deffy:/home/doozy/neuronbot2_ros2_ws/install/neuronbot2_led:/home/doozy/doozy_ws/install/task_py:/home/doozy/turtlebot3_ws/install/turtlebot3_teleop:/home/doozy/turtlebot3_ws/install/turtlebot3_example:/home/doozy/turtlebot3_ws/install/autonomous_tb3:/home/doozy/daimler_tugger/doozy_ws_2/install/pallet_docker_02:/home/doozy/daimler_tugger/doozy_ws_2/install/2_t_dolly_logistics_driver:/opt/ros/humble /usr/bin/cmake --install /home/doozy/ForkLift_AMR/build/sick_visionary_t_mini
[1.032s] Level 1:colcon.colcon_core.environment:create_environment_scripts_only(forklift_interfaces)
[1.038s] Level 1:colcon.colcon_core.environment:checking '/home/doozy/ForkLift_AMR/install/forklift_interfaces' for CMake module files
[1.039s] Level 1:colcon.colcon_core.environment:checking '/home/doozy/ForkLift_AMR/install/forklift_interfaces' for CMake config files
[1.042s] DEBUG:colcon.colcon_core.event_handler.log_command:Invoked command in '/home/doozy/ForkLift_AMR/build/forklift_interfaces' returned '0': CMAKE_PREFIX_PATH=${CMAKE_PREFIX_PATH}:/home/doozy/ForkLift_AMR/install/doozy_forklift:/home/doozy/doozy_robotics/doozy_ws_2/install/pallet_docker_02:/home/doozy/doozy_robotics/doozy_ws_2/install/2_t_dolly_logistics_driver:/home/doozy/do_ws/install/task_py:/home/doozy/ros2_ws/install/hotel_package:/home/doozy/ros2_ws/install/deffy:/home/doozy/neuronbot2_ros2_ws/install/neuronbot2_led:/home/doozy/doozy_ws/install/task_py:/home/doozy/turtlebot3_ws/install/turtlebot3_teleop:/home/doozy/turtlebot3_ws/install/turtlebot3_example:/home/doozy/turtlebot3_ws/install/autonomous_tb3:/home/doozy/daimler_tugger/doozy_ws_2/install/pallet_docker_02:/home/doozy/daimler_tugger/doozy_ws_2/install/2_t_dolly_logistics_driver:/opt/ros/humble /usr/bin/cmake --install /home/doozy/ForkLift_AMR/build/forklift_interfaces
[1.042s] Level 1:colcon.colcon_core.shell:create_environment_hook('forklift_interfaces', 'cmake_prefix_path')
[1.042s] INFO:colcon.colcon_core.shell:Creating environment hook '/home/doozy/ForkLift_AMR/install/forklift_interfaces/share/forklift_interfaces/hook/cmake_prefix_path.ps1'
[1.043s] INFO:colcon.colcon_core.shell:Creating environment descriptor '/home/doozy/ForkLift_AMR/install/forklift_interfaces/share/forklift_interfaces/hook/cmake_prefix_path.dsv'
[1.043s] INFO:colcon.colcon_core.shell:Creating environment hook '/home/doozy/ForkLift_AMR/install/forklift_interfaces/share/forklift_interfaces/hook/cmake_prefix_path.sh'
[1.044s] Level 1:colcon.colcon_core.environment:checking '/home/doozy/ForkLift_AMR/install/forklift_interfaces/lib'
[1.044s] Level 1:colcon.colcon_core.shell:create_environment_hook('forklift_interfaces', 'ld_library_path_lib')
[1.044s] INFO:colcon.colcon_core.shell:Creating environment hook '/home/doozy/ForkLift_AMR/install/forklift_interfaces/share/forklift_interfaces/hook/ld_library_path_lib.ps1'
[1.044s] INFO:colcon.colcon_core.shell:Creating environment descriptor '/home/doozy/ForkLift_AMR/install/forklift_interfaces/share/forklift_interfaces/hook/ld_library_path_lib.dsv'
[1.045s] INFO:colcon.colcon_core.shell:Creating environment hook '/home/doozy/ForkLift_AMR/install/forklift_interfaces/share/forklift_interfaces/hook/ld_library_path_lib.sh'
[1.045s] Level 1:colcon.colcon_core.environment:checking '/home/doozy/ForkLift_AMR/install/forklift_interfaces/bin'
[1.045s] Level 1:colcon.colcon_core.environment:checking '/home/doozy/ForkLift_AMR/install/forklift_interfaces/lib/pkgconfig/forklift_interfaces.pc'
[1.045s] Level 1:colcon.colcon_core.environment:checking '/home/doozy/ForkLift_AMR/install/forklift_interfaces/lib/python3.10/site-packages'
[1.045s] Level 1:colcon.colcon_core.environment:checking '/home/doozy/ForkLift_AMR/install/forklift_interfaces/bin'
[1.045s] INFO:colcon.colcon_core.shell:Creating package script '/home/doozy/ForkLift_AMR/install/forklift_interfaces/share/forklift_interfaces/package.ps1'
[1.046s] INFO:colcon.colcon_core.shell:Creating package descriptor '/home/doozy/ForkLift_AMR/install/forklift_interfaces/share/forklift_interfaces/package.dsv'
[1.046s] INFO:colcon.colcon_core.shell:Creating package script '/home/doozy/ForkLift_AMR/install/forklift_interfaces/share/forklift_interfaces/package.sh'
[1.047s] INFO:colcon.colcon_core.shell:Creating package script '/home/doozy/ForkLift_AMR/install/forklift_interfaces/share/forklift_interfaces/package.bash'
[1.048s] INFO:colcon.colcon_core.shell:Creating package script '/home/doozy/ForkLift_AMR/install/forklift_interfaces/share/forklift_interfaces/package.zsh'
[1.048s] Level 1:colcon.colcon_core.environment:create_file_with_runtime_dependencies(/home/doozy/ForkLift_AMR/install/forklift_interfaces/share/colcon-core/packages/forklift_interfaces)
[1.050s] Level 1:colcon.colcon_core.environment:create_environment_scripts_only(sick_visionary_t_mini)
[1.050s] Level 1:colcon.colcon_core.environment:checking '/home/doozy/ForkLift_AMR/install/sick_visionary_t_mini' for CMake module files
[1.050s] DEBUG:colcon.colcon_core.event_handler.log_command:Invoked command in '/home/doozy/ForkLift_AMR/build/sick_visionary_t_mini' returned '0': CMAKE_PREFIX_PATH=${CMAKE_PREFIX_PATH}:/home/doozy/ForkLift_AMR/install/doozy_forklift:/home/doozy/doozy_robotics/doozy_ws_2/install/pallet_docker_02:/home/doozy/doozy_robotics/doozy_ws_2/install/2_t_dolly_logistics_driver:/home/doozy/do_ws/install/task_py:/home/doozy/ros2_ws/install/hotel_package:/home/doozy/ros2_ws/install/deffy:/home/doozy/neuronbot2_ros2_ws/install/neuronbot2_led:/home/doozy/doozy_ws/install/task_py:/home/doozy/turtlebot3_ws/install/turtlebot3_teleop:/home/doozy/turtlebot3_ws/install/turtlebot3_example:/home/doozy/turtlebot3_ws/install/autonomous_tb3:/home/doozy/daimler_tugger/doozy_ws_2/install/pallet_docker_02:/home/doozy/daimler_tugger/doozy_ws_2/install/2_t_dolly_logistics_driver:/opt/ros/humble /usr/bin/cmake --install /home/doozy/ForkLift_AMR/build/sick_visionary_t_mini
[1.051s] Level 1:colcon.colcon_core.environment:checking '/home/doozy/ForkLift_AMR/install/sick_visionary_t_mini' for CMake config files
[1.051s] Level 1:colcon.colcon_core.shell:create_environment_hook('sick_visionary_t_mini', 'cmake_prefix_path')
[1.051s] INFO:colcon.colcon_core.shell:Creating environment hook '/home/doozy/ForkLift_AMR/install/sick_visionary_t_mini/share/sick_visionary_t_mini/hook/cmake_prefix_path.ps1'
[1.052s] INFO:colcon.colcon_core.shell:Creating environment descriptor '/home/doozy/ForkLift_AMR/install/sick_visionary_t_mini/share/sick_visionary_t_mini/hook/cmake_prefix_path.dsv'
[1.052s] INFO:colcon.colcon_core.shell:Creating environment hook '/home/doozy/ForkLift_AMR/install/sick_visionary_t_mini/share/sick_visionary_t_mini/hook/cmake_prefix_path.sh'
[1.052s] Level 1:colcon.colcon_core.environment:checking '/home/doozy/ForkLift_AMR/install/sick_visionary_t_mini/lib'
[1.052s] Level 1:colcon.colcon_core.shell:create_environment_hook('sick_visionary_t_mini', 'ld_library_path_lib')
[1.053s] INFO:colcon.colcon_core.shell:Creating environment hook '/home/doozy/ForkLift_AMR/install/sick_visionary_t_mini/share/sick_visionary_t_mini/hook/ld_library_path_lib.ps1'
[1.053s] INFO:colcon.colcon_core.shell:Creating environment descriptor '/home/doozy/ForkLift_AMR/install/sick_visionary_t_mini/share/sick_visionary_t_mini/hook/ld_library_path_lib.dsv'
[1.053s] INFO:colcon.colcon_core.shell:Creating environment hook '/home/doozy/ForkLift_AMR/install/sick_visionary_t_mini/share/sick_visionary_t_mini/hook/ld_library_path_lib.sh'
[1.053s] Level 1:colcon.colcon_core.environment:checking '/home/doozy/ForkLift_AMR/install/sick_visionary_t_mini/bin'
[1.053s] Level 1:colcon.colcon_core.environment:checking '/home/doozy/ForkLift_AMR/install/sick_visionary_t_mini/lib/pkgconfig/sick_visionary_t_mini.pc'
[1.054s] Level 1:colcon.colcon_core.environment:checking '/home/doozy/ForkLift_AMR/install/sick_visionary_t_mini/lib/python3.10/site-packages'
[1.054s] Level 1:colcon.colcon_core.environment:checking '/home/doozy/ForkLift_AMR/install/sick_visionary_t_mini/bin'
[1.054s] INFO:colcon.colcon_core.shell:Creating package script '/home/doozy/ForkLift_AMR/install/sick_visionary_t_mini/share/sick_visionary_t_mini/package.ps1'
[1.054s] INFO:colcon.colcon_core.shell:Creating package descriptor '/home/doozy/ForkLift_AMR/install/sick_visionary_t_mini/share/sick_visionary_t_mini/package.dsv'
[1.055s] INFO:colcon.colcon_core.shell:Creating package script '/home/doozy/ForkLift_AMR/install/sick_visionary_t_mini/share/sick_visionary_t_mini/package.sh'
[1.055s] INFO:colcon.colcon_core.shell:Creating package script '/home/doozy/ForkLift_AMR/install/sick_visionary_t_mini/share/sick_visionary_t_mini/package.bash'
[1.055s] INFO:colcon.colcon_core.shell:Creating package script '/home/doozy/ForkLift_AMR/install/sick_visionary_t_mini/share/sick_visionary_t_mini/package.zsh'
[1.056s] Level 1:colcon.colcon_core.environment:create_file_with_runtime_dependencies(/home/doozy/ForkLift_AMR/install/sick_visionary_t_mini/share/colcon-core/packages/sick_visionary_t_mini)
[1.114s] Level 1:colcon.colcon_core.environment:create_environment_scripts_only(forklift_interfaces)
[1.115s] Level 1:colcon.colcon_core.environment:checking '/home/doozy/ForkLift_AMR/install/forklift_interfaces' for CMake module files
[1.115s] Level 1:colcon.colcon_core.environment:checking '/home/doozy/ForkLift_AMR/install/forklift_interfaces' for CMake config files
[1.116s] Level 1:colcon.colcon_core.shell:create_environment_hook('forklift_interfaces', 'cmake_prefix_path')
[1.116s] INFO:colcon.colcon_core.shell:Creating environment hook '/home/doozy/ForkLift_AMR/install/forklift_interfaces/share/forklift_interfaces/hook/cmake_prefix_path.ps1'
[1.116s] INFO:colcon.colcon_core.shell:Creating environment descriptor '/home/doozy/ForkLift_AMR/install/forklift_interfaces/share/forklift_interfaces/hook/cmake_prefix_path.dsv'
[1.116s] INFO:colcon.colcon_core.shell:Creating environment hook '/home/doozy/ForkLift_AMR/install/forklift_interfaces/share/forklift_interfaces/hook/cmake_prefix_path.sh'
[1.117s] Level 1:colcon.colcon_core.environment:checking '/home/doozy/ForkLift_AMR/install/forklift_interfaces/lib'
[1.117s] Level 1:colcon.colcon_core.shell:create_environment_hook('forklift_interfaces', 'ld_library_path_lib')
[1.117s] INFO:colcon.colcon_core.shell:Creating environment hook '/home/doozy/ForkLift_AMR/install/forklift_interfaces/share/forklift_interfaces/hook/ld_library_path_lib.ps1'
[1.117s] INFO:colcon.colcon_core.shell:Creating environment descriptor '/home/doozy/ForkLift_AMR/install/forklift_interfaces/share/forklift_interfaces/hook/ld_library_path_lib.dsv'
[1.118s] INFO:colcon.colcon_core.shell:Creating environment hook '/home/doozy/ForkLift_AMR/install/forklift_interfaces/share/forklift_interfaces/hook/ld_library_path_lib.sh'
[1.118s] Level 1:colcon.colcon_core.environment:checking '/home/doozy/ForkLift_AMR/install/forklift_interfaces/bin'
[1.118s] Level 1:colcon.colcon_core.environment:checking '/home/doozy/ForkLift_AMR/install/forklift_interfaces/lib/pkgconfig/forklift_interfaces.pc'
[1.118s] Level 1:colcon.colcon_core.environment:checking '/home/doozy/ForkLift_AMR/install/forklift_interfaces/lib/python3.10/site-packages'
[1.118s] Level 1:colcon.colcon_core.environment:checking '/home/doozy/ForkLift_AMR/install/forklift_interfaces/bin'
[1.118s] INFO:colcon.colcon_core.shell:Creating package script '/home/doozy/ForkLift_AMR/install/forklift_interfaces/share/forklift_interfaces/package.ps1'
[1.119s] INFO:colcon.colcon_core.shell:Creating package descriptor '/home/doozy/ForkLift_AMR/install/forklift_interfaces/share/forklift_interfaces/package.dsv'
[1.119s] INFO:colcon.colcon_core.shell:Creating package script '/home/doozy/ForkLift_AMR/install/forklift_interfaces/share/forklift_interfaces/package.sh'
[1.120s] INFO:colcon.colcon_core.shell:Creating package script '/home/doozy/ForkLift_AMR/install/forklift_interfaces/share/forklift_interfaces/package.bash'
[1.120s] INFO:colcon.colcon_core.shell:Creating package script '/home/doozy/ForkLift_AMR/install/forklift_interfaces/share/forklift_interfaces/package.zsh'
[1.120s] Level 1:colcon.colcon_core.environment:create_file_with_runtime_dependencies(/home/doozy/ForkLift_AMR/install/forklift_interfaces/share/colcon-core/packages/forklift_interfaces)
[1.121s] Level 1:colcon.colcon_core.environment:create_environment_scripts_only(sick_visionary_t_mini)
[1.121s] Level 1:colcon.colcon_core.environment:checking '/home/doozy/ForkLift_AMR/install/sick_visionary_t_mini' for CMake module files
[1.122s] Level 1:colcon.colcon_core.environment:checking '/home/doozy/ForkLift_AMR/install/sick_visionary_t_mini' for CMake config files
[1.122s] Level 1:colcon.colcon_core.shell:create_environment_hook('sick_visionary_t_mini', 'cmake_prefix_path')
[1.123s] INFO:colcon.colcon_core.shell:Creating environment hook '/home/doozy/ForkLift_AMR/install/sick_visionary_t_mini/share/sick_visionary_t_mini/hook/cmake_prefix_path.ps1'
[1.123s] INFO:colcon.colcon_core.shell:Creating environment descriptor '/home/doozy/ForkLift_AMR/install/sick_visionary_t_mini/share/sick_visionary_t_mini/hook/cmake_prefix_path.dsv'
[1.123s] INFO:colcon.colcon_core.shell:Creating environment hook '/home/doozy/ForkLift_AMR/install/sick_visionary_t_mini/share/sick_visionary_t_mini/hook/cmake_prefix_path.sh'
[1.124s] Level 1:colcon.colcon_core.environment:checking '/home/doozy/ForkLift_AMR/install/sick_visionary_t_mini/lib'
[1.124s] Level 1:colcon.colcon_core.shell:create_environment_hook('sick_visionary_t_mini', 'ld_library_path_lib')
[1.124s] INFO:colcon.colcon_core.shell:Creating environment hook '/home/doozy/ForkLift_AMR/install/sick_visionary_t_mini/share/sick_visionary_t_mini/hook/ld_library_path_lib.ps1'
[1.124s] INFO:colcon.colcon_core.shell:Creating environment descriptor '/home/doozy/ForkLift_AMR/install/sick_visionary_t_mini/share/sick_visionary_t_mini/hook/ld_library_path_lib.dsv'
[1.124s] INFO:colcon.colcon_core.shell:Creating environment hook '/home/doozy/ForkLift_AMR/install/sick_visionary_t_mini/share/sick_visionary_t_mini/hook/ld_library_path_lib.sh'
[1.125s] Level 1:colcon.colcon_core.environment:checking '/home/doozy/ForkLift_AMR/install/sick_visionary_t_mini/bin'
[1.125s] Level 1:colcon.colcon_core.environment:checking '/home/doozy/ForkLift_AMR/install/sick_visionary_t_mini/lib/pkgconfig/sick_visionary_t_mini.pc'
[1.125s] Level 1:colcon.colcon_core.environment:checking '/home/doozy/ForkLift_AMR/install/sick_visionary_t_mini/lib/python3.10/site-packages'
[1.125s] Level 1:colcon.colcon_core.environment:checking '/home/doozy/ForkLift_AMR/install/sick_visionary_t_mini/bin'
[1.125s] INFO:colcon.colcon_core.shell:Creating package script '/home/doozy/ForkLift_AMR/install/sick_visionary_t_mini/share/sick_visionary_t_mini/package.ps1'
[1.126s] INFO:colcon.colcon_core.shell:Creating package descriptor '/home/doozy/ForkLift_AMR/install/sick_visionary_t_mini/share/sick_visionary_t_mini/package.dsv'
[1.126s] INFO:colcon.colcon_core.shell:Creating package script '/home/doozy/ForkLift_AMR/install/sick_visionary_t_mini/share/sick_visionary_t_mini/package.sh'
[1.126s] INFO:colcon.colcon_core.shell:Creating package script '/home/doozy/ForkLift_AMR/install/sick_visionary_t_mini/share/sick_visionary_t_mini/package.bash'
[1.127s] INFO:colcon.colcon_core.shell:Creating package script '/home/doozy/ForkLift_AMR/install/sick_visionary_t_mini/share/sick_visionary_t_mini/package.zsh'
[1.127s] Level 1:colcon.colcon_core.environment:create_file_with_runtime_dependencies(/home/doozy/ForkLift_AMR/install/sick_visionary_t_mini/share/colcon-core/packages/sick_visionary_t_mini)
[1.148s] DEBUG:colcon.colcon_core.event_handler.log_command:Invoking command in '/home/doozy/ForkLift_AMR/src/doozy_forklift': PYTHONPATH=/home/doozy/ForkLift_AMR/build/doozy_forklift/prefix_override:/home/doozy/ForkLift_AMR/install/doozy_forklift/lib/python3.10/site-packages:${PYTHONPATH} /usr/bin/python3 -W ignore:setup.py install is deprecated setup.py egg_info --egg-base ../../build/doozy_forklift build --build-base /home/doozy/ForkLift_AMR/build/doozy_forklift/build install --record /home/doozy/ForkLift_AMR/build/doozy_forklift/install.log --single-version-externally-managed install_data
[1.693s] Level 1:colcon.colcon_core.environment:checking '/home/doozy/ForkLift_AMR/install/doozy_forklift' for CMake module files
[1.693s] DEBUG:colcon.colcon_core.event_handler.log_command:Invoked command in '/home/doozy/ForkLift_AMR/src/doozy_forklift' returned '0': PYTHONPATH=/home/doozy/ForkLift_AMR/build/doozy_forklift/prefix_override:/home/doozy/ForkLift_AMR/install/doozy_forklift/lib/python3.10/site-packages:${PYTHONPATH} /usr/bin/python3 -W ignore:setup.py install is deprecated setup.py egg_info --egg-base ../../build/doozy_forklift build --build-base /home/doozy/ForkLift_AMR/build/doozy_forklift/build install --record /home/doozy/ForkLift_AMR/build/doozy_forklift/install.log --single-version-externally-managed install_data
[1.694s] Level 1:colcon.colcon_core.environment:checking '/home/doozy/ForkLift_AMR/install/doozy_forklift' for CMake config files
[1.694s] Level 1:colcon.colcon_core.environment:checking '/home/doozy/ForkLift_AMR/install/doozy_forklift/lib'
[1.694s] Level 1:colcon.colcon_core.environment:checking '/home/doozy/ForkLift_AMR/install/doozy_forklift/bin'
[1.694s] Level 1:colcon.colcon_core.environment:checking '/home/doozy/ForkLift_AMR/install/doozy_forklift/lib/pkgconfig/doozy_forklift.pc'
[1.694s] Level 1:colcon.colcon_core.environment:checking '/home/doozy/ForkLift_AMR/install/doozy_forklift/lib/python3.10/site-packages'
[1.694s] Level 1:colcon.colcon_core.shell:create_environment_hook('doozy_forklift', 'pythonpath')
[1.694s] INFO:colcon.colcon_core.shell:Creating environment hook '/home/doozy/ForkLift_AMR/install/doozy_forklift/share/doozy_forklift/hook/pythonpath.ps1'
[1.695s] INFO:colcon.colcon_core.shell:Creating environment descriptor '/home/doozy/ForkLift_AMR/install/doozy_forklift/share/doozy_forklift/hook/pythonpath.dsv'
[1.695s] INFO:colcon.colcon_core.shell:Creating environment hook '/home/doozy/ForkLift_AMR/install/doozy_forklift/share/doozy_forklift/hook/pythonpath.sh'
[1.695s] Level 1:colcon.colcon_core.environment:checking '/home/doozy/ForkLift_AMR/install/doozy_forklift/bin'
[1.695s] Level 1:colcon.colcon_core.environment:create_environment_scripts_only(doozy_forklift)
[1.696s] INFO:colcon.colcon_core.shell:Creating package script '/home/doozy/ForkLift_AMR/install/doozy_forklift/share/doozy_forklift/package.ps1'
[1.696s] INFO:colcon.colcon_core.shell:Creating package descriptor '/home/doozy/ForkLift_AMR/install/doozy_forklift/share/doozy_forklift/package.dsv'
[1.696s] INFO:colcon.colcon_core.shell:Creating package script '/home/doozy/ForkLift_AMR/install/doozy_forklift/share/doozy_forklift/package.sh'
[1.697s] INFO:colcon.colcon_core.shell:Creating package script '/home/doozy/ForkLift_AMR/install/doozy_forklift/share/doozy_forklift/package.bash'
[1.697s] INFO:colcon.colcon_core.shell:Creating package script '/home/doozy/ForkLift_AMR/install/doozy_forklift/share/doozy_forklift/package.zsh'
[1.697s] Level 1:colcon.colcon_core.environment:create_file_with_runtime_dependencies(/home/doozy/ForkLift_AMR/install/doozy_forklift/share/colcon-core/packages/doozy_forklift)
[1.697s] DEBUG:colcon.colcon_parallel_executor.executor.parallel:closing loop
[1.697s] DEBUG:colcon.colcon_parallel_executor.executor.parallel:loop closed
[1.697s] DEBUG:colcon.colcon_parallel_executor.executor.parallel:run_until_complete finished with '0'
[1.697s] DEBUG:colcon.colcon_core.event_reactor:joining thread
[1.702s] INFO:colcon.colcon_core.plugin_system:Skipping extension 'colcon_notification.desktop_notification.terminal_notifier': Not used on non-Darwin systems
[1.702s] INFO:colcon.colcon_core.plugin_system:Skipping extension 'colcon_notification.desktop_notification.win32': Not used on non-Windows systems
[1.702s] INFO:colcon.colcon_notification.desktop_notification:Sending desktop notification using 'notify2'
[1.713s] DEBUG:colcon.colcon_core.event_reactor:joined thread
[1.713s] INFO:colcon.colcon_core.shell:Creating prefix script '/home/doozy/ForkLift_AMR/install/local_setup.ps1'
[1.714s] INFO:colcon.colcon_core.shell:Creating prefix util module '/home/doozy/ForkLift_AMR/install/_local_setup_util_ps1.py'
[1.715s] INFO:colcon.colcon_core.shell:Creating prefix chain script '/home/doozy/ForkLift_AMR/install/setup.ps1'
[1.718s] INFO:colcon.colcon_core.shell:Creating prefix script '/home/doozy/ForkLift_AMR/install/local_setup.sh'
[1.718s] INFO:colcon.colcon_core.shell:Creating prefix util module '/home/doozy/ForkLift_AMR/install/_local_setup_util_sh.py'
[1.719s] INFO:colcon.colcon_core.shell:Creating prefix chain script '/home/doozy/ForkLift_AMR/install/setup.sh'
[1.721s] INFO:colcon.colcon_core.shell:Creating prefix script '/home/doozy/ForkLift_AMR/install/local_setup.bash'
[1.722s] INFO:colcon.colcon_core.shell:Creating prefix chain script '/home/doozy/ForkLift_AMR/install/setup.bash'
[1.724s] INFO:colcon.colcon_core.shell:Creating prefix script '/home/doozy/ForkLift_AMR/install/local_setup.zsh'
[1.725s] INFO:colcon.colcon_core.shell:Creating prefix chain script '/home/doozy/ForkLift_AMR/install/setup.zsh'
