/home/doozy/ForkLift_AMR/install/doozy_forklift/lib/python3.10/site-packages/doozy_forklift/client_02.py
/home/doozy/ForkLift_AMR/install/doozy_forklift/lib/python3.10/site-packages/doozy_forklift/dock_with_pallet_02.py
/home/doozy/ForkLift_AMR/install/doozy_forklift/lib/python3.10/site-packages/doozy_forklift/client_01.py
/home/doozy/ForkLift_AMR/install/doozy_forklift/lib/python3.10/site-packages/doozy_forklift/publish_tf_01.py
/home/doozy/ForkLift_AMR/install/doozy_forklift/lib/python3.10/site-packages/doozy_forklift/detect_pallet_01.py
/home/doozy/ForkLift_AMR/install/doozy_forklift/lib/python3.10/site-packages/doozy_forklift/dock_with_pallet_03.py
/home/doozy/ForkLift_AMR/install/doozy_forklift/lib/python3.10/site-packages/doozy_forklift/client_03.py
/home/doozy/ForkLift_AMR/install/doozy_forklift/lib/python3.10/site-packages/doozy_forklift/dock_with_pallet_01.py
/home/doozy/ForkLift_AMR/install/doozy_forklift/lib/python3.10/site-packages/doozy_forklift/__init__.py
/home/doozy/ForkLift_AMR/install/doozy_forklift/lib/python3.10/site-packages/doozy_forklift/__pycache__/client_02.cpython-310.pyc
/home/doozy/ForkLift_AMR/install/doozy_forklift/lib/python3.10/site-packages/doozy_forklift/__pycache__/dock_with_pallet_02.cpython-310.pyc
/home/doozy/ForkLift_AMR/install/doozy_forklift/lib/python3.10/site-packages/doozy_forklift/__pycache__/client_01.cpython-310.pyc
/home/doozy/ForkLift_AMR/install/doozy_forklift/lib/python3.10/site-packages/doozy_forklift/__pycache__/publish_tf_01.cpython-310.pyc
/home/doozy/ForkLift_AMR/install/doozy_forklift/lib/python3.10/site-packages/doozy_forklift/__pycache__/detect_pallet_01.cpython-310.pyc
/home/doozy/ForkLift_AMR/install/doozy_forklift/lib/python3.10/site-packages/doozy_forklift/__pycache__/dock_with_pallet_03.cpython-310.pyc
/home/doozy/ForkLift_AMR/install/doozy_forklift/lib/python3.10/site-packages/doozy_forklift/__pycache__/client_03.cpython-310.pyc
/home/doozy/ForkLift_AMR/install/doozy_forklift/lib/python3.10/site-packages/doozy_forklift/__pycache__/dock_with_pallet_01.cpython-310.pyc
/home/doozy/ForkLift_AMR/install/doozy_forklift/lib/python3.10/site-packages/doozy_forklift/__pycache__/__init__.cpython-310.pyc
/home/doozy/ForkLift_AMR/install/doozy_forklift/share/ament_index/resource_index/packages/doozy_forklift
/home/doozy/ForkLift_AMR/install/doozy_forklift/share/doozy_forklift/package.xml
/home/doozy/ForkLift_AMR/install/doozy_forklift/lib/python3.10/site-packages/doozy_forklift-0.0.0-py3.10.egg-info/PKG-INFO
/home/doozy/ForkLift_AMR/install/doozy_forklift/lib/python3.10/site-packages/doozy_forklift-0.0.0-py3.10.egg-info/requires.txt
/home/doozy/ForkLift_AMR/install/doozy_forklift/lib/python3.10/site-packages/doozy_forklift-0.0.0-py3.10.egg-info/top_level.txt
/home/doozy/ForkLift_AMR/install/doozy_forklift/lib/python3.10/site-packages/doozy_forklift-0.0.0-py3.10.egg-info/dependency_links.txt
/home/doozy/ForkLift_AMR/install/doozy_forklift/lib/python3.10/site-packages/doozy_forklift-0.0.0-py3.10.egg-info/SOURCES.txt
/home/doozy/ForkLift_AMR/install/doozy_forklift/lib/python3.10/site-packages/doozy_forklift-0.0.0-py3.10.egg-info/entry_points.txt
/home/doozy/ForkLift_AMR/install/doozy_forklift/lib/python3.10/site-packages/doozy_forklift-0.0.0-py3.10.egg-info/zip-safe
/home/doozy/ForkLift_AMR/install/doozy_forklift/lib/doozy_forklift/Client_01
/home/doozy/ForkLift_AMR/install/doozy_forklift/lib/doozy_forklift/Client_02
/home/doozy/ForkLift_AMR/install/doozy_forklift/lib/doozy_forklift/Client_03
/home/doozy/ForkLift_AMR/install/doozy_forklift/lib/doozy_forklift/Detect_Pallet_01
/home/doozy/ForkLift_AMR/install/doozy_forklift/lib/doozy_forklift/Dock_with_Pallet_01
/home/doozy/ForkLift_AMR/install/doozy_forklift/lib/doozy_forklift/Dock_with_Pallet_02
/home/doozy/ForkLift_AMR/install/doozy_forklift/lib/doozy_forklift/Publish_TF
