[0.078s] Invoking command in '/home/doozy/ForkLift_AMR/build/turtlebot3_description': CMAKE_PREFIX_PATH=${CMAKE_PREFIX_PATH}:/home/doozy/ForkLift_AMR/install/doozy_forklift:/home/doozy/turtlebot3_ws/install/turtlebot3_teleop:/home/doozy/turtlebot3_ws/install/turtlebot3_example:/home/doozy/turtlebot3_ws/install/autonomous_tb3:/home/doozy/doozy_ws/install/task_py:/home/doozy/doozy_robotics/doozy_ws_2/install/pallet_docker_02:/home/doozy/doozy_robotics/doozy_ws_2/install/2_t_dolly_logistics_driver:/home/doozy/ros2_ws/install/hotel_package:/home/doozy/ros2_ws/install/deffy:/home/doozy/do_ws/install/task_py:/home/doozy/neuronbot2_ros2_ws/install/neuronbot2_led:/opt/ros/humble /usr/bin/cmake /home/doozy/ForkLift_AMR/src/turtlebot3/turtlebot3_description -DCMAKE_INSTALL_PREFIX=/home/doozy/ForkLift_AMR/install/turtlebot3_description
[0.783s] -- The C compiler identification is GNU 11.4.0
[0.783s] -- The CXX compiler identification is GNU 11.4.0
[0.783s] -- Detecting C compiler ABI info
[0.783s] -- Detecting C compiler ABI info - done
[0.783s] -- Check for working C compiler: /usr/bin/cc - skipped
[0.783s] -- Detecting C compile features
[0.784s] -- Detecting C compile features - done
[0.784s] -- Detecting CXX compiler ABI info
[0.784s] -- Detecting CXX compiler ABI info - done
[0.784s] -- Check for working CXX compiler: /usr/bin/c++ - skipped
[0.784s] -- Detecting CXX compile features
[0.784s] -- Detecting CXX compile features - done
[0.784s] -- Found ament_cmake: 1.3.8 (/opt/ros/humble/share/ament_cmake/cmake)
[0.784s] -- Found Python3: /usr/bin/python3 (found version "3.10.12") found components: Interpreter 
[0.853s] -- Found urdf: 2.6.0 (/opt/ros/humble/share/urdf/cmake)
[1.028s] -- Configuring done
[1.032s] -- Generating done
[1.033s] -- Build files have been written to: /home/doozy/ForkLift_AMR/build/turtlebot3_description
[1.042s] Invoked command in '/home/doozy/ForkLift_AMR/build/turtlebot3_description' returned '0': CMAKE_PREFIX_PATH=${CMAKE_PREFIX_PATH}:/home/doozy/ForkLift_AMR/install/doozy_forklift:/home/doozy/turtlebot3_ws/install/turtlebot3_teleop:/home/doozy/turtlebot3_ws/install/turtlebot3_example:/home/doozy/turtlebot3_ws/install/autonomous_tb3:/home/doozy/doozy_ws/install/task_py:/home/doozy/doozy_robotics/doozy_ws_2/install/pallet_docker_02:/home/doozy/doozy_robotics/doozy_ws_2/install/2_t_dolly_logistics_driver:/home/doozy/ros2_ws/install/hotel_package:/home/doozy/ros2_ws/install/deffy:/home/doozy/do_ws/install/task_py:/home/doozy/neuronbot2_ros2_ws/install/neuronbot2_led:/opt/ros/humble /usr/bin/cmake /home/doozy/ForkLift_AMR/src/turtlebot3/turtlebot3_description -DCMAKE_INSTALL_PREFIX=/home/doozy/ForkLift_AMR/install/turtlebot3_description
[1.044s] Invoking command in '/home/doozy/ForkLift_AMR/build/turtlebot3_description': CMAKE_PREFIX_PATH=${CMAKE_PREFIX_PATH}:/home/doozy/ForkLift_AMR/install/doozy_forklift:/home/doozy/turtlebot3_ws/install/turtlebot3_teleop:/home/doozy/turtlebot3_ws/install/turtlebot3_example:/home/doozy/turtlebot3_ws/install/autonomous_tb3:/home/doozy/doozy_ws/install/task_py:/home/doozy/doozy_robotics/doozy_ws_2/install/pallet_docker_02:/home/doozy/doozy_robotics/doozy_ws_2/install/2_t_dolly_logistics_driver:/home/doozy/ros2_ws/install/hotel_package:/home/doozy/ros2_ws/install/deffy:/home/doozy/do_ws/install/task_py:/home/doozy/neuronbot2_ros2_ws/install/neuronbot2_led:/opt/ros/humble /usr/bin/cmake --build /home/doozy/ForkLift_AMR/build/turtlebot3_description -- -j16 -l16
[1.077s] Invoked command in '/home/doozy/ForkLift_AMR/build/turtlebot3_description' returned '0': CMAKE_PREFIX_PATH=${CMAKE_PREFIX_PATH}:/home/doozy/ForkLift_AMR/install/doozy_forklift:/home/doozy/turtlebot3_ws/install/turtlebot3_teleop:/home/doozy/turtlebot3_ws/install/turtlebot3_example:/home/doozy/turtlebot3_ws/install/autonomous_tb3:/home/doozy/doozy_ws/install/task_py:/home/doozy/doozy_robotics/doozy_ws_2/install/pallet_docker_02:/home/doozy/doozy_robotics/doozy_ws_2/install/2_t_dolly_logistics_driver:/home/doozy/ros2_ws/install/hotel_package:/home/doozy/ros2_ws/install/deffy:/home/doozy/do_ws/install/task_py:/home/doozy/neuronbot2_ros2_ws/install/neuronbot2_led:/opt/ros/humble /usr/bin/cmake --build /home/doozy/ForkLift_AMR/build/turtlebot3_description -- -j16 -l16
[1.105s] Invoking command in '/home/doozy/ForkLift_AMR/build/turtlebot3_description': CMAKE_PREFIX_PATH=${CMAKE_PREFIX_PATH}:/home/doozy/ForkLift_AMR/install/doozy_forklift:/home/doozy/turtlebot3_ws/install/turtlebot3_teleop:/home/doozy/turtlebot3_ws/install/turtlebot3_example:/home/doozy/turtlebot3_ws/install/autonomous_tb3:/home/doozy/doozy_ws/install/task_py:/home/doozy/doozy_robotics/doozy_ws_2/install/pallet_docker_02:/home/doozy/doozy_robotics/doozy_ws_2/install/2_t_dolly_logistics_driver:/home/doozy/ros2_ws/install/hotel_package:/home/doozy/ros2_ws/install/deffy:/home/doozy/do_ws/install/task_py:/home/doozy/neuronbot2_ros2_ws/install/neuronbot2_led:/opt/ros/humble /usr/bin/cmake --install /home/doozy/ForkLift_AMR/build/turtlebot3_description
[1.112s] -- Install configuration: ""
[1.112s] -- Installing: /home/doozy/ForkLift_AMR/install/turtlebot3_description/share/turtlebot3_description/meshes
[1.112s] -- Installing: /home/doozy/ForkLift_AMR/install/turtlebot3_description/share/turtlebot3_description/meshes/wheels
[1.112s] -- Installing: /home/doozy/ForkLift_AMR/install/turtlebot3_description/share/turtlebot3_description/meshes/wheels/left_tire.stl
[1.113s] -- Installing: /home/doozy/ForkLift_AMR/install/turtlebot3_description/share/turtlebot3_description/meshes/wheels/right_tire.stl
[1.115s] -- Installing: /home/doozy/ForkLift_AMR/install/turtlebot3_description/share/turtlebot3_description/meshes/bases
[1.115s] -- Installing: /home/doozy/ForkLift_AMR/install/turtlebot3_description/share/turtlebot3_description/meshes/bases/waffle_base.stl
[1.132s] -- Installing: /home/doozy/ForkLift_AMR/install/turtlebot3_description/share/turtlebot3_description/meshes/bases/burger_base.stl
[1.138s] -- Installing: /home/doozy/ForkLift_AMR/install/turtlebot3_description/share/turtlebot3_description/meshes/bases/waffle_pi_base.stl
[1.146s] -- Installing: /home/doozy/ForkLift_AMR/install/turtlebot3_description/share/turtlebot3_description/meshes/sensors
[1.146s] -- Installing: /home/doozy/ForkLift_AMR/install/turtlebot3_description/share/turtlebot3_description/meshes/sensors/astra.dae
[1.156s] -- Installing: /home/doozy/ForkLift_AMR/install/turtlebot3_description/share/turtlebot3_description/meshes/sensors/astra.jpg
[1.156s] -- Installing: /home/doozy/ForkLift_AMR/install/turtlebot3_description/share/turtlebot3_description/meshes/sensors/r200.jpg
[1.156s] -- Installing: /home/doozy/ForkLift_AMR/install/turtlebot3_description/share/turtlebot3_description/meshes/sensors/lds.stl
[1.157s] -- Installing: /home/doozy/ForkLift_AMR/install/turtlebot3_description/share/turtlebot3_description/meshes/sensors/r200.dae
[1.157s] -- Installing: /home/doozy/ForkLift_AMR/install/turtlebot3_description/share/turtlebot3_description/rviz
[1.157s] -- Installing: /home/doozy/ForkLift_AMR/install/turtlebot3_description/share/turtlebot3_description/rviz/model.rviz
[1.157s] -- Installing: /home/doozy/ForkLift_AMR/install/turtlebot3_description/share/turtlebot3_description/urdf
[1.157s] -- Installing: /home/doozy/ForkLift_AMR/install/turtlebot3_description/share/turtlebot3_description/urdf/turtlebot3_burger.urdf
[1.157s] -- Installing: /home/doozy/ForkLift_AMR/install/turtlebot3_description/share/turtlebot3_description/urdf/common_properties.urdf
[1.158s] -- Installing: /home/doozy/ForkLift_AMR/install/turtlebot3_description/share/turtlebot3_description/urdf/turtlebot3_waffle_pi.urdf
[1.158s] -- Installing: /home/doozy/ForkLift_AMR/install/turtlebot3_description/share/turtlebot3_description/urdf/turtlebot3_waffle.urdf
[1.158s] -- Installing: /home/doozy/ForkLift_AMR/install/turtlebot3_description/share/ament_index/resource_index/package_run_dependencies/turtlebot3_description
[1.158s] -- Installing: /home/doozy/ForkLift_AMR/install/turtlebot3_description/share/ament_index/resource_index/parent_prefix_path/turtlebot3_description
[1.158s] -- Installing: /home/doozy/ForkLift_AMR/install/turtlebot3_description/share/turtlebot3_description/environment/ament_prefix_path.sh
[1.158s] -- Installing: /home/doozy/ForkLift_AMR/install/turtlebot3_description/share/turtlebot3_description/environment/ament_prefix_path.dsv
[1.158s] -- Installing: /home/doozy/ForkLift_AMR/install/turtlebot3_description/share/turtlebot3_description/environment/path.sh
[1.159s] -- Installing: /home/doozy/ForkLift_AMR/install/turtlebot3_description/share/turtlebot3_description/environment/path.dsv
[1.159s] -- Installing: /home/doozy/ForkLift_AMR/install/turtlebot3_description/share/turtlebot3_description/local_setup.bash
[1.159s] -- Installing: /home/doozy/ForkLift_AMR/install/turtlebot3_description/share/turtlebot3_description/local_setup.sh
[1.159s] -- Installing: /home/doozy/ForkLift_AMR/install/turtlebot3_description/share/turtlebot3_description/local_setup.zsh
[1.159s] -- Installing: /home/doozy/ForkLift_AMR/install/turtlebot3_description/share/turtlebot3_description/local_setup.dsv
[1.159s] -- Installing: /home/doozy/ForkLift_AMR/install/turtlebot3_description/share/turtlebot3_description/package.dsv
[1.159s] -- Installing: /home/doozy/ForkLift_AMR/install/turtlebot3_description/share/ament_index/resource_index/packages/turtlebot3_description
[1.160s] -- Installing: /home/doozy/ForkLift_AMR/install/turtlebot3_description/share/turtlebot3_description/cmake/turtlebot3_descriptionConfig.cmake
[1.160s] -- Installing: /home/doozy/ForkLift_AMR/install/turtlebot3_description/share/turtlebot3_description/cmake/turtlebot3_descriptionConfig-version.cmake
[1.160s] -- Installing: /home/doozy/ForkLift_AMR/install/turtlebot3_description/share/turtlebot3_description/package.xml
[1.162s] Invoked command in '/home/doozy/ForkLift_AMR/build/turtlebot3_description' returned '0': CMAKE_PREFIX_PATH=${CMAKE_PREFIX_PATH}:/home/doozy/ForkLift_AMR/install/doozy_forklift:/home/doozy/turtlebot3_ws/install/turtlebot3_teleop:/home/doozy/turtlebot3_ws/install/turtlebot3_example:/home/doozy/turtlebot3_ws/install/autonomous_tb3:/home/doozy/doozy_ws/install/task_py:/home/doozy/doozy_robotics/doozy_ws_2/install/pallet_docker_02:/home/doozy/doozy_robotics/doozy_ws_2/install/2_t_dolly_logistics_driver:/home/doozy/ros2_ws/install/hotel_package:/home/doozy/ros2_ws/install/deffy:/home/doozy/do_ws/install/task_py:/home/doozy/neuronbot2_ros2_ws/install/neuronbot2_led:/opt/ros/humble /usr/bin/cmake --install /home/doozy/ForkLift_AMR/build/turtlebot3_description
