[0.228s] Invoking command in '/home/doozy/ForkLift_AMR/build/sick_visionary_t_mini': CMAKE_PREFIX_PATH=${CMAKE_PREFIX_PATH}:/home/doozy/ForkLift_AMR/install/doozy_forklift:/home/doozy/doozy_robotics/doozy_ws_2/install/pallet_docker_02:/home/doozy/doozy_robotics/doozy_ws_2/install/2_t_dolly_logistics_driver:/home/doozy/do_ws/install/task_py:/home/doozy/ros2_ws/install/hotel_package:/home/doozy/ros2_ws/install/deffy:/home/doozy/neuronbot2_ros2_ws/install/neuronbot2_led:/home/doozy/doozy_ws/install/task_py:/home/doozy/turtlebot3_ws/install/turtlebot3_teleop:/home/doozy/turtlebot3_ws/install/turtlebot3_example:/home/doozy/turtlebot3_ws/install/autonomous_tb3:/home/doozy/daimler_tugger/doozy_ws_2/install/pallet_docker_02:/home/doozy/daimler_tugger/doozy_ws_2/install/2_t_dolly_logistics_driver:/opt/ros/humble /usr/bin/cmake --build /home/doozy/ForkLift_AMR/build/sick_visionary_t_mini -- -j16 -l16
[0.272s] [  6%] Built target sick_visionary_t_mini__cpp
[0.272s] [ 12%] Built target sick_visionary_t_mini__rosidl_generator_c
[0.284s] [ 12%] Built target ament_cmake_python_copy_sick_visionary_t_mini
[0.302s] [ 22%] Built target sick_visionary_t_mini__rosidl_typesupport_c
[0.303s] [ 32%] Built target sick_visionary_t_mini__rosidl_typesupport_cpp
[0.304s] [ 41%] Built target sick_visionary_t_mini__rosidl_typesupport_fastrtps_cpp
[0.306s] [ 61%] Built target sick_visionary_t_mini__rosidl_typesupport_introspection_cpp
[0.306s] [ 61%] Built target sick_visionary_t_mini__rosidl_typesupport_introspection_c
[0.314s] [ 70%] Built target sick_visionary_t_mini__rosidl_typesupport_fastrtps_c
[0.335s] [ 70%] Built target sick_visionary_t_mini
[0.355s] [ 74%] Built target sick_visionary_t_mini__py
[0.377s] [ 80%] Built target sick_visionary_t_mini__rosidl_generator_py
[0.400s] [ 87%] Built target sick_visionary_t_mini__rosidl_typesupport_introspection_c__pyext
[0.400s] [100%] Built target sick_visionary_t_mini__rosidl_typesupport_c__pyext
[0.401s] [100%] Built target sick_visionary_t_mini__rosidl_typesupport_fastrtps_c__pyext
[0.536s] running egg_info
[0.556s] writing sick_visionary_t_mini.egg-info/PKG-INFO
[0.556s] writing dependency_links to sick_visionary_t_mini.egg-info/dependency_links.txt
[0.557s] writing top-level names to sick_visionary_t_mini.egg-info/top_level.txt
[0.617s] reading manifest file 'sick_visionary_t_mini.egg-info/SOURCES.txt'
[0.618s] writing manifest file 'sick_visionary_t_mini.egg-info/SOURCES.txt'
[0.639s] [100%] Built target ament_cmake_python_build_sick_visionary_t_mini_egg
[0.649s] Invoked command in '/home/doozy/ForkLift_AMR/build/sick_visionary_t_mini' returned '0': CMAKE_PREFIX_PATH=${CMAKE_PREFIX_PATH}:/home/doozy/ForkLift_AMR/install/doozy_forklift:/home/doozy/doozy_robotics/doozy_ws_2/install/pallet_docker_02:/home/doozy/doozy_robotics/doozy_ws_2/install/2_t_dolly_logistics_driver:/home/doozy/do_ws/install/task_py:/home/doozy/ros2_ws/install/hotel_package:/home/doozy/ros2_ws/install/deffy:/home/doozy/neuronbot2_ros2_ws/install/neuronbot2_led:/home/doozy/doozy_ws/install/task_py:/home/doozy/turtlebot3_ws/install/turtlebot3_teleop:/home/doozy/turtlebot3_ws/install/turtlebot3_example:/home/doozy/turtlebot3_ws/install/autonomous_tb3:/home/doozy/daimler_tugger/doozy_ws_2/install/pallet_docker_02:/home/doozy/daimler_tugger/doozy_ws_2/install/2_t_dolly_logistics_driver:/opt/ros/humble /usr/bin/cmake --build /home/doozy/ForkLift_AMR/build/sick_visionary_t_mini -- -j16 -l16
[0.720s] Invoking command in '/home/doozy/ForkLift_AMR/build/sick_visionary_t_mini': CMAKE_PREFIX_PATH=${CMAKE_PREFIX_PATH}:/home/doozy/ForkLift_AMR/install/doozy_forklift:/home/doozy/doozy_robotics/doozy_ws_2/install/pallet_docker_02:/home/doozy/doozy_robotics/doozy_ws_2/install/2_t_dolly_logistics_driver:/home/doozy/do_ws/install/task_py:/home/doozy/ros2_ws/install/hotel_package:/home/doozy/ros2_ws/install/deffy:/home/doozy/neuronbot2_ros2_ws/install/neuronbot2_led:/home/doozy/doozy_ws/install/task_py:/home/doozy/turtlebot3_ws/install/turtlebot3_teleop:/home/doozy/turtlebot3_ws/install/turtlebot3_example:/home/doozy/turtlebot3_ws/install/autonomous_tb3:/home/doozy/daimler_tugger/doozy_ws_2/install/pallet_docker_02:/home/doozy/daimler_tugger/doozy_ws_2/install/2_t_dolly_logistics_driver:/opt/ros/humble /usr/bin/cmake --install /home/doozy/ForkLift_AMR/build/sick_visionary_t_mini
[0.726s] -- Install configuration: ""
[0.727s] -- Up-to-date: /home/doozy/ForkLift_AMR/install/sick_visionary_t_mini/share/ament_index/resource_index/rosidl_interfaces/sick_visionary_t_mini
[0.727s] -- Up-to-date: /home/doozy/ForkLift_AMR/install/sick_visionary_t_mini/include/sick_visionary_t_mini/sick_visionary_t_mini
[0.727s] -- Up-to-date: /home/doozy/ForkLift_AMR/install/sick_visionary_t_mini/include/sick_visionary_t_mini/sick_visionary_t_mini/msg
[0.727s] -- Up-to-date: /home/doozy/ForkLift_AMR/install/sick_visionary_t_mini/include/sick_visionary_t_mini/sick_visionary_t_mini/msg/detail
[0.727s] -- Up-to-date: /home/doozy/ForkLift_AMR/install/sick_visionary_t_mini/include/sick_visionary_t_mini/sick_visionary_t_mini/msg/detail/sick_t_mini__struct.h
[0.727s] -- Up-to-date: /home/doozy/ForkLift_AMR/install/sick_visionary_t_mini/include/sick_visionary_t_mini/sick_visionary_t_mini/msg/detail/sick_t_mini__functions.c
[0.727s] -- Up-to-date: /home/doozy/ForkLift_AMR/install/sick_visionary_t_mini/include/sick_visionary_t_mini/sick_visionary_t_mini/msg/detail/sick_t_mini__type_support.h
[0.727s] -- Up-to-date: /home/doozy/ForkLift_AMR/install/sick_visionary_t_mini/include/sick_visionary_t_mini/sick_visionary_t_mini/msg/detail/sick_t_mini__functions.h
[0.727s] -- Up-to-date: /home/doozy/ForkLift_AMR/install/sick_visionary_t_mini/include/sick_visionary_t_mini/sick_visionary_t_mini/msg/rosidl_generator_c__visibility_control.h
[0.727s] -- Up-to-date: /home/doozy/ForkLift_AMR/install/sick_visionary_t_mini/include/sick_visionary_t_mini/sick_visionary_t_mini/msg/sick_t_mini.h
[0.728s] -- Up-to-date: /home/doozy/ForkLift_AMR/install/sick_visionary_t_mini/share/sick_visionary_t_mini/environment/library_path.sh
[0.728s] -- Up-to-date: /home/doozy/ForkLift_AMR/install/sick_visionary_t_mini/share/sick_visionary_t_mini/environment/library_path.dsv
[0.728s] -- Up-to-date: /home/doozy/ForkLift_AMR/install/sick_visionary_t_mini/lib/libsick_visionary_t_mini__rosidl_generator_c.so
[0.728s] -- Up-to-date: /home/doozy/ForkLift_AMR/install/sick_visionary_t_mini/include/sick_visionary_t_mini/sick_visionary_t_mini
[0.728s] -- Up-to-date: /home/doozy/ForkLift_AMR/install/sick_visionary_t_mini/include/sick_visionary_t_mini/sick_visionary_t_mini/msg
[0.728s] -- Up-to-date: /home/doozy/ForkLift_AMR/install/sick_visionary_t_mini/include/sick_visionary_t_mini/sick_visionary_t_mini/msg/detail
[0.728s] -- Up-to-date: /home/doozy/ForkLift_AMR/install/sick_visionary_t_mini/include/sick_visionary_t_mini/sick_visionary_t_mini/msg/detail/sick_t_mini__rosidl_typesupport_fastrtps_c.h
[0.728s] -- Up-to-date: /home/doozy/ForkLift_AMR/install/sick_visionary_t_mini/include/sick_visionary_t_mini/sick_visionary_t_mini/msg/rosidl_typesupport_fastrtps_c__visibility_control.h
[0.728s] -- Up-to-date: /home/doozy/ForkLift_AMR/install/sick_visionary_t_mini/lib/libsick_visionary_t_mini__rosidl_typesupport_fastrtps_c.so
[0.728s] -- Up-to-date: /home/doozy/ForkLift_AMR/install/sick_visionary_t_mini/include/sick_visionary_t_mini/sick_visionary_t_mini
[0.729s] -- Up-to-date: /home/doozy/ForkLift_AMR/install/sick_visionary_t_mini/include/sick_visionary_t_mini/sick_visionary_t_mini/msg
[0.729s] -- Up-to-date: /home/doozy/ForkLift_AMR/install/sick_visionary_t_mini/include/sick_visionary_t_mini/sick_visionary_t_mini/msg/detail
[0.729s] -- Up-to-date: /home/doozy/ForkLift_AMR/install/sick_visionary_t_mini/include/sick_visionary_t_mini/sick_visionary_t_mini/msg/detail/sick_t_mini__traits.hpp
[0.729s] -- Up-to-date: /home/doozy/ForkLift_AMR/install/sick_visionary_t_mini/include/sick_visionary_t_mini/sick_visionary_t_mini/msg/detail/sick_t_mini__builder.hpp
[0.729s] -- Up-to-date: /home/doozy/ForkLift_AMR/install/sick_visionary_t_mini/include/sick_visionary_t_mini/sick_visionary_t_mini/msg/detail/sick_t_mini__struct.hpp
[0.729s] -- Up-to-date: /home/doozy/ForkLift_AMR/install/sick_visionary_t_mini/include/sick_visionary_t_mini/sick_visionary_t_mini/msg/sick_t_mini.hpp
[0.729s] -- Up-to-date: /home/doozy/ForkLift_AMR/install/sick_visionary_t_mini/include/sick_visionary_t_mini/sick_visionary_t_mini
[0.729s] -- Up-to-date: /home/doozy/ForkLift_AMR/install/sick_visionary_t_mini/include/sick_visionary_t_mini/sick_visionary_t_mini/msg
[0.729s] -- Up-to-date: /home/doozy/ForkLift_AMR/install/sick_visionary_t_mini/include/sick_visionary_t_mini/sick_visionary_t_mini/msg/rosidl_typesupport_fastrtps_cpp__visibility_control.h
[0.729s] -- Up-to-date: /home/doozy/ForkLift_AMR/install/sick_visionary_t_mini/include/sick_visionary_t_mini/sick_visionary_t_mini/msg/detail
[0.730s] -- Up-to-date: /home/doozy/ForkLift_AMR/install/sick_visionary_t_mini/include/sick_visionary_t_mini/sick_visionary_t_mini/msg/detail/dds_fastrtps
[0.730s] -- Up-to-date: /home/doozy/ForkLift_AMR/install/sick_visionary_t_mini/include/sick_visionary_t_mini/sick_visionary_t_mini/msg/detail/sick_t_mini__rosidl_typesupport_fastrtps_cpp.hpp
[0.730s] -- Up-to-date: /home/doozy/ForkLift_AMR/install/sick_visionary_t_mini/lib/libsick_visionary_t_mini__rosidl_typesupport_fastrtps_cpp.so
[0.730s] -- Up-to-date: /home/doozy/ForkLift_AMR/install/sick_visionary_t_mini/include/sick_visionary_t_mini/sick_visionary_t_mini
[0.730s] -- Up-to-date: /home/doozy/ForkLift_AMR/install/sick_visionary_t_mini/include/sick_visionary_t_mini/sick_visionary_t_mini/msg
[0.730s] -- Up-to-date: /home/doozy/ForkLift_AMR/install/sick_visionary_t_mini/include/sick_visionary_t_mini/sick_visionary_t_mini/msg/rosidl_typesupport_introspection_c__visibility_control.h
[0.730s] -- Up-to-date: /home/doozy/ForkLift_AMR/install/sick_visionary_t_mini/include/sick_visionary_t_mini/sick_visionary_t_mini/msg/detail
[0.730s] -- Up-to-date: /home/doozy/ForkLift_AMR/install/sick_visionary_t_mini/include/sick_visionary_t_mini/sick_visionary_t_mini/msg/detail/sick_t_mini__rosidl_typesupport_introspection_c.h
[0.730s] -- Up-to-date: /home/doozy/ForkLift_AMR/install/sick_visionary_t_mini/include/sick_visionary_t_mini/sick_visionary_t_mini/msg/detail/sick_t_mini__type_support.c
[0.730s] -- Up-to-date: /home/doozy/ForkLift_AMR/install/sick_visionary_t_mini/lib/libsick_visionary_t_mini__rosidl_typesupport_introspection_c.so
[0.730s] -- Up-to-date: /home/doozy/ForkLift_AMR/install/sick_visionary_t_mini/lib/libsick_visionary_t_mini__rosidl_typesupport_c.so
[0.730s] -- Up-to-date: /home/doozy/ForkLift_AMR/install/sick_visionary_t_mini/include/sick_visionary_t_mini/sick_visionary_t_mini
[0.731s] -- Up-to-date: /home/doozy/ForkLift_AMR/install/sick_visionary_t_mini/include/sick_visionary_t_mini/sick_visionary_t_mini/msg
[0.731s] -- Up-to-date: /home/doozy/ForkLift_AMR/install/sick_visionary_t_mini/include/sick_visionary_t_mini/sick_visionary_t_mini/msg/detail
[0.731s] -- Up-to-date: /home/doozy/ForkLift_AMR/install/sick_visionary_t_mini/include/sick_visionary_t_mini/sick_visionary_t_mini/msg/detail/sick_t_mini__rosidl_typesupport_introspection_cpp.hpp
[0.731s] -- Up-to-date: /home/doozy/ForkLift_AMR/install/sick_visionary_t_mini/include/sick_visionary_t_mini/sick_visionary_t_mini/msg/detail/sick_t_mini__type_support.cpp
[0.731s] -- Up-to-date: /home/doozy/ForkLift_AMR/install/sick_visionary_t_mini/lib/libsick_visionary_t_mini__rosidl_typesupport_introspection_cpp.so
[0.731s] -- Up-to-date: /home/doozy/ForkLift_AMR/install/sick_visionary_t_mini/lib/libsick_visionary_t_mini__rosidl_typesupport_cpp.so
[0.731s] -- Up-to-date: /home/doozy/ForkLift_AMR/install/sick_visionary_t_mini/share/sick_visionary_t_mini/environment/pythonpath.sh
[0.731s] -- Up-to-date: /home/doozy/ForkLift_AMR/install/sick_visionary_t_mini/share/sick_visionary_t_mini/environment/pythonpath.dsv
[0.731s] -- Up-to-date: /home/doozy/ForkLift_AMR/install/sick_visionary_t_mini/local/lib/python3.10/dist-packages/sick_visionary_t_mini-0.0.0-py3.10.egg-info
[0.731s] -- Installing: /home/doozy/ForkLift_AMR/install/sick_visionary_t_mini/local/lib/python3.10/dist-packages/sick_visionary_t_mini-0.0.0-py3.10.egg-info/PKG-INFO
[0.731s] -- Installing: /home/doozy/ForkLift_AMR/install/sick_visionary_t_mini/local/lib/python3.10/dist-packages/sick_visionary_t_mini-0.0.0-py3.10.egg-info/top_level.txt
[0.731s] -- Installing: /home/doozy/ForkLift_AMR/install/sick_visionary_t_mini/local/lib/python3.10/dist-packages/sick_visionary_t_mini-0.0.0-py3.10.egg-info/dependency_links.txt
[0.732s] -- Installing: /home/doozy/ForkLift_AMR/install/sick_visionary_t_mini/local/lib/python3.10/dist-packages/sick_visionary_t_mini-0.0.0-py3.10.egg-info/SOURCES.txt
[0.733s] -- Up-to-date: /home/doozy/ForkLift_AMR/install/sick_visionary_t_mini/local/lib/python3.10/dist-packages/sick_visionary_t_mini
[0.733s] -- Up-to-date: /home/doozy/ForkLift_AMR/install/sick_visionary_t_mini/local/lib/python3.10/dist-packages/sick_visionary_t_mini/msg
[0.733s] -- Up-to-date: /home/doozy/ForkLift_AMR/install/sick_visionary_t_mini/local/lib/python3.10/dist-packages/sick_visionary_t_mini/msg/_sick_t_mini_s.c
[0.733s] -- Up-to-date: /home/doozy/ForkLift_AMR/install/sick_visionary_t_mini/local/lib/python3.10/dist-packages/sick_visionary_t_mini/msg/__init__.py
[0.733s] -- Up-to-date: /home/doozy/ForkLift_AMR/install/sick_visionary_t_mini/local/lib/python3.10/dist-packages/sick_visionary_t_mini/msg/_sick_t_mini.py
[0.733s] -- Up-to-date: /home/doozy/ForkLift_AMR/install/sick_visionary_t_mini/local/lib/python3.10/dist-packages/sick_visionary_t_mini/sick_visionary_t_mini_s__rosidl_typesupport_c.cpython-310-x86_64-linux-gnu.so
[0.733s] -- Up-to-date: /home/doozy/ForkLift_AMR/install/sick_visionary_t_mini/local/lib/python3.10/dist-packages/sick_visionary_t_mini/sick_visionary_t_mini_s__rosidl_typesupport_fastrtps_c.cpython-310-x86_64-linux-gnu.so
[0.733s] -- Up-to-date: /home/doozy/ForkLift_AMR/install/sick_visionary_t_mini/local/lib/python3.10/dist-packages/sick_visionary_t_mini/sick_visionary_t_mini_s__rosidl_typesupport_introspection_c.cpython-310-x86_64-linux-gnu.so
[0.733s] -- Up-to-date: /home/doozy/ForkLift_AMR/install/sick_visionary_t_mini/local/lib/python3.10/dist-packages/sick_visionary_t_mini/libsick_visionary_t_mini__rosidl_generator_py.so
[0.733s] -- Up-to-date: /home/doozy/ForkLift_AMR/install/sick_visionary_t_mini/local/lib/python3.10/dist-packages/sick_visionary_t_mini/_sick_visionary_t_mini_s.ep.rosidl_typesupport_fastrtps_c.c
[0.733s] -- Up-to-date: /home/doozy/ForkLift_AMR/install/sick_visionary_t_mini/local/lib/python3.10/dist-packages/sick_visionary_t_mini/__init__.py
[0.734s] -- Up-to-date: /home/doozy/ForkLift_AMR/install/sick_visionary_t_mini/local/lib/python3.10/dist-packages/sick_visionary_t_mini/_sick_visionary_t_mini_s.ep.rosidl_typesupport_c.c
[0.734s] -- Up-to-date: /home/doozy/ForkLift_AMR/install/sick_visionary_t_mini/local/lib/python3.10/dist-packages/sick_visionary_t_mini/_sick_visionary_t_mini_s.ep.rosidl_typesupport_introspection_c.c
[0.767s] Listing '/home/doozy/ForkLift_AMR/install/sick_visionary_t_mini/local/lib/python3.10/dist-packages/sick_visionary_t_mini'...
[0.767s] Listing '/home/doozy/ForkLift_AMR/install/sick_visionary_t_mini/local/lib/python3.10/dist-packages/sick_visionary_t_mini/msg'...
[0.771s] -- Up-to-date: /home/doozy/ForkLift_AMR/install/sick_visionary_t_mini/local/lib/python3.10/dist-packages/sick_visionary_t_mini/sick_visionary_t_mini_s__rosidl_typesupport_fastrtps_c.cpython-310-x86_64-linux-gnu.so
[0.771s] -- Up-to-date: /home/doozy/ForkLift_AMR/install/sick_visionary_t_mini/local/lib/python3.10/dist-packages/sick_visionary_t_mini/sick_visionary_t_mini_s__rosidl_typesupport_introspection_c.cpython-310-x86_64-linux-gnu.so
[0.771s] -- Up-to-date: /home/doozy/ForkLift_AMR/install/sick_visionary_t_mini/local/lib/python3.10/dist-packages/sick_visionary_t_mini/sick_visionary_t_mini_s__rosidl_typesupport_c.cpython-310-x86_64-linux-gnu.so
[0.771s] -- Up-to-date: /home/doozy/ForkLift_AMR/install/sick_visionary_t_mini/lib/libsick_visionary_t_mini__rosidl_generator_py.so
[0.772s] -- Up-to-date: /home/doozy/ForkLift_AMR/install/sick_visionary_t_mini/share/sick_visionary_t_mini/msg/SickTMini.idl
[0.772s] -- Up-to-date: /home/doozy/ForkLift_AMR/install/sick_visionary_t_mini/share/sick_visionary_t_mini/msg/SickTMini.msg
[0.772s] -- Up-to-date: /home/doozy/ForkLift_AMR/install/sick_visionary_t_mini/share/ament_index/resource_index/package_run_dependencies/sick_visionary_t_mini
[0.772s] -- Up-to-date: /home/doozy/ForkLift_AMR/install/sick_visionary_t_mini/share/ament_index/resource_index/parent_prefix_path/sick_visionary_t_mini
[0.772s] -- Up-to-date: /home/doozy/ForkLift_AMR/install/sick_visionary_t_mini/share/sick_visionary_t_mini/environment/ament_prefix_path.sh
[0.772s] -- Up-to-date: /home/doozy/ForkLift_AMR/install/sick_visionary_t_mini/share/sick_visionary_t_mini/environment/ament_prefix_path.dsv
[0.772s] -- Up-to-date: /home/doozy/ForkLift_AMR/install/sick_visionary_t_mini/share/sick_visionary_t_mini/environment/path.sh
[0.772s] -- Up-to-date: /home/doozy/ForkLift_AMR/install/sick_visionary_t_mini/share/sick_visionary_t_mini/environment/path.dsv
[0.773s] -- Up-to-date: /home/doozy/ForkLift_AMR/install/sick_visionary_t_mini/share/sick_visionary_t_mini/local_setup.bash
[0.773s] -- Up-to-date: /home/doozy/ForkLift_AMR/install/sick_visionary_t_mini/share/sick_visionary_t_mini/local_setup.sh
[0.773s] -- Up-to-date: /home/doozy/ForkLift_AMR/install/sick_visionary_t_mini/share/sick_visionary_t_mini/local_setup.zsh
[0.773s] -- Up-to-date: /home/doozy/ForkLift_AMR/install/sick_visionary_t_mini/share/sick_visionary_t_mini/local_setup.dsv
[0.773s] -- Installing: /home/doozy/ForkLift_AMR/install/sick_visionary_t_mini/share/sick_visionary_t_mini/package.dsv
[0.773s] -- Up-to-date: /home/doozy/ForkLift_AMR/install/sick_visionary_t_mini/share/ament_index/resource_index/packages/sick_visionary_t_mini
[0.773s] -- Up-to-date: /home/doozy/ForkLift_AMR/install/sick_visionary_t_mini/share/sick_visionary_t_mini/cmake/export_sick_visionary_t_mini__rosidl_generator_cExport.cmake
[0.773s] -- Up-to-date: /home/doozy/ForkLift_AMR/install/sick_visionary_t_mini/share/sick_visionary_t_mini/cmake/export_sick_visionary_t_mini__rosidl_generator_cExport-noconfig.cmake
[0.774s] -- Up-to-date: /home/doozy/ForkLift_AMR/install/sick_visionary_t_mini/share/sick_visionary_t_mini/cmake/export_sick_visionary_t_mini__rosidl_typesupport_fastrtps_cExport.cmake
[0.774s] -- Up-to-date: /home/doozy/ForkLift_AMR/install/sick_visionary_t_mini/share/sick_visionary_t_mini/cmake/export_sick_visionary_t_mini__rosidl_typesupport_fastrtps_cExport-noconfig.cmake
[0.774s] -- Up-to-date: /home/doozy/ForkLift_AMR/install/sick_visionary_t_mini/share/sick_visionary_t_mini/cmake/export_sick_visionary_t_mini__rosidl_generator_cppExport.cmake
[0.774s] -- Up-to-date: /home/doozy/ForkLift_AMR/install/sick_visionary_t_mini/share/sick_visionary_t_mini/cmake/export_sick_visionary_t_mini__rosidl_typesupport_fastrtps_cppExport.cmake
[0.774s] -- Up-to-date: /home/doozy/ForkLift_AMR/install/sick_visionary_t_mini/share/sick_visionary_t_mini/cmake/export_sick_visionary_t_mini__rosidl_typesupport_fastrtps_cppExport-noconfig.cmake
[0.774s] -- Up-to-date: /home/doozy/ForkLift_AMR/install/sick_visionary_t_mini/share/sick_visionary_t_mini/cmake/sick_visionary_t_mini__rosidl_typesupport_introspection_cExport.cmake
[0.774s] -- Up-to-date: /home/doozy/ForkLift_AMR/install/sick_visionary_t_mini/share/sick_visionary_t_mini/cmake/sick_visionary_t_mini__rosidl_typesupport_introspection_cExport-noconfig.cmake
[0.774s] -- Up-to-date: /home/doozy/ForkLift_AMR/install/sick_visionary_t_mini/share/sick_visionary_t_mini/cmake/sick_visionary_t_mini__rosidl_typesupport_cExport.cmake
[0.774s] -- Up-to-date: /home/doozy/ForkLift_AMR/install/sick_visionary_t_mini/share/sick_visionary_t_mini/cmake/sick_visionary_t_mini__rosidl_typesupport_cExport-noconfig.cmake
[0.774s] -- Up-to-date: /home/doozy/ForkLift_AMR/install/sick_visionary_t_mini/share/sick_visionary_t_mini/cmake/sick_visionary_t_mini__rosidl_typesupport_introspection_cppExport.cmake
[0.774s] -- Up-to-date: /home/doozy/ForkLift_AMR/install/sick_visionary_t_mini/share/sick_visionary_t_mini/cmake/sick_visionary_t_mini__rosidl_typesupport_introspection_cppExport-noconfig.cmake
[0.774s] -- Up-to-date: /home/doozy/ForkLift_AMR/install/sick_visionary_t_mini/share/sick_visionary_t_mini/cmake/sick_visionary_t_mini__rosidl_typesupport_cppExport.cmake
[0.775s] -- Up-to-date: /home/doozy/ForkLift_AMR/install/sick_visionary_t_mini/share/sick_visionary_t_mini/cmake/sick_visionary_t_mini__rosidl_typesupport_cppExport-noconfig.cmake
[0.775s] -- Up-to-date: /home/doozy/ForkLift_AMR/install/sick_visionary_t_mini/share/sick_visionary_t_mini/cmake/export_sick_visionary_t_mini__rosidl_generator_pyExport.cmake
[0.775s] -- Up-to-date: /home/doozy/ForkLift_AMR/install/sick_visionary_t_mini/share/sick_visionary_t_mini/cmake/export_sick_visionary_t_mini__rosidl_generator_pyExport-noconfig.cmake
[0.775s] -- Up-to-date: /home/doozy/ForkLift_AMR/install/sick_visionary_t_mini/share/sick_visionary_t_mini/cmake/rosidl_cmake-extras.cmake
[0.775s] -- Up-to-date: /home/doozy/ForkLift_AMR/install/sick_visionary_t_mini/share/sick_visionary_t_mini/cmake/ament_cmake_export_dependencies-extras.cmake
[0.776s] -- Up-to-date: /home/doozy/ForkLift_AMR/install/sick_visionary_t_mini/share/sick_visionary_t_mini/cmake/ament_cmake_export_include_directories-extras.cmake
[0.776s] -- Up-to-date: /home/doozy/ForkLift_AMR/install/sick_visionary_t_mini/share/sick_visionary_t_mini/cmake/ament_cmake_export_libraries-extras.cmake
[0.776s] -- Up-to-date: /home/doozy/ForkLift_AMR/install/sick_visionary_t_mini/share/sick_visionary_t_mini/cmake/ament_cmake_export_targets-extras.cmake
[0.777s] -- Up-to-date: /home/doozy/ForkLift_AMR/install/sick_visionary_t_mini/share/sick_visionary_t_mini/cmake/rosidl_cmake_export_typesupport_targets-extras.cmake
[0.777s] -- Up-to-date: /home/doozy/ForkLift_AMR/install/sick_visionary_t_mini/share/sick_visionary_t_mini/cmake/rosidl_cmake_export_typesupport_libraries-extras.cmake
[0.777s] -- Up-to-date: /home/doozy/ForkLift_AMR/install/sick_visionary_t_mini/share/sick_visionary_t_mini/cmake/sick_visionary_t_miniConfig.cmake
[0.777s] -- Up-to-date: /home/doozy/ForkLift_AMR/install/sick_visionary_t_mini/share/sick_visionary_t_mini/cmake/sick_visionary_t_miniConfig-version.cmake
[0.777s] -- Up-to-date: /home/doozy/ForkLift_AMR/install/sick_visionary_t_mini/share/sick_visionary_t_mini/package.xml
[0.777s] Invoked command in '/home/doozy/ForkLift_AMR/build/sick_visionary_t_mini' returned '0': CMAKE_PREFIX_PATH=${CMAKE_PREFIX_PATH}:/home/doozy/ForkLift_AMR/install/doozy_forklift:/home/doozy/doozy_robotics/doozy_ws_2/install/pallet_docker_02:/home/doozy/doozy_robotics/doozy_ws_2/install/2_t_dolly_logistics_driver:/home/doozy/do_ws/install/task_py:/home/doozy/ros2_ws/install/hotel_package:/home/doozy/ros2_ws/install/deffy:/home/doozy/neuronbot2_ros2_ws/install/neuronbot2_led:/home/doozy/doozy_ws/install/task_py:/home/doozy/turtlebot3_ws/install/turtlebot3_teleop:/home/doozy/turtlebot3_ws/install/turtlebot3_example:/home/doozy/turtlebot3_ws/install/autonomous_tb3:/home/doozy/daimler_tugger/doozy_ws_2/install/pallet_docker_02:/home/doozy/daimler_tugger/doozy_ws_2/install/2_t_dolly_logistics_driver:/opt/ros/humble /usr/bin/cmake --install /home/doozy/ForkLift_AMR/build/sick_visionary_t_mini
