[0.237s] Invoking command in '/home/doozy/ForkLift_AMR/build/forklift_interfaces': CMAKE_PREFIX_PATH=${CMAKE_PREFIX_PATH}:/home/doozy/ForkLift_AMR/install/doozy_forklift:/home/doozy/doozy_robotics/doozy_ws_2/install/pallet_docker_02:/home/doozy/doozy_robotics/doozy_ws_2/install/2_t_dolly_logistics_driver:/home/doozy/do_ws/install/task_py:/home/doozy/ros2_ws/install/hotel_package:/home/doozy/ros2_ws/install/deffy:/home/doozy/neuronbot2_ros2_ws/install/neuronbot2_led:/home/doozy/doozy_ws/install/task_py:/home/doozy/turtlebot3_ws/install/turtlebot3_teleop:/home/doozy/turtlebot3_ws/install/turtlebot3_example:/home/doozy/turtlebot3_ws/install/autonomous_tb3:/home/doozy/daimler_tugger/doozy_ws_2/install/pallet_docker_02:/home/doozy/daimler_tugger/doozy_ws_2/install/2_t_dolly_logistics_driver:/opt/ros/humble /usr/bin/cmake --build /home/doozy/ForkLift_AMR/build/forklift_interfaces -- -j16 -l16
[0.284s] [  3%] Built target forklift_interfaces__cpp
[0.285s] [ 12%] Built target forklift_interfaces__rosidl_generator_c
[0.298s] [ 12%] Built target ament_cmake_python_copy_forklift_interfaces
[0.315s] [ 22%] Built target forklift_interfaces__rosidl_typesupport_cpp
[0.315s] [ 32%] Built target forklift_interfaces__rosidl_typesupport_introspection_cpp
[0.315s] [ 41%] Built target forklift_interfaces__rosidl_typesupport_introspection_c
[0.318s] [ 51%] Built target forklift_interfaces__rosidl_typesupport_fastrtps_c
[0.318s] [ 61%] Built target forklift_interfaces__rosidl_typesupport_c
[0.320s] [ 70%] Built target forklift_interfaces__rosidl_typesupport_fastrtps_cpp
[0.342s] [ 70%] Built target forklift_interfaces
[0.362s] [ 74%] Built target forklift_interfaces__py
[0.383s] [ 80%] Built target forklift_interfaces__rosidl_generator_py
[0.407s] [ 87%] Built target forklift_interfaces__rosidl_typesupport_fastrtps_c__pyext
[0.407s] [ 93%] Built target forklift_interfaces__rosidl_typesupport_introspection_c__pyext
[0.409s] [100%] Built target forklift_interfaces__rosidl_typesupport_c__pyext
[0.554s] running egg_info
[0.575s] writing forklift_interfaces.egg-info/PKG-INFO
[0.576s] writing dependency_links to forklift_interfaces.egg-info/dependency_links.txt
[0.576s] writing top-level names to forklift_interfaces.egg-info/top_level.txt
[0.639s] reading manifest file 'forklift_interfaces.egg-info/SOURCES.txt'
[0.639s] writing manifest file 'forklift_interfaces.egg-info/SOURCES.txt'
[0.663s] [100%] Built target ament_cmake_python_build_forklift_interfaces_egg
[0.673s] Invoked command in '/home/doozy/ForkLift_AMR/build/forklift_interfaces' returned '0': CMAKE_PREFIX_PATH=${CMAKE_PREFIX_PATH}:/home/doozy/ForkLift_AMR/install/doozy_forklift:/home/doozy/doozy_robotics/doozy_ws_2/install/pallet_docker_02:/home/doozy/doozy_robotics/doozy_ws_2/install/2_t_dolly_logistics_driver:/home/doozy/do_ws/install/task_py:/home/doozy/ros2_ws/install/hotel_package:/home/doozy/ros2_ws/install/deffy:/home/doozy/neuronbot2_ros2_ws/install/neuronbot2_led:/home/doozy/doozy_ws/install/task_py:/home/doozy/turtlebot3_ws/install/turtlebot3_teleop:/home/doozy/turtlebot3_ws/install/turtlebot3_example:/home/doozy/turtlebot3_ws/install/autonomous_tb3:/home/doozy/daimler_tugger/doozy_ws_2/install/pallet_docker_02:/home/doozy/daimler_tugger/doozy_ws_2/install/2_t_dolly_logistics_driver:/opt/ros/humble /usr/bin/cmake --build /home/doozy/ForkLift_AMR/build/forklift_interfaces -- -j16 -l16
[0.743s] Invoking command in '/home/doozy/ForkLift_AMR/build/forklift_interfaces': CMAKE_PREFIX_PATH=${CMAKE_PREFIX_PATH}:/home/doozy/ForkLift_AMR/install/doozy_forklift:/home/doozy/doozy_robotics/doozy_ws_2/install/pallet_docker_02:/home/doozy/doozy_robotics/doozy_ws_2/install/2_t_dolly_logistics_driver:/home/doozy/do_ws/install/task_py:/home/doozy/ros2_ws/install/hotel_package:/home/doozy/ros2_ws/install/deffy:/home/doozy/neuronbot2_ros2_ws/install/neuronbot2_led:/home/doozy/doozy_ws/install/task_py:/home/doozy/turtlebot3_ws/install/turtlebot3_teleop:/home/doozy/turtlebot3_ws/install/turtlebot3_example:/home/doozy/turtlebot3_ws/install/autonomous_tb3:/home/doozy/daimler_tugger/doozy_ws_2/install/pallet_docker_02:/home/doozy/daimler_tugger/doozy_ws_2/install/2_t_dolly_logistics_driver:/opt/ros/humble /usr/bin/cmake --install /home/doozy/ForkLift_AMR/build/forklift_interfaces
[0.750s] -- Install configuration: ""
[0.751s] -- Up-to-date: /home/doozy/ForkLift_AMR/install/forklift_interfaces/share/ament_index/resource_index/rosidl_interfaces/forklift_interfaces
[0.751s] -- Up-to-date: /home/doozy/ForkLift_AMR/install/forklift_interfaces/include/forklift_interfaces/forklift_interfaces
[0.751s] -- Up-to-date: /home/doozy/ForkLift_AMR/install/forklift_interfaces/include/forklift_interfaces/forklift_interfaces/msg
[0.751s] -- Up-to-date: /home/doozy/ForkLift_AMR/install/forklift_interfaces/include/forklift_interfaces/forklift_interfaces/msg/rosidl_generator_c__visibility_control.h
[0.751s] -- Up-to-date: /home/doozy/ForkLift_AMR/install/forklift_interfaces/include/forklift_interfaces/forklift_interfaces/srv
[0.751s] -- Up-to-date: /home/doozy/ForkLift_AMR/install/forklift_interfaces/include/forklift_interfaces/forklift_interfaces/srv/detail
[0.751s] -- Up-to-date: /home/doozy/ForkLift_AMR/install/forklift_interfaces/include/forklift_interfaces/forklift_interfaces/srv/detail/fork_lift_dock__functions.c
[0.751s] -- Up-to-date: /home/doozy/ForkLift_AMR/install/forklift_interfaces/include/forklift_interfaces/forklift_interfaces/srv/detail/fork_lift_dock__functions.h
[0.751s] -- Up-to-date: /home/doozy/ForkLift_AMR/install/forklift_interfaces/include/forklift_interfaces/forklift_interfaces/srv/detail/fork_lift_dock__struct.h
[0.751s] -- Up-to-date: /home/doozy/ForkLift_AMR/install/forklift_interfaces/include/forklift_interfaces/forklift_interfaces/srv/detail/fork_lift_dock__type_support.h
[0.751s] -- Up-to-date: /home/doozy/ForkLift_AMR/install/forklift_interfaces/include/forklift_interfaces/forklift_interfaces/srv/fork_lift_dock.h
[0.751s] -- Up-to-date: /home/doozy/ForkLift_AMR/install/forklift_interfaces/share/forklift_interfaces/environment/library_path.sh
[0.751s] -- Up-to-date: /home/doozy/ForkLift_AMR/install/forklift_interfaces/share/forklift_interfaces/environment/library_path.dsv
[0.751s] -- Up-to-date: /home/doozy/ForkLift_AMR/install/forklift_interfaces/lib/libforklift_interfaces__rosidl_generator_c.so
[0.752s] -- Up-to-date: /home/doozy/ForkLift_AMR/install/forklift_interfaces/include/forklift_interfaces/forklift_interfaces
[0.752s] -- Up-to-date: /home/doozy/ForkLift_AMR/install/forklift_interfaces/include/forklift_interfaces/forklift_interfaces/msg
[0.752s] -- Up-to-date: /home/doozy/ForkLift_AMR/install/forklift_interfaces/include/forklift_interfaces/forklift_interfaces/msg/rosidl_typesupport_fastrtps_c__visibility_control.h
[0.752s] -- Up-to-date: /home/doozy/ForkLift_AMR/install/forklift_interfaces/include/forklift_interfaces/forklift_interfaces/srv
[0.752s] -- Up-to-date: /home/doozy/ForkLift_AMR/install/forklift_interfaces/include/forklift_interfaces/forklift_interfaces/srv/detail
[0.752s] -- Up-to-date: /home/doozy/ForkLift_AMR/install/forklift_interfaces/include/forklift_interfaces/forklift_interfaces/srv/detail/fork_lift_dock__rosidl_typesupport_fastrtps_c.h
[0.752s] -- Up-to-date: /home/doozy/ForkLift_AMR/install/forklift_interfaces/lib/libforklift_interfaces__rosidl_typesupport_fastrtps_c.so
[0.752s] -- Up-to-date: /home/doozy/ForkLift_AMR/install/forklift_interfaces/include/forklift_interfaces/forklift_interfaces
[0.752s] -- Up-to-date: /home/doozy/ForkLift_AMR/install/forklift_interfaces/include/forklift_interfaces/forklift_interfaces/srv
[0.752s] -- Up-to-date: /home/doozy/ForkLift_AMR/install/forklift_interfaces/include/forklift_interfaces/forklift_interfaces/srv/detail
[0.752s] -- Up-to-date: /home/doozy/ForkLift_AMR/install/forklift_interfaces/include/forklift_interfaces/forklift_interfaces/srv/detail/fork_lift_dock__struct.hpp
[0.753s] -- Up-to-date: /home/doozy/ForkLift_AMR/install/forklift_interfaces/include/forklift_interfaces/forklift_interfaces/srv/detail/fork_lift_dock__builder.hpp
[0.753s] -- Up-to-date: /home/doozy/ForkLift_AMR/install/forklift_interfaces/include/forklift_interfaces/forklift_interfaces/srv/detail/fork_lift_dock__traits.hpp
[0.753s] -- Up-to-date: /home/doozy/ForkLift_AMR/install/forklift_interfaces/include/forklift_interfaces/forklift_interfaces/srv/fork_lift_dock.hpp
[0.753s] -- Up-to-date: /home/doozy/ForkLift_AMR/install/forklift_interfaces/include/forklift_interfaces/forklift_interfaces
[0.753s] -- Up-to-date: /home/doozy/ForkLift_AMR/install/forklift_interfaces/include/forklift_interfaces/forklift_interfaces/msg
[0.753s] -- Up-to-date: /home/doozy/ForkLift_AMR/install/forklift_interfaces/include/forklift_interfaces/forklift_interfaces/msg/rosidl_typesupport_fastrtps_cpp__visibility_control.h
[0.753s] -- Up-to-date: /home/doozy/ForkLift_AMR/install/forklift_interfaces/include/forklift_interfaces/forklift_interfaces/srv
[0.753s] -- Up-to-date: /home/doozy/ForkLift_AMR/install/forklift_interfaces/include/forklift_interfaces/forklift_interfaces/srv/detail
[0.753s] -- Up-to-date: /home/doozy/ForkLift_AMR/install/forklift_interfaces/include/forklift_interfaces/forklift_interfaces/srv/detail/dds_fastrtps
[0.754s] -- Up-to-date: /home/doozy/ForkLift_AMR/install/forklift_interfaces/include/forklift_interfaces/forklift_interfaces/srv/detail/fork_lift_dock__rosidl_typesupport_fastrtps_cpp.hpp
[0.754s] -- Up-to-date: /home/doozy/ForkLift_AMR/install/forklift_interfaces/lib/libforklift_interfaces__rosidl_typesupport_fastrtps_cpp.so
[0.754s] -- Up-to-date: /home/doozy/ForkLift_AMR/install/forklift_interfaces/include/forklift_interfaces/forklift_interfaces
[0.754s] -- Up-to-date: /home/doozy/ForkLift_AMR/install/forklift_interfaces/include/forklift_interfaces/forklift_interfaces/msg
[0.754s] -- Up-to-date: /home/doozy/ForkLift_AMR/install/forklift_interfaces/include/forklift_interfaces/forklift_interfaces/msg/rosidl_typesupport_introspection_c__visibility_control.h
[0.754s] -- Up-to-date: /home/doozy/ForkLift_AMR/install/forklift_interfaces/include/forklift_interfaces/forklift_interfaces/srv
[0.754s] -- Up-to-date: /home/doozy/ForkLift_AMR/install/forklift_interfaces/include/forklift_interfaces/forklift_interfaces/srv/detail
[0.754s] -- Up-to-date: /home/doozy/ForkLift_AMR/install/forklift_interfaces/include/forklift_interfaces/forklift_interfaces/srv/detail/fork_lift_dock__type_support.c
[0.754s] -- Up-to-date: /home/doozy/ForkLift_AMR/install/forklift_interfaces/include/forklift_interfaces/forklift_interfaces/srv/detail/fork_lift_dock__rosidl_typesupport_introspection_c.h
[0.754s] -- Up-to-date: /home/doozy/ForkLift_AMR/install/forklift_interfaces/lib/libforklift_interfaces__rosidl_typesupport_introspection_c.so
[0.754s] -- Up-to-date: /home/doozy/ForkLift_AMR/install/forklift_interfaces/lib/libforklift_interfaces__rosidl_typesupport_c.so
[0.754s] -- Up-to-date: /home/doozy/ForkLift_AMR/install/forklift_interfaces/include/forklift_interfaces/forklift_interfaces
[0.754s] -- Up-to-date: /home/doozy/ForkLift_AMR/install/forklift_interfaces/include/forklift_interfaces/forklift_interfaces/srv
[0.754s] -- Up-to-date: /home/doozy/ForkLift_AMR/install/forklift_interfaces/include/forklift_interfaces/forklift_interfaces/srv/detail
[0.755s] -- Up-to-date: /home/doozy/ForkLift_AMR/install/forklift_interfaces/include/forklift_interfaces/forklift_interfaces/srv/detail/fork_lift_dock__type_support.cpp
[0.755s] -- Up-to-date: /home/doozy/ForkLift_AMR/install/forklift_interfaces/include/forklift_interfaces/forklift_interfaces/srv/detail/fork_lift_dock__rosidl_typesupport_introspection_cpp.hpp
[0.755s] -- Up-to-date: /home/doozy/ForkLift_AMR/install/forklift_interfaces/lib/libforklift_interfaces__rosidl_typesupport_introspection_cpp.so
[0.755s] -- Up-to-date: /home/doozy/ForkLift_AMR/install/forklift_interfaces/lib/libforklift_interfaces__rosidl_typesupport_cpp.so
[0.755s] -- Up-to-date: /home/doozy/ForkLift_AMR/install/forklift_interfaces/share/forklift_interfaces/environment/pythonpath.sh
[0.756s] -- Up-to-date: /home/doozy/ForkLift_AMR/install/forklift_interfaces/share/forklift_interfaces/environment/pythonpath.dsv
[0.756s] -- Up-to-date: /home/doozy/ForkLift_AMR/install/forklift_interfaces/local/lib/python3.10/dist-packages/forklift_interfaces-0.0.0-py3.10.egg-info
[0.756s] -- Installing: /home/doozy/ForkLift_AMR/install/forklift_interfaces/local/lib/python3.10/dist-packages/forklift_interfaces-0.0.0-py3.10.egg-info/PKG-INFO
[0.756s] -- Installing: /home/doozy/ForkLift_AMR/install/forklift_interfaces/local/lib/python3.10/dist-packages/forklift_interfaces-0.0.0-py3.10.egg-info/top_level.txt
[0.756s] -- Installing: /home/doozy/ForkLift_AMR/install/forklift_interfaces/local/lib/python3.10/dist-packages/forklift_interfaces-0.0.0-py3.10.egg-info/dependency_links.txt
[0.756s] -- Installing: /home/doozy/ForkLift_AMR/install/forklift_interfaces/local/lib/python3.10/dist-packages/forklift_interfaces-0.0.0-py3.10.egg-info/SOURCES.txt
[0.756s] -- Up-to-date: /home/doozy/ForkLift_AMR/install/forklift_interfaces/local/lib/python3.10/dist-packages/forklift_interfaces
[0.756s] -- Up-to-date: /home/doozy/ForkLift_AMR/install/forklift_interfaces/local/lib/python3.10/dist-packages/forklift_interfaces/forklift_interfaces_s__rosidl_typesupport_c.cpython-310-x86_64-linux-gnu.so
[0.756s] -- Up-to-date: /home/doozy/ForkLift_AMR/install/forklift_interfaces/local/lib/python3.10/dist-packages/forklift_interfaces/_forklift_interfaces_s.ep.rosidl_typesupport_c.c
[0.757s] -- Up-to-date: /home/doozy/ForkLift_AMR/install/forklift_interfaces/local/lib/python3.10/dist-packages/forklift_interfaces/forklift_interfaces_s__rosidl_typesupport_introspection_c.cpython-310-x86_64-linux-gnu.so
[0.757s] -- Up-to-date: /home/doozy/ForkLift_AMR/install/forklift_interfaces/local/lib/python3.10/dist-packages/forklift_interfaces/srv
[0.757s] -- Up-to-date: /home/doozy/ForkLift_AMR/install/forklift_interfaces/local/lib/python3.10/dist-packages/forklift_interfaces/srv/_fork_lift_dock_s.c
[0.757s] -- Up-to-date: /home/doozy/ForkLift_AMR/install/forklift_interfaces/local/lib/python3.10/dist-packages/forklift_interfaces/srv/__init__.py
[0.757s] -- Up-to-date: /home/doozy/ForkLift_AMR/install/forklift_interfaces/local/lib/python3.10/dist-packages/forklift_interfaces/srv/_fork_lift_dock.py
[0.757s] -- Up-to-date: /home/doozy/ForkLift_AMR/install/forklift_interfaces/local/lib/python3.10/dist-packages/forklift_interfaces/__init__.py
[0.757s] -- Up-to-date: /home/doozy/ForkLift_AMR/install/forklift_interfaces/local/lib/python3.10/dist-packages/forklift_interfaces/_forklift_interfaces_s.ep.rosidl_typesupport_introspection_c.c
[0.757s] -- Up-to-date: /home/doozy/ForkLift_AMR/install/forklift_interfaces/local/lib/python3.10/dist-packages/forklift_interfaces/libforklift_interfaces__rosidl_generator_py.so
[0.757s] -- Up-to-date: /home/doozy/ForkLift_AMR/install/forklift_interfaces/local/lib/python3.10/dist-packages/forklift_interfaces/_forklift_interfaces_s.ep.rosidl_typesupport_fastrtps_c.c
[0.757s] -- Up-to-date: /home/doozy/ForkLift_AMR/install/forklift_interfaces/local/lib/python3.10/dist-packages/forklift_interfaces/forklift_interfaces_s__rosidl_typesupport_fastrtps_c.cpython-310-x86_64-linux-gnu.so
[0.793s] Listing '/home/doozy/ForkLift_AMR/install/forklift_interfaces/local/lib/python3.10/dist-packages/forklift_interfaces'...
[0.793s] Listing '/home/doozy/ForkLift_AMR/install/forklift_interfaces/local/lib/python3.10/dist-packages/forklift_interfaces/srv'...
[0.797s] -- Up-to-date: /home/doozy/ForkLift_AMR/install/forklift_interfaces/local/lib/python3.10/dist-packages/forklift_interfaces/forklift_interfaces_s__rosidl_typesupport_fastrtps_c.cpython-310-x86_64-linux-gnu.so
[0.797s] -- Up-to-date: /home/doozy/ForkLift_AMR/install/forklift_interfaces/local/lib/python3.10/dist-packages/forklift_interfaces/forklift_interfaces_s__rosidl_typesupport_introspection_c.cpython-310-x86_64-linux-gnu.so
[0.797s] -- Up-to-date: /home/doozy/ForkLift_AMR/install/forklift_interfaces/local/lib/python3.10/dist-packages/forklift_interfaces/forklift_interfaces_s__rosidl_typesupport_c.cpython-310-x86_64-linux-gnu.so
[0.798s] -- Up-to-date: /home/doozy/ForkLift_AMR/install/forklift_interfaces/lib/libforklift_interfaces__rosidl_generator_py.so
[0.798s] -- Up-to-date: /home/doozy/ForkLift_AMR/install/forklift_interfaces/share/forklift_interfaces/srv/ForkLiftDock.idl
[0.798s] -- Up-to-date: /home/doozy/ForkLift_AMR/install/forklift_interfaces/share/forklift_interfaces/srv/ForkLiftDock.srv
[0.798s] -- Up-to-date: /home/doozy/ForkLift_AMR/install/forklift_interfaces/share/forklift_interfaces/srv/ForkLiftDock_Request.msg
[0.798s] -- Up-to-date: /home/doozy/ForkLift_AMR/install/forklift_interfaces/share/forklift_interfaces/srv/ForkLiftDock_Response.msg
[0.798s] -- Up-to-date: /home/doozy/ForkLift_AMR/install/forklift_interfaces/share/ament_index/resource_index/package_run_dependencies/forklift_interfaces
[0.798s] -- Up-to-date: /home/doozy/ForkLift_AMR/install/forklift_interfaces/share/ament_index/resource_index/parent_prefix_path/forklift_interfaces
[0.798s] -- Up-to-date: /home/doozy/ForkLift_AMR/install/forklift_interfaces/share/forklift_interfaces/environment/ament_prefix_path.sh
[0.799s] -- Up-to-date: /home/doozy/ForkLift_AMR/install/forklift_interfaces/share/forklift_interfaces/environment/ament_prefix_path.dsv
[0.799s] -- Up-to-date: /home/doozy/ForkLift_AMR/install/forklift_interfaces/share/forklift_interfaces/environment/path.sh
[0.799s] -- Up-to-date: /home/doozy/ForkLift_AMR/install/forklift_interfaces/share/forklift_interfaces/environment/path.dsv
[0.799s] -- Up-to-date: /home/doozy/ForkLift_AMR/install/forklift_interfaces/share/forklift_interfaces/local_setup.bash
[0.799s] -- Up-to-date: /home/doozy/ForkLift_AMR/install/forklift_interfaces/share/forklift_interfaces/local_setup.sh
[0.799s] -- Up-to-date: /home/doozy/ForkLift_AMR/install/forklift_interfaces/share/forklift_interfaces/local_setup.zsh
[0.799s] -- Up-to-date: /home/doozy/ForkLift_AMR/install/forklift_interfaces/share/forklift_interfaces/local_setup.dsv
[0.799s] -- Installing: /home/doozy/ForkLift_AMR/install/forklift_interfaces/share/forklift_interfaces/package.dsv
[0.799s] -- Up-to-date: /home/doozy/ForkLift_AMR/install/forklift_interfaces/share/ament_index/resource_index/packages/forklift_interfaces
[0.799s] -- Up-to-date: /home/doozy/ForkLift_AMR/install/forklift_interfaces/share/forklift_interfaces/cmake/export_forklift_interfaces__rosidl_generator_cExport.cmake
[0.799s] -- Up-to-date: /home/doozy/ForkLift_AMR/install/forklift_interfaces/share/forklift_interfaces/cmake/export_forklift_interfaces__rosidl_generator_cExport-noconfig.cmake
[0.799s] -- Up-to-date: /home/doozy/ForkLift_AMR/install/forklift_interfaces/share/forklift_interfaces/cmake/export_forklift_interfaces__rosidl_typesupport_fastrtps_cExport.cmake
[0.799s] -- Up-to-date: /home/doozy/ForkLift_AMR/install/forklift_interfaces/share/forklift_interfaces/cmake/export_forklift_interfaces__rosidl_typesupport_fastrtps_cExport-noconfig.cmake
[0.799s] -- Up-to-date: /home/doozy/ForkLift_AMR/install/forklift_interfaces/share/forklift_interfaces/cmake/export_forklift_interfaces__rosidl_generator_cppExport.cmake
[0.799s] -- Up-to-date: /home/doozy/ForkLift_AMR/install/forklift_interfaces/share/forklift_interfaces/cmake/export_forklift_interfaces__rosidl_typesupport_fastrtps_cppExport.cmake
[0.799s] -- Up-to-date: /home/doozy/ForkLift_AMR/install/forklift_interfaces/share/forklift_interfaces/cmake/export_forklift_interfaces__rosidl_typesupport_fastrtps_cppExport-noconfig.cmake
[0.800s] -- Up-to-date: /home/doozy/ForkLift_AMR/install/forklift_interfaces/share/forklift_interfaces/cmake/forklift_interfaces__rosidl_typesupport_introspection_cExport.cmake
[0.800s] -- Up-to-date: /home/doozy/ForkLift_AMR/install/forklift_interfaces/share/forklift_interfaces/cmake/forklift_interfaces__rosidl_typesupport_introspection_cExport-noconfig.cmake
[0.800s] -- Up-to-date: /home/doozy/ForkLift_AMR/install/forklift_interfaces/share/forklift_interfaces/cmake/forklift_interfaces__rosidl_typesupport_cExport.cmake
[0.800s] -- Up-to-date: /home/doozy/ForkLift_AMR/install/forklift_interfaces/share/forklift_interfaces/cmake/forklift_interfaces__rosidl_typesupport_cExport-noconfig.cmake
[0.800s] -- Up-to-date: /home/doozy/ForkLift_AMR/install/forklift_interfaces/share/forklift_interfaces/cmake/forklift_interfaces__rosidl_typesupport_introspection_cppExport.cmake
[0.800s] -- Up-to-date: /home/doozy/ForkLift_AMR/install/forklift_interfaces/share/forklift_interfaces/cmake/forklift_interfaces__rosidl_typesupport_introspection_cppExport-noconfig.cmake
[0.800s] -- Up-to-date: /home/doozy/ForkLift_AMR/install/forklift_interfaces/share/forklift_interfaces/cmake/forklift_interfaces__rosidl_typesupport_cppExport.cmake
[0.800s] -- Up-to-date: /home/doozy/ForkLift_AMR/install/forklift_interfaces/share/forklift_interfaces/cmake/forklift_interfaces__rosidl_typesupport_cppExport-noconfig.cmake
[0.800s] -- Up-to-date: /home/doozy/ForkLift_AMR/install/forklift_interfaces/share/forklift_interfaces/cmake/export_forklift_interfaces__rosidl_generator_pyExport.cmake
[0.800s] -- Up-to-date: /home/doozy/ForkLift_AMR/install/forklift_interfaces/share/forklift_interfaces/cmake/export_forklift_interfaces__rosidl_generator_pyExport-noconfig.cmake
[0.800s] -- Up-to-date: /home/doozy/ForkLift_AMR/install/forklift_interfaces/share/forklift_interfaces/cmake/rosidl_cmake-extras.cmake
[0.800s] -- Up-to-date: /home/doozy/ForkLift_AMR/install/forklift_interfaces/share/forklift_interfaces/cmake/ament_cmake_export_include_directories-extras.cmake
[0.801s] -- Up-to-date: /home/doozy/ForkLift_AMR/install/forklift_interfaces/share/forklift_interfaces/cmake/ament_cmake_export_libraries-extras.cmake
[0.801s] -- Up-to-date: /home/doozy/ForkLift_AMR/install/forklift_interfaces/share/forklift_interfaces/cmake/ament_cmake_export_targets-extras.cmake
[0.801s] -- Up-to-date: /home/doozy/ForkLift_AMR/install/forklift_interfaces/share/forklift_interfaces/cmake/rosidl_cmake_export_typesupport_targets-extras.cmake
[0.801s] -- Up-to-date: /home/doozy/ForkLift_AMR/install/forklift_interfaces/share/forklift_interfaces/cmake/ament_cmake_export_dependencies-extras.cmake
[0.801s] -- Up-to-date: /home/doozy/ForkLift_AMR/install/forklift_interfaces/share/forklift_interfaces/cmake/rosidl_cmake_export_typesupport_libraries-extras.cmake
[0.801s] -- Up-to-date: /home/doozy/ForkLift_AMR/install/forklift_interfaces/share/forklift_interfaces/cmake/forklift_interfacesConfig.cmake
[0.801s] -- Up-to-date: /home/doozy/ForkLift_AMR/install/forklift_interfaces/share/forklift_interfaces/cmake/forklift_interfacesConfig-version.cmake
[0.801s] -- Up-to-date: /home/doozy/ForkLift_AMR/install/forklift_interfaces/share/forklift_interfaces/package.xml
[0.804s] Invoked command in '/home/doozy/ForkLift_AMR/build/forklift_interfaces' returned '0': CMAKE_PREFIX_PATH=${CMAKE_PREFIX_PATH}:/home/doozy/ForkLift_AMR/install/doozy_forklift:/home/doozy/doozy_robotics/doozy_ws_2/install/pallet_docker_02:/home/doozy/doozy_robotics/doozy_ws_2/install/2_t_dolly_logistics_driver:/home/doozy/do_ws/install/task_py:/home/doozy/ros2_ws/install/hotel_package:/home/doozy/ros2_ws/install/deffy:/home/doozy/neuronbot2_ros2_ws/install/neuronbot2_led:/home/doozy/doozy_ws/install/task_py:/home/doozy/turtlebot3_ws/install/turtlebot3_teleop:/home/doozy/turtlebot3_ws/install/turtlebot3_example:/home/doozy/turtlebot3_ws/install/autonomous_tb3:/home/doozy/daimler_tugger/doozy_ws_2/install/pallet_docker_02:/home/doozy/daimler_tugger/doozy_ws_2/install/2_t_dolly_logistics_driver:/opt/ros/humble /usr/bin/cmake --install /home/doozy/ForkLift_AMR/build/forklift_interfaces
