[0.140s] DEBUG:colcon:Command line arguments: ['/home/avinaash/.local/bin/colcon', 'build']
[0.140s] DEBUG:colcon:Parsed command line arguments: Namespace(allow_overriding=[], ament_cmake_args=None, base_paths=['.'], build_base='build', catkin_cmake_args=None, catkin_skip_building_tests=False, cmake_args=None, cmake_clean_cache=False, cmake_clean_first=False, cmake_force_configure=False, cmake_target=None, cmake_target_skip_unavailable=False, continue_on_error=False, event_handlers=None, executor='parallel', ignore_user_meta=False, install_base='install', log_base=None, log_level=None, main=<bound method BuildVerb.main of <colcon_core.verb.build.BuildVerb object at 0x7fd35d80f4f0>>, merge_install=False, metas=['./colcon.meta'], packages_above=None, packages_above_and_dependencies=None, packages_above_depth=None, packages_end=None, packages_ignore=None, packages_ignore_regex=None, packages_select=None, packages_select_build_failed=False, packages_select_by_dep=None, packages_select_regex=None, packages_select_test_failures=False, packages_skip=None, packages_skip_build_finished=False, packages_skip_by_dep=None, packages_skip_regex=None, packages_skip_test_passed=False, packages_skip_up_to=None, packages_start=None, packages_up_to=None, packages_up_to_regex=None, parallel_workers=16, paths=None, symlink_install=False, test_result_base=None, verb_extension=<colcon_core.verb.build.BuildVerb object at 0x7fd35d80f4f0>, verb_name='build', verb_parser=<colcon_defaults.argument_parser.defaults.DefaultArgumentsDecorator object at 0x7fd35d80f9d0>)
[0.236s] Level 1:colcon.colcon_core.package_discovery:discover_packages(colcon_meta) check parameters
[0.236s] Level 1:colcon.colcon_core.package_discovery:discover_packages(recursive) check parameters
[0.236s] Level 1:colcon.colcon_core.package_discovery:discover_packages(ignore) check parameters
[0.236s] Level 1:colcon.colcon_core.package_discovery:discover_packages(path) check parameters
[0.236s] Level 1:colcon.colcon_core.package_discovery:discover_packages(colcon_meta) discover
[0.236s] Level 1:colcon.colcon_core.package_discovery:discover_packages(recursive) discover
[0.236s] INFO:colcon.colcon_core.package_discovery:Crawling recursively for packages in '/home/avinaash/ForkLift_AMR'
[0.236s] Level 1:colcon.colcon_core.package_identification:_identify(.) by extensions ['ignore', 'ignore_ament_install']
[0.237s] Level 1:colcon.colcon_core.package_identification:_identify(.) by extension 'ignore'
[0.237s] Level 1:colcon.colcon_core.package_identification:_identify(.) by extension 'ignore_ament_install'
[0.237s] Level 1:colcon.colcon_core.package_identification:_identify(.) by extensions ['colcon_pkg']
[0.237s] Level 1:colcon.colcon_core.package_identification:_identify(.) by extension 'colcon_pkg'
[0.237s] Level 1:colcon.colcon_core.package_identification:_identify(.) by extensions ['colcon_meta']
[0.237s] Level 1:colcon.colcon_core.package_identification:_identify(.) by extension 'colcon_meta'
[0.237s] Level 1:colcon.colcon_core.package_identification:_identify(.) by extensions ['ros']
[0.237s] Level 1:colcon.colcon_core.package_identification:_identify(.) by extension 'ros'
[0.243s] Level 1:colcon.colcon_core.package_identification:_identify(.) by extensions ['cmake', 'python']
[0.243s] Level 1:colcon.colcon_core.package_identification:_identify(.) by extension 'cmake'
[0.243s] Level 1:colcon.colcon_core.package_identification:_identify(.) by extension 'python'
[0.243s] Level 1:colcon.colcon_core.package_identification:_identify(.) by extensions ['python_setup_py']
[0.243s] Level 1:colcon.colcon_core.package_identification:_identify(.) by extension 'python_setup_py'
[0.243s] Level 1:colcon.colcon_core.package_identification:_identify(build) by extensions ['ignore', 'ignore_ament_install']
[0.243s] Level 1:colcon.colcon_core.package_identification:_identify(build) by extension 'ignore'
[0.244s] Level 1:colcon.colcon_core.package_identification:_identify(build) ignored
[0.244s] Level 1:colcon.colcon_core.package_identification:_identify(install) by extensions ['ignore', 'ignore_ament_install']
[0.244s] Level 1:colcon.colcon_core.package_identification:_identify(install) by extension 'ignore'
[0.244s] Level 1:colcon.colcon_core.package_identification:_identify(install) ignored
[0.244s] Level 1:colcon.colcon_core.package_identification:_identify(log) by extensions ['ignore', 'ignore_ament_install']
[0.244s] Level 1:colcon.colcon_core.package_identification:_identify(log) by extension 'ignore'
[0.244s] Level 1:colcon.colcon_core.package_identification:_identify(log) ignored
[0.244s] Level 1:colcon.colcon_core.package_identification:_identify(map) by extensions ['ignore', 'ignore_ament_install']
[0.244s] Level 1:colcon.colcon_core.package_identification:_identify(map) by extension 'ignore'
[0.244s] Level 1:colcon.colcon_core.package_identification:_identify(map) by extension 'ignore_ament_install'
[0.244s] Level 1:colcon.colcon_core.package_identification:_identify(map) by extensions ['colcon_pkg']
[0.244s] Level 1:colcon.colcon_core.package_identification:_identify(map) by extension 'colcon_pkg'
[0.244s] Level 1:colcon.colcon_core.package_identification:_identify(map) by extensions ['colcon_meta']
[0.244s] Level 1:colcon.colcon_core.package_identification:_identify(map) by extension 'colcon_meta'
[0.244s] Level 1:colcon.colcon_core.package_identification:_identify(map) by extensions ['ros']
[0.244s] Level 1:colcon.colcon_core.package_identification:_identify(map) by extension 'ros'
[0.244s] Level 1:colcon.colcon_core.package_identification:_identify(map) by extensions ['cmake', 'python']
[0.244s] Level 1:colcon.colcon_core.package_identification:_identify(map) by extension 'cmake'
[0.244s] Level 1:colcon.colcon_core.package_identification:_identify(map) by extension 'python'
[0.244s] Level 1:colcon.colcon_core.package_identification:_identify(map) by extensions ['python_setup_py']
[0.244s] Level 1:colcon.colcon_core.package_identification:_identify(map) by extension 'python_setup_py'
[0.244s] Level 1:colcon.colcon_core.package_identification:_identify(rviz) by extensions ['ignore', 'ignore_ament_install']
[0.244s] Level 1:colcon.colcon_core.package_identification:_identify(rviz) by extension 'ignore'
[0.244s] Level 1:colcon.colcon_core.package_identification:_identify(rviz) by extension 'ignore_ament_install'
[0.244s] Level 1:colcon.colcon_core.package_identification:_identify(rviz) by extensions ['colcon_pkg']
[0.244s] Level 1:colcon.colcon_core.package_identification:_identify(rviz) by extension 'colcon_pkg'
[0.244s] Level 1:colcon.colcon_core.package_identification:_identify(rviz) by extensions ['colcon_meta']
[0.244s] Level 1:colcon.colcon_core.package_identification:_identify(rviz) by extension 'colcon_meta'
[0.245s] Level 1:colcon.colcon_core.package_identification:_identify(rviz) by extensions ['ros']
[0.245s] Level 1:colcon.colcon_core.package_identification:_identify(rviz) by extension 'ros'
[0.245s] Level 1:colcon.colcon_core.package_identification:_identify(rviz) by extensions ['cmake', 'python']
[0.245s] Level 1:colcon.colcon_core.package_identification:_identify(rviz) by extension 'cmake'
[0.245s] Level 1:colcon.colcon_core.package_identification:_identify(rviz) by extension 'python'
[0.245s] Level 1:colcon.colcon_core.package_identification:_identify(rviz) by extensions ['python_setup_py']
[0.245s] Level 1:colcon.colcon_core.package_identification:_identify(rviz) by extension 'python_setup_py'
[0.245s] Level 1:colcon.colcon_core.package_identification:_identify(src) by extensions ['ignore', 'ignore_ament_install']
[0.245s] Level 1:colcon.colcon_core.package_identification:_identify(src) by extension 'ignore'
[0.245s] Level 1:colcon.colcon_core.package_identification:_identify(src) by extension 'ignore_ament_install'
[0.245s] Level 1:colcon.colcon_core.package_identification:_identify(src) by extensions ['colcon_pkg']
[0.245s] Level 1:colcon.colcon_core.package_identification:_identify(src) by extension 'colcon_pkg'
[0.245s] Level 1:colcon.colcon_core.package_identification:_identify(src) by extensions ['colcon_meta']
[0.245s] Level 1:colcon.colcon_core.package_identification:_identify(src) by extension 'colcon_meta'
[0.245s] Level 1:colcon.colcon_core.package_identification:_identify(src) by extensions ['ros']
[0.245s] Level 1:colcon.colcon_core.package_identification:_identify(src) by extension 'ros'
[0.245s] Level 1:colcon.colcon_core.package_identification:_identify(src) by extensions ['cmake', 'python']
[0.245s] Level 1:colcon.colcon_core.package_identification:_identify(src) by extension 'cmake'
[0.245s] Level 1:colcon.colcon_core.package_identification:_identify(src) by extension 'python'
[0.245s] Level 1:colcon.colcon_core.package_identification:_identify(src) by extensions ['python_setup_py']
[0.245s] Level 1:colcon.colcon_core.package_identification:_identify(src) by extension 'python_setup_py'
[0.245s] Level 1:colcon.colcon_core.package_identification:_identify(src/doozy_forklift) by extensions ['ignore', 'ignore_ament_install']
[0.245s] Level 1:colcon.colcon_core.package_identification:_identify(src/doozy_forklift) by extension 'ignore'
[0.245s] Level 1:colcon.colcon_core.package_identification:_identify(src/doozy_forklift) by extension 'ignore_ament_install'
[0.245s] Level 1:colcon.colcon_core.package_identification:_identify(src/doozy_forklift) by extensions ['colcon_pkg']
[0.245s] Level 1:colcon.colcon_core.package_identification:_identify(src/doozy_forklift) by extension 'colcon_pkg'
[0.245s] Level 1:colcon.colcon_core.package_identification:_identify(src/doozy_forklift) by extensions ['colcon_meta']
[0.245s] Level 1:colcon.colcon_core.package_identification:_identify(src/doozy_forklift) by extension 'colcon_meta'
[0.245s] Level 1:colcon.colcon_core.package_identification:_identify(src/doozy_forklift) by extensions ['ros']
[0.245s] Level 1:colcon.colcon_core.package_identification:_identify(src/doozy_forklift) by extension 'ros'
[0.247s] DEBUG:colcon.colcon_core.package_identification:Package 'src/doozy_forklift' with type 'ros.ament_python' and name 'doozy_forklift'
[0.247s] Level 1:colcon.colcon_core.package_identification:_identify(src/forklift_bot) by extensions ['ignore', 'ignore_ament_install']
[0.247s] Level 1:colcon.colcon_core.package_identification:_identify(src/forklift_bot) by extension 'ignore'
[0.247s] Level 1:colcon.colcon_core.package_identification:_identify(src/forklift_bot) by extension 'ignore_ament_install'
[0.247s] Level 1:colcon.colcon_core.package_identification:_identify(src/forklift_bot) by extensions ['colcon_pkg']
[0.247s] Level 1:colcon.colcon_core.package_identification:_identify(src/forklift_bot) by extension 'colcon_pkg'
[0.247s] Level 1:colcon.colcon_core.package_identification:_identify(src/forklift_bot) by extensions ['colcon_meta']
[0.247s] Level 1:colcon.colcon_core.package_identification:_identify(src/forklift_bot) by extension 'colcon_meta'
[0.247s] Level 1:colcon.colcon_core.package_identification:_identify(src/forklift_bot) by extensions ['ros']
[0.247s] Level 1:colcon.colcon_core.package_identification:_identify(src/forklift_bot) by extension 'ros'
[0.248s] DEBUG:colcon.colcon_core.package_identification:Package 'src/forklift_bot' with type 'ros.ament_cmake' and name 'forklift_bot'
[0.248s] Level 1:colcon.colcon_core.package_identification:_identify(src/sick_visionary_t_mini) by extensions ['ignore', 'ignore_ament_install']
[0.248s] Level 1:colcon.colcon_core.package_identification:_identify(src/sick_visionary_t_mini) by extension 'ignore'
[0.248s] Level 1:colcon.colcon_core.package_identification:_identify(src/sick_visionary_t_mini) by extension 'ignore_ament_install'
[0.248s] Level 1:colcon.colcon_core.package_identification:_identify(src/sick_visionary_t_mini) by extensions ['colcon_pkg']
[0.248s] Level 1:colcon.colcon_core.package_identification:_identify(src/sick_visionary_t_mini) by extension 'colcon_pkg'
[0.248s] Level 1:colcon.colcon_core.package_identification:_identify(src/sick_visionary_t_mini) by extensions ['colcon_meta']
[0.248s] Level 1:colcon.colcon_core.package_identification:_identify(src/sick_visionary_t_mini) by extension 'colcon_meta'
[0.248s] Level 1:colcon.colcon_core.package_identification:_identify(src/sick_visionary_t_mini) by extensions ['ros']
[0.248s] Level 1:colcon.colcon_core.package_identification:_identify(src/sick_visionary_t_mini) by extension 'ros'
[0.248s] DEBUG:colcon.colcon_core.package_identification:Package 'src/sick_visionary_t_mini' with type 'ros.ament_cmake' and name 'sick_visionary_t_mini'
[0.249s] Level 1:colcon.colcon_core.package_identification:_identify(src/test2_bot) by extensions ['ignore', 'ignore_ament_install']
[0.249s] Level 1:colcon.colcon_core.package_identification:_identify(src/test2_bot) by extension 'ignore'
[0.249s] Level 1:colcon.colcon_core.package_identification:_identify(src/test2_bot) by extension 'ignore_ament_install'
[0.249s] Level 1:colcon.colcon_core.package_identification:_identify(src/test2_bot) by extensions ['colcon_pkg']
[0.249s] Level 1:colcon.colcon_core.package_identification:_identify(src/test2_bot) by extension 'colcon_pkg'
[0.249s] Level 1:colcon.colcon_core.package_identification:_identify(src/test2_bot) by extensions ['colcon_meta']
[0.249s] Level 1:colcon.colcon_core.package_identification:_identify(src/test2_bot) by extension 'colcon_meta'
[0.249s] Level 1:colcon.colcon_core.package_identification:_identify(src/test2_bot) by extensions ['ros']
[0.249s] Level 1:colcon.colcon_core.package_identification:_identify(src/test2_bot) by extension 'ros'
[0.249s] DEBUG:colcon.colcon_core.package_identification:Package 'src/test2_bot' with type 'ros.ament_cmake' and name 'test2_bot'
[0.249s] Level 1:colcon.colcon_core.package_identification:_identify(src/turtlebot3) by extensions ['ignore', 'ignore_ament_install']
[0.249s] Level 1:colcon.colcon_core.package_identification:_identify(src/turtlebot3) by extension 'ignore'
[0.249s] Level 1:colcon.colcon_core.package_identification:_identify(src/turtlebot3) by extension 'ignore_ament_install'
[0.249s] Level 1:colcon.colcon_core.package_identification:_identify(src/turtlebot3) by extensions ['colcon_pkg']
[0.249s] Level 1:colcon.colcon_core.package_identification:_identify(src/turtlebot3) by extension 'colcon_pkg'
[0.249s] Level 1:colcon.colcon_core.package_identification:_identify(src/turtlebot3) by extensions ['colcon_meta']
[0.249s] Level 1:colcon.colcon_core.package_identification:_identify(src/turtlebot3) by extension 'colcon_meta'
[0.249s] Level 1:colcon.colcon_core.package_identification:_identify(src/turtlebot3) by extensions ['ros']
[0.249s] Level 1:colcon.colcon_core.package_identification:_identify(src/turtlebot3) by extension 'ros'
[0.249s] Level 1:colcon.colcon_core.package_identification:_identify(src/turtlebot3) by extensions ['cmake', 'python']
[0.250s] Level 1:colcon.colcon_core.package_identification:_identify(src/turtlebot3) by extension 'cmake'
[0.250s] Level 1:colcon.colcon_core.package_identification:_identify(src/turtlebot3) by extension 'python'
[0.250s] Level 1:colcon.colcon_core.package_identification:_identify(src/turtlebot3) by extensions ['python_setup_py']
[0.250s] Level 1:colcon.colcon_core.package_identification:_identify(src/turtlebot3) by extension 'python_setup_py'
[0.250s] Level 1:colcon.colcon_core.package_identification:_identify(src/turtlebot3_simulations) by extensions ['ignore', 'ignore_ament_install']
[0.250s] Level 1:colcon.colcon_core.package_identification:_identify(src/turtlebot3_simulations) by extension 'ignore'
[0.250s] Level 1:colcon.colcon_core.package_identification:_identify(src/turtlebot3_simulations) by extension 'ignore_ament_install'
[0.250s] Level 1:colcon.colcon_core.package_identification:_identify(src/turtlebot3_simulations) by extensions ['colcon_pkg']
[0.250s] Level 1:colcon.colcon_core.package_identification:_identify(src/turtlebot3_simulations) by extension 'colcon_pkg'
[0.250s] Level 1:colcon.colcon_core.package_identification:_identify(src/turtlebot3_simulations) by extensions ['colcon_meta']
[0.250s] Level 1:colcon.colcon_core.package_identification:_identify(src/turtlebot3_simulations) by extension 'colcon_meta'
[0.250s] Level 1:colcon.colcon_core.package_identification:_identify(src/turtlebot3_simulations) by extensions ['ros']
[0.250s] Level 1:colcon.colcon_core.package_identification:_identify(src/turtlebot3_simulations) by extension 'ros'
[0.250s] Level 1:colcon.colcon_core.package_identification:_identify(src/turtlebot3_simulations) by extensions ['cmake', 'python']
[0.250s] Level 1:colcon.colcon_core.package_identification:_identify(src/turtlebot3_simulations) by extension 'cmake'
[0.250s] Level 1:colcon.colcon_core.package_identification:_identify(src/turtlebot3_simulations) by extension 'python'
[0.250s] Level 1:colcon.colcon_core.package_identification:_identify(src/turtlebot3_simulations) by extensions ['python_setup_py']
[0.250s] Level 1:colcon.colcon_core.package_identification:_identify(src/turtlebot3_simulations) by extension 'python_setup_py'
[0.250s] Level 1:colcon.colcon_core.package_discovery:discover_packages(recursive) using defaults
[0.250s] Level 1:colcon.colcon_core.package_discovery:discover_packages(ignore) discover
[0.250s] Level 1:colcon.colcon_core.package_discovery:discover_packages(ignore) using defaults
[0.250s] Level 1:colcon.colcon_core.package_discovery:discover_packages(path) discover
[0.250s] Level 1:colcon.colcon_core.package_discovery:discover_packages(path) using defaults
[0.261s] Level 1:colcon.colcon_core.package_discovery:discover_packages(prefix_path) check parameters
[0.261s] Level 1:colcon.colcon_core.package_discovery:discover_packages(prefix_path) discover
[0.262s] WARNING:colcon.colcon_ros.prefix_path.ament:The path '/home/avinaash/ForkLift_AMR/install/test2_bot' in the environment variable AMENT_PREFIX_PATH doesn't exist
[0.262s] WARNING:colcon.colcon_ros.prefix_path.ament:The path '/home/avinaash/ForkLift_AMR/install/sick_visionary_t_mini' in the environment variable AMENT_PREFIX_PATH doesn't exist
[0.262s] WARNING:colcon.colcon_ros.prefix_path.ament:The path '/home/avinaash/ForkLift_AMR/install/forklift_bot' in the environment variable AMENT_PREFIX_PATH doesn't exist
[0.262s] WARNING:colcon.colcon_ros.prefix_path.ament:The path '/home/avinaash/ForkLift_AMR/install/doozy_forklift' in the environment variable AMENT_PREFIX_PATH doesn't exist
[0.262s] WARNING:colcon.colcon_ros.prefix_path.catkin:The path '/home/avinaash/ForkLift_AMR/install/test2_bot' in the environment variable CMAKE_PREFIX_PATH doesn't exist
[0.262s] WARNING:colcon.colcon_ros.prefix_path.catkin:The path '/home/avinaash/ForkLift_AMR/install/sick_visionary_t_mini' in the environment variable CMAKE_PREFIX_PATH doesn't exist
[0.262s] WARNING:colcon.colcon_ros.prefix_path.catkin:The path '/home/avinaash/ForkLift_AMR/install/forklift_bot' in the environment variable CMAKE_PREFIX_PATH doesn't exist
[0.262s] DEBUG:colcon.colcon_installed_package_information.package_discovery:Found 0 installed packages in /home/avinaash/ForkLift_AMR/install
[0.262s] DEBUG:colcon.colcon_installed_package_information.package_discovery:Found 3 installed packages in /home/avinaash/doozy_robotics/doozy_ws_2/install
[0.264s] DEBUG:colcon.colcon_installed_package_information.package_discovery:Found 388 installed packages in /opt/ros/galactic
[0.265s] Level 1:colcon.colcon_core.package_discovery:discover_packages(prefix_path) using defaults
[0.330s] Level 5:colcon.colcon_core.verb:set package 'doozy_forklift' build argument 'cmake_args' from command line to 'None'
[0.330s] Level 5:colcon.colcon_core.verb:set package 'doozy_forklift' build argument 'cmake_target' from command line to 'None'
[0.330s] Level 5:colcon.colcon_core.verb:set package 'doozy_forklift' build argument 'cmake_target_skip_unavailable' from command line to 'False'
[0.330s] Level 5:colcon.colcon_core.verb:set package 'doozy_forklift' build argument 'cmake_clean_cache' from command line to 'False'
[0.330s] Level 5:colcon.colcon_core.verb:set package 'doozy_forklift' build argument 'cmake_clean_first' from command line to 'False'
[0.330s] Level 5:colcon.colcon_core.verb:set package 'doozy_forklift' build argument 'cmake_force_configure' from command line to 'False'
[0.330s] Level 5:colcon.colcon_core.verb:set package 'doozy_forklift' build argument 'ament_cmake_args' from command line to 'None'
[0.330s] Level 5:colcon.colcon_core.verb:set package 'doozy_forklift' build argument 'catkin_cmake_args' from command line to 'None'
[0.330s] Level 5:colcon.colcon_core.verb:set package 'doozy_forklift' build argument 'catkin_skip_building_tests' from command line to 'False'
[0.330s] DEBUG:colcon.colcon_core.verb:Building package 'doozy_forklift' with the following arguments: {'ament_cmake_args': None, 'build_base': '/home/avinaash/ForkLift_AMR/build/doozy_forklift', 'catkin_cmake_args': None, 'catkin_skip_building_tests': False, 'cmake_args': None, 'cmake_clean_cache': False, 'cmake_clean_first': False, 'cmake_force_configure': False, 'cmake_target': None, 'cmake_target_skip_unavailable': False, 'install_base': '/home/avinaash/ForkLift_AMR/install/doozy_forklift', 'merge_install': False, 'path': '/home/avinaash/ForkLift_AMR/src/doozy_forklift', 'symlink_install': False, 'test_result_base': None}
[0.331s] Level 5:colcon.colcon_core.verb:set package 'forklift_bot' build argument 'cmake_args' from command line to 'None'
[0.331s] Level 5:colcon.colcon_core.verb:set package 'forklift_bot' build argument 'cmake_target' from command line to 'None'
[0.331s] Level 5:colcon.colcon_core.verb:set package 'forklift_bot' build argument 'cmake_target_skip_unavailable' from command line to 'False'
[0.331s] Level 5:colcon.colcon_core.verb:set package 'forklift_bot' build argument 'cmake_clean_cache' from command line to 'False'
[0.331s] Level 5:colcon.colcon_core.verb:set package 'forklift_bot' build argument 'cmake_clean_first' from command line to 'False'
[0.331s] Level 5:colcon.colcon_core.verb:set package 'forklift_bot' build argument 'cmake_force_configure' from command line to 'False'
[0.331s] Level 5:colcon.colcon_core.verb:set package 'forklift_bot' build argument 'ament_cmake_args' from command line to 'None'
[0.331s] Level 5:colcon.colcon_core.verb:set package 'forklift_bot' build argument 'catkin_cmake_args' from command line to 'None'
[0.331s] Level 5:colcon.colcon_core.verb:set package 'forklift_bot' build argument 'catkin_skip_building_tests' from command line to 'False'
[0.331s] DEBUG:colcon.colcon_core.verb:Building package 'forklift_bot' with the following arguments: {'ament_cmake_args': None, 'build_base': '/home/avinaash/ForkLift_AMR/build/forklift_bot', 'catkin_cmake_args': None, 'catkin_skip_building_tests': False, 'cmake_args': None, 'cmake_clean_cache': False, 'cmake_clean_first': False, 'cmake_force_configure': False, 'cmake_target': None, 'cmake_target_skip_unavailable': False, 'install_base': '/home/avinaash/ForkLift_AMR/install/forklift_bot', 'merge_install': False, 'path': '/home/avinaash/ForkLift_AMR/src/forklift_bot', 'symlink_install': False, 'test_result_base': None}
[0.331s] Level 5:colcon.colcon_core.verb:set package 'sick_visionary_t_mini' build argument 'cmake_args' from command line to 'None'
[0.331s] Level 5:colcon.colcon_core.verb:set package 'sick_visionary_t_mini' build argument 'cmake_target' from command line to 'None'
[0.331s] Level 5:colcon.colcon_core.verb:set package 'sick_visionary_t_mini' build argument 'cmake_target_skip_unavailable' from command line to 'False'
[0.331s] Level 5:colcon.colcon_core.verb:set package 'sick_visionary_t_mini' build argument 'cmake_clean_cache' from command line to 'False'
[0.331s] Level 5:colcon.colcon_core.verb:set package 'sick_visionary_t_mini' build argument 'cmake_clean_first' from command line to 'False'
[0.331s] Level 5:colcon.colcon_core.verb:set package 'sick_visionary_t_mini' build argument 'cmake_force_configure' from command line to 'False'
[0.331s] Level 5:colcon.colcon_core.verb:set package 'sick_visionary_t_mini' build argument 'ament_cmake_args' from command line to 'None'
[0.331s] Level 5:colcon.colcon_core.verb:set package 'sick_visionary_t_mini' build argument 'catkin_cmake_args' from command line to 'None'
[0.331s] Level 5:colcon.colcon_core.verb:set package 'sick_visionary_t_mini' build argument 'catkin_skip_building_tests' from command line to 'False'
[0.331s] DEBUG:colcon.colcon_core.verb:Building package 'sick_visionary_t_mini' with the following arguments: {'ament_cmake_args': None, 'build_base': '/home/avinaash/ForkLift_AMR/build/sick_visionary_t_mini', 'catkin_cmake_args': None, 'catkin_skip_building_tests': False, 'cmake_args': None, 'cmake_clean_cache': False, 'cmake_clean_first': False, 'cmake_force_configure': False, 'cmake_target': None, 'cmake_target_skip_unavailable': False, 'install_base': '/home/avinaash/ForkLift_AMR/install/sick_visionary_t_mini', 'merge_install': False, 'path': '/home/avinaash/ForkLift_AMR/src/sick_visionary_t_mini', 'symlink_install': False, 'test_result_base': None}
[0.331s] Level 5:colcon.colcon_core.verb:set package 'test2_bot' build argument 'cmake_args' from command line to 'None'
[0.331s] Level 5:colcon.colcon_core.verb:set package 'test2_bot' build argument 'cmake_target' from command line to 'None'
[0.331s] Level 5:colcon.colcon_core.verb:set package 'test2_bot' build argument 'cmake_target_skip_unavailable' from command line to 'False'
[0.331s] Level 5:colcon.colcon_core.verb:set package 'test2_bot' build argument 'cmake_clean_cache' from command line to 'False'
[0.331s] Level 5:colcon.colcon_core.verb:set package 'test2_bot' build argument 'cmake_clean_first' from command line to 'False'
[0.331s] Level 5:colcon.colcon_core.verb:set package 'test2_bot' build argument 'cmake_force_configure' from command line to 'False'
[0.331s] Level 5:colcon.colcon_core.verb:set package 'test2_bot' build argument 'ament_cmake_args' from command line to 'None'
[0.331s] Level 5:colcon.colcon_core.verb:set package 'test2_bot' build argument 'catkin_cmake_args' from command line to 'None'
[0.331s] Level 5:colcon.colcon_core.verb:set package 'test2_bot' build argument 'catkin_skip_building_tests' from command line to 'False'
[0.331s] DEBUG:colcon.colcon_core.verb:Building package 'test2_bot' with the following arguments: {'ament_cmake_args': None, 'build_base': '/home/avinaash/ForkLift_AMR/build/test2_bot', 'catkin_cmake_args': None, 'catkin_skip_building_tests': False, 'cmake_args': None, 'cmake_clean_cache': False, 'cmake_clean_first': False, 'cmake_force_configure': False, 'cmake_target': None, 'cmake_target_skip_unavailable': False, 'install_base': '/home/avinaash/ForkLift_AMR/install/test2_bot', 'merge_install': False, 'path': '/home/avinaash/ForkLift_AMR/src/test2_bot', 'symlink_install': False, 'test_result_base': None}
[0.331s] INFO:colcon.colcon_core.executor:Executing jobs using 'parallel' executor
[0.332s] DEBUG:colcon.colcon_parallel_executor.executor.parallel:run_until_complete
[0.332s] INFO:colcon.colcon_ros.task.ament_python.build:Building ROS package in '/home/avinaash/ForkLift_AMR/src/doozy_forklift' with build type 'ament_python'
[0.333s] Level 1:colcon.colcon_core.shell:create_environment_hook('doozy_forklift', 'ament_prefix_path')
[0.334s] INFO:colcon.colcon_core.plugin_system:Skipping extension 'colcon_core.shell.bat': Not used on non-Windows systems
[0.334s] INFO:colcon.colcon_core.shell:Creating environment hook '/home/avinaash/ForkLift_AMR/install/doozy_forklift/share/doozy_forklift/hook/ament_prefix_path.ps1'
[0.335s] INFO:colcon.colcon_core.shell:Creating environment descriptor '/home/avinaash/ForkLift_AMR/install/doozy_forklift/share/doozy_forklift/hook/ament_prefix_path.dsv'
[0.335s] INFO:colcon.colcon_core.shell:Creating environment hook '/home/avinaash/ForkLift_AMR/install/doozy_forklift/share/doozy_forklift/hook/ament_prefix_path.sh'
[0.335s] INFO:colcon.colcon_core.shell:Skip shell extension 'powershell' for command environment: Not usable outside of PowerShell
[0.336s] DEBUG:colcon.colcon_core.shell:Skip shell extension 'dsv' for command environment
[0.339s] INFO:colcon.colcon_ros.task.ament_cmake.build:Building ROS package in '/home/avinaash/ForkLift_AMR/src/forklift_bot' with build type 'ament_cmake'
[0.339s] INFO:colcon.colcon_cmake.task.cmake.build:Building CMake package in '/home/avinaash/ForkLift_AMR/src/forklift_bot'
[0.340s] INFO:colcon.colcon_core.shell:Skip shell extension 'powershell' for command environment: Not usable outside of PowerShell
[0.340s] DEBUG:colcon.colcon_core.shell:Skip shell extension 'dsv' for command environment
[0.343s] INFO:colcon.colcon_ros.task.ament_cmake.build:Building ROS package in '/home/avinaash/ForkLift_AMR/src/sick_visionary_t_mini' with build type 'ament_cmake'
[0.343s] INFO:colcon.colcon_cmake.task.cmake.build:Building CMake package in '/home/avinaash/ForkLift_AMR/src/sick_visionary_t_mini'
[0.343s] INFO:colcon.colcon_core.shell:Skip shell extension 'powershell' for command environment: Not usable outside of PowerShell
[0.343s] DEBUG:colcon.colcon_core.shell:Skip shell extension 'dsv' for command environment
[0.347s] INFO:colcon.colcon_ros.task.ament_cmake.build:Building ROS package in '/home/avinaash/ForkLift_AMR/src/test2_bot' with build type 'ament_cmake'
[0.347s] INFO:colcon.colcon_cmake.task.cmake.build:Building CMake package in '/home/avinaash/ForkLift_AMR/src/test2_bot'
[0.348s] INFO:colcon.colcon_core.shell:Skip shell extension 'powershell' for command environment: Not usable outside of PowerShell
[0.348s] DEBUG:colcon.colcon_core.shell:Skip shell extension 'dsv' for command environment
[0.505s] INFO:colcon.colcon_core.task.python.build:Building Python package in '/home/avinaash/ForkLift_AMR/src/doozy_forklift'
[0.506s] INFO:colcon.colcon_core.shell:Skip shell extension 'powershell' for command environment: Not usable outside of PowerShell
[0.506s] DEBUG:colcon.colcon_core.shell:Skip shell extension 'dsv' for command environment
[0.517s] DEBUG:colcon.colcon_core.event_handler.log_command:Invoking command in '/home/avinaash/ForkLift_AMR/build/forklift_bot': CMAKE_PREFIX_PATH=${CMAKE_PREFIX_PATH}:/home/avinaash/ForkLift_AMR/install/doozy_forklift:/home/avinaash/doozy_robotics/doozy_ws_2/install/pallet_docker_02:/home/avinaash/doozy_robotics/doozy_ws_2/install/2_t_dolly_logistics_driver:/opt/ros/galactic /usr/bin/cmake /home/avinaash/ForkLift_AMR/src/forklift_bot -DCMAKE_INSTALL_PREFIX=/home/avinaash/ForkLift_AMR/install/forklift_bot
[0.521s] DEBUG:colcon.colcon_core.event_handler.log_command:Invoking command in '/home/avinaash/ForkLift_AMR/build/sick_visionary_t_mini': CMAKE_PREFIX_PATH=${CMAKE_PREFIX_PATH}:/home/avinaash/ForkLift_AMR/install/doozy_forklift:/home/avinaash/doozy_robotics/doozy_ws_2/install/pallet_docker_02:/home/avinaash/doozy_robotics/doozy_ws_2/install/2_t_dolly_logistics_driver:/opt/ros/galactic /usr/bin/cmake /home/avinaash/ForkLift_AMR/src/sick_visionary_t_mini -DCMAKE_INSTALL_PREFIX=/home/avinaash/ForkLift_AMR/install/sick_visionary_t_mini
[0.525s] DEBUG:colcon.colcon_core.event_handler.log_command:Invoking command in '/home/avinaash/ForkLift_AMR/build/test2_bot': CMAKE_PREFIX_PATH=${CMAKE_PREFIX_PATH}:/home/avinaash/ForkLift_AMR/install/doozy_forklift:/home/avinaash/doozy_robotics/doozy_ws_2/install/pallet_docker_02:/home/avinaash/doozy_robotics/doozy_ws_2/install/2_t_dolly_logistics_driver:/opt/ros/galactic /usr/bin/cmake /home/avinaash/ForkLift_AMR/src/test2_bot -DCMAKE_INSTALL_PREFIX=/home/avinaash/ForkLift_AMR/install/test2_bot
[0.900s] DEBUG:colcon.colcon_core.event_handler.log_command:Invoking command in '/home/avinaash/ForkLift_AMR/src/doozy_forklift': PYTHONPATH=/home/avinaash/ForkLift_AMR/build/doozy_forklift/prefix_override:/home/avinaash/ForkLift_AMR/install/doozy_forklift/lib/python3.8/site-packages:${PYTHONPATH} /usr/bin/python3 -W ignore:setup.py install is deprecated setup.py egg_info --egg-base ../../build/doozy_forklift build --build-base /home/avinaash/ForkLift_AMR/build/doozy_forklift/build install --record /home/avinaash/ForkLift_AMR/build/doozy_forklift/install.log --single-version-externally-managed install_data
[1.130s] DEBUG:colcon.colcon_core.event_handler.log_command:Invoked command in '/home/avinaash/ForkLift_AMR/src/doozy_forklift' returned '0': PYTHONPATH=/home/avinaash/ForkLift_AMR/build/doozy_forklift/prefix_override:/home/avinaash/ForkLift_AMR/install/doozy_forklift/lib/python3.8/site-packages:${PYTHONPATH} /usr/bin/python3 -W ignore:setup.py install is deprecated setup.py egg_info --egg-base ../../build/doozy_forklift build --build-base /home/avinaash/ForkLift_AMR/build/doozy_forklift/build install --record /home/avinaash/ForkLift_AMR/build/doozy_forklift/install.log --single-version-externally-managed install_data
[1.133s] Level 1:colcon.colcon_core.environment:checking '/home/avinaash/ForkLift_AMR/install/doozy_forklift' for CMake module files
[1.134s] Level 1:colcon.colcon_core.environment:checking '/home/avinaash/ForkLift_AMR/install/doozy_forklift' for CMake config files
[1.135s] Level 1:colcon.colcon_core.environment:checking '/home/avinaash/ForkLift_AMR/install/doozy_forklift/lib'
[1.135s] Level 1:colcon.colcon_core.environment:checking '/home/avinaash/ForkLift_AMR/install/doozy_forklift/bin'
[1.135s] Level 1:colcon.colcon_core.environment:checking '/home/avinaash/ForkLift_AMR/install/doozy_forklift/lib/pkgconfig/doozy_forklift.pc'
[1.135s] Level 1:colcon.colcon_core.environment:checking '/home/avinaash/ForkLift_AMR/install/doozy_forklift/lib/python3.8/site-packages'
[1.135s] Level 1:colcon.colcon_core.shell:create_environment_hook('doozy_forklift', 'pythonpath')
[1.136s] INFO:colcon.colcon_core.shell:Creating environment hook '/home/avinaash/ForkLift_AMR/install/doozy_forklift/share/doozy_forklift/hook/pythonpath.ps1'
[1.136s] INFO:colcon.colcon_core.shell:Creating environment descriptor '/home/avinaash/ForkLift_AMR/install/doozy_forklift/share/doozy_forklift/hook/pythonpath.dsv'
[1.137s] INFO:colcon.colcon_core.shell:Creating environment hook '/home/avinaash/ForkLift_AMR/install/doozy_forklift/share/doozy_forklift/hook/pythonpath.sh'
[1.137s] Level 1:colcon.colcon_core.environment:checking '/home/avinaash/ForkLift_AMR/install/doozy_forklift/bin'
[1.137s] Level 1:colcon.colcon_core.environment:create_environment_scripts_only(doozy_forklift)
[1.138s] INFO:colcon.colcon_core.shell:Creating package script '/home/avinaash/ForkLift_AMR/install/doozy_forklift/share/doozy_forklift/package.ps1'
[1.139s] INFO:colcon.colcon_core.shell:Creating package descriptor '/home/avinaash/ForkLift_AMR/install/doozy_forklift/share/doozy_forklift/package.dsv'
[1.139s] INFO:colcon.colcon_core.shell:Creating package script '/home/avinaash/ForkLift_AMR/install/doozy_forklift/share/doozy_forklift/package.sh'
[1.140s] INFO:colcon.colcon_core.shell:Creating package script '/home/avinaash/ForkLift_AMR/install/doozy_forklift/share/doozy_forklift/package.bash'
[1.141s] INFO:colcon.colcon_core.shell:Creating package script '/home/avinaash/ForkLift_AMR/install/doozy_forklift/share/doozy_forklift/package.zsh'
[1.141s] Level 1:colcon.colcon_core.environment:create_file_with_runtime_dependencies(/home/avinaash/ForkLift_AMR/install/doozy_forklift/share/colcon-core/packages/doozy_forklift)
[1.177s] DEBUG:colcon.colcon_core.event_handler.log_command:Invoked command in '/home/avinaash/ForkLift_AMR/build/test2_bot' returned '0': CMAKE_PREFIX_PATH=${CMAKE_PREFIX_PATH}:/home/avinaash/ForkLift_AMR/install/doozy_forklift:/home/avinaash/doozy_robotics/doozy_ws_2/install/pallet_docker_02:/home/avinaash/doozy_robotics/doozy_ws_2/install/2_t_dolly_logistics_driver:/opt/ros/galactic /usr/bin/cmake /home/avinaash/ForkLift_AMR/src/test2_bot -DCMAKE_INSTALL_PREFIX=/home/avinaash/ForkLift_AMR/install/test2_bot
[1.179s] DEBUG:colcon.colcon_core.event_handler.log_command:Invoking command in '/home/avinaash/ForkLift_AMR/build/test2_bot': CMAKE_PREFIX_PATH=${CMAKE_PREFIX_PATH}:/home/avinaash/ForkLift_AMR/install/doozy_forklift:/home/avinaash/doozy_robotics/doozy_ws_2/install/pallet_docker_02:/home/avinaash/doozy_robotics/doozy_ws_2/install/2_t_dolly_logistics_driver:/opt/ros/galactic /usr/bin/cmake --build /home/avinaash/ForkLift_AMR/build/test2_bot -- -j16 -l16
[1.210s] DEBUG:colcon.colcon_core.event_handler.log_command:Invoked command in '/home/avinaash/ForkLift_AMR/build/test2_bot' returned '0': CMAKE_PREFIX_PATH=${CMAKE_PREFIX_PATH}:/home/avinaash/ForkLift_AMR/install/doozy_forklift:/home/avinaash/doozy_robotics/doozy_ws_2/install/pallet_docker_02:/home/avinaash/doozy_robotics/doozy_ws_2/install/2_t_dolly_logistics_driver:/opt/ros/galactic /usr/bin/cmake --build /home/avinaash/ForkLift_AMR/build/test2_bot -- -j16 -l16
[1.230s] DEBUG:colcon.colcon_core.event_handler.log_command:Invoked command in '/home/avinaash/ForkLift_AMR/build/forklift_bot' returned '0': CMAKE_PREFIX_PATH=${CMAKE_PREFIX_PATH}:/home/avinaash/ForkLift_AMR/install/doozy_forklift:/home/avinaash/doozy_robotics/doozy_ws_2/install/pallet_docker_02:/home/avinaash/doozy_robotics/doozy_ws_2/install/2_t_dolly_logistics_driver:/opt/ros/galactic /usr/bin/cmake /home/avinaash/ForkLift_AMR/src/forklift_bot -DCMAKE_INSTALL_PREFIX=/home/avinaash/ForkLift_AMR/install/forklift_bot
[1.231s] DEBUG:colcon.colcon_core.event_handler.log_command:Invoking command in '/home/avinaash/ForkLift_AMR/build/forklift_bot': CMAKE_PREFIX_PATH=${CMAKE_PREFIX_PATH}:/home/avinaash/ForkLift_AMR/install/doozy_forklift:/home/avinaash/doozy_robotics/doozy_ws_2/install/pallet_docker_02:/home/avinaash/doozy_robotics/doozy_ws_2/install/2_t_dolly_logistics_driver:/opt/ros/galactic /usr/bin/cmake --build /home/avinaash/ForkLift_AMR/build/forklift_bot -- -j16 -l16
[1.247s] DEBUG:colcon.colcon_core.event_handler.log_command:Invoking command in '/home/avinaash/ForkLift_AMR/build/test2_bot': CMAKE_PREFIX_PATH=${CMAKE_PREFIX_PATH}:/home/avinaash/ForkLift_AMR/install/doozy_forklift:/home/avinaash/doozy_robotics/doozy_ws_2/install/pallet_docker_02:/home/avinaash/doozy_robotics/doozy_ws_2/install/2_t_dolly_logistics_driver:/opt/ros/galactic /usr/bin/cmake --install /home/avinaash/ForkLift_AMR/build/test2_bot
[1.263s] DEBUG:colcon.colcon_core.event_handler.log_command:Invoked command in '/home/avinaash/ForkLift_AMR/build/forklift_bot' returned '0': CMAKE_PREFIX_PATH=${CMAKE_PREFIX_PATH}:/home/avinaash/ForkLift_AMR/install/doozy_forklift:/home/avinaash/doozy_robotics/doozy_ws_2/install/pallet_docker_02:/home/avinaash/doozy_robotics/doozy_ws_2/install/2_t_dolly_logistics_driver:/opt/ros/galactic /usr/bin/cmake --build /home/avinaash/ForkLift_AMR/build/forklift_bot -- -j16 -l16
[1.283s] DEBUG:colcon.colcon_core.event_handler.log_command:Invoking command in '/home/avinaash/ForkLift_AMR/build/forklift_bot': CMAKE_PREFIX_PATH=${CMAKE_PREFIX_PATH}:/home/avinaash/ForkLift_AMR/install/doozy_forklift:/home/avinaash/doozy_robotics/doozy_ws_2/install/pallet_docker_02:/home/avinaash/doozy_robotics/doozy_ws_2/install/2_t_dolly_logistics_driver:/opt/ros/galactic /usr/bin/cmake --install /home/avinaash/ForkLift_AMR/build/forklift_bot
[1.307s] Level 1:colcon.colcon_core.environment:create_environment_scripts_only(test2_bot)
[1.307s] Level 1:colcon.colcon_core.environment:checking '/home/avinaash/ForkLift_AMR/install/test2_bot' for CMake module files
[1.308s] DEBUG:colcon.colcon_core.event_handler.log_command:Invoked command in '/home/avinaash/ForkLift_AMR/build/test2_bot' returned '0': CMAKE_PREFIX_PATH=${CMAKE_PREFIX_PATH}:/home/avinaash/ForkLift_AMR/install/doozy_forklift:/home/avinaash/doozy_robotics/doozy_ws_2/install/pallet_docker_02:/home/avinaash/doozy_robotics/doozy_ws_2/install/2_t_dolly_logistics_driver:/opt/ros/galactic /usr/bin/cmake --install /home/avinaash/ForkLift_AMR/build/test2_bot
[1.309s] Level 1:colcon.colcon_core.environment:checking '/home/avinaash/ForkLift_AMR/install/test2_bot' for CMake config files
[1.310s] Level 1:colcon.colcon_core.shell:create_environment_hook('test2_bot', 'cmake_prefix_path')
[1.310s] INFO:colcon.colcon_core.shell:Creating environment hook '/home/avinaash/ForkLift_AMR/install/test2_bot/share/test2_bot/hook/cmake_prefix_path.ps1'
[1.311s] INFO:colcon.colcon_core.shell:Creating environment descriptor '/home/avinaash/ForkLift_AMR/install/test2_bot/share/test2_bot/hook/cmake_prefix_path.dsv'
[1.312s] INFO:colcon.colcon_core.shell:Creating environment hook '/home/avinaash/ForkLift_AMR/install/test2_bot/share/test2_bot/hook/cmake_prefix_path.sh'
[1.313s] Level 1:colcon.colcon_core.environment:checking '/home/avinaash/ForkLift_AMR/install/test2_bot/bin'
[1.313s] Level 1:colcon.colcon_core.environment:checking '/home/avinaash/ForkLift_AMR/install/test2_bot/lib/pkgconfig/test2_bot.pc'
[1.313s] Level 1:colcon.colcon_core.environment:checking '/home/avinaash/ForkLift_AMR/install/test2_bot/lib/python3.8/site-packages'
[1.314s] Level 1:colcon.colcon_core.environment:checking '/home/avinaash/ForkLift_AMR/install/test2_bot/bin'
[1.314s] INFO:colcon.colcon_core.shell:Creating package script '/home/avinaash/ForkLift_AMR/install/test2_bot/share/test2_bot/package.ps1'
[1.314s] INFO:colcon.colcon_core.shell:Creating package descriptor '/home/avinaash/ForkLift_AMR/install/test2_bot/share/test2_bot/package.dsv'
[1.315s] INFO:colcon.colcon_core.shell:Creating package script '/home/avinaash/ForkLift_AMR/install/test2_bot/share/test2_bot/package.sh'
[1.315s] INFO:colcon.colcon_core.shell:Creating package script '/home/avinaash/ForkLift_AMR/install/test2_bot/share/test2_bot/package.bash'
[1.316s] INFO:colcon.colcon_core.shell:Creating package script '/home/avinaash/ForkLift_AMR/install/test2_bot/share/test2_bot/package.zsh'
[1.316s] Level 1:colcon.colcon_core.environment:create_file_with_runtime_dependencies(/home/avinaash/ForkLift_AMR/install/test2_bot/share/colcon-core/packages/test2_bot)
[1.319s] Level 1:colcon.colcon_core.environment:create_environment_scripts_only(forklift_bot)
[1.319s] Level 1:colcon.colcon_core.environment:checking '/home/avinaash/ForkLift_AMR/install/forklift_bot' for CMake module files
[1.320s] DEBUG:colcon.colcon_core.event_handler.log_command:Invoked command in '/home/avinaash/ForkLift_AMR/build/forklift_bot' returned '0': CMAKE_PREFIX_PATH=${CMAKE_PREFIX_PATH}:/home/avinaash/ForkLift_AMR/install/doozy_forklift:/home/avinaash/doozy_robotics/doozy_ws_2/install/pallet_docker_02:/home/avinaash/doozy_robotics/doozy_ws_2/install/2_t_dolly_logistics_driver:/opt/ros/galactic /usr/bin/cmake --install /home/avinaash/ForkLift_AMR/build/forklift_bot
[1.320s] Level 1:colcon.colcon_core.environment:checking '/home/avinaash/ForkLift_AMR/install/forklift_bot' for CMake config files
[1.320s] Level 1:colcon.colcon_core.shell:create_environment_hook('forklift_bot', 'cmake_prefix_path')
[1.320s] INFO:colcon.colcon_core.shell:Creating environment hook '/home/avinaash/ForkLift_AMR/install/forklift_bot/share/forklift_bot/hook/cmake_prefix_path.ps1'
[1.321s] INFO:colcon.colcon_core.shell:Creating environment descriptor '/home/avinaash/ForkLift_AMR/install/forklift_bot/share/forklift_bot/hook/cmake_prefix_path.dsv'
[1.321s] INFO:colcon.colcon_core.shell:Creating environment hook '/home/avinaash/ForkLift_AMR/install/forklift_bot/share/forklift_bot/hook/cmake_prefix_path.sh'
[1.321s] Level 1:colcon.colcon_core.environment:checking '/home/avinaash/ForkLift_AMR/install/forklift_bot/bin'
[1.321s] Level 1:colcon.colcon_core.environment:checking '/home/avinaash/ForkLift_AMR/install/forklift_bot/lib/pkgconfig/forklift_bot.pc'
[1.321s] Level 1:colcon.colcon_core.environment:checking '/home/avinaash/ForkLift_AMR/install/forklift_bot/lib/python3.8/site-packages'
[1.322s] Level 1:colcon.colcon_core.environment:checking '/home/avinaash/ForkLift_AMR/install/forklift_bot/bin'
[1.322s] INFO:colcon.colcon_core.shell:Creating package script '/home/avinaash/ForkLift_AMR/install/forklift_bot/share/forklift_bot/package.ps1'
[1.322s] INFO:colcon.colcon_core.shell:Creating package descriptor '/home/avinaash/ForkLift_AMR/install/forklift_bot/share/forklift_bot/package.dsv'
[1.322s] INFO:colcon.colcon_core.shell:Creating package script '/home/avinaash/ForkLift_AMR/install/forklift_bot/share/forklift_bot/package.sh'
[1.322s] INFO:colcon.colcon_core.shell:Creating package script '/home/avinaash/ForkLift_AMR/install/forklift_bot/share/forklift_bot/package.bash'
[1.323s] INFO:colcon.colcon_core.shell:Creating package script '/home/avinaash/ForkLift_AMR/install/forklift_bot/share/forklift_bot/package.zsh'
[1.323s] Level 1:colcon.colcon_core.environment:create_file_with_runtime_dependencies(/home/avinaash/ForkLift_AMR/install/forklift_bot/share/colcon-core/packages/forklift_bot)
[1.337s] Level 1:colcon.colcon_core.environment:create_environment_scripts_only(test2_bot)
[1.337s] Level 1:colcon.colcon_core.environment:checking '/home/avinaash/ForkLift_AMR/install/test2_bot' for CMake module files
[1.338s] Level 1:colcon.colcon_core.environment:checking '/home/avinaash/ForkLift_AMR/install/test2_bot' for CMake config files
[1.338s] Level 1:colcon.colcon_core.shell:create_environment_hook('test2_bot', 'cmake_prefix_path')
[1.338s] INFO:colcon.colcon_core.shell:Creating environment hook '/home/avinaash/ForkLift_AMR/install/test2_bot/share/test2_bot/hook/cmake_prefix_path.ps1'
[1.338s] INFO:colcon.colcon_core.shell:Creating environment descriptor '/home/avinaash/ForkLift_AMR/install/test2_bot/share/test2_bot/hook/cmake_prefix_path.dsv'
[1.339s] INFO:colcon.colcon_core.shell:Creating environment hook '/home/avinaash/ForkLift_AMR/install/test2_bot/share/test2_bot/hook/cmake_prefix_path.sh'
[1.339s] Level 1:colcon.colcon_core.environment:checking '/home/avinaash/ForkLift_AMR/install/test2_bot/bin'
[1.339s] Level 1:colcon.colcon_core.environment:checking '/home/avinaash/ForkLift_AMR/install/test2_bot/lib/pkgconfig/test2_bot.pc'
[1.339s] Level 1:colcon.colcon_core.environment:checking '/home/avinaash/ForkLift_AMR/install/test2_bot/lib/python3.8/site-packages'
[1.340s] Level 1:colcon.colcon_core.environment:checking '/home/avinaash/ForkLift_AMR/install/test2_bot/bin'
[1.340s] INFO:colcon.colcon_core.shell:Creating package script '/home/avinaash/ForkLift_AMR/install/test2_bot/share/test2_bot/package.ps1'
[1.340s] INFO:colcon.colcon_core.shell:Creating package descriptor '/home/avinaash/ForkLift_AMR/install/test2_bot/share/test2_bot/package.dsv'
[1.341s] INFO:colcon.colcon_core.shell:Creating package script '/home/avinaash/ForkLift_AMR/install/test2_bot/share/test2_bot/package.sh'
[1.341s] INFO:colcon.colcon_core.shell:Creating package script '/home/avinaash/ForkLift_AMR/install/test2_bot/share/test2_bot/package.bash'
[1.341s] INFO:colcon.colcon_core.shell:Creating package script '/home/avinaash/ForkLift_AMR/install/test2_bot/share/test2_bot/package.zsh'
[1.342s] Level 1:colcon.colcon_core.environment:create_file_with_runtime_dependencies(/home/avinaash/ForkLift_AMR/install/test2_bot/share/colcon-core/packages/test2_bot)
[1.343s] Level 1:colcon.colcon_core.environment:create_environment_scripts_only(forklift_bot)
[1.343s] Level 1:colcon.colcon_core.environment:checking '/home/avinaash/ForkLift_AMR/install/forklift_bot' for CMake module files
[1.344s] Level 1:colcon.colcon_core.environment:checking '/home/avinaash/ForkLift_AMR/install/forklift_bot' for CMake config files
[1.344s] Level 1:colcon.colcon_core.shell:create_environment_hook('forklift_bot', 'cmake_prefix_path')
[1.344s] INFO:colcon.colcon_core.shell:Creating environment hook '/home/avinaash/ForkLift_AMR/install/forklift_bot/share/forklift_bot/hook/cmake_prefix_path.ps1'
[1.344s] INFO:colcon.colcon_core.shell:Creating environment descriptor '/home/avinaash/ForkLift_AMR/install/forklift_bot/share/forklift_bot/hook/cmake_prefix_path.dsv'
[1.345s] INFO:colcon.colcon_core.shell:Creating environment hook '/home/avinaash/ForkLift_AMR/install/forklift_bot/share/forklift_bot/hook/cmake_prefix_path.sh'
[1.345s] Level 1:colcon.colcon_core.environment:checking '/home/avinaash/ForkLift_AMR/install/forklift_bot/bin'
[1.345s] Level 1:colcon.colcon_core.environment:checking '/home/avinaash/ForkLift_AMR/install/forklift_bot/lib/pkgconfig/forklift_bot.pc'
[1.345s] Level 1:colcon.colcon_core.environment:checking '/home/avinaash/ForkLift_AMR/install/forklift_bot/lib/python3.8/site-packages'
[1.345s] Level 1:colcon.colcon_core.environment:checking '/home/avinaash/ForkLift_AMR/install/forklift_bot/bin'
[1.346s] INFO:colcon.colcon_core.shell:Creating package script '/home/avinaash/ForkLift_AMR/install/forklift_bot/share/forklift_bot/package.ps1'
[1.346s] INFO:colcon.colcon_core.shell:Creating package descriptor '/home/avinaash/ForkLift_AMR/install/forklift_bot/share/forklift_bot/package.dsv'
[1.346s] INFO:colcon.colcon_core.shell:Creating package script '/home/avinaash/ForkLift_AMR/install/forklift_bot/share/forklift_bot/package.sh'
[1.347s] INFO:colcon.colcon_core.shell:Creating package script '/home/avinaash/ForkLift_AMR/install/forklift_bot/share/forklift_bot/package.bash'
[1.347s] INFO:colcon.colcon_core.shell:Creating package script '/home/avinaash/ForkLift_AMR/install/forklift_bot/share/forklift_bot/package.zsh'
[1.347s] Level 1:colcon.colcon_core.environment:create_file_with_runtime_dependencies(/home/avinaash/ForkLift_AMR/install/forklift_bot/share/colcon-core/packages/forklift_bot)
[1.977s] DEBUG:colcon.colcon_core.event_handler.log_command:Invoked command in '/home/avinaash/ForkLift_AMR/build/sick_visionary_t_mini' returned '0': CMAKE_PREFIX_PATH=${CMAKE_PREFIX_PATH}:/home/avinaash/ForkLift_AMR/install/doozy_forklift:/home/avinaash/doozy_robotics/doozy_ws_2/install/pallet_docker_02:/home/avinaash/doozy_robotics/doozy_ws_2/install/2_t_dolly_logistics_driver:/opt/ros/galactic /usr/bin/cmake /home/avinaash/ForkLift_AMR/src/sick_visionary_t_mini -DCMAKE_INSTALL_PREFIX=/home/avinaash/ForkLift_AMR/install/sick_visionary_t_mini
[1.980s] DEBUG:colcon.colcon_core.event_handler.log_command:Invoking command in '/home/avinaash/ForkLift_AMR/build/sick_visionary_t_mini': CMAKE_PREFIX_PATH=${CMAKE_PREFIX_PATH}:/home/avinaash/ForkLift_AMR/install/doozy_forklift:/home/avinaash/doozy_robotics/doozy_ws_2/install/pallet_docker_02:/home/avinaash/doozy_robotics/doozy_ws_2/install/2_t_dolly_logistics_driver:/opt/ros/galactic /usr/bin/cmake --build /home/avinaash/ForkLift_AMR/build/sick_visionary_t_mini -- -j16 -l16
[3.886s] DEBUG:colcon.colcon_core.event_handler.log_command:Invoked command in '/home/avinaash/ForkLift_AMR/build/sick_visionary_t_mini' returned '0': CMAKE_PREFIX_PATH=${CMAKE_PREFIX_PATH}:/home/avinaash/ForkLift_AMR/install/doozy_forklift:/home/avinaash/doozy_robotics/doozy_ws_2/install/pallet_docker_02:/home/avinaash/doozy_robotics/doozy_ws_2/install/2_t_dolly_logistics_driver:/opt/ros/galactic /usr/bin/cmake --build /home/avinaash/ForkLift_AMR/build/sick_visionary_t_mini -- -j16 -l16
[3.930s] DEBUG:colcon.colcon_core.event_handler.log_command:Invoking command in '/home/avinaash/ForkLift_AMR/build/sick_visionary_t_mini': CMAKE_PREFIX_PATH=${CMAKE_PREFIX_PATH}:/home/avinaash/ForkLift_AMR/install/doozy_forklift:/home/avinaash/doozy_robotics/doozy_ws_2/install/pallet_docker_02:/home/avinaash/doozy_robotics/doozy_ws_2/install/2_t_dolly_logistics_driver:/opt/ros/galactic /usr/bin/cmake --install /home/avinaash/ForkLift_AMR/build/sick_visionary_t_mini
[3.988s] Level 1:colcon.colcon_core.environment:create_environment_scripts_only(sick_visionary_t_mini)
[3.989s] Level 1:colcon.colcon_core.environment:checking '/home/avinaash/ForkLift_AMR/install/sick_visionary_t_mini' for CMake module files
[3.989s] DEBUG:colcon.colcon_core.event_handler.log_command:Invoked command in '/home/avinaash/ForkLift_AMR/build/sick_visionary_t_mini' returned '0': CMAKE_PREFIX_PATH=${CMAKE_PREFIX_PATH}:/home/avinaash/ForkLift_AMR/install/doozy_forklift:/home/avinaash/doozy_robotics/doozy_ws_2/install/pallet_docker_02:/home/avinaash/doozy_robotics/doozy_ws_2/install/2_t_dolly_logistics_driver:/opt/ros/galactic /usr/bin/cmake --install /home/avinaash/ForkLift_AMR/build/sick_visionary_t_mini
[3.990s] Level 1:colcon.colcon_core.environment:checking '/home/avinaash/ForkLift_AMR/install/sick_visionary_t_mini' for CMake config files
[3.990s] Level 1:colcon.colcon_core.shell:create_environment_hook('sick_visionary_t_mini', 'cmake_prefix_path')
[3.990s] INFO:colcon.colcon_core.shell:Creating environment hook '/home/avinaash/ForkLift_AMR/install/sick_visionary_t_mini/share/sick_visionary_t_mini/hook/cmake_prefix_path.ps1'
[3.990s] INFO:colcon.colcon_core.shell:Creating environment descriptor '/home/avinaash/ForkLift_AMR/install/sick_visionary_t_mini/share/sick_visionary_t_mini/hook/cmake_prefix_path.dsv'
[3.991s] INFO:colcon.colcon_core.shell:Creating environment hook '/home/avinaash/ForkLift_AMR/install/sick_visionary_t_mini/share/sick_visionary_t_mini/hook/cmake_prefix_path.sh'
[3.991s] Level 1:colcon.colcon_core.environment:checking '/home/avinaash/ForkLift_AMR/install/sick_visionary_t_mini/lib'
[3.991s] Level 1:colcon.colcon_core.shell:create_environment_hook('sick_visionary_t_mini', 'ld_library_path_lib')
[3.991s] INFO:colcon.colcon_core.shell:Creating environment hook '/home/avinaash/ForkLift_AMR/install/sick_visionary_t_mini/share/sick_visionary_t_mini/hook/ld_library_path_lib.ps1'
[3.991s] INFO:colcon.colcon_core.shell:Creating environment descriptor '/home/avinaash/ForkLift_AMR/install/sick_visionary_t_mini/share/sick_visionary_t_mini/hook/ld_library_path_lib.dsv'
[3.991s] INFO:colcon.colcon_core.shell:Creating environment hook '/home/avinaash/ForkLift_AMR/install/sick_visionary_t_mini/share/sick_visionary_t_mini/hook/ld_library_path_lib.sh'
[3.992s] Level 1:colcon.colcon_core.environment:checking '/home/avinaash/ForkLift_AMR/install/sick_visionary_t_mini/bin'
[3.992s] Level 1:colcon.colcon_core.environment:checking '/home/avinaash/ForkLift_AMR/install/sick_visionary_t_mini/lib/pkgconfig/sick_visionary_t_mini.pc'
[3.992s] Level 1:colcon.colcon_core.environment:checking '/home/avinaash/ForkLift_AMR/install/sick_visionary_t_mini/lib/python3.8/site-packages'
[3.992s] Level 1:colcon.colcon_core.shell:create_environment_hook('sick_visionary_t_mini', 'pythonpath')
[3.992s] INFO:colcon.colcon_core.shell:Creating environment hook '/home/avinaash/ForkLift_AMR/install/sick_visionary_t_mini/share/sick_visionary_t_mini/hook/pythonpath.ps1'
[3.992s] INFO:colcon.colcon_core.shell:Creating environment descriptor '/home/avinaash/ForkLift_AMR/install/sick_visionary_t_mini/share/sick_visionary_t_mini/hook/pythonpath.dsv'
[3.992s] INFO:colcon.colcon_core.shell:Creating environment hook '/home/avinaash/ForkLift_AMR/install/sick_visionary_t_mini/share/sick_visionary_t_mini/hook/pythonpath.sh'
[3.992s] Level 1:colcon.colcon_core.environment:checking '/home/avinaash/ForkLift_AMR/install/sick_visionary_t_mini/bin'
[3.993s] INFO:colcon.colcon_core.shell:Creating package script '/home/avinaash/ForkLift_AMR/install/sick_visionary_t_mini/share/sick_visionary_t_mini/package.ps1'
[3.993s] INFO:colcon.colcon_core.shell:Creating package descriptor '/home/avinaash/ForkLift_AMR/install/sick_visionary_t_mini/share/sick_visionary_t_mini/package.dsv'
[3.993s] INFO:colcon.colcon_core.shell:Creating package script '/home/avinaash/ForkLift_AMR/install/sick_visionary_t_mini/share/sick_visionary_t_mini/package.sh'
[3.993s] INFO:colcon.colcon_core.shell:Creating package script '/home/avinaash/ForkLift_AMR/install/sick_visionary_t_mini/share/sick_visionary_t_mini/package.bash'
[3.994s] INFO:colcon.colcon_core.shell:Creating package script '/home/avinaash/ForkLift_AMR/install/sick_visionary_t_mini/share/sick_visionary_t_mini/package.zsh'
[3.994s] Level 1:colcon.colcon_core.environment:create_file_with_runtime_dependencies(/home/avinaash/ForkLift_AMR/install/sick_visionary_t_mini/share/colcon-core/packages/sick_visionary_t_mini)
[4.036s] Level 1:colcon.colcon_core.environment:create_environment_scripts_only(sick_visionary_t_mini)
[4.037s] Level 1:colcon.colcon_core.environment:checking '/home/avinaash/ForkLift_AMR/install/sick_visionary_t_mini' for CMake module files
[4.037s] Level 1:colcon.colcon_core.environment:checking '/home/avinaash/ForkLift_AMR/install/sick_visionary_t_mini' for CMake config files
[4.038s] Level 1:colcon.colcon_core.shell:create_environment_hook('sick_visionary_t_mini', 'cmake_prefix_path')
[4.038s] INFO:colcon.colcon_core.shell:Creating environment hook '/home/avinaash/ForkLift_AMR/install/sick_visionary_t_mini/share/sick_visionary_t_mini/hook/cmake_prefix_path.ps1'
[4.039s] INFO:colcon.colcon_core.shell:Creating environment descriptor '/home/avinaash/ForkLift_AMR/install/sick_visionary_t_mini/share/sick_visionary_t_mini/hook/cmake_prefix_path.dsv'
[4.040s] INFO:colcon.colcon_core.shell:Creating environment hook '/home/avinaash/ForkLift_AMR/install/sick_visionary_t_mini/share/sick_visionary_t_mini/hook/cmake_prefix_path.sh'
[4.041s] Level 1:colcon.colcon_core.environment:checking '/home/avinaash/ForkLift_AMR/install/sick_visionary_t_mini/lib'
[4.041s] Level 1:colcon.colcon_core.shell:create_environment_hook('sick_visionary_t_mini', 'ld_library_path_lib')
[4.041s] INFO:colcon.colcon_core.shell:Creating environment hook '/home/avinaash/ForkLift_AMR/install/sick_visionary_t_mini/share/sick_visionary_t_mini/hook/ld_library_path_lib.ps1'
[4.041s] INFO:colcon.colcon_core.shell:Creating environment descriptor '/home/avinaash/ForkLift_AMR/install/sick_visionary_t_mini/share/sick_visionary_t_mini/hook/ld_library_path_lib.dsv'
[4.041s] INFO:colcon.colcon_core.shell:Creating environment hook '/home/avinaash/ForkLift_AMR/install/sick_visionary_t_mini/share/sick_visionary_t_mini/hook/ld_library_path_lib.sh'
[4.041s] Level 1:colcon.colcon_core.environment:checking '/home/avinaash/ForkLift_AMR/install/sick_visionary_t_mini/bin'
[4.041s] Level 1:colcon.colcon_core.environment:checking '/home/avinaash/ForkLift_AMR/install/sick_visionary_t_mini/lib/pkgconfig/sick_visionary_t_mini.pc'
[4.042s] Level 1:colcon.colcon_core.environment:checking '/home/avinaash/ForkLift_AMR/install/sick_visionary_t_mini/lib/python3.8/site-packages'
[4.042s] Level 1:colcon.colcon_core.shell:create_environment_hook('sick_visionary_t_mini', 'pythonpath')
[4.042s] INFO:colcon.colcon_core.shell:Creating environment hook '/home/avinaash/ForkLift_AMR/install/sick_visionary_t_mini/share/sick_visionary_t_mini/hook/pythonpath.ps1'
[4.042s] INFO:colcon.colcon_core.shell:Creating environment descriptor '/home/avinaash/ForkLift_AMR/install/sick_visionary_t_mini/share/sick_visionary_t_mini/hook/pythonpath.dsv'
[4.042s] INFO:colcon.colcon_core.shell:Creating environment hook '/home/avinaash/ForkLift_AMR/install/sick_visionary_t_mini/share/sick_visionary_t_mini/hook/pythonpath.sh'
[4.042s] Level 1:colcon.colcon_core.environment:checking '/home/avinaash/ForkLift_AMR/install/sick_visionary_t_mini/bin'
[4.043s] INFO:colcon.colcon_core.shell:Creating package script '/home/avinaash/ForkLift_AMR/install/sick_visionary_t_mini/share/sick_visionary_t_mini/package.ps1'
[4.043s] INFO:colcon.colcon_core.shell:Creating package descriptor '/home/avinaash/ForkLift_AMR/install/sick_visionary_t_mini/share/sick_visionary_t_mini/package.dsv'
[4.043s] INFO:colcon.colcon_core.shell:Creating package script '/home/avinaash/ForkLift_AMR/install/sick_visionary_t_mini/share/sick_visionary_t_mini/package.sh'
[4.043s] INFO:colcon.colcon_core.shell:Creating package script '/home/avinaash/ForkLift_AMR/install/sick_visionary_t_mini/share/sick_visionary_t_mini/package.bash'
[4.044s] INFO:colcon.colcon_core.shell:Creating package script '/home/avinaash/ForkLift_AMR/install/sick_visionary_t_mini/share/sick_visionary_t_mini/package.zsh'
[4.044s] Level 1:colcon.colcon_core.environment:create_file_with_runtime_dependencies(/home/avinaash/ForkLift_AMR/install/sick_visionary_t_mini/share/colcon-core/packages/sick_visionary_t_mini)
[4.044s] DEBUG:colcon.colcon_parallel_executor.executor.parallel:closing loop
[4.044s] DEBUG:colcon.colcon_parallel_executor.executor.parallel:loop closed
[4.044s] DEBUG:colcon.colcon_parallel_executor.executor.parallel:run_until_complete finished with '0'
[4.044s] DEBUG:colcon.colcon_core.event_reactor:joining thread
[4.049s] INFO:colcon.colcon_core.plugin_system:Skipping extension 'colcon_notification.desktop_notification.terminal_notifier': Not used on non-Darwin systems
[4.049s] INFO:colcon.colcon_core.plugin_system:Skipping extension 'colcon_notification.desktop_notification.win32': Not used on non-Windows systems
[4.049s] INFO:colcon.colcon_notification.desktop_notification:Sending desktop notification using 'notify2'
[4.063s] DEBUG:colcon.colcon_core.event_reactor:joined thread
[4.064s] INFO:colcon.colcon_core.shell:Creating prefix script '/home/avinaash/ForkLift_AMR/install/local_setup.ps1'
[4.065s] INFO:colcon.colcon_core.shell:Creating prefix util module '/home/avinaash/ForkLift_AMR/install/_local_setup_util_ps1.py'
[4.066s] INFO:colcon.colcon_core.shell:Creating prefix chain script '/home/avinaash/ForkLift_AMR/install/setup.ps1'
[4.067s] INFO:colcon.colcon_core.shell:Creating prefix script '/home/avinaash/ForkLift_AMR/install/local_setup.sh'
[4.067s] INFO:colcon.colcon_core.shell:Creating prefix util module '/home/avinaash/ForkLift_AMR/install/_local_setup_util_sh.py'
[4.067s] INFO:colcon.colcon_core.shell:Creating prefix chain script '/home/avinaash/ForkLift_AMR/install/setup.sh'
[4.068s] INFO:colcon.colcon_core.shell:Creating prefix script '/home/avinaash/ForkLift_AMR/install/local_setup.bash'
[4.068s] INFO:colcon.colcon_core.shell:Creating prefix chain script '/home/avinaash/ForkLift_AMR/install/setup.bash'
[4.069s] INFO:colcon.colcon_core.shell:Creating prefix script '/home/avinaash/ForkLift_AMR/install/local_setup.zsh'
[4.069s] INFO:colcon.colcon_core.shell:Creating prefix chain script '/home/avinaash/ForkLift_AMR/install/setup.zsh'
